  Using 'git status' to determine working set for adaptive non-unity build (E:\Unreal\RPGPrototype_ue4).
  Invalidating makefile for RPGPrototypeEditor (working set of source files changed)
  Building RPGPrototypeEditor...
  Using Visual Studio 2019 14.29.30141 toolchain (C:\Program Files (x86)\Microsoft Visual Studio\2019\Community\VC\Tools\MSVC\14.29.30133) and Windows 10.0.19041.0 SDK (C:\Program Files (x86)\Windows Kits\10).
  [Adaptive unity build] Excluded from MultiplayerSession unity file: MultiplayerSessionSubsystem.cpp
  Building 8 actions with 12 processes...
    [1/8] RPG_LobbyGameMode.cpp
    [2/8] UE4Editor-RPGPrototype.lib
       Creating library E:\Unreal\RPGPrototype_ue4\RPGPrototype\Intermediate\Build\Win64\UE4Editor\Development\RPGPrototype\UE4Editor-RPGPrototype.lib and object E:\Unreal\RPGPrototype_ue4\RPGPrototype\Intermediate\Build\Win64\UE4Editor\Development\RPGPrototype\UE4Editor-RPGPrototype.exp
    [3/8] MultiplayerSessionSubsystem.cpp
    [4/8] UE4Editor-RPGPrototype.dll
       Creating library E:\Unreal\RPGPrototype_ue4\RPGPrototype\Intermediate\Build\Win64\UE4Editor\Development\RPGPrototype\UE4Editor-RPGPrototype.suppressed.lib and object E:\Unreal\RPGPrototype_ue4\RPGPrototype\Intermediate\Build\Win64\UE4Editor\Development\RPGPrototype\UE4Editor-RPGPrototype.suppressed.exp
    [5/8] Module.MultiplayerSession.cpp
    [6/8] UE4Editor-MultiplayerSession.lib
       Creating library E:\Unreal\RPGPrototype_ue4\RPGPrototype\Plugins\MultiplayerSession\Intermediate\Build\Win64\UE4Editor\Development\MultiplayerSession\UE4Editor-MultiplayerSession.lib and object E:\Unreal\RPGPrototype_ue4\RPGPrototype\Plugins\MultiplayerSession\Intermediate\Build\Win64\UE4Editor\Development\MultiplayerSession\UE4Editor-MultiplayerSession.exp
    [7/8] UE4Editor-MultiplayerSession.dll
       Creating library E:\Unreal\RPGPrototype_ue4\RPGPrototype\Plugins\MultiplayerSession\Intermediate\Build\Win64\UE4Editor\Development\MultiplayerSession\UE4Editor-MultiplayerSession.suppressed.lib and object E:\Unreal\RPGPrototype_ue4\RPGPrototype\Plugins\MultiplayerSession\Intermediate\Build\Win64\UE4Editor\Development\MultiplayerSession\UE4Editor-MultiplayerSession.suppressed.exp
    [8/8] RPGPrototypeEditor.target
  Total time in Parallel executor: 5,56 seconds
  Total execution time: 7,94 seconds
