Log file open, 04/13/22 14:54:28
LogWindows: Failed to load 'aqProf.dll' (GetLastError=126)
LogWindows: File 'aqProf.dll' does not exist
LogWindows: Failed to load 'VtuneApi.dll' (GetLastError=126)
LogWindows: File 'VtuneApi.dll' does not exist
LogWindows: Failed to load 'VtuneApi32e.dll' (GetLastError=126)
LogWindows: File 'VtuneApi32e.dll' does not exist
LogConsoleResponse: Display: Failed to find resolution value strings in scalability ini. Falling back to default.
LogConsoleResponse: Display: Failed to find resolution value strings in scalability ini. Falling back to default.
LogInit: Display: Running engine for game: Excalibur
LogPlatformFile: Not using cached read wrapper
LogTaskGraph: Started task graph with 5 named threads and 35 total threads with 3 sets of task threads.
LogStats: Stats thread started at 0.361808
LogICUInternationalization: ICU TimeZone Detection - Raw Offset: +0:00, Platform Override: ''
LogInit: Display: Loading text-based GConfig....
LogPluginManager: Mounting plugin MeshPainting
LogPluginManager: Mounting plugin XGEController
LogPluginManager: Mounting plugin Paper2D
LogPluginManager: Mounting plugin LightPropagationVolume
LogPluginManager: Mounting plugin AISupport
LogPluginManager: Mounting plugin EnvironmentQueryEditor
LogPluginManager: Mounting plugin LiveLink
LogPluginManager: Mounting plugin CameraShakePreviewer
LogPluginManager: Mounting plugin GameplayCameras
LogPluginManager: Mounting plugin OodleData
LogPluginManager: Mounting plugin OodleNetwork
LogPluginManager: Mounting plugin AssetManagerEditor
LogPluginManager: Mounting plugin CryptoKeys
LogPluginManager: Mounting plugin CurveEditorTools
LogPluginManager: Mounting plugin DataValidation
LogPluginManager: Mounting plugin FacialAnimation
LogPluginManager: Mounting plugin GameplayTagsEditor
LogPluginManager: Mounting plugin GeometryMode
LogPluginManager: Mounting plugin MacGraphicsSwitching
LogPluginManager: Mounting plugin MaterialAnalyzer
LogPluginManager: Mounting plugin AnimationSharing
LogPluginManager: Mounting plugin MobileLauncherProfileWizard
LogPluginManager: Mounting plugin PluginBrowser
LogPluginManager: Mounting plugin SpeedTreeImporter
LogPluginManager: Mounting plugin CodeLiteSourceCodeAccess
LogPluginManager: Mounting plugin CLionSourceCodeAccess
LogPluginManager: Mounting plugin GitSourceControl
LogPluginManager: Mounting plugin KDevelopSourceCodeAccess
LogPluginManager: Mounting plugin NullSourceCodeAccess
LogPluginManager: Mounting plugin PerforceSourceControl
LogPluginManager: Mounting plugin PixWinPlugin
LogPluginManager: Mounting plugin PlasticSourceControl
LogPluginManager: Mounting plugin PluginUtils
LogPluginManager: Mounting plugin PropertyAccessNode
LogPluginManager: Mounting plugin RiderSourceCodeAccess
LogPluginManager: Mounting plugin SubversionSourceControl
LogPluginManager: Mounting plugin TextureFormatOodle
LogPluginManager: Mounting plugin UObjectPlugin
LogPluginManager: Mounting plugin XCodeSourceCodeAccess
LogPluginManager: Mounting plugin VisualStudioCodeSourceCodeAccess
LogPluginManager: Mounting plugin VisualStudioSourceCodeAccess
LogPluginManager: Mounting plugin DatasmithContent
LogPluginManager: Mounting plugin Niagara
LogPluginManager: Mounting plugin VariantManagerContent
LogPluginManager: Mounting plugin AlembicImporter
LogPluginManager: Mounting plugin BackChannel
LogPluginManager: Mounting plugin AutomationUtils
LogPluginManager: Mounting plugin ChaosCloth
LogPluginManager: Mounting plugin ChaosClothEditor
LogPluginManager: Mounting plugin ChaosEditor
LogPluginManager: Mounting plugin ChaosNiagara
LogPluginManager: Mounting plugin ChaosSolverPlugin
LogPluginManager: Mounting plugin CharacterAI
LogPluginManager: Mounting plugin GeometryCache
LogPluginManager: Mounting plugin GeometryCollectionPlugin
LogPluginManager: Mounting plugin GeometryProcessing
LogPluginManager: Mounting plugin MotoSynth
LogPluginManager: Mounting plugin OpenImageDenoise
LogPluginManager: Mounting plugin PlanarCut
LogPluginManager: Mounting plugin PlatformCrypto
LogPluginManager: Mounting plugin ProxyLODPlugin
LogPluginManager: Mounting plugin PythonScriptPlugin
LogPluginManager: Mounting plugin SkeletalReduction
LogPluginManager: Mounting plugin LuminPlatformFeatures
LogPluginManager: Mounting plugin MagicLeap
LogPluginManager: Mounting plugin MagicLeapLightEstimation
LogPluginManager: Mounting plugin MagicLeapMedia
LogPluginManager: Mounting plugin MagicLeapPassableWorld
LogPluginManager: Mounting plugin MLSDK
LogPluginManager: Mounting plugin AndroidMedia
LogPluginManager: Mounting plugin AvfMedia
LogPluginManager: Mounting plugin ImgMedia
LogPluginManager: Mounting plugin MediaCompositing
LogPluginManager: Mounting plugin MediaPlayerEditor
LogPluginManager: Mounting plugin WebMMedia
LogPluginManager: Mounting plugin WmfMedia
LogPluginManager: Mounting plugin TcpMessaging
LogPluginManager: Mounting plugin UdpMessaging
LogPluginManager: Mounting plugin ActorSequence
LogPluginManager: Mounting plugin LevelSequenceEditor
LogPluginManager: Mounting plugin MatineeToLevelSequence
LogPluginManager: Mounting plugin TemplateSequence
LogPluginManager: Mounting plugin OnlineSubsystem
LogPluginManager: Mounting plugin OnlineSubsystemNull
LogPluginManager: Mounting plugin OnlineSubsystemUtils
LogPluginManager: Mounting plugin LauncherChunkInstaller
LogPluginManager: Mounting plugin ActorLayerUtilities
LogPluginManager: Mounting plugin AndroidMoviePlayer
LogPluginManager: Mounting plugin AndroidDeviceProfileSelector
LogPluginManager: Mounting plugin AndroidPermission
LogPluginManager: Mounting plugin AppleImageUtils
LogPluginManager: Mounting plugin AppleMoviePlayer
LogPluginManager: Mounting plugin ArchVisCharacter
LogPluginManager: Mounting plugin AssetTags
LogPluginManager: Mounting plugin ScreenshotTools
LogPluginManager: Mounting plugin AudioCapture
LogPluginManager: Mounting plugin AudioSynesthesia
LogPluginManager: Mounting plugin CableComponent
LogPluginManager: Mounting plugin ChunkDownloader
LogPluginManager: Mounting plugin CustomMeshComponent
LogPluginManager: Mounting plugin DataRegistry
LogPluginManager: Mounting plugin ExampleDeviceProfileSelector
LogPluginManager: Mounting plugin EditableMesh
LogPluginManager: Mounting plugin GameplayAbilities
LogPluginManager: Mounting plugin GoogleCloudMessaging
LogPluginManager: Mounting plugin GooglePAD
LogPluginManager: Mounting plugin IOSDeviceProfileSelector
LogPluginManager: Mounting plugin LinuxDeviceProfileSelector
LogPluginManager: Mounting plugin LocationServicesBPLibrary
LogPluginManager: Mounting plugin MobilePatchingUtils
LogPluginManager: Mounting plugin OpenXRHandTracking
LogPluginManager: Mounting plugin OpenXR
LogPluginManager: Mounting plugin OpenXREyeTracker
LogPluginManager: Mounting plugin PhysXVehicles
LogPluginManager: Mounting plugin PostSplashScreen
LogPluginManager: Mounting plugin ProceduralMeshComponent
LogPluginManager: Mounting plugin Takes
LogPluginManager: Mounting plugin PropertyAccessEditor
LogPluginManager: Mounting plugin RuntimePhysXCooking
LogPluginManager: Mounting plugin SignificanceManager
LogPluginManager: Mounting plugin SoundFields
LogPluginManager: Mounting plugin Synthesis
LogPluginManager: Mounting plugin WebMMoviePlayer
LogPluginManager: Mounting plugin WindowsMoviePlayer
LogPluginManager: Mounting plugin ContentBrowserAssetDataSource
LogPluginManager: Mounting plugin ContentBrowserFileDataSource
LogPluginManager: Mounting plugin ContentBrowserClassDataSource
LogPluginManager: Mounting plugin OnlineSubsystemGooglePlay
LogPluginManager: Mounting plugin OnlineSubsystemIOS
LogPluginManager: Mounting plugin OculusVR
LogPluginManager: Mounting plugin SteamVR
PixWinPlugin: PIX capture plugin failed to initialize! Check that the process is launched from PIX.
LogInit: Using libcurl 7.55.1-DEV
LogInit:  - built for x86_64-pc-win32
LogInit:  - supports SSL with OpenSSL/1.1.1
LogInit:  - supports HTTP deflate (compression) using libz 1.2.8
LogInit:  - other features:
LogInit:      CURL_VERSION_SSL
LogInit:      CURL_VERSION_LIBZ
LogInit:      CURL_VERSION_IPV6
LogInit:      CURL_VERSION_ASYNCHDNS
LogInit:      CURL_VERSION_LARGEFILE
LogInit:      CURL_VERSION_IDN
LogInit:  CurlRequestOptions (configurable via config and command line):
LogInit:  - bVerifyPeer = true  - Libcurl will verify peer certificate
LogInit:  - bUseHttpProxy = false  - Libcurl will NOT use HTTP proxy
LogInit:  - bDontReuseConnections = false  - Libcurl will reuse connections
LogInit:  - MaxHostConnections = 16  - Libcurl will limit the number of connections to a host
LogInit:  - LocalHostAddr = Default
LogInit:  - BufferSize = 65536
LogOnline: OSS: Creating online subsystem instance for: NULL
LogInit: WinSock: version 1.1 (2.2), MaxSocks=32767, MaxUdp=65467
LogOnline: OSS: TryLoadSubsystemAndSetDefault: Loaded subsystem for module [NULL]
LogOculusPluginWrapper: OculusPlugin initialized successfully
LogHMD: Failed initializing OVRPlugin 1.59.0
LogInit: Build: ++UE4+Release-4.27-CL-18319896
LogInit: Engine Version: 4.27.2-18319896+++UE4+Release-4.27
LogInit: Compatible Engine Version: 4.27.0-17155196+++UE4+Release-4.27
LogInit: Net CL: 17155196
LogInit: OS: Windows 10 (Release 2009) (), CPU: AMD Ryzen 5 3600 6-Core Processor              , GPU: NVIDIA GeForce RTX 2060 SUPER
LogInit: Compiled (64-bit): Nov 30 2021 07:12:08
LogInit: Compiled with Visual C++: 19.24.28315.00
LogInit: Build Configuration: Development
LogInit: Branch Name: ++UE4+Release-4.27
LogInit: Command Line:  -skipcompile
LogInit: Base Directory: E:/UnrealEngine4/UE_4.27/Engine/Binaries/Win64/
LogInit: Allocator: TBB
LogInit: Installed Engine Build: 1
LogDevObjectVersion: Number of dev versions registered: 29
LogDevObjectVersion:   Dev-Blueprints (B0D832E4-1F89-4F0D-ACCF-7EB736FD4AA2): 10
LogDevObjectVersion:   Dev-Build (E1C64328-A22C-4D53-A36C-8E866417BD8C): 0
LogDevObjectVersion:   Dev-Core (375EC13C-06E4-48FB-B500-84F0262A717E): 4
LogDevObjectVersion:   Dev-Editor (E4B068ED-F494-42E9-A231-DA0B2E46BB41): 40
LogDevObjectVersion:   Dev-Framework (CFFC743F-43B0-4480-9391-14DF171D2073): 37
LogDevObjectVersion:   Dev-Mobile (B02B49B5-BB20-44E9-A304-32B752E40360): 3
LogDevObjectVersion:   Dev-Networking (A4E4105C-59A1-49B5-A7C5-40C4547EDFEE): 0
LogDevObjectVersion:   Dev-Online (39C831C9-5AE6-47DC-9A44-9C173E1C8E7C): 0
LogDevObjectVersion:   Dev-Physics (78F01B33-EBEA-4F98-B9B4-84EACCB95AA2): 14
LogDevObjectVersion:   Dev-Platform (6631380F-2D4D-43E0-8009-CF276956A95A): 0
LogDevObjectVersion:   Dev-Rendering (12F88B9F-8875-4AFC-A67C-D90C383ABD29): 45
LogDevObjectVersion:   Dev-Sequencer (7B5AE74C-D270-4C10-A958-57980B212A5A): 13
LogDevObjectVersion:   Dev-VR (D7296918-1DD6-4BDD-9DE2-64A83CC13884): 3
LogDevObjectVersion:   Dev-LoadTimes (C2A15278-BFE7-4AFE-6C17-90FF531DF755): 1
LogDevObjectVersion:   Private-Geometry (6EACA3D4-40EC-4CC1-B786-8BED09428FC5): 3
LogDevObjectVersion:   Dev-AnimPhys (29E575DD-E0A3-4627-9D10-D276232CDCEA): 17
LogDevObjectVersion:   Dev-Anim (AF43A65D-7FD3-4947-9873-3E8ED9C1BB05): 15
LogDevObjectVersion:   Dev-ReflectionCapture (6B266CEC-1EC7-4B8F-A30B-E4D90942FC07): 1
LogDevObjectVersion:   Dev-Automation (0DF73D61-A23F-47EA-B727-89E90C41499A): 1
LogDevObjectVersion:   FortniteMain (601D1886-AC64-4F84-AA16-D3DE0DEAC7D6): 47
LogDevObjectVersion:   FortniteRelease (E7086368-6B23-4C58-8439-1B7016265E91): 1
LogDevObjectVersion:   Dev-Enterprise (9DFFBCD6-494F-0158-E221-12823C92A888): 10
LogDevObjectVersion:   Dev-Niagara (F2AED0AC-9AFE-416F-8664-AA7FFA26D6FC): 1
LogDevObjectVersion:   Dev-Destruction (174F1F0B-B4C6-45A5-B13F-2EE8D0FB917D): 10
LogDevObjectVersion:   Dev-Physics-Ext (35F94A83-E258-406C-A318-09F59610247C): 41
LogDevObjectVersion:   Dev-PhysicsMaterial-Chaos (B68FC16E-8B1B-42E2-B453-215C058844FE): 1
LogDevObjectVersion:   Dev-CineCamera (B2E18506-4273-CFC2-A54E-F4BB758BBA07): 1
LogDevObjectVersion:   Dev-VirtualProduction (64F58936-FD1B-42BA-BA96-7289D5D0FA4E): 1
LogDevObjectVersion:   Dev-MediaFramework (6F0ED827-A609-4895-9C91-998D90180EA4): 2
LogInit: Presizing for max 25165824 objects, including 0 objects not considered by GC, pre-allocating 0 bytes for permanent pool.
LogConfig: Applying CVar settings from Section [/Script/Engine.StreamingSettings] File [E:/Unreal/RPGPrototype_ue4/Excalibur/Saved/Config/Windows/Engine.ini]
LogConfig: Setting CVar [[s.MinBulkDataSizeForAsyncLoading:131072]]
LogConfig: Setting CVar [[s.AsyncLoadingThreadEnabled:0]]
LogConfig: Setting CVar [[s.EventDrivenLoaderEnabled:1]]
LogConfig: Setting CVar [[s.WarnIfTimeLimitExceeded:0]]
LogConfig: Setting CVar [[s.TimeLimitExceededMultiplier:1.5]]
LogConfig: Setting CVar [[s.TimeLimitExceededMinTime:0.005]]
LogConfig: Setting CVar [[s.UseBackgroundLevelStreaming:1]]
LogConfig: Setting CVar [[s.PriorityAsyncLoadingExtraTime:15.0]]
LogConfig: Setting CVar [[s.LevelStreamingActorsUpdateTimeLimit:5.0]]
LogConfig: Setting CVar [[s.PriorityLevelStreamingActorsUpdateExtraTime:5.0]]
LogConfig: Setting CVar [[s.LevelStreamingComponentsRegistrationGranularity:10]]
LogConfig: Setting CVar [[s.UnregisterComponentsTimeLimit:1.0]]
LogConfig: Setting CVar [[s.LevelStreamingComponentsUnregistrationGranularity:5]]
LogConfig: Setting CVar [[s.FlushStreamingOnExit:1]]
LogInit: Object subsystem initialized
LogConfig: Setting CVar [[con.DebugEarlyDefault:1]]
LogConfig: Setting CVar [[r.setres:1280x720]]
[2022.04.13-13.54.30:418][  0]LogConfig: Setting CVar [[r.VSync:0]]
[2022.04.13-13.54.30:418][  0]LogConfig: Setting CVar [[r.RHICmdBypass:0]]
[2022.04.13-13.54.30:418][  0]LogConfig: Applying CVar settings from Section [/Script/Engine.RendererSettings] File [E:/Unreal/RPGPrototype_ue4/Excalibur/Saved/Config/Windows/Engine.ini]
[2022.04.13-13.54.30:418][  0]LogConfig: Setting CVar [[r.GPUCrashDebugging:0]]
[2022.04.13-13.54.30:418][  0]LogConfig: Applying CVar settings from Section [/Script/Engine.RendererOverrideSettings] File [E:/Unreal/RPGPrototype_ue4/Excalibur/Saved/Config/Windows/Engine.ini]
[2022.04.13-13.54.30:418][  0]LogConfig: Applying CVar settings from Section [/Script/Engine.StreamingSettings] File [E:/Unreal/RPGPrototype_ue4/Excalibur/Saved/Config/Windows/Engine.ini]
[2022.04.13-13.54.30:418][  0]LogConfig: Setting CVar [[s.MinBulkDataSizeForAsyncLoading:131072]]
[2022.04.13-13.54.30:418][  0]LogConfig: Setting CVar [[s.AsyncLoadingThreadEnabled:0]]
[2022.04.13-13.54.30:418][  0]LogConfig: Setting CVar [[s.EventDrivenLoaderEnabled:1]]
[2022.04.13-13.54.30:418][  0]LogConfig: Setting CVar [[s.WarnIfTimeLimitExceeded:0]]
[2022.04.13-13.54.30:418][  0]LogConfig: Setting CVar [[s.TimeLimitExceededMultiplier:1.5]]
[2022.04.13-13.54.30:418][  0]LogConfig: Setting CVar [[s.TimeLimitExceededMinTime:0.005]]
[2022.04.13-13.54.30:418][  0]LogConfig: Setting CVar [[s.UseBackgroundLevelStreaming:1]]
[2022.04.13-13.54.30:418][  0]LogConfig: Setting CVar [[s.PriorityAsyncLoadingExtraTime:15.0]]
[2022.04.13-13.54.30:418][  0]LogConfig: Setting CVar [[s.LevelStreamingActorsUpdateTimeLimit:5.0]]
[2022.04.13-13.54.30:418][  0]LogConfig: Setting CVar [[s.PriorityLevelStreamingActorsUpdateExtraTime:5.0]]
[2022.04.13-13.54.30:418][  0]LogConfig: Setting CVar [[s.LevelStreamingComponentsRegistrationGranularity:10]]
[2022.04.13-13.54.30:418][  0]LogConfig: Setting CVar [[s.UnregisterComponentsTimeLimit:1.0]]
[2022.04.13-13.54.30:418][  0]LogConfig: Setting CVar [[s.LevelStreamingComponentsUnregistrationGranularity:5]]
[2022.04.13-13.54.30:419][  0]LogConfig: Setting CVar [[s.FlushStreamingOnExit:1]]
[2022.04.13-13.54.30:419][  0]LogConfig: Applying CVar settings from Section [/Script/Engine.GarbageCollectionSettings] File [E:/Unreal/RPGPrototype_ue4/Excalibur/Saved/Config/Windows/Engine.ini]
[2022.04.13-13.54.30:419][  0]LogConfig: Setting CVar [[gc.MaxObjectsNotConsideredByGC:1]]
[2022.04.13-13.54.30:419][  0]LogConfig: Setting CVar [[gc.SizeOfPermanentObjectPool:0]]
[2022.04.13-13.54.30:419][  0]LogConfig: Setting CVar [[gc.FlushStreamingOnGC:0]]
[2022.04.13-13.54.30:419][  0]LogConfig: Setting CVar [[gc.NumRetriesBeforeForcingGC:10]]
[2022.04.13-13.54.30:419][  0]LogConfig: Setting CVar [[gc.AllowParallelGC:1]]
[2022.04.13-13.54.30:419][  0]LogConfig: Setting CVar [[gc.TimeBetweenPurgingPendingKillObjects:61.1]]
[2022.04.13-13.54.30:419][  0]LogConfig: Setting CVar [[gc.MaxObjectsInEditor:25165824]]
[2022.04.13-13.54.30:419][  0]LogConfig: Setting CVar [[gc.IncrementalBeginDestroyEnabled:1]]
[2022.04.13-13.54.30:419][  0]LogConfig: Setting CVar [[gc.CreateGCClusters:1]]
[2022.04.13-13.54.30:419][  0]LogConfig: Setting CVar [[gc.MinGCClusterSize:5]]
[2022.04.13-13.54.30:419][  0]LogConfig: Setting CVar [[gc.ActorClusteringEnabled:0]]
[2022.04.13-13.54.30:419][  0]LogConfig: Setting CVar [[gc.BlueprintClusteringEnabled:0]]
[2022.04.13-13.54.30:419][  0]LogConfig: Setting CVar [[gc.UseDisregardForGCOnDedicatedServers:0]]
[2022.04.13-13.54.30:419][  0]LogConfig: Setting CVar [[gc.MultithreadedDestructionEnabled:1]]
[2022.04.13-13.54.30:419][  0]LogConfig: Applying CVar settings from Section [/Script/Engine.NetworkSettings] File [E:/Unreal/RPGPrototype_ue4/Excalibur/Saved/Config/Windows/Engine.ini]
[2022.04.13-13.54.30:419][  0]LogConfig: Applying CVar settings from Section [/Script/UnrealEd.CookerSettings] File [E:/Unreal/RPGPrototype_ue4/Excalibur/Saved/Config/Windows/Engine.ini]
[2022.04.13-13.54.30:438][  0]LogConfig: Applying CVar settings from Section [ViewDistanceQuality@3] File [E:/Unreal/RPGPrototype_ue4/Excalibur/Saved/Config/Windows/Scalability.ini]
[2022.04.13-13.54.30:438][  0]LogConfig: Setting CVar [[r.SkeletalMeshLODBias:0]]
[2022.04.13-13.54.30:438][  0]LogConfig: Setting CVar [[r.ViewDistanceScale:1.0]]
[2022.04.13-13.54.30:438][  0]LogConfig: Applying CVar settings from Section [AntiAliasingQuality@3] File [E:/Unreal/RPGPrototype_ue4/Excalibur/Saved/Config/Windows/Scalability.ini]
[2022.04.13-13.54.30:438][  0]LogConfig: Setting CVar [[r.PostProcessAAQuality:4]]
[2022.04.13-13.54.30:438][  0]LogConfig: Applying CVar settings from Section [ShadowQuality@3] File [E:/Unreal/RPGPrototype_ue4/Excalibur/Saved/Config/Windows/Scalability.ini]
[2022.04.13-13.54.30:438][  0]LogConfig: Setting CVar [[r.LightFunctionQuality:1]]
[2022.04.13-13.54.30:438][  0]LogConfig: Setting CVar [[r.ShadowQuality:5]]
[2022.04.13-13.54.30:438][  0]LogConfig: Setting CVar [[r.Shadow.CSM.MaxCascades:10]]
[2022.04.13-13.54.30:438][  0]LogConfig: Setting CVar [[r.Shadow.MaxResolution:2048]]
[2022.04.13-13.54.30:438][  0]LogConfig: Setting CVar [[r.Shadow.MaxCSMResolution:2048]]
[2022.04.13-13.54.30:438][  0]LogConfig: Setting CVar [[r.Shadow.RadiusThreshold:0.01]]
[2022.04.13-13.54.30:438][  0]LogConfig: Setting CVar [[r.Shadow.DistanceScale:1.0]]
[2022.04.13-13.54.30:438][  0]LogConfig: Setting CVar [[r.Shadow.CSM.TransitionScale:1.0]]
[2022.04.13-13.54.30:439][  0]LogConfig: Setting CVar [[r.Shadow.PreShadowResolutionFactor:1.0]]
[2022.04.13-13.54.30:439][  0]LogConfig: Setting CVar [[r.DistanceFieldShadowing:1]]
[2022.04.13-13.54.30:439][  0]LogConfig: Setting CVar [[r.DistanceFieldAO:1]]
[2022.04.13-13.54.30:439][  0]LogConfig: Setting CVar [[r.AOQuality:2]]
[2022.04.13-13.54.30:439][  0]LogConfig: Setting CVar [[r.VolumetricFog:1]]
[2022.04.13-13.54.30:439][  0]LogConfig: Setting CVar [[r.VolumetricFog.GridPixelSize:8]]
[2022.04.13-13.54.30:439][  0]LogConfig: Setting CVar [[r.VolumetricFog.GridSizeZ:128]]
[2022.04.13-13.54.30:439][  0]LogConfig: Setting CVar [[r.VolumetricFog.HistoryMissSupersampleCount:4]]
[2022.04.13-13.54.30:439][  0]LogConfig: Setting CVar [[r.LightMaxDrawDistanceScale:1]]
[2022.04.13-13.54.30:439][  0]LogConfig: Setting CVar [[r.CapsuleShadows:1]]
[2022.04.13-13.54.30:439][  0]LogConfig: Applying CVar settings from Section [PostProcessQuality@3] File [E:/Unreal/RPGPrototype_ue4/Excalibur/Saved/Config/Windows/Scalability.ini]
[2022.04.13-13.54.30:439][  0]LogConfig: Setting CVar [[r.MotionBlurQuality:4]]
[2022.04.13-13.54.30:439][  0]LogConfig: Setting CVar [[r.AmbientOcclusionMipLevelFactor:0.4]]
[2022.04.13-13.54.30:439][  0]LogConfig: Setting CVar [[r.AmbientOcclusionMaxQuality:100]]
[2022.04.13-13.54.30:439][  0]LogConfig: Setting CVar [[r.AmbientOcclusionLevels:-1]]
[2022.04.13-13.54.30:439][  0]LogConfig: Setting CVar [[r.AmbientOcclusionRadiusScale:1.0]]
[2022.04.13-13.54.30:439][  0]LogConfig: Setting CVar [[r.DepthOfFieldQuality:2]]
[2022.04.13-13.54.30:439][  0]LogConfig: Setting CVar [[r.RenderTargetPoolMin:400]]
[2022.04.13-13.54.30:439][  0]LogConfig: Setting CVar [[r.LensFlareQuality:2]]
[2022.04.13-13.54.30:439][  0]LogConfig: Setting CVar [[r.SceneColorFringeQuality:1]]
[2022.04.13-13.54.30:439][  0]LogConfig: Setting CVar [[r.EyeAdaptationQuality:2]]
[2022.04.13-13.54.30:439][  0]LogConfig: Setting CVar [[r.BloomQuality:5]]
[2022.04.13-13.54.30:439][  0]LogConfig: Setting CVar [[r.FastBlurThreshold:100]]
[2022.04.13-13.54.30:439][  0]LogConfig: Setting CVar [[r.Upscale.Quality:3]]
[2022.04.13-13.54.30:439][  0]LogConfig: Setting CVar [[r.Tonemapper.GrainQuantization:1]]
[2022.04.13-13.54.30:439][  0]LogConfig: Setting CVar [[r.LightShaftQuality:1]]
[2022.04.13-13.54.30:439][  0]LogConfig: Setting CVar [[r.Filter.SizeScale:1]]
[2022.04.13-13.54.30:440][  0]LogConfig: Setting CVar [[r.Tonemapper.Quality:5]]
[2022.04.13-13.54.30:440][  0]LogConfig: Setting CVar [[r.DOF.Gather.AccumulatorQuality:1        ; higher gathering accumulator quality]]
[2022.04.13-13.54.30:440][  0]LogConfig: Setting CVar [[r.DOF.Gather.PostfilterMethod:1          ; Median3x3 postfilering method]]
[2022.04.13-13.54.30:440][  0]LogConfig: Setting CVar [[r.DOF.Gather.EnableBokehSettings:0       ; no bokeh simulation when gathering]]
[2022.04.13-13.54.30:440][  0]LogConfig: Setting CVar [[r.DOF.Gather.RingCount:4                 ; medium number of samples when gathering]]
[2022.04.13-13.54.30:440][  0]LogConfig: Setting CVar [[r.DOF.Scatter.ForegroundCompositing:1    ; additive foreground scattering]]
[2022.04.13-13.54.30:440][  0]LogConfig: Setting CVar [[r.DOF.Scatter.BackgroundCompositing:2    ; additive background scattering]]
[2022.04.13-13.54.30:440][  0]LogConfig: Setting CVar [[r.DOF.Scatter.EnableBokehSettings:1      ; bokeh simulation when scattering]]
[2022.04.13-13.54.30:440][  0]LogConfig: Setting CVar [[r.DOF.Scatter.MaxSpriteRatio:0.1         ; only a maximum of 10% of scattered bokeh]]
[2022.04.13-13.54.30:440][  0]LogConfig: Setting CVar [[r.DOF.Recombine.Quality:1                ; cheap slight out of focus]]
[2022.04.13-13.54.30:440][  0]LogConfig: Setting CVar [[r.DOF.Recombine.EnableBokehSettings:0    ; no bokeh simulation on slight out of focus]]
[2022.04.13-13.54.30:440][  0]LogConfig: Setting CVar [[r.DOF.TemporalAAQuality:1                ; more stable temporal accumulation]]
[2022.04.13-13.54.30:440][  0]LogConfig: Setting CVar [[r.DOF.Kernel.MaxForegroundRadius:0.025]]
[2022.04.13-13.54.30:440][  0]LogConfig: Setting CVar [[r.DOF.Kernel.MaxBackgroundRadius:0.025]]
[2022.04.13-13.54.30:440][  0]LogConfig: Applying CVar settings from Section [TextureQuality@3] File [E:/Unreal/RPGPrototype_ue4/Excalibur/Saved/Config/Windows/Scalability.ini]
[2022.04.13-13.54.30:440][  0]LogConfig: Setting CVar [[r.Streaming.MipBias:0]]
[2022.04.13-13.54.30:440][  0]LogConfig: Setting CVar [[r.Streaming.AmortizeCPUToGPUCopy:0]]
[2022.04.13-13.54.30:440][  0]LogConfig: Setting CVar [[r.Streaming.MaxNumTexturesToStreamPerFrame:0]]
[2022.04.13-13.54.30:440][  0]LogConfig: Setting CVar [[r.Streaming.Boost:1]]
[2022.04.13-13.54.30:440][  0]LogConfig: Setting CVar [[r.MaxAnisotropy:8]]
[2022.04.13-13.54.30:440][  0]LogConfig: Setting CVar [[r.VT.MaxAnisotropy:8]]
[2022.04.13-13.54.30:440][  0]LogConfig: Setting CVar [[r.Streaming.LimitPoolSizeToVRAM:0]]
[2022.04.13-13.54.30:440][  0]LogConfig: Setting CVar [[r.Streaming.PoolSize:1000]]
[2022.04.13-13.54.30:440][  0]LogConfig: Setting CVar [[r.Streaming.MaxEffectiveScreenSize:0]]
[2022.04.13-13.54.30:440][  0]LogConfig: Applying CVar settings from Section [EffectsQuality@3] File [E:/Unreal/RPGPrototype_ue4/Excalibur/Saved/Config/Windows/Scalability.ini]
[2022.04.13-13.54.30:441][  0]LogConfig: Setting CVar [[r.TranslucencyLightingVolumeDim:64]]
[2022.04.13-13.54.30:441][  0]LogConfig: Setting CVar [[r.RefractionQuality:2]]
[2022.04.13-13.54.30:441][  0]LogConfig: Setting CVar [[r.SSR.Quality:3]]
[2022.04.13-13.54.30:441][  0]LogConfig: Setting CVar [[r.SSR.HalfResSceneColor:0]]
[2022.04.13-13.54.30:441][  0]LogConfig: Setting CVar [[r.SceneColorFormat:4]]
[2022.04.13-13.54.30:441][  0]LogConfig: Setting CVar [[r.DetailMode:2]]
[2022.04.13-13.54.30:441][  0]LogConfig: Setting CVar [[r.TranslucencyVolumeBlur:1]]
[2022.04.13-13.54.30:441][  0]LogConfig: Setting CVar [[r.MaterialQualityLevel:1 ; High quality]]
[2022.04.13-13.54.30:441][  0]LogConfig: Setting CVar [[r.AnisotropicMaterials:1]]
[2022.04.13-13.54.30:441][  0]LogConfig: Setting CVar [[r.SSS.Scale:1]]
[2022.04.13-13.54.30:441][  0]LogConfig: Setting CVar [[r.SSS.SampleSet:2]]
[2022.04.13-13.54.30:441][  0]LogConfig: Setting CVar [[r.SSS.Quality:1]]
[2022.04.13-13.54.30:441][  0]LogConfig: Setting CVar [[r.SSS.HalfRes:0]]
[2022.04.13-13.54.30:441][  0]LogConfig: Setting CVar [[r.SSGI.Quality:3]]
[2022.04.13-13.54.30:441][  0]LogConfig: Setting CVar [[r.EmitterSpawnRateScale:1.0]]
[2022.04.13-13.54.30:441][  0]LogConfig: Setting CVar [[r.ParticleLightQuality:2]]
[2022.04.13-13.54.30:441][  0]LogConfig: Setting CVar [[r.SkyAtmosphere.AerialPerspectiveLUT.FastApplyOnOpaque:1 ; Always have FastSkyLUT 1 in this case to avoid wrong sky]]
[2022.04.13-13.54.30:441][  0]LogConfig: Setting CVar [[r.SkyAtmosphere.AerialPerspectiveLUT.SampleCountMaxPerSlice:4]]
[2022.04.13-13.54.30:441][  0]LogConfig: Setting CVar [[r.SkyAtmosphere.AerialPerspectiveLUT.DepthResolution:16.0]]
[2022.04.13-13.54.30:441][  0]LogConfig: Setting CVar [[r.SkyAtmosphere.FastSkyLUT:1]]
[2022.04.13-13.54.30:441][  0]LogConfig: Setting CVar [[r.SkyAtmosphere.FastSkyLUT.SampleCountMin:4.0]]
[2022.04.13-13.54.30:441][  0]LogConfig: Setting CVar [[r.SkyAtmosphere.FastSkyLUT.SampleCountMax:128.0]]
[2022.04.13-13.54.30:441][  0]LogConfig: Setting CVar [[r.SkyAtmosphere.SampleCountMin:4.0]]
[2022.04.13-13.54.30:441][  0]LogConfig: Setting CVar [[r.SkyAtmosphere.SampleCountMax:128.0]]
[2022.04.13-13.54.30:441][  0]LogConfig: Setting CVar [[r.SkyAtmosphere.TransmittanceLUT.UseSmallFormat:0]]
[2022.04.13-13.54.30:441][  0]LogConfig: Setting CVar [[r.SkyAtmosphere.TransmittanceLUT.SampleCount:10.0]]
[2022.04.13-13.54.30:441][  0]LogConfig: Setting CVar [[r.SkyAtmosphere.MultiScatteringLUT.SampleCount:15.0]]
[2022.04.13-13.54.30:441][  0]LogConfig: Setting CVar [[r.SkyLight.RealTimeReflectionCapture:1]]
[2022.04.13-13.54.30:441][  0]LogConfig: Applying CVar settings from Section [FoliageQuality@3] File [E:/Unreal/RPGPrototype_ue4/Excalibur/Saved/Config/Windows/Scalability.ini]
[2022.04.13-13.54.30:441][  0]LogConfig: Setting CVar [[foliage.DensityScale:1.0]]
[2022.04.13-13.54.30:441][  0]LogConfig: Setting CVar [[grass.DensityScale:1.0]]
[2022.04.13-13.54.30:441][  0]LogConfig: Applying CVar settings from Section [ShadingQuality@3] File [E:/Unreal/RPGPrototype_ue4/Excalibur/Saved/Config/Windows/Scalability.ini]
[2022.04.13-13.54.30:442][  0]LogConfig: Setting CVar [[r.HairStrands.SkyLighting.IntegrationType:2]]
[2022.04.13-13.54.30:442][  0]LogConfig: Setting CVar [[r.HairStrands.SkyAO.SampleCount:4]]
[2022.04.13-13.54.30:442][  0]LogConfig: Setting CVar [[r.HairStrands.Visibility.MSAA.SamplePerPixel:4]]
[2022.04.13-13.54.30:442][  0]LogInit: Selected Device Profile: [Windows]
[2022.04.13-13.54.30:442][  0]LogInit: Applying CVar settings loaded from the selected device profile: [Windows]
[2022.04.13-13.54.30:442][  0]LogHAL: Display: Platform has ~ 16 GB [17126871040 / 17179869184 / 16], which maps to Larger [LargestMinGB=32, LargerMinGB=12, DefaultMinGB=8, SmallerMinGB=6, SmallestMinGB=0)
[2022.04.13-13.54.30:442][  0]LogInit: Going up to parent DeviceProfile []
[2022.04.13-13.54.30:442][  0]LogConfig: Applying CVar settings from Section [ViewDistanceQuality@3] File [E:/Unreal/RPGPrototype_ue4/Excalibur/Saved/Config/Windows/Scalability.ini]
[2022.04.13-13.54.30:442][  0]LogConfig: Setting CVar [[r.SkeletalMeshLODBias:0]]
[2022.04.13-13.54.30:442][  0]LogConfig: Setting CVar [[r.ViewDistanceScale:1.0]]
[2022.04.13-13.54.30:442][  0]LogConfig: Applying CVar settings from Section [AntiAliasingQuality@3] File [E:/Unreal/RPGPrototype_ue4/Excalibur/Saved/Config/Windows/Scalability.ini]
[2022.04.13-13.54.30:442][  0]LogConfig: Setting CVar [[r.PostProcessAAQuality:4]]
[2022.04.13-13.54.30:442][  0]LogConfig: Applying CVar settings from Section [ShadowQuality@3] File [E:/Unreal/RPGPrototype_ue4/Excalibur/Saved/Config/Windows/Scalability.ini]
[2022.04.13-13.54.30:442][  0]LogConfig: Setting CVar [[r.LightFunctionQuality:1]]
[2022.04.13-13.54.30:442][  0]LogConfig: Setting CVar [[r.ShadowQuality:5]]
[2022.04.13-13.54.30:442][  0]LogConfig: Setting CVar [[r.Shadow.CSM.MaxCascades:10]]
[2022.04.13-13.54.30:442][  0]LogConfig: Setting CVar [[r.Shadow.MaxResolution:2048]]
[2022.04.13-13.54.30:442][  0]LogConfig: Setting CVar [[r.Shadow.MaxCSMResolution:2048]]
[2022.04.13-13.54.30:442][  0]LogConfig: Setting CVar [[r.Shadow.RadiusThreshold:0.01]]
[2022.04.13-13.54.30:442][  0]LogConfig: Setting CVar [[r.Shadow.DistanceScale:1.0]]
[2022.04.13-13.54.30:442][  0]LogConfig: Setting CVar [[r.Shadow.CSM.TransitionScale:1.0]]
[2022.04.13-13.54.30:442][  0]LogConfig: Setting CVar [[r.Shadow.PreShadowResolutionFactor:1.0]]
[2022.04.13-13.54.30:442][  0]LogConfig: Setting CVar [[r.DistanceFieldShadowing:1]]
[2022.04.13-13.54.30:442][  0]LogConfig: Setting CVar [[r.DistanceFieldAO:1]]
[2022.04.13-13.54.30:442][  0]LogConfig: Setting CVar [[r.AOQuality:2]]
[2022.04.13-13.54.30:443][  0]LogConfig: Setting CVar [[r.VolumetricFog:1]]
[2022.04.13-13.54.30:443][  0]LogConfig: Setting CVar [[r.VolumetricFog.GridPixelSize:8]]
[2022.04.13-13.54.30:443][  0]LogConfig: Setting CVar [[r.VolumetricFog.GridSizeZ:128]]
[2022.04.13-13.54.30:443][  0]LogConfig: Setting CVar [[r.VolumetricFog.HistoryMissSupersampleCount:4]]
[2022.04.13-13.54.30:443][  0]LogConfig: Setting CVar [[r.LightMaxDrawDistanceScale:1]]
[2022.04.13-13.54.30:443][  0]LogConfig: Setting CVar [[r.CapsuleShadows:1]]
[2022.04.13-13.54.30:443][  0]LogConfig: Applying CVar settings from Section [PostProcessQuality@3] File [E:/Unreal/RPGPrototype_ue4/Excalibur/Saved/Config/Windows/Scalability.ini]
[2022.04.13-13.54.30:443][  0]LogConfig: Setting CVar [[r.MotionBlurQuality:4]]
[2022.04.13-13.54.30:443][  0]LogConfig: Setting CVar [[r.AmbientOcclusionMipLevelFactor:0.4]]
[2022.04.13-13.54.30:443][  0]LogConfig: Setting CVar [[r.AmbientOcclusionMaxQuality:100]]
[2022.04.13-13.54.30:443][  0]LogConfig: Setting CVar [[r.AmbientOcclusionLevels:-1]]
[2022.04.13-13.54.30:443][  0]LogConfig: Setting CVar [[r.AmbientOcclusionRadiusScale:1.0]]
[2022.04.13-13.54.30:443][  0]LogConfig: Setting CVar [[r.DepthOfFieldQuality:2]]
[2022.04.13-13.54.30:443][  0]LogConfig: Setting CVar [[r.RenderTargetPoolMin:400]]
[2022.04.13-13.54.30:443][  0]LogConfig: Setting CVar [[r.LensFlareQuality:2]]
[2022.04.13-13.54.30:443][  0]LogConfig: Setting CVar [[r.SceneColorFringeQuality:1]]
[2022.04.13-13.54.30:443][  0]LogConfig: Setting CVar [[r.EyeAdaptationQuality:2]]
[2022.04.13-13.54.30:443][  0]LogConfig: Setting CVar [[r.BloomQuality:5]]
[2022.04.13-13.54.30:443][  0]LogConfig: Setting CVar [[r.FastBlurThreshold:100]]
[2022.04.13-13.54.30:443][  0]LogConfig: Setting CVar [[r.Upscale.Quality:3]]
[2022.04.13-13.54.30:443][  0]LogConfig: Setting CVar [[r.Tonemapper.GrainQuantization:1]]
[2022.04.13-13.54.30:443][  0]LogConfig: Setting CVar [[r.LightShaftQuality:1]]
[2022.04.13-13.54.30:443][  0]LogConfig: Setting CVar [[r.Filter.SizeScale:1]]
[2022.04.13-13.54.30:444][  0]LogConfig: Setting CVar [[r.Tonemapper.Quality:5]]
[2022.04.13-13.54.30:444][  0]LogConfig: Setting CVar [[r.DOF.Gather.AccumulatorQuality:1        ; higher gathering accumulator quality]]
[2022.04.13-13.54.30:444][  0]LogConfig: Setting CVar [[r.DOF.Gather.PostfilterMethod:1          ; Median3x3 postfilering method]]
[2022.04.13-13.54.30:444][  0]LogConfig: Setting CVar [[r.DOF.Gather.EnableBokehSettings:0       ; no bokeh simulation when gathering]]
[2022.04.13-13.54.30:444][  0]LogConfig: Setting CVar [[r.DOF.Gather.RingCount:4                 ; medium number of samples when gathering]]
[2022.04.13-13.54.30:444][  0]LogConfig: Setting CVar [[r.DOF.Scatter.ForegroundCompositing:1    ; additive foreground scattering]]
[2022.04.13-13.54.30:444][  0]LogConfig: Setting CVar [[r.DOF.Scatter.BackgroundCompositing:2    ; additive background scattering]]
[2022.04.13-13.54.30:444][  0]LogConfig: Setting CVar [[r.DOF.Scatter.EnableBokehSettings:1      ; bokeh simulation when scattering]]
[2022.04.13-13.54.30:444][  0]LogConfig: Setting CVar [[r.DOF.Scatter.MaxSpriteRatio:0.1         ; only a maximum of 10% of scattered bokeh]]
[2022.04.13-13.54.30:444][  0]LogConfig: Setting CVar [[r.DOF.Recombine.Quality:1                ; cheap slight out of focus]]
[2022.04.13-13.54.30:444][  0]LogConfig: Setting CVar [[r.DOF.Recombine.EnableBokehSettings:0    ; no bokeh simulation on slight out of focus]]
[2022.04.13-13.54.30:444][  0]LogConfig: Setting CVar [[r.DOF.TemporalAAQuality:1                ; more stable temporal accumulation]]
[2022.04.13-13.54.30:444][  0]LogConfig: Setting CVar [[r.DOF.Kernel.MaxForegroundRadius:0.025]]
[2022.04.13-13.54.30:444][  0]LogConfig: Setting CVar [[r.DOF.Kernel.MaxBackgroundRadius:0.025]]
[2022.04.13-13.54.30:444][  0]LogConfig: Applying CVar settings from Section [TextureQuality@3] File [E:/Unreal/RPGPrototype_ue4/Excalibur/Saved/Config/Windows/Scalability.ini]
[2022.04.13-13.54.30:444][  0]LogConfig: Setting CVar [[r.Streaming.MipBias:0]]
[2022.04.13-13.54.30:444][  0]LogConfig: Setting CVar [[r.Streaming.AmortizeCPUToGPUCopy:0]]
[2022.04.13-13.54.30:444][  0]LogConfig: Setting CVar [[r.Streaming.MaxNumTexturesToStreamPerFrame:0]]
[2022.04.13-13.54.30:444][  0]LogConfig: Setting CVar [[r.Streaming.Boost:1]]
[2022.04.13-13.54.30:444][  0]LogConfig: Setting CVar [[r.MaxAnisotropy:8]]
[2022.04.13-13.54.30:444][  0]LogConfig: Setting CVar [[r.VT.MaxAnisotropy:8]]
[2022.04.13-13.54.30:444][  0]LogConfig: Setting CVar [[r.Streaming.LimitPoolSizeToVRAM:0]]
[2022.04.13-13.54.30:444][  0]LogConfig: Setting CVar [[r.Streaming.PoolSize:1000]]
[2022.04.13-13.54.30:444][  0]LogConfig: Setting CVar [[r.Streaming.MaxEffectiveScreenSize:0]]
[2022.04.13-13.54.30:444][  0]LogConfig: Applying CVar settings from Section [EffectsQuality@3] File [E:/Unreal/RPGPrototype_ue4/Excalibur/Saved/Config/Windows/Scalability.ini]
[2022.04.13-13.54.30:444][  0]LogConfig: Setting CVar [[r.TranslucencyLightingVolumeDim:64]]
[2022.04.13-13.54.30:444][  0]LogConfig: Setting CVar [[r.RefractionQuality:2]]
[2022.04.13-13.54.30:444][  0]LogConfig: Setting CVar [[r.SSR.Quality:3]]
[2022.04.13-13.54.30:445][  0]LogConfig: Setting CVar [[r.SSR.HalfResSceneColor:0]]
[2022.04.13-13.54.30:445][  0]LogConfig: Setting CVar [[r.SceneColorFormat:4]]
[2022.04.13-13.54.30:445][  0]LogConfig: Setting CVar [[r.DetailMode:2]]
[2022.04.13-13.54.30:445][  0]LogConfig: Setting CVar [[r.TranslucencyVolumeBlur:1]]
[2022.04.13-13.54.30:445][  0]LogConfig: Setting CVar [[r.MaterialQualityLevel:1 ; High quality]]
[2022.04.13-13.54.30:445][  0]LogConfig: Setting CVar [[r.AnisotropicMaterials:1]]
[2022.04.13-13.54.30:445][  0]LogConfig: Setting CVar [[r.SSS.Scale:1]]
[2022.04.13-13.54.30:445][  0]LogConfig: Setting CVar [[r.SSS.SampleSet:2]]
[2022.04.13-13.54.30:445][  0]LogConfig: Setting CVar [[r.SSS.Quality:1]]
[2022.04.13-13.54.30:445][  0]LogConfig: Setting CVar [[r.SSS.HalfRes:0]]
[2022.04.13-13.54.30:445][  0]LogConfig: Setting CVar [[r.SSGI.Quality:3]]
[2022.04.13-13.54.30:445][  0]LogConfig: Setting CVar [[r.EmitterSpawnRateScale:1.0]]
[2022.04.13-13.54.30:445][  0]LogConfig: Setting CVar [[r.ParticleLightQuality:2]]
[2022.04.13-13.54.30:445][  0]LogConfig: Setting CVar [[r.SkyAtmosphere.AerialPerspectiveLUT.FastApplyOnOpaque:1 ; Always have FastSkyLUT 1 in this case to avoid wrong sky]]
[2022.04.13-13.54.30:445][  0]LogConfig: Setting CVar [[r.SkyAtmosphere.AerialPerspectiveLUT.SampleCountMaxPerSlice:4]]
[2022.04.13-13.54.30:445][  0]LogConfig: Setting CVar [[r.SkyAtmosphere.AerialPerspectiveLUT.DepthResolution:16.0]]
[2022.04.13-13.54.30:445][  0]LogConfig: Setting CVar [[r.SkyAtmosphere.FastSkyLUT:1]]
[2022.04.13-13.54.30:445][  0]LogConfig: Setting CVar [[r.SkyAtmosphere.FastSkyLUT.SampleCountMin:4.0]]
[2022.04.13-13.54.30:445][  0]LogConfig: Setting CVar [[r.SkyAtmosphere.FastSkyLUT.SampleCountMax:128.0]]
[2022.04.13-13.54.30:445][  0]LogConfig: Setting CVar [[r.SkyAtmosphere.SampleCountMin:4.0]]
[2022.04.13-13.54.30:445][  0]LogConfig: Setting CVar [[r.SkyAtmosphere.SampleCountMax:128.0]]
[2022.04.13-13.54.30:445][  0]LogConfig: Setting CVar [[r.SkyAtmosphere.TransmittanceLUT.UseSmallFormat:0]]
[2022.04.13-13.54.30:445][  0]LogConfig: Setting CVar [[r.SkyAtmosphere.TransmittanceLUT.SampleCount:10.0]]
[2022.04.13-13.54.30:445][  0]LogConfig: Setting CVar [[r.SkyAtmosphere.MultiScatteringLUT.SampleCount:15.0]]
[2022.04.13-13.54.30:445][  0]LogConfig: Setting CVar [[r.SkyLight.RealTimeReflectionCapture:1]]
[2022.04.13-13.54.30:445][  0]LogConfig: Applying CVar settings from Section [FoliageQuality@3] File [E:/Unreal/RPGPrototype_ue4/Excalibur/Saved/Config/Windows/Scalability.ini]
[2022.04.13-13.54.30:446][  0]LogConfig: Setting CVar [[foliage.DensityScale:1.0]]
[2022.04.13-13.54.30:446][  0]LogConfig: Setting CVar [[grass.DensityScale:1.0]]
[2022.04.13-13.54.30:446][  0]LogConfig: Applying CVar settings from Section [ShadingQuality@3] File [E:/Unreal/RPGPrototype_ue4/Excalibur/Saved/Config/Windows/Scalability.ini]
[2022.04.13-13.54.30:446][  0]LogConfig: Setting CVar [[r.HairStrands.SkyLighting.IntegrationType:2]]
[2022.04.13-13.54.30:446][  0]LogConfig: Setting CVar [[r.HairStrands.SkyAO.SampleCount:4]]
[2022.04.13-13.54.30:446][  0]LogConfig: Setting CVar [[r.HairStrands.Visibility.MSAA.SamplePerPixel:4]]
[2022.04.13-13.54.30:446][  0]LogConfig: Applying CVar settings from Section [Startup] File [../../../Engine/Config/ConsoleVariables.ini]
[2022.04.13-13.54.30:446][  0]LogConfig: Setting CVar [[net.UseAdaptiveNetUpdateFrequency:0]]
[2022.04.13-13.54.30:446][  0]LogConfig: Setting CVar [[p.chaos.AllowCreatePhysxBodies:1]]
[2022.04.13-13.54.30:446][  0]LogConfig: Setting CVar [[fx.SkipVectorVMBackendOptimizations:1]]
[2022.04.13-13.54.30:446][  0]LogConfig: Applying CVar settings from Section [ConsoleVariables] File [E:/Unreal/RPGPrototype_ue4/Excalibur/Saved/Config/Windows/Engine.ini]
[2022.04.13-13.54.30:446][  0]LogConfig: Applying CVar settings from Section [ConsoleVariables] File [E:/Unreal/RPGPrototype_ue4/Excalibur/Saved/Config/Windows/Editor.ini]
[2022.04.13-13.54.30:446][  0]LogInit: Computer: DESKTOP-SQ2C6IA
[2022.04.13-13.54.30:446][  0]LogInit: User: Usuario
[2022.04.13-13.54.30:446][  0]LogInit: CPU Page size=4096, Cores=6
[2022.04.13-13.54.30:446][  0]LogInit: High frequency timer resolution =10.000000 MHz
[2022.04.13-13.54.30:447][  0]LogMemory: Memory total: Physical=16.0GB (16GB approx)
[2022.04.13-13.54.30:447][  0]LogMemory: Platform Memory Stats for Windows
[2022.04.13-13.54.30:447][  0]LogMemory: Process Physical Memory: 147.46 MB used, 147.47 MB peak
[2022.04.13-13.54.30:447][  0]LogMemory: Process Virtual Memory: 127.57 MB used, 127.57 MB peak
[2022.04.13-13.54.30:447][  0]LogMemory: Physical Memory: 8949.94 MB used,  7383.52 MB free, 16333.46 MB total
[2022.04.13-13.54.30:447][  0]LogMemory: Virtual Memory: 134211632.00 MB used,  6096.39 MB free, 134217728.00 MB total
[2022.04.13-13.54.30:466][  0]LogWindows: WindowsPlatformFeatures enabled
[2022.04.13-13.54.30:661][  0]LogInit: Physics initialised using underlying interface: PhysX
[2022.04.13-13.54.30:663][  0]LogInit: Overriding language with editor language configuration option (en).
[2022.04.13-13.54.30:663][  0]LogInit: Using OS detected locale (es-ES).
[2022.04.13-13.54.30:837][  0]LogInit: Setting process to per monitor DPI aware
[2022.04.13-13.54.30:879][  0]LogWindowsTextInputMethodSystem: Display: IME system deactivated.
[2022.04.13-13.54.30:906][  0]LogSlate: New Slate User Created.  User Index 0, Is Virtual User: 0
[2022.04.13-13.54.30:906][  0]LogSlate: Slate User Registered.  User Index 0, Is Virtual User: 0
[2022.04.13-13.54.31:156][  0]LogD3D11RHI: Loaded GFSDK_Aftermath_Lib.x64.dll
[2022.04.13-13.54.31:165][  0]LogHMD: Failed to initialize OpenVR with code 110
[2022.04.13-13.54.31:165][  0]LogD3D11RHI: D3D11 min allowed feature level: 11_0
[2022.04.13-13.54.31:165][  0]LogD3D11RHI: D3D11 max allowed feature level: 11_0
[2022.04.13-13.54.31:165][  0]LogD3D11RHI: D3D11 adapters:
[2022.04.13-13.54.31:331][  0]LogD3D11RHI:    0. 'NVIDIA GeForce RTX 2060 SUPER' (Feature Level 11_0)
[2022.04.13-13.54.31:331][  0]LogD3D11RHI:       8031/0/8166 MB DedicatedVideo/DedicatedSystem/SharedSystem, Outputs:2, VendorId:0x10de
[2022.04.13-13.54.31:338][  0]LogD3D11RHI:    1. 'Microsoft Basic Render Driver' (Feature Level 11_0)
[2022.04.13-13.54.31:338][  0]LogD3D11RHI:       0/0/8166 MB DedicatedVideo/DedicatedSystem/SharedSystem, Outputs:0, VendorId:0x1414
[2022.04.13-13.54.31:338][  0]LogD3D11RHI: Chosen D3D11 Adapter:
[2022.04.13-13.54.31:338][  0]LogD3D11RHI:     Description : NVIDIA GeForce RTX 2060 SUPER
[2022.04.13-13.54.31:339][  0]LogD3D11RHI:     VendorId    : 10de
[2022.04.13-13.54.31:339][  0]LogD3D11RHI:     DeviceId    : 1f06
[2022.04.13-13.54.31:339][  0]LogD3D11RHI:     SubSysId    : 3fed1458
[2022.04.13-13.54.31:339][  0]LogD3D11RHI:     Revision    : 00a1
[2022.04.13-13.54.31:339][  0]LogD3D11RHI:     DedicatedVideoMemory : 8421113856 bytes
[2022.04.13-13.54.31:339][  0]LogD3D11RHI:     DedicatedSystemMemory : 0 bytes
[2022.04.13-13.54.31:339][  0]LogD3D11RHI:     SharedSystemMemory : 8563435520 bytes
[2022.04.13-13.54.31:339][  0]LogD3D11RHI:     AdapterLuid : 0 57757
[2022.04.13-13.54.31:344][  0]LogD3D11RHI: Creating new Direct3DDevice
[2022.04.13-13.54.31:344][  0]LogD3D11RHI:     GPU DeviceId: 0x1f06 (for the marketing name, search the web for "GPU Device Id")
[2022.04.13-13.54.31:344][  0]LogWindows: EnumDisplayDevices:
[2022.04.13-13.54.31:345][  0]LogWindows:    0. 'NVIDIA GeForce RTX 2060 SUPER' (P:1 D:1)
[2022.04.13-13.54.31:345][  0]LogWindows:    1. 'NVIDIA GeForce RTX 2060 SUPER' (P:0 D:1)
[2022.04.13-13.54.31:346][  0]LogWindows:    2. 'NVIDIA GeForce RTX 2060 SUPER' (P:0 D:0)
[2022.04.13-13.54.31:346][  0]LogWindows:    3. 'NVIDIA GeForce RTX 2060 SUPER' (P:0 D:0)
[2022.04.13-13.54.31:347][  0]LogWindows: DebugString: FoundDriverCount:4 
[2022.04.13-13.54.31:347][  0]LogD3D11RHI:     Adapter Name: NVIDIA GeForce RTX 2060 SUPER
[2022.04.13-13.54.31:347][  0]LogD3D11RHI:   Driver Version: 512.15 (internal:30.0.15.1215, unified:512.15)
[2022.04.13-13.54.31:347][  0]LogD3D11RHI:      Driver Date: 3-17-2022
[2022.04.13-13.54.31:347][  0]LogRHI: Texture pool is 5621 MB (70% of 8031 MB)
[2022.04.13-13.54.31:347][  0]LogD3D11RHI: Creating D3DDevice using adapter:
[2022.04.13-13.54.31:347][  0]LogD3D11RHI:     Description : NVIDIA GeForce RTX 2060 SUPER
[2022.04.13-13.54.31:347][  0]LogD3D11RHI:     VendorId    : 10de
[2022.04.13-13.54.31:347][  0]LogD3D11RHI:     DeviceId    : 1f06
[2022.04.13-13.54.31:347][  0]LogD3D11RHI:     SubSysId    : 3fed1458
[2022.04.13-13.54.31:347][  0]LogD3D11RHI:     Revision    : 00a1
[2022.04.13-13.54.31:347][  0]LogD3D11RHI:     DedicatedVideoMemory : 8421113856 bytes
[2022.04.13-13.54.31:347][  0]LogD3D11RHI:     DedicatedSystemMemory : 0 bytes
[2022.04.13-13.54.31:347][  0]LogD3D11RHI:     SharedSystemMemory : 8563435520 bytes
[2022.04.13-13.54.31:347][  0]LogD3D11RHI:     AdapterLuid : 0 57757
[2022.04.13-13.54.31:429][  0]LogD3D11RHI: RHI has support for 64 bit atomics
[2022.04.13-13.54.31:429][  0]LogD3D11RHI: Async texture creation enabled
[2022.04.13-13.54.31:429][  0]LogD3D11RHI: Array index from any shader is supported
[2022.04.13-13.54.31:445][  0]LogD3D11RHI: GPU Timing Frequency: 1000.000000 (Debug: 2 1)
[2022.04.13-13.54.31:503][  0]LogRHI: GeForceNow SDK initialized: 1
[2022.04.13-13.54.31:831][  0]LogTargetPlatformManager: Display: Loaded TargetPlatform 'AllDesktop'
[2022.04.13-13.54.31:859][  0]LogTargetPlatformManager: Display: Loaded TargetPlatform 'Android'
[2022.04.13-13.54.31:859][  0]LogTargetPlatformManager: Display: Loaded TargetPlatform 'Android_ASTC'
[2022.04.13-13.54.31:859][  0]LogTargetPlatformManager: Display: Loaded TargetPlatform 'Android_DXT'
[2022.04.13-13.54.31:859][  0]LogTargetPlatformManager: Display: Loaded TargetPlatform 'Android_ETC2'
[2022.04.13-13.54.31:859][  0]LogTargetPlatformManager: Display: Loaded TargetPlatform 'AndroidClient'
[2022.04.13-13.54.31:859][  0]LogTargetPlatformManager: Display: Loaded TargetPlatform 'Android_ASTCClient'
[2022.04.13-13.54.31:860][  0]LogTargetPlatformManager: Display: Loaded TargetPlatform 'Android_DXTClient'
[2022.04.13-13.54.31:860][  0]LogTargetPlatformManager: Display: Loaded TargetPlatform 'Android_ETC2Client'
[2022.04.13-13.54.31:860][  0]LogTargetPlatformManager: Display: Loaded TargetPlatform 'Android_Multi'
[2022.04.13-13.54.31:860][  0]LogTargetPlatformManager: Display: Loaded TargetPlatform 'Android_MultiClient'
[2022.04.13-13.54.31:897][  0]LogTargetPlatformManager: Display: Loaded TargetPlatform 'IOSClient'
[2022.04.13-13.54.31:897][  0]LogTargetPlatformManager: Display: Loaded TargetPlatform 'IOS'
[2022.04.13-13.54.31:913][  0]LogTargetPlatformManager: Display: Loaded TargetPlatform 'Linux'
[2022.04.13-13.54.31:922][  0]LogTargetPlatformManager: Display: Loaded TargetPlatform 'LinuxNoEditor'
[2022.04.13-13.54.31:931][  0]LogTargetPlatformManager: Display: Loaded TargetPlatform 'LinuxClient'
[2022.04.13-13.54.31:940][  0]LogTargetPlatformManager: Display: Loaded TargetPlatform 'LinuxServer'
[2022.04.13-13.54.31:956][  0]LogTargetPlatformManager: Display: Loaded TargetPlatform 'LinuxAArch64NoEditor'
[2022.04.13-13.54.31:965][  0]LogTargetPlatformManager: Display: Loaded TargetPlatform 'LinuxAArch64Client'
[2022.04.13-13.54.31:974][  0]LogTargetPlatformManager: Display: Loaded TargetPlatform 'LinuxAArch64Server'
[2022.04.13-13.54.32:010][  0]LogTargetPlatformManager: Display: Loaded TargetPlatform 'Lumin'
[2022.04.13-13.54.32:010][  0]LogTargetPlatformManager: Display: Loaded TargetPlatform 'LuminClient'
[2022.04.13-13.54.32:025][  0]LogTargetPlatformManager: Display: Loaded TargetPlatform 'MacNoEditor'
[2022.04.13-13.54.32:034][  0]LogTargetPlatformManager: Display: Loaded TargetPlatform 'Mac'
[2022.04.13-13.54.32:043][  0]LogTargetPlatformManager: Display: Loaded TargetPlatform 'MacClient'
[2022.04.13-13.54.32:053][  0]LogTargetPlatformManager: Display: Loaded TargetPlatform 'MacServer'
[2022.04.13-13.54.32:069][  0]LogTargetPlatformManager: Display: Loaded TargetPlatform 'TVOSClient'
[2022.04.13-13.54.32:069][  0]LogTargetPlatformManager: Display: Loaded TargetPlatform 'TVOS'
[2022.04.13-13.54.32:085][  0]LogTargetPlatformManager: Display: Loaded TargetPlatform 'WindowsNoEditor'
[2022.04.13-13.54.32:094][  0]LogTargetPlatformManager: Display: Loaded TargetPlatform 'Windows'
[2022.04.13-13.54.32:103][  0]LogTargetPlatformManager: Display: Loaded TargetPlatform 'WindowsClient'
[2022.04.13-13.54.32:112][  0]LogTargetPlatformManager: Display: Loaded TargetPlatform 'WindowsServer'
[2022.04.13-13.54.32:112][  0]LogTargetPlatformManager: Display: Building Assets For Windows
[2022.04.13-13.54.32:135][  0]LogAudioDebug: Display: Lib vorbis DLL was dynamically loaded.
[2022.04.13-13.54.32:229][  0]LogTextureFormatOodle: Display: Oodle Texture 2.9.0 init RDO Off
[2022.04.13-13.54.32:321][  0]LogRendererCore: Ray tracing is disabled. Reason: r.RayTracing=0.
[2022.04.13-13.54.32:321][  0]LogShaderCompilers: Guid format shader working directory is 1 characters bigger than the processId version (../../../../../Unreal/RPGPrototype_ue4/Excalibur/Intermediate/Shaders/WorkingDirectory/548/).
[2022.04.13-13.54.32:322][  0]LogShaderCompilers: Cleaned the shader compiler working directory 'C:/Users/Usuario/AppData/Local/Temp/UnrealShaderWorkingDir/EA947C4040209811EA8274AAAB235290/'.
[2022.04.13-13.54.32:322][  0]LogXGEController: Cannot use XGE Controller as Incredibuild is not installed on this machine.
[2022.04.13-13.54.32:323][  0]LogShaderCompilers: Cannot use XGE Shader Compiler as Incredibuild is not installed on this machine.
[2022.04.13-13.54.32:323][  0]LogShaderCompilers: Display: Using Local Shader Compiler.
[2022.04.13-13.54.33:006][  0]LogDerivedDataCache: Display: Max Cache Size: 512 MB
[2022.04.13-13.54.33:068][  0]LogDerivedDataCache: Loaded boot cache 0.06s 128MB C:/Users/Usuario/AppData/Local/UnrealEngine/4.27/DerivedDataCache/Boot.ddc.
[2022.04.13-13.54.33:068][  0]LogDerivedDataCache: Display: Loaded Boot cache: C:/Users/Usuario/AppData/Local/UnrealEngine/4.27/DerivedDataCache/Boot.ddc
[2022.04.13-13.54.33:068][  0]LogDerivedDataCache: FDerivedDataBackendGraph:  Pak pak cache file ../../../../../Unreal/RPGPrototype_ue4/Excalibur/DerivedDataCache/DDC.ddp not found, will not use a pak cache.
[2022.04.13-13.54.33:068][  0]LogDerivedDataCache: Unable to find inner node Pak for hierarchical cache Hierarchy.
[2022.04.13-13.54.33:069][  0]LogDerivedDataCache: FDerivedDataBackendGraph:  CompressedPak pak cache file ../../../../../Unreal/RPGPrototype_ue4/Excalibur/DerivedDataCache/Compressed.ddp not found, will not use a pak cache.
[2022.04.13-13.54.33:069][  0]LogDerivedDataCache: Unable to find inner node CompressedPak for hierarchical cache Hierarchy.
[2022.04.13-13.54.33:087][  0]LogDerivedDataCache: Display: Pak cache opened for reading ../../../Engine/DerivedDataCache/Compressed.ddp.
[2022.04.13-13.54.33:087][  0]LogDerivedDataCache: FDerivedDataBackendGraph:  EnterprisePak pak cache file ../../../Enterprise/DerivedDataCache/Compressed.ddp not found, will not use a pak cache.
[2022.04.13-13.54.33:087][  0]LogDerivedDataCache: Unable to find inner node EnterprisePak for hierarchical cache Hierarchy.
[2022.04.13-13.54.33:100][  0]LogDerivedDataCache: Speed tests for C:/Users/Usuario/AppData/Local/UnrealEngine/Common/DerivedDataCache took 0.01 seconds
[2022.04.13-13.54.33:100][  0]LogDerivedDataCache: Display: Performance to C:/Users/Usuario/AppData/Local/UnrealEngine/Common/DerivedDataCache: Latency=0.15ms. RandomReadSpeed=599.99MBs, RandomWriteSpeed=105.86MBs. Assigned SpeedClass 'Local'
[2022.04.13-13.54.33:101][  0]LogDerivedDataCache: Using Local data cache path C:/Users/Usuario/AppData/Local/UnrealEngine/Common/DerivedDataCache: Writable
[2022.04.13-13.54.33:102][  0]LogDerivedDataCache: Shared data cache path not found in *engine.ini, will not use an Shared cache.
[2022.04.13-13.54.33:102][  0]LogDerivedDataCache: Unable to find inner node Shared for hierarchical cache Hierarchy.
[2022.04.13-13.54.33:144][  0]LogSlate: Using FreeType 2.10.0
[2022.04.13-13.54.33:145][  0]LogSlate: SlateFontServices - WITH_FREETYPE: 1, WITH_HARFBUZZ: 1
[2022.04.13-13.54.33:178][  0]LogAssetRegistry: FAssetRegistry took 0.0048 seconds to start up
[2022.04.13-13.54.33:428][  0]LogInit: Selected Device Profile: [Windows]
[2022.04.13-13.54.33:429][  0]LogInit: Active device profile: [000001F843DC8D00][000001F842A2D1C0 49] Windows
[2022.04.13-13.54.33:429][  0]LogInit: Profiles: [000001F843DC8D00][000001F842A2D1C0 49] Windows, [000001F843D8A300][000001F8427A9340 49] WindowsNoEditor, [000001F843DC9C00][000001F842E3B4C0 49] WindowsServer, [000001F843D8B100][000001F839441640 49] WindowsClient, [000001F843DCA900][000001F8394497C0 49] IOS, [000001F843D89A00][000001F83944D940 49] iPadAir, [000001F843DCBE00][000001F839445AC0 49] iPadAir2, [000001F843D05100][000001F839450200 49] IPadPro, [000001F843D05200][000001F83A1BE240 49] iPadAir3, [000001F843D88C00][000001F842E103C0 49] iPadAir4, [000001F843D05E00][000001F842E14540 49] iPadMini2, [000001F843D8B300][000001F842E186C0 49] iPadMini3, [000001F843D07900][000001F839482800 49] iPadMini4, [000001F843D89000][000001F842E1C940 49] iPadMini5, [000001F843D38900][000001F842B1AB80 49] iPhone6, [000001F843D38A00][000001F842E20BC0 49] iPodTouch6, [000001F843DCAE00][000001F8395AAE80 49] iPhone7, [000001F843DCAF00][000001F8395A6EC0 49] iPodTouch7, [000001F843D07E00][000001F842E25040 49] iPhone5S, [000001F843DC8F00][000001F842E291C0 49] iPhone6Plus, [000001F843D38100][000001F842E2D340 49] iPhone6S, [000001F843D04300][000001F8426874C0 49] iPhone6SPlus, [000001F843D3A800][000001F84268B640 49] iPhone7Plus, [000001F843D06400][000001F84268F7C0 49] iPhoneSE, [000001F843D3A600][000001F842693940 49] iPhone8, [000001F843D04400][000001F842697AC0 49] iPhone8Plus, [000001F843D3B100][000001F84269A0C0 49] iPhoneX, [000001F843DC9400][000001F84269E240 49] iPhoneXS, [000001F843D3AB00][000001F8426A23C0 49] iPhoneXSMax, [000001F843DC8700][000001F8426A6540 49] iPhoneXR, [000001F843D38800][000001F8426AA6C0 49] iPhone11, [000001F843DC9100][000001F83A15A840 49] iPhone11Pro, [000001F843D39A00][000001F8395B6980 49] iPhone11ProMax, [000001F843DCB700][000001F83A15EAC0 49] iPhoneSE2, [000001F843D3B800][000001F83A162C00 49] iPhone12Mini, [000001F843DCA300][000001F83A166D40 49] iPhone12, [000001F843D3B200][000001F83A16EEC0 49] iPhone12Pro, [000001F843DC9300][000001F83A173040 49] iPhone12ProMax, [000001F843D39500][000001F83A1771C0 49] iPadPro105, [000001F843DC8A00][000001F83A17B340 49] iPadPro129, [000001F843D3BD00][000001F83A17F4C0 49] iPadPro97, [000001F843DCAA00][000001F83A183640 49] iPadPro2_129, [000001F843D3A900][000001F83A1877C0 49] iPad5, [000001F843DC9E00][000001F83A18B940 49] iPad6, [000001F843D39300][000001F83A18FAC0 49] iPad7, [000001F843DC8200][000001F83A1920C0 49] iPad8, [000001F843D38400][000001F8429BC240 49] iPadPro11, [000001F843DC9A00][000001F8429C03C0 49] iPadPro2_11, [000001F843D39600][000001F8429C4540 49] iPadPro3_129, [000001F843DCA700][000001F8429C86C0 49] iPadPro4_129, [000001F843D38200][000001F8429CC840 49] AppleTV, [000001F843DC8900][000001F8429D09C0 49] AppleTV4K, [000001F843D39D00][000001F8429D4B40 49] TVOS, [000001F843DCAD00][000001F83A16AC80 49] Mac, [000001F843D3B600][000001F8429D8DC0 49] MacClient, [000001F843DCB900][000001F8429DCF00 49] MacNoEditor, [000001F843D3B500][000001F8429E5080 49] MacServer, [000001F843DC9200][000001F8429E9200 49] Linux, [000001F843D39C00][000001F8429ED380 49] LinuxAArch64, [000001F843DCBC00][000001F8429F1500 49] LinuxNoEditor, [000001F843D3A300][000001F8429F5680 49] LinuxAArch64NoEditor, [000001F843DC9B00][000001F8429F9800 49] LinuxClient, [000001F843D3A500][000001F8429FD980 49] LinuxAArch64Client, [000001F843DC8E00][000001F842A01B00 49] LinuxServer, [000001F843D3B900][000001F842A04100 49] LinuxAArch64Server, [000001F843DCB500][000001F842A08280 49] Android, [000001F843D39E00][000001F842A0C400 49] Android_Low, [000001F843DC9F00][000001F842A10580 49] Android_Mid, [000001F843D3A200][000001F842A14700 49] Android_High, [000001F843DCBF00][000001F842A18880 49] Android_Default, [000001F843D3A000][000001F842A1CA00 49] Android_Adreno4xx, [000001F843DCBD00][000001F842A20B80 49] Android_Adreno5xx_Low, [000001F843D3AA00][000001F842A24D00 49] Android_Adreno5xx, [000001F843DCB800][000001F8429E0E40 49] Android_Adreno6xx, [000001F843D88500][000001F842A28F80 49] Android_Adreno6xx_Vulkan, [000001F843D05400][000001F842CA30C0 49] Android_Mali_T6xx, [000001F843D89100][000001F842CAB240 49] Android_Mali_T7xx, [000001F843D06D00][000001F842CAF3C0 49] Android_Mali_T8xx, [000001F843D8AF00][000001F842CB3540 49] Android_Mali_G71, [000001F843D07400][000001F842CB76C0 49] Android_Mali_G72, [000001F843D89700][000001F842CBB840 49] Android_Mali_G72_Vulkan, [000001F843D05300][000001F842CBF9C0 49] Android_Mali_G76, [000001F843D8BA00][000001F842CC3B40 49] Android_Mali_G76_Vulkan, [000001F843D06C00][000001F842CC6140 49] Android_Mali_G77, [000001F843D89500][000001F842CCA2C0 49] Android_Mali_G77_Vulkan, [000001F843D05800][000001F842CCE440 49] Android_Mali_G78, [000001F843D8A200][000001F842CD25C0 49] Android_Mali_G78_Vulkan, [000001F843D07D00][000001F842CD6740 49] Android_Mali_G710, [000001F843D88300][000001F842CDA8C0 49] Android_Mali_G710_Vulkan, [000001F843D04200][000001F842CDEA40 49] Android_Vulkan_SM5, [000001F843D88800][000001F842CE2BC0 49] Android_PowerVR_G6xxx, [000001F843D06500][000001F842CE6D40 49] Android_PowerVR_GT7xxx, [000001F843D88E00][000001F842CEAEC0 49] Android_PowerVR_GE8xxx, [000001F843D05500][000001F842CA7000 49] Android_PowerVR_GM9xxx, [000001F843D88D00][000001F842CEF140 49] Android_PowerVR_GM9xxx_Vulkan, [000001F843D05900][000001F842CF3280 49] Android_TegraK1, [000001F843D88600][000001F842CF73C0 49] Android_Unknown_Vulkan, [000001F843D07800][000001F842CFF540 49] Lumin, [000001F843D8A600][000001F842D036C0 49] Lumin_Desktop, [000001F843D07B00][000001F842D07840 49] HoloLens, 
[2022.04.13-13.54.33:604][  0]LogMeshReduction: Using QuadricMeshReduction for automatic static mesh reduction
[2022.04.13-13.54.33:604][  0]LogMeshReduction: Using SimplygonMeshReduction for automatic skeletal mesh reduction
[2022.04.13-13.54.33:605][  0]LogMeshReduction: Using ProxyLODMeshReduction for automatic mesh merging
[2022.04.13-13.54.33:605][  0]LogMeshReduction: No distributed automatic mesh merging module available
[2022.04.13-13.54.33:605][  0]LogMeshMerging: No distributed automatic mesh merging module available
[2022.04.13-13.54.33:628][  0]LogNetVersion: Excalibur 1.0.0, NetCL: 17155196, EngineNetVer: 17, GameNetVer: 0 (Checksum: 1954668629)
[2022.04.13-13.54.34:064][  0]LogTexture: Default maximum texture size for cubemaps generated from long-lat sources has been changed from 512 to unlimited. In order to preserve old behaiour for '/Engine/MapTemplates/Sky/DaylightAmbientCubemap.DaylightAmbientCubemap', its maximum texture size has been explicitly set to 512.
[2022.04.13-13.54.34:121][  0]LogHMD: PokeAHoleMaterial loaded successfully
[2022.04.13-13.54.34:127][  0]LogUObjectArray: 17178 objects as part of root set at end of initial load.
[2022.04.13-13.54.34:128][  0]LogUObjectAllocator: 4302048 out of 0 bytes used by permanent object pool.
[2022.04.13-13.54.34:128][  0]LogUObjectArray: CloseDisregardForGC: 0/0 objects in disregard for GC pool
[2022.04.13-13.54.34:680][  0]LogNiagaraDebuggerClient: Niagara Debugger Client Initialized | Session: B5E3C8D941CAD10F531340A5DB250BCF | Instance: DECFF0DA4E871250F561AEAB8A5838D7 (DESKTOP-SQ2C6IA-548).
[2022.04.13-13.54.34:742][  0]LogPython: Using Python 3.7.7
[2022.04.13-13.54.35:404][  0]LogTcpMessaging: Initializing TcpMessaging bridge
[2022.04.13-13.54.35:414][  0]LogUdpMessaging: Initializing bridge on interface 0.0.0.0:0 to multicast group 230.0.0.1:6666.
[2022.04.13-13.54.35:489][  0]LogStats: UGameplayTagsManager::InitializeManager -  0.001 s
[2022.04.13-13.54.35:768][  0]LogSkeletalMesh: Display: [AssetLog] E:\Unreal\RPGPrototype_ue4\Excalibur\Content\DynamicSwordAnimset\Weapon\Sword.uasset: Find and fix some bad tangent! please re-import this skeletal mesh asset to fix the issue. The shading of the skeletal mesh will be bad and faceted.
[2022.04.13-13.54.36:204][  0]SourceControl: Source control is disabled
[2022.04.13-13.54.36:204][  0]SourceControl: Source control is disabled
[2022.04.13-13.54.36:212][  0]SourceControl: Source control is disabled
[2022.04.13-13.54.36:220][  0]SourceControl: Source control is disabled
[2022.04.13-13.54.36:236][  0]SourceControl: Source control is disabled
[2022.04.13-13.54.36:251][  0]LogUProjectInfo: Found projects:
[2022.04.13-13.54.36:603][  0]LogOpenImageDenoise: OIDN starting up
[2022.04.13-13.54.36:708][  0]LogAndroidPermission: UAndroidPermissionCallbackProxy::GetInstance
[2022.04.13-13.54.36:769][  0]LogAudioCaptureCore: Display: No Audio Capture implementations found. Audio input will be silent.
[2022.04.13-13.54.36:769][  0]LogAudioCaptureCore: Display: No Audio Capture implementations found. Audio input will be silent.
[2022.04.13-13.54.36:955][  0]LogCollectionManager: Loaded 0 collections in 0.000753 seconds
[2022.04.13-13.54.37:005][  0]LogFileCache: Scanning file cache for directory 'E:/Unreal/RPGPrototype_ue4/Excalibur/Saved/Collections/' took 0.00s
[2022.04.13-13.54.37:007][  0]LogFileCache: Scanning file cache for directory 'E:/Unreal/RPGPrototype_ue4/Excalibur/Content/Developers/Usuario/Collections/' took 0.00s
[2022.04.13-13.54.37:007][  0]LogFileCache: Scanning file cache for directory 'E:/Unreal/RPGPrototype_ue4/Excalibur/Content/Collections/' took 0.00s
[2022.04.13-13.54.37:007][  0]LogOcInput: OculusInput pre-init called
[2022.04.13-13.54.37:322][  0]LogClass: Display: ByteProperty FHeroGameplayAbilityBindInfo::Command is not initialized properly. Module:Excalibur File:Data/HeroAbilityDataAsset.h
[2022.04.13-13.54.37:322][  0]LogClass: Display: 1 Uninitialized script struct members found including 0 object properties
[2022.04.13-13.54.37:323][  0]LogEngine: Initializing Engine...
[2022.04.13-13.54.37:328][  0]LogHMD: Failed to enumerate extensions. Please check that you have a valid OpenXR runtime installed.
[2022.04.13-13.54.37:329][  0]LogHMD: Failed to initialize OpenVR with code 110
[2022.04.13-13.54.37:329][  0]LogMagicLeap: Warning: VR disabled because ZI is not enabled.  To enable, in the editor, Edit -> Project Settings -> Plugins -> Magic Leap Plugin -> Enable Zero Iteration
[2022.04.13-13.54.37:446][  0]LogInit: Initializing FReadOnlyCVARCache
[2022.04.13-13.54.37:462][  0]LogAIModule: Creating AISystem for world Untitled
[2022.04.13-13.54.37:470][  0]LogAudio: Display: Initializing Audio Device Manager...
[2022.04.13-13.54.37:478][  0]LogAudio: Display: Loading Default Audio Settings Objects...
[2022.04.13-13.54.37:479][  0]LogAudio: Display: No default SoundConcurrencyObject specified (or failed to load).
[2022.04.13-13.54.37:480][  0]LogAudio: Display: Audio Device Manager Initialized
[2022.04.13-13.54.37:480][  0]LogAudio: Display: Creating Audio Device:                 Id: 1, Scope: Shared, Realtime: True
[2022.04.13-13.54.37:480][  0]LogAudioMixer: Display: Audio Mixer Platform Settings:
[2022.04.13-13.54.37:480][  0]LogAudioMixer: Display: 	Sample Rate:						  48000
[2022.04.13-13.54.37:480][  0]LogAudioMixer: Display: 	Callback Buffer Frame Size Requested: 1024
[2022.04.13-13.54.37:480][  0]LogAudioMixer: Display: 	Callback Buffer Frame Size To Use:	  1024
[2022.04.13-13.54.37:480][  0]LogAudioMixer: Display: 	Number of buffers to queue:			  2
[2022.04.13-13.54.37:480][  0]LogAudioMixer: Display: 	Max Channels (voices):				  32
[2022.04.13-13.54.37:480][  0]LogAudioMixer: Display: 	Number of Async Source Workers:		  0
[2022.04.13-13.54.37:480][  0]LogAudio: Display: AudioDevice MaxSources: 32
[2022.04.13-13.54.37:481][  0]LogAudio: Display: Audio Spatialization Plugin: None (built-in).
[2022.04.13-13.54.37:481][  0]LogAudio: Display: Audio Reverb Plugin: None (built-in).
[2022.04.13-13.54.37:481][  0]LogAudio: Display: Audio Occlusion Plugin: None (built-in).
[2022.04.13-13.54.37:481][  0]LogAudioMixer: Display: Initializing audio mixer.
[2022.04.13-13.54.37:523][  0]LogAudioMixer: Display: 0: FrontLeft
[2022.04.13-13.54.37:523][  0]LogAudioMixer: Display: 1: FrontRight
[2022.04.13-13.54.37:561][  0]LogAudioMixer: Display: Using Audio Device Auriculares (2- XMFHZ02 Stereo)
[2022.04.13-13.54.37:564][  0]LogAudioMixer: Display: Initializing Sound Submixes...
[2022.04.13-13.54.37:568][  0]LogAudioMixer: Display: Creating Master Submix 'MasterSubmixDefault'
[2022.04.13-13.54.37:568][  0]LogAudioMixer: Display: Creating Master Submix 'MasterReverbSubmixDefault'
[2022.04.13-13.54.37:569][  0]LogAudioMixer: Display: Creating Master Submix 'MasterEQSubmixDefault'
[2022.04.13-13.54.37:569][  0]LogAudioMixer: FMixerPlatformXAudio2::StartAudioStream() called
[2022.04.13-13.54.37:569][  0]LogAudioMixer: Display: Output buffers initialized: Frames=1024, Channels=2, Samples=2048
[2022.04.13-13.54.37:572][  0]LogAudioMixer: Display: Starting AudioMixerPlatformInterface::RunInternal()
[2022.04.13-13.54.37:572][  0]LogAudioMixer: Display: FMixerPlatformXAudio2::SubmitBuffer() called for the first time
[2022.04.13-13.54.37:572][  0]LogInit: FAudioDevice initialized.
[2022.04.13-13.54.37:572][  0]LogAudio: Display: Audio Device (ID: 1) registered with world 'Untitled'.
[2022.04.13-13.54.37:572][  0]LogNetVersion: Set ProjectVersion to 1.0.0.0. Version Checksum will be recalculated on next use.
[2022.04.13-13.54.37:637][  0]LogDerivedDataCache: Saved boot cache 0.06s 100MB C:/Users/Usuario/AppData/Local/UnrealEngine/4.27/DerivedDataCache/Boot.ddc.
[2022.04.13-13.54.37:637][  0]LogInit: Texture streaming: Enabled
[2022.04.13-13.54.37:666][  0]LogAnalytics: Display: [UEEditor.Rocket.Release] APIServer = https://datarouter.ol.epicgames.com/. AppVersion = 4.27.2-18319896+++UE4+Release-4.27
[2022.04.13-13.54.37:675][  0]LogEngineSessionManager: EngineSessionManager initialized
[2022.04.13-13.54.37:675][  0]LogEditorSessionSummary: Verbose: Initializing EditorSessionSummaryWriter for editor session tracking
[2022.04.13-13.54.37:678][  0]LogEditorSessionSummary: EditorSessionSummaryWriter initialized
[2022.04.13-13.54.37:716][  0]LogInit: Transaction tracking system initialized
[2022.04.13-13.54.37:765][  0]BlueprintLog: New page: Editor Load
[2022.04.13-13.54.37:906][  0]LocalizationService: Localization service is disabled
[2022.04.13-13.54.37:962][  0]TimingProfiler: Initialize
[2022.04.13-13.54.37:962][  0]TimingProfiler: OnSessionChanged
[2022.04.13-13.54.37:963][  0]LoadingProfiler: Initialize
[2022.04.13-13.54.37:963][  0]LoadingProfiler: OnSessionChanged
[2022.04.13-13.54.37:963][  0]NetworkingProfiler: Initialize
[2022.04.13-13.54.37:963][  0]NetworkingProfiler: OnSessionChanged
[2022.04.13-13.54.37:963][  0]MemoryProfiler: Initialize
[2022.04.13-13.54.37:963][  0]MemoryProfiler: OnSessionChanged
[2022.04.13-13.54.38:208][  0]LogCook: Display: CookSettings for Memory: MemoryMaxUsedVirtual 0MiB, MemoryMaxUsedPhysical 16384MiB, MemoryMinFreeVirtual 0MiB, MemoryMinFreePhysical 1024MiB
[2022.04.13-13.54.38:208][  0]LogCook: Display: Mobile HDR setting 1
[2022.04.13-13.54.38:276][  0]LogFileCache: Scanning file cache for directory 'E:/Unreal/RPGPrototype_ue4/Excalibur/Content/' took 0.01s
[2022.04.13-13.54.38:276][  0]LogStats: FGameplayAbilitiesEditorModule::GameplayTagTreeChanged -  0.000 s
[2022.04.13-13.54.38:830][  0]LogInit: Display: Engine is initialized. Leaving FEngineLoop::Init()
[2022.04.13-13.54.38:834][  0]SourceControl: Source control is disabled
[2022.04.13-13.54.38:834][  0]LogUnrealEdMisc: Loading editor; pre map load, took 10.755
[2022.04.13-13.54.38:834][  0]Cmd: MAP LOAD FILE="../../../../../Unreal/RPGPrototype_ue4/Excalibur/Content/ThirdPersonCPP/Maps/ThirdPersonExampleMap.umap" TEMPLATE=0 SHOWPROGRESS=1 FEATURELEVEL=3
[2022.04.13-13.54.38:838][  0]LightingResults: New page: Lighting Build
[2022.04.13-13.54.38:840][  0]LogWorld: UWorld::CleanupWorld for Untitled, bSessionEnded=true, bCleanupResources=true
[2022.04.13-13.54.38:840][  0]LogSlate: InvalidateAllWidgets triggered.  All widgets were invalidated
[2022.04.13-13.54.38:841][  0]MapCheck: New page: Map Check
[2022.04.13-13.54.38:841][  0]LightingResults: New page: Lighting Build
[2022.04.13-13.54.38:844][  0]LogAudio: Display: Audio Device unregistered from world 'None'.
[2022.04.13-13.54.38:850][  0]LogUObjectHash: Compacting FUObjectHashTables data took   1.00ms
[2022.04.13-13.54.38:895][  0]LogLinker: Warning: [AssetLog] E:\Unreal\RPGPrototype_ue4\Excalibur\Content\ThirdPersonCPP\Maps\ThirdPersonExampleMap.umap: Failed to load '/Game/ThirdPersonCPP/Maps/ThirdPersonExampleMap_BuiltData': Can't find file.
[2022.04.13-13.54.38:896][  0]LogLinker: Warning: [AssetLog] E:\Unreal\RPGPrototype_ue4\Excalibur\Content\ThirdPersonCPP\Maps\ThirdPersonExampleMap.umap: Failed to load '/Game/ThirdPersonCPP/Maps/ThirdPersonExampleMap_BuiltData': Can't find file.
[2022.04.13-13.54.38:897][  0]LogLinker: Warning: [AssetLog] E:\Unreal\RPGPrototype_ue4\Excalibur\Content\ThirdPersonCPP\Maps\ThirdPersonExampleMap.umap: Failed to load '/Game/ThirdPersonCPP/Maps/ThirdPersonExampleMap_BuiltData': Can't find file.
[2022.04.13-13.54.38:898][  0]LogLinker: Warning: Failed to load '/Game/ThirdPersonCPP/Maps/ThirdPersonExampleMap_BuiltData': Can't find file.
[2022.04.13-13.54.38:899][  0]LogLinker: Warning: Failed to load '/Game/ThirdPersonCPP/Maps/ThirdPersonExampleMap_BuiltData': Can't find file.
[2022.04.13-13.54.38:902][  0]LogLinker: Warning: [AssetLog] E:\Unreal\RPGPrototype_ue4\Excalibur\Content\ThirdPersonCPP\Maps\ThirdPersonExampleMap.umap: Failed to load '/Game/ThirdPersonCPP/Maps/ThirdPersonExampleMap_BuiltData': Can't find file.
[2022.04.13-13.54.38:902][  0]LoadErrors: Failed to load /Game/ThirdPersonCPP/Maps/ThirdPersonExampleMap_BuiltData.ThirdPersonExampleMap_BuiltData Referenced by PersistentLevel
[2022.04.13-13.54.38:918][  0]LogAudio: Display: Audio Device (ID: 1) registered with world 'ThirdPersonExampleMap'.
[2022.04.13-13.54.38:919][  0]LogAIModule: Creating AISystem for world ThirdPersonExampleMap
[2022.04.13-13.54.38:924][  0]LogEditorServer: Finished looking for orphan Actors (0.000 secs)
[2022.04.13-13.54.38:933][  0]LogUObjectHash: Compacting FUObjectHashTables data took   0.98ms
[2022.04.13-13.54.38:933][  0]Cmd: MAP CHECKDEP NOCLEARLOG
[2022.04.13-13.54.38:933][  0]MapCheck: Map check complete: 0 Error(s), 0 Warning(s), took 0,224ms to complete.
[2022.04.13-13.54.38:933][  0]LogFileHelpers: Loading map 'ThirdPersonExampleMap' took 0.099
[2022.04.13-13.54.38:939][  0]LogUnrealEdMisc: Total Editor Startup Time, took 10.859
[2022.04.13-13.54.39:072][  0]LogSlate: Updating window title bar state: overlay mode, drag disabled, window buttons hidden, title bar hidden
[2022.04.13-13.54.39:078][  0]LogSlate: Updating window title bar state: overlay mode, drag disabled, window buttons hidden, title bar hidden
[2022.04.13-13.54.39:083][  0]LogSlate: Updating window title bar state: overlay mode, drag disabled, window buttons hidden, title bar hidden
[2022.04.13-13.54.39:088][  0]LogSlate: Updating window title bar state: overlay mode, drag disabled, window buttons hidden, title bar hidden
[2022.04.13-13.54.39:104][  0]LogNativeClassHierarchy: Verbose: Native class hierarchy populated in 0.0105 seconds. Added 3959 classes and 959 folders.
[2022.04.13-13.54.39:107][  0]LogNativeClassHierarchy: Verbose: Native class hierarchy updated for 'WidgetCarousel' in 0.0003 seconds. Added 0 classes and 0 folders.
[2022.04.13-13.54.39:109][  0]LogPakFile: PakFile PrimaryIndexSize=187
[2022.04.13-13.54.39:109][  0]LogPakFile: PakFile PathHashIndexSize=101
[2022.04.13-13.54.39:109][  0]LogPakFile: PakFile FullDirectoryIndexSize=148
[2022.04.13-13.54.39:110][  0]LogShaderLibrary: Display: ShaderCodeLibraryPakFileMountedCallback: PakFile 'E:/UnrealEngine4/UE_4.27/FeaturePacks/FP_FirstPerson.upack' (chunk index -1, root 'root:/') mounted
[2022.04.13-13.54.39:110][  0]LogShaderLibrary: Display: ShaderCodeLibraryPakFileMountedCallback: pending pak file info (ChunkID:-1 Root:root:/ File:E:/UnrealEngine4/UE_4.27/FeaturePacks/FP_FirstPerson.upack)
[2022.04.13-13.54.39:110][  0]LogPakFile: OnPakFileMounted2Time == 0.000152
[2022.04.13-13.54.39:111][  0]LogPakFile: PakFile PrimaryIndexSize=189
[2022.04.13-13.54.39:111][  0]LogPakFile: PakFile PathHashIndexSize=101
[2022.04.13-13.54.39:111][  0]LogPakFile: PakFile FullDirectoryIndexSize=152
[2022.04.13-13.54.39:111][  0]LogShaderLibrary: Display: ShaderCodeLibraryPakFileMountedCallback: PakFile 'E:/UnrealEngine4/UE_4.27/FeaturePacks/FP_FirstPersonBP.upack' (chunk index -1, root 'root:/') mounted
[2022.04.13-13.54.39:111][  0]LogShaderLibrary: Display: ShaderCodeLibraryPakFileMountedCallback: pending pak file info (ChunkID:-1 Root:root:/ File:E:/UnrealEngine4/UE_4.27/FeaturePacks/FP_FirstPersonBP.upack)
[2022.04.13-13.54.39:111][  0]LogPakFile: OnPakFileMounted2Time == 0.000111
[2022.04.13-13.54.39:112][  0]LogPakFile: PakFile PrimaryIndexSize=191
[2022.04.13-13.54.39:112][  0]LogPakFile: PakFile PathHashIndexSize=101
[2022.04.13-13.54.39:112][  0]LogPakFile: PakFile FullDirectoryIndexSize=160
[2022.04.13-13.54.39:112][  0]LogShaderLibrary: Display: ShaderCodeLibraryPakFileMountedCallback: PakFile 'E:/UnrealEngine4/UE_4.27/FeaturePacks/MobileStarterContent.upack' (chunk index -1, root 'root:/') mounted
[2022.04.13-13.54.39:112][  0]LogShaderLibrary: Display: ShaderCodeLibraryPakFileMountedCallback: pending pak file info (ChunkID:-1 Root:root:/ File:E:/UnrealEngine4/UE_4.27/FeaturePacks/MobileStarterContent.upack)
[2022.04.13-13.54.39:112][  0]LogPakFile: OnPakFileMounted2Time == 0.000097
[2022.04.13-13.54.39:113][  0]LogPakFile: PakFile PrimaryIndexSize=185
[2022.04.13-13.54.39:113][  0]LogPakFile: PakFile PathHashIndexSize=101
[2022.04.13-13.54.39:113][  0]LogPakFile: PakFile FullDirectoryIndexSize=148
[2022.04.13-13.54.39:113][  0]LogShaderLibrary: Display: ShaderCodeLibraryPakFileMountedCallback: PakFile 'E:/UnrealEngine4/UE_4.27/FeaturePacks/StarterContent.upack' (chunk index -1, root 'root:/') mounted
[2022.04.13-13.54.39:113][  0]LogShaderLibrary: Display: ShaderCodeLibraryPakFileMountedCallback: pending pak file info (ChunkID:-1 Root:root:/ File:E:/UnrealEngine4/UE_4.27/FeaturePacks/StarterContent.upack)
[2022.04.13-13.54.39:114][  0]LogPakFile: OnPakFileMounted2Time == 0.000189
[2022.04.13-13.54.39:114][  0]LogPakFile: PakFile PrimaryIndexSize=190
[2022.04.13-13.54.39:115][  0]LogPakFile: PakFile PathHashIndexSize=101
[2022.04.13-13.54.39:115][  0]LogPakFile: PakFile FullDirectoryIndexSize=154
[2022.04.13-13.54.39:115][  0]LogShaderLibrary: Display: ShaderCodeLibraryPakFileMountedCallback: PakFile 'E:/UnrealEngine4/UE_4.27/FeaturePacks/TP_2DSideScroller.upack' (chunk index -1, root 'root:/') mounted
[2022.04.13-13.54.39:115][  0]LogShaderLibrary: Display: ShaderCodeLibraryPakFileMountedCallback: pending pak file info (ChunkID:-1 Root:root:/ File:E:/UnrealEngine4/UE_4.27/FeaturePacks/TP_2DSideScroller.upack)
[2022.04.13-13.54.39:115][  0]LogPakFile: OnPakFileMounted2Time == 0.000100
[2022.04.13-13.54.39:116][  0]LogPakFile: PakFile PrimaryIndexSize=192
[2022.04.13-13.54.39:116][  0]LogPakFile: PakFile PathHashIndexSize=101
[2022.04.13-13.54.39:116][  0]LogPakFile: PakFile FullDirectoryIndexSize=158
[2022.04.13-13.54.39:116][  0]LogShaderLibrary: Display: ShaderCodeLibraryPakFileMountedCallback: PakFile 'E:/UnrealEngine4/UE_4.27/FeaturePacks/TP_2DSideScrollerBP.upack' (chunk index -1, root 'root:/') mounted
[2022.04.13-13.54.39:116][  0]LogShaderLibrary: Display: ShaderCodeLibraryPakFileMountedCallback: pending pak file info (ChunkID:-1 Root:root:/ File:E:/UnrealEngine4/UE_4.27/FeaturePacks/TP_2DSideScrollerBP.upack)
[2022.04.13-13.54.39:116][  0]LogPakFile: OnPakFileMounted2Time == 0.000101
[2022.04.13-13.54.39:117][  0]LogPakFile: PakFile PrimaryIndexSize=182
[2022.04.13-13.54.39:117][  0]LogPakFile: PakFile PathHashIndexSize=101
[2022.04.13-13.54.39:117][  0]LogPakFile: PakFile FullDirectoryIndexSize=138
[2022.04.13-13.54.39:117][  0]LogShaderLibrary: Display: ShaderCodeLibraryPakFileMountedCallback: PakFile 'E:/UnrealEngine4/UE_4.27/FeaturePacks/TP_Flying.upack' (chunk index -1, root 'root:/') mounted
[2022.04.13-13.54.39:117][  0]LogShaderLibrary: Display: ShaderCodeLibraryPakFileMountedCallback: pending pak file info (ChunkID:-1 Root:root:/ File:E:/UnrealEngine4/UE_4.27/FeaturePacks/TP_Flying.upack)
[2022.04.13-13.54.39:117][  0]LogPakFile: OnPakFileMounted2Time == 0.000104
[2022.04.13-13.54.39:118][  0]LogPakFile: PakFile PrimaryIndexSize=184
[2022.04.13-13.54.39:118][  0]LogPakFile: PakFile PathHashIndexSize=101
[2022.04.13-13.54.39:118][  0]LogPakFile: PakFile FullDirectoryIndexSize=142
[2022.04.13-13.54.39:118][  0]LogShaderLibrary: Display: ShaderCodeLibraryPakFileMountedCallback: PakFile 'E:/UnrealEngine4/UE_4.27/FeaturePacks/TP_FlyingBP.upack' (chunk index -1, root 'root:/') mounted
[2022.04.13-13.54.39:118][  0]LogShaderLibrary: Display: ShaderCodeLibraryPakFileMountedCallback: pending pak file info (ChunkID:-1 Root:root:/ File:E:/UnrealEngine4/UE_4.27/FeaturePacks/TP_FlyingBP.upack)
[2022.04.13-13.54.39:118][  0]LogPakFile: OnPakFileMounted2Time == 0.000106
[2022.04.13-13.54.39:119][  0]LogPakFile: PakFile PrimaryIndexSize=188
[2022.04.13-13.54.39:119][  0]LogPakFile: PakFile PathHashIndexSize=101
[2022.04.13-13.54.39:120][  0]LogPakFile: PakFile FullDirectoryIndexSize=150
[2022.04.13-13.54.39:120][  0]LogShaderLibrary: Display: ShaderCodeLibraryPakFileMountedCallback: PakFile 'E:/UnrealEngine4/UE_4.27/FeaturePacks/TP_HandheldARBP.upack' (chunk index -1, root 'root:/') mounted
[2022.04.13-13.54.39:120][  0]LogShaderLibrary: Display: ShaderCodeLibraryPakFileMountedCallback: pending pak file info (ChunkID:-1 Root:root:/ File:E:/UnrealEngine4/UE_4.27/FeaturePacks/TP_HandheldARBP.upack)
[2022.04.13-13.54.39:120][  0]LogPakFile: OnPakFileMounted2Time == 0.000109
[2022.04.13-13.54.39:121][  0]LogPakFile: PakFile PrimaryIndexSize=182
[2022.04.13-13.54.39:121][  0]LogPakFile: PakFile PathHashIndexSize=101
[2022.04.13-13.54.39:121][  0]LogPakFile: PakFile FullDirectoryIndexSize=138
[2022.04.13-13.54.39:121][  0]LogShaderLibrary: Display: ShaderCodeLibraryPakFileMountedCallback: PakFile 'E:/UnrealEngine4/UE_4.27/FeaturePacks/TP_Puzzle.upack' (chunk index -1, root 'root:/') mounted
[2022.04.13-13.54.39:121][  0]LogShaderLibrary: Display: ShaderCodeLibraryPakFileMountedCallback: pending pak file info (ChunkID:-1 Root:root:/ File:E:/UnrealEngine4/UE_4.27/FeaturePacks/TP_Puzzle.upack)
[2022.04.13-13.54.39:121][  0]LogPakFile: OnPakFileMounted2Time == 0.000102
[2022.04.13-13.54.39:122][  0]LogPakFile: PakFile PrimaryIndexSize=184
[2022.04.13-13.54.39:122][  0]LogPakFile: PakFile PathHashIndexSize=101
[2022.04.13-13.54.39:122][  0]LogPakFile: PakFile FullDirectoryIndexSize=142
[2022.04.13-13.54.39:122][  0]LogShaderLibrary: Display: ShaderCodeLibraryPakFileMountedCallback: PakFile 'E:/UnrealEngine4/UE_4.27/FeaturePacks/TP_PuzzleBP.upack' (chunk index -1, root 'root:/') mounted
[2022.04.13-13.54.39:122][  0]LogShaderLibrary: Display: ShaderCodeLibraryPakFileMountedCallback: pending pak file info (ChunkID:-1 Root:root:/ File:E:/UnrealEngine4/UE_4.27/FeaturePacks/TP_PuzzleBP.upack)
[2022.04.13-13.54.39:122][  0]LogPakFile: OnPakFileMounted2Time == 0.000097
[2022.04.13-13.54.39:123][  0]LogPakFile: PakFile PrimaryIndexSize=183
[2022.04.13-13.54.39:123][  0]LogPakFile: PakFile PathHashIndexSize=101
[2022.04.13-13.54.39:123][  0]LogPakFile: PakFile FullDirectoryIndexSize=140
[2022.04.13-13.54.39:123][  0]LogShaderLibrary: Display: ShaderCodeLibraryPakFileMountedCallback: PakFile 'E:/UnrealEngine4/UE_4.27/FeaturePacks/TP_Rolling.upack' (chunk index -1, root 'root:/') mounted
[2022.04.13-13.54.39:123][  0]LogShaderLibrary: Display: ShaderCodeLibraryPakFileMountedCallback: pending pak file info (ChunkID:-1 Root:root:/ File:E:/UnrealEngine4/UE_4.27/FeaturePacks/TP_Rolling.upack)
[2022.04.13-13.54.39:123][  0]LogPakFile: OnPakFileMounted2Time == 0.000117
[2022.04.13-13.54.39:124][  0]LogPakFile: PakFile PrimaryIndexSize=185
[2022.04.13-13.54.39:124][  0]LogPakFile: PakFile PathHashIndexSize=101
[2022.04.13-13.54.39:125][  0]LogPakFile: PakFile FullDirectoryIndexSize=144
[2022.04.13-13.54.39:125][  0]LogShaderLibrary: Display: ShaderCodeLibraryPakFileMountedCallback: PakFile 'E:/UnrealEngine4/UE_4.27/FeaturePacks/TP_RollingBP.upack' (chunk index -1, root 'root:/') mounted
[2022.04.13-13.54.39:125][  0]LogShaderLibrary: Display: ShaderCodeLibraryPakFileMountedCallback: pending pak file info (ChunkID:-1 Root:root:/ File:E:/UnrealEngine4/UE_4.27/FeaturePacks/TP_RollingBP.upack)
[2022.04.13-13.54.39:125][  0]LogPakFile: OnPakFileMounted2Time == 0.000095
[2022.04.13-13.54.39:126][  0]LogPakFile: PakFile PrimaryIndexSize=188
[2022.04.13-13.54.39:126][  0]LogPakFile: PakFile PathHashIndexSize=101
[2022.04.13-13.54.39:126][  0]LogPakFile: PakFile FullDirectoryIndexSize=150
[2022.04.13-13.54.39:126][  0]LogShaderLibrary: Display: ShaderCodeLibraryPakFileMountedCallback: PakFile 'E:/UnrealEngine4/UE_4.27/FeaturePacks/TP_SideScroller.upack' (chunk index -1, root 'root:/') mounted
[2022.04.13-13.54.39:126][  0]LogShaderLibrary: Display: ShaderCodeLibraryPakFileMountedCallback: pending pak file info (ChunkID:-1 Root:root:/ File:E:/UnrealEngine4/UE_4.27/FeaturePacks/TP_SideScroller.upack)
[2022.04.13-13.54.39:126][  0]LogPakFile: OnPakFileMounted2Time == 0.000103
[2022.04.13-13.54.39:127][  0]LogPakFile: PakFile PrimaryIndexSize=190
[2022.04.13-13.54.39:127][  0]LogPakFile: PakFile PathHashIndexSize=101
[2022.04.13-13.54.39:127][  0]LogPakFile: PakFile FullDirectoryIndexSize=154
[2022.04.13-13.54.39:127][  0]LogShaderLibrary: Display: ShaderCodeLibraryPakFileMountedCallback: PakFile 'E:/UnrealEngine4/UE_4.27/FeaturePacks/TP_SideScrollerBP.upack' (chunk index -1, root 'root:/') mounted
[2022.04.13-13.54.39:127][  0]LogShaderLibrary: Display: ShaderCodeLibraryPakFileMountedCallback: pending pak file info (ChunkID:-1 Root:root:/ File:E:/UnrealEngine4/UE_4.27/FeaturePacks/TP_SideScrollerBP.upack)
[2022.04.13-13.54.39:127][  0]LogPakFile: OnPakFileMounted2Time == 0.000107
[2022.04.13-13.54.39:128][  0]LogPakFile: PakFile PrimaryIndexSize=187
[2022.04.13-13.54.39:128][  0]LogPakFile: PakFile PathHashIndexSize=101
[2022.04.13-13.54.39:128][  0]LogPakFile: PakFile FullDirectoryIndexSize=148
[2022.04.13-13.54.39:128][  0]LogShaderLibrary: Display: ShaderCodeLibraryPakFileMountedCallback: PakFile 'E:/UnrealEngine4/UE_4.27/FeaturePacks/TP_ThirdPerson.upack' (chunk index -1, root 'root:/') mounted
[2022.04.13-13.54.39:128][  0]LogShaderLibrary: Display: ShaderCodeLibraryPakFileMountedCallback: pending pak file info (ChunkID:-1 Root:root:/ File:E:/UnrealEngine4/UE_4.27/FeaturePacks/TP_ThirdPerson.upack)
[2022.04.13-13.54.39:128][  0]LogPakFile: OnPakFileMounted2Time == 0.000122
[2022.04.13-13.54.39:129][  0]LogPakFile: PakFile PrimaryIndexSize=189
[2022.04.13-13.54.39:129][  0]LogPakFile: PakFile PathHashIndexSize=101
[2022.04.13-13.54.39:129][  0]LogPakFile: PakFile FullDirectoryIndexSize=152
[2022.04.13-13.54.39:129][  0]LogShaderLibrary: Display: ShaderCodeLibraryPakFileMountedCallback: PakFile 'E:/UnrealEngine4/UE_4.27/FeaturePacks/TP_ThirdPersonBP.upack' (chunk index -1, root 'root:/') mounted
[2022.04.13-13.54.39:129][  0]LogShaderLibrary: Display: ShaderCodeLibraryPakFileMountedCallback: pending pak file info (ChunkID:-1 Root:root:/ File:E:/UnrealEngine4/UE_4.27/FeaturePacks/TP_ThirdPersonBP.upack)
[2022.04.13-13.54.39:129][  0]LogPakFile: OnPakFileMounted2Time == 0.000096
[2022.04.13-13.54.39:130][  0]LogPakFile: PakFile PrimaryIndexSize=183
[2022.04.13-13.54.39:130][  0]LogPakFile: PakFile PathHashIndexSize=101
[2022.04.13-13.54.39:130][  0]LogPakFile: PakFile FullDirectoryIndexSize=140
[2022.04.13-13.54.39:130][  0]LogShaderLibrary: Display: ShaderCodeLibraryPakFileMountedCallback: PakFile 'E:/UnrealEngine4/UE_4.27/FeaturePacks/TP_TopDown.upack' (chunk index -1, root 'root:/') mounted
[2022.04.13-13.54.39:131][  0]LogShaderLibrary: Display: ShaderCodeLibraryPakFileMountedCallback: pending pak file info (ChunkID:-1 Root:root:/ File:E:/UnrealEngine4/UE_4.27/FeaturePacks/TP_TopDown.upack)
[2022.04.13-13.54.39:131][  0]LogPakFile: OnPakFileMounted2Time == 0.000110
[2022.04.13-13.54.39:132][  0]LogPakFile: PakFile PrimaryIndexSize=185
[2022.04.13-13.54.39:132][  0]LogPakFile: PakFile PathHashIndexSize=101
[2022.04.13-13.54.39:132][  0]LogPakFile: PakFile FullDirectoryIndexSize=144
[2022.04.13-13.54.39:132][  0]LogShaderLibrary: Display: ShaderCodeLibraryPakFileMountedCallback: PakFile 'E:/UnrealEngine4/UE_4.27/FeaturePacks/TP_TopDownBP.upack' (chunk index -1, root 'root:/') mounted
[2022.04.13-13.54.39:132][  0]LogShaderLibrary: Display: ShaderCodeLibraryPakFileMountedCallback: pending pak file info (ChunkID:-1 Root:root:/ File:E:/UnrealEngine4/UE_4.27/FeaturePacks/TP_TopDownBP.upack)
[2022.04.13-13.54.39:132][  0]LogPakFile: OnPakFileMounted2Time == 0.000099
[2022.04.13-13.54.39:133][  0]LogPakFile: PakFile PrimaryIndexSize=185
[2022.04.13-13.54.39:133][  0]LogPakFile: PakFile PathHashIndexSize=101
[2022.04.13-13.54.39:133][  0]LogPakFile: PakFile FullDirectoryIndexSize=144
[2022.04.13-13.54.39:133][  0]LogShaderLibrary: Display: ShaderCodeLibraryPakFileMountedCallback: PakFile 'E:/UnrealEngine4/UE_4.27/FeaturePacks/TP_TwinStick.upack' (chunk index -1, root 'root:/') mounted
[2022.04.13-13.54.39:133][  0]LogShaderLibrary: Display: ShaderCodeLibraryPakFileMountedCallback: pending pak file info (ChunkID:-1 Root:root:/ File:E:/UnrealEngine4/UE_4.27/FeaturePacks/TP_TwinStick.upack)
[2022.04.13-13.54.39:133][  0]LogPakFile: OnPakFileMounted2Time == 0.000096
[2022.04.13-13.54.39:134][  0]LogPakFile: PakFile PrimaryIndexSize=187
[2022.04.13-13.54.39:134][  0]LogPakFile: PakFile PathHashIndexSize=101
[2022.04.13-13.54.39:134][  0]LogPakFile: PakFile FullDirectoryIndexSize=148
[2022.04.13-13.54.39:134][  0]LogShaderLibrary: Display: ShaderCodeLibraryPakFileMountedCallback: PakFile 'E:/UnrealEngine4/UE_4.27/FeaturePacks/TP_TwinStickBP.upack' (chunk index -1, root 'root:/') mounted
[2022.04.13-13.54.39:134][  0]LogShaderLibrary: Display: ShaderCodeLibraryPakFileMountedCallback: pending pak file info (ChunkID:-1 Root:root:/ File:E:/UnrealEngine4/UE_4.27/FeaturePacks/TP_TwinStickBP.upack)
[2022.04.13-13.54.39:134][  0]LogPakFile: OnPakFileMounted2Time == 0.000115
[2022.04.13-13.54.39:135][  0]LogPakFile: PakFile PrimaryIndexSize=183
[2022.04.13-13.54.39:135][  0]LogPakFile: PakFile PathHashIndexSize=101
[2022.04.13-13.54.39:135][  0]LogPakFile: PakFile FullDirectoryIndexSize=140
[2022.04.13-13.54.39:135][  0]LogShaderLibrary: Display: ShaderCodeLibraryPakFileMountedCallback: PakFile 'E:/UnrealEngine4/UE_4.27/FeaturePacks/TP_Vehicle.upack' (chunk index -1, root 'root:/') mounted
[2022.04.13-13.54.39:135][  0]LogShaderLibrary: Display: ShaderCodeLibraryPakFileMountedCallback: pending pak file info (ChunkID:-1 Root:root:/ File:E:/UnrealEngine4/UE_4.27/FeaturePacks/TP_Vehicle.upack)
[2022.04.13-13.54.39:135][  0]LogPakFile: OnPakFileMounted2Time == 0.000124
[2022.04.13-13.54.39:136][  0]LogPakFile: PakFile PrimaryIndexSize=186
[2022.04.13-13.54.39:136][  0]LogPakFile: PakFile PathHashIndexSize=101
[2022.04.13-13.54.39:136][  0]LogPakFile: PakFile FullDirectoryIndexSize=146
[2022.04.13-13.54.39:137][  0]LogShaderLibrary: Display: ShaderCodeLibraryPakFileMountedCallback: PakFile 'E:/UnrealEngine4/UE_4.27/FeaturePacks/TP_VehicleAdv.upack' (chunk index -1, root 'root:/') mounted
[2022.04.13-13.54.39:137][  0]LogShaderLibrary: Display: ShaderCodeLibraryPakFileMountedCallback: pending pak file info (ChunkID:-1 Root:root:/ File:E:/UnrealEngine4/UE_4.27/FeaturePacks/TP_VehicleAdv.upack)
[2022.04.13-13.54.39:137][  0]LogPakFile: OnPakFileMounted2Time == 0.000108
[2022.04.13-13.54.39:138][  0]LogPakFile: PakFile PrimaryIndexSize=188
[2022.04.13-13.54.39:138][  0]LogPakFile: PakFile PathHashIndexSize=101
[2022.04.13-13.54.39:138][  0]LogPakFile: PakFile FullDirectoryIndexSize=150
[2022.04.13-13.54.39:138][  0]LogShaderLibrary: Display: ShaderCodeLibraryPakFileMountedCallback: PakFile 'E:/UnrealEngine4/UE_4.27/FeaturePacks/TP_VehicleAdvBP.upack' (chunk index -1, root 'root:/') mounted
[2022.04.13-13.54.39:138][  0]LogShaderLibrary: Display: ShaderCodeLibraryPakFileMountedCallback: pending pak file info (ChunkID:-1 Root:root:/ File:E:/UnrealEngine4/UE_4.27/FeaturePacks/TP_VehicleAdvBP.upack)
[2022.04.13-13.54.39:138][  0]LogPakFile: OnPakFileMounted2Time == 0.000106
[2022.04.13-13.54.39:139][  0]LogPakFile: PakFile PrimaryIndexSize=185
[2022.04.13-13.54.39:139][  0]LogPakFile: PakFile PathHashIndexSize=101
[2022.04.13-13.54.39:139][  0]LogPakFile: PakFile FullDirectoryIndexSize=144
[2022.04.13-13.54.39:139][  0]LogShaderLibrary: Display: ShaderCodeLibraryPakFileMountedCallback: PakFile 'E:/UnrealEngine4/UE_4.27/FeaturePacks/TP_VehicleBP.upack' (chunk index -1, root 'root:/') mounted
[2022.04.13-13.54.39:139][  0]LogShaderLibrary: Display: ShaderCodeLibraryPakFileMountedCallback: pending pak file info (ChunkID:-1 Root:root:/ File:E:/UnrealEngine4/UE_4.27/FeaturePacks/TP_VehicleBP.upack)
[2022.04.13-13.54.39:139][  0]LogPakFile: OnPakFileMounted2Time == 0.000114
[2022.04.13-13.54.39:140][  0]LogPakFile: PakFile PrimaryIndexSize=192
[2022.04.13-13.54.39:140][  0]LogPakFile: PakFile PathHashIndexSize=101
[2022.04.13-13.54.39:140][  0]LogPakFile: PakFile FullDirectoryIndexSize=158
[2022.04.13-13.54.39:140][  0]LogShaderLibrary: Display: ShaderCodeLibraryPakFileMountedCallback: PakFile 'E:/UnrealEngine4/UE_4.27/FeaturePacks/TP_VirtualRealityBP.upack' (chunk index -1, root 'root:/') mounted
[2022.04.13-13.54.39:140][  0]LogShaderLibrary: Display: ShaderCodeLibraryPakFileMountedCallback: pending pak file info (ChunkID:-1 Root:root:/ File:E:/UnrealEngine4/UE_4.27/FeaturePacks/TP_VirtualRealityBP.upack)
[2022.04.13-13.54.39:140][  0]LogPakFile: OnPakFileMounted2Time == 0.000095
[2022.04.13-13.54.39:205][  0]LogNativeClassHierarchy: Verbose: Native class hierarchy updated for 'AddContentDialog' in 0.0003 seconds. Added 0 classes and 0 folders.
[2022.04.13-13.54.39:210][  0]LogNativeClassHierarchy: Verbose: Native class hierarchy updated for 'SceneOutliner' in 0.0002 seconds. Added 2 classes and 0 folders.
[2022.04.13-13.54.39:286][  0]LogSlate: Took 0.000360 seconds to synchronously load lazily loaded font '../../../Engine/Content/Slate/Fonts/Roboto-Regular.ttf' (155K)
[2022.04.13-13.54.39:288][  0]LogSlate: Took 0.000204 seconds to synchronously load lazily loaded font '../../../Engine/Content/Editor/Slate/Fonts/FontAwesome.ttf' (139K)
[2022.04.13-13.54.39:289][  0]LogSlate: Took 0.000192 seconds to synchronously load lazily loaded font '../../../Engine/Content/Slate/Fonts/Roboto-Bold.ttf' (160K)
[2022.04.13-13.54.39:370][  0]LogRenderer: Reallocating scene render targets to support 1208x576 Format 10 NumSamples 1 (Frame:1).
[2022.04.13-13.54.39:412][  0]LogSlate: Took 0.000410 seconds to synchronously load lazily loaded font '../../../Engine/Content/Slate/Fonts/Roboto-Light.ttf' (167K)
[2022.04.13-13.54.39:525][  0]LogNativeClassHierarchy: Verbose: Native class hierarchy updated for 'HierarchicalLODOutliner' in 0.0003 seconds. Added 0 classes and 0 folders.
[2022.04.13-13.54.39:525][  0]LogLoad: (Engine Initialization) Total time: 11.45 seconds
[2022.04.13-13.54.39:525][  0]LogLoad: (Engine Initialization) Total Blueprint compile time: 0.00 seconds
[2022.04.13-13.54.39:569][  0]LogAssetRegistry: Asset discovery search completed in 6.3932 seconds
[2022.04.13-13.54.39:576][  0]LogCollectionManager: Fixed up redirectors for 0 collections in 0.000003 seconds (updated 0 objects)
[2022.04.13-13.54.39:576][  0]LogContentStreaming: Texture pool size now 1000 MB
[2022.04.13-13.54.39:627][  0]LogSlate: Took 0.000321 seconds to synchronously load lazily loaded font '../../../Engine/Content/Slate/Fonts/DroidSansMono.ttf' (77K)
[2022.04.13-13.54.41:930][251]LogSlate: Window 'Message Log' being destroyed
[2022.04.13-13.54.41:933][251]LogSlate: Window 'Message Log' being destroyed
[2022.04.13-13.54.43:500][427]LogSlate: Took 0.000336 seconds to synchronously load lazily loaded font '../../../Engine/Content/Slate/Fonts/Roboto-Light.ttf' (167K)
[2022.04.13-13.54.43:510][427]LogAssetEditorSubsystem: Opening Asset editor for Blueprint /Game/Player/GameplayAbility/HGA_Equip.HGA_Equip
[2022.04.13-13.54.43:685][427]LogNativeClassHierarchy: Verbose: Native class hierarchy updated for 'BlueprintGraph' in 0.0005 seconds. Added 126 classes and 0 folders.
[2022.04.13-13.54.44:471][427]LogSlate: Took 0.000358 seconds to synchronously load lazily loaded font '../../../Engine/Content/Slate/Fonts/Roboto-BoldCondensed.ttf' (158K)
[2022.04.13-13.54.44:509][428]LogSlate: Took 0.000360 seconds to synchronously load lazily loaded font '../../../Engine/Content/Slate/Fonts/Roboto-Italic.ttf' (157K)
[2022.04.13-13.55.08:347][658]BlueprintLog: New page: Compile HGA_Equip
[2022.04.13-13.55.08:371][658]LogUObjectHash: Compacting FUObjectHashTables data took   2.41ms
[2022.04.13-13.55.19:630][477]BlueprintLog: New page: Compile HGA_Equip
[2022.04.13-13.55.19:652][477]LogUObjectHash: Compacting FUObjectHashTables data took   2.60ms
[2022.04.13-13.55.20:924][592]LogTemp: Repeating last play command: Selected Viewport
[2022.04.13-13.55.20:930][592]LogPlayLevel: PlayLevel: No blueprints needed recompiling
[2022.04.13-13.55.20:930][592]PIE: New page: PIE session: ThirdPersonExampleMap (13 abr. 2022 15:55:20)
[2022.04.13-13.55.20:932][592]LogOnline: OSS: Creating online subsystem instance for: NULL
[2022.04.13-13.55.20:934][592]LogOnline: OSS: TryLoadSubsystemAndSetDefault: Loaded subsystem for module [NULL]
[2022.04.13-13.55.20:934][592]LogPlayLevel: Creating play world package: /Game/ThirdPersonCPP/Maps/UEDPIE_0_ThirdPersonExampleMap
[2022.04.13-13.55.20:949][592]LogPlayLevel: PIE: StaticDuplicateObject took: (0.015276s)
[2022.04.13-13.55.20:950][592]LogAIModule: Creating AISystem for world ThirdPersonExampleMap
[2022.04.13-13.55.20:951][592]LogPlayLevel: PIE: World Init took: (0.001273s)
[2022.04.13-13.55.20:951][592]LogPlayLevel: PIE: Created PIE world by copying editor world from /Game/ThirdPersonCPP/Maps/ThirdPersonExampleMap.ThirdPersonExampleMap to /Game/ThirdPersonCPP/Maps/UEDPIE_0_ThirdPersonExampleMap.ThirdPersonExampleMap (0.016853s)
[2022.04.13-13.55.20:971][592]LogUObjectHash: Compacting FUObjectHashTables data took   2.33ms
[2022.04.13-13.55.20:972][592]LogAudio: Display: Creating Audio Device:                 Id: 2, Scope: Unique, Realtime: True
[2022.04.13-13.55.20:972][592]LogAudioMixer: Display: Audio Mixer Platform Settings:
[2022.04.13-13.55.20:972][592]LogAudioMixer: Display: 	Sample Rate:						  48000
[2022.04.13-13.55.20:972][592]LogAudioMixer: Display: 	Callback Buffer Frame Size Requested: 1024
[2022.04.13-13.55.20:972][592]LogAudioMixer: Display: 	Callback Buffer Frame Size To Use:	  1024
[2022.04.13-13.55.20:972][592]LogAudioMixer: Display: 	Number of buffers to queue:			  2
[2022.04.13-13.55.20:972][592]LogAudioMixer: Display: 	Max Channels (voices):				  32
[2022.04.13-13.55.20:972][592]LogAudioMixer: Display: 	Number of Async Source Workers:		  0
[2022.04.13-13.55.20:972][592]LogAudio: Display: AudioDevice MaxSources: 32
[2022.04.13-13.55.20:973][592]LogAudio: Display: Audio Spatialization Plugin: None (built-in).
[2022.04.13-13.55.20:973][592]LogAudio: Display: Audio Reverb Plugin: None (built-in).
[2022.04.13-13.55.20:973][592]LogAudio: Display: Audio Occlusion Plugin: None (built-in).
[2022.04.13-13.55.20:973][592]LogAudioMixer: Display: Initializing audio mixer.
[2022.04.13-13.55.20:982][592]LogAudioMixer: Display: 0: FrontLeft
[2022.04.13-13.55.20:982][592]LogAudioMixer: Display: 1: FrontRight
[2022.04.13-13.55.20:994][592]LogAudioMixer: Display: Using Audio Device Auriculares (2- XMFHZ02 Stereo)
[2022.04.13-13.55.20:994][592]LogAudioMixer: Display: Initializing Sound Submixes...
[2022.04.13-13.55.20:995][592]LogAudioMixer: Display: Creating Master Submix 'MasterSubmixDefault'
[2022.04.13-13.55.20:995][592]LogAudioMixer: Display: Creating Master Submix 'MasterReverbSubmixDefault'
[2022.04.13-13.55.20:995][592]LogAudioMixer: Display: Creating Master Submix 'MasterEQSubmixDefault'
[2022.04.13-13.55.20:995][592]LogAudioMixer: FMixerPlatformXAudio2::StartAudioStream() called
[2022.04.13-13.55.20:995][592]LogAudioMixer: Display: Output buffers initialized: Frames=1024, Channels=2, Samples=2048
[2022.04.13-13.55.20:997][592]LogAudioMixer: Display: Starting AudioMixerPlatformInterface::RunInternal()
[2022.04.13-13.55.20:997][592]LogAudioMixer: Display: FMixerPlatformXAudio2::SubmitBuffer() called for the first time
[2022.04.13-13.55.20:997][592]LogInit: FAudioDevice initialized.
[2022.04.13-13.55.20:997][592]LogAudio: Display: Audio Device (ID: 2) registered with world 'ThirdPersonExampleMap'.
[2022.04.13-13.55.21:020][592]LogLoad: Game class is 'HeroGameModeBase_BP_C'
[2022.04.13-13.55.21:021][592]LogWorld: Bringing World /Game/ThirdPersonCPP/Maps/UEDPIE_0_ThirdPersonExampleMap.ThirdPersonExampleMap up for play (max tick rate 0) at 2022.04.13-14.55.21
[2022.04.13-13.55.21:021][592]LogWorld: Bringing up level for play took: 0.000711
[2022.04.13-13.55.21:021][592]LogOnline: OSS: Creating online subsystem instance for: :Context_3
[2022.04.13-13.55.21:030][592]LogNativeClassHierarchy: Verbose: Native class hierarchy updated for 'MovieSceneCapture' in 0.0003 seconds. Added 20 classes and 0 folders.
[2022.04.13-13.55.21:031][592]LogTemp: Warning: Possessed
[2022.04.13-13.55.21:033][592]PIE: Server logged in
[2022.04.13-13.55.21:034][592]PIE: Play in editor total start time 0,106 seconds.
