Log file open, 04/15/22 13:09:54
LogWindows: Failed to load 'aqProf.dll' (GetLastError=126)
LogWindows: File 'aqProf.dll' does not exist
LogWindows: Failed to load 'VtuneApi.dll' (GetLastError=126)
LogWindows: File 'VtuneApi.dll' does not exist
LogWindows: Failed to load 'VtuneApi32e.dll' (GetLastError=126)
LogWindows: File 'VtuneApi32e.dll' does not exist
LogConsoleResponse: Display: Failed to find resolution value strings in scalability ini. Falling back to default.
LogConsoleResponse: Display: Failed to find resolution value strings in scalability ini. Falling back to default.
LogInit: Display: Running engine for game: Excalibur
LogPlatformFile: Not using cached read wrapper
LogTaskGraph: Started task graph with 5 named threads and 35 total threads with 3 sets of task threads.
LogStats: Stats thread started at 0.824266
LogICUInternationalization: ICU TimeZone Detection - Raw Offset: +0:00, Platform Override: ''
LogInit: Display: Loading text-based GConfig....
LogPluginManager: Mounting plugin MeshPainting
LogPluginManager: Mounting plugin XGEController
LogPluginManager: Mounting plugin Paper2D
LogPluginManager: Mounting plugin LightPropagationVolume
LogPluginManager: Mounting plugin EnvironmentQueryEditor
LogPluginManager: Mounting plugin AISupport
LogPluginManager: Mounting plugin LiveLink
LogPluginManager: Mounting plugin CameraShakePreviewer
LogPluginManager: Mounting plugin CLionSourceCodeAccess
LogPluginManager: Mounting plugin GameplayCameras
LogPluginManager: Mounting plugin AnimationSharing
LogPluginManager: Mounting plugin CodeLiteSourceCodeAccess
LogPluginManager: Mounting plugin GitSourceControl
LogPluginManager: Mounting plugin KDevelopSourceCodeAccess
LogPluginManager: Mounting plugin PerforceSourceControl
LogPluginManager: Mounting plugin NullSourceCodeAccess
LogPluginManager: Mounting plugin PixWinPlugin
LogPluginManager: Mounting plugin PlasticSourceControl
LogPluginManager: Mounting plugin PropertyAccessNode
LogPluginManager: Mounting plugin PluginUtils
LogPluginManager: Mounting plugin RiderSourceCodeAccess
LogPluginManager: Mounting plugin UObjectPlugin
LogPluginManager: Mounting plugin VisualStudioCodeSourceCodeAccess
LogPluginManager: Mounting plugin XCodeSourceCodeAccess
LogPluginManager: Mounting plugin VisualStudioSourceCodeAccess
LogPluginManager: Mounting plugin DatasmithContent
LogPluginManager: Mounting plugin SubversionSourceControl
LogPluginManager: Mounting plugin TextureFormatOodle
LogPluginManager: Mounting plugin Niagara
LogPluginManager: Mounting plugin VariantManagerContent
LogPluginManager: Mounting plugin AssetManagerEditor
LogPluginManager: Mounting plugin CryptoKeys
LogPluginManager: Mounting plugin DataValidation
LogPluginManager: Mounting plugin CurveEditorTools
LogPluginManager: Mounting plugin FacialAnimation
LogPluginManager: Mounting plugin GeometryMode
LogPluginManager: Mounting plugin GameplayTagsEditor
LogPluginManager: Mounting plugin MacGraphicsSwitching
LogPluginManager: Mounting plugin MaterialAnalyzer
LogPluginManager: Mounting plugin MobileLauncherProfileWizard
LogPluginManager: Mounting plugin AlembicImporter
LogPluginManager: Mounting plugin SpeedTreeImporter
LogPluginManager: Mounting plugin AutomationUtils
LogPluginManager: Mounting plugin PluginBrowser
LogPluginManager: Mounting plugin BackChannel
LogPluginManager: Mounting plugin ChaosCloth
LogPluginManager: Mounting plugin ChaosClothEditor
LogPluginManager: Mounting plugin ChaosEditor
LogPluginManager: Mounting plugin ChaosNiagara
LogPluginManager: Mounting plugin ChaosSolverPlugin
LogPluginManager: Mounting plugin CharacterAI
LogPluginManager: Mounting plugin GeometryCollectionPlugin
LogPluginManager: Mounting plugin GeometryCache
LogPluginManager: Mounting plugin GeometryProcessing
LogPluginManager: Mounting plugin MotoSynth
LogPluginManager: Mounting plugin OpenImageDenoise
LogPluginManager: Mounting plugin PlatformCrypto
LogPluginManager: Mounting plugin PlanarCut
LogPluginManager: Mounting plugin ProxyLODPlugin
LogPluginManager: Mounting plugin PythonScriptPlugin
LogPluginManager: Mounting plugin SkeletalReduction
LogPluginManager: Mounting plugin AndroidMedia
LogPluginManager: Mounting plugin AvfMedia
LogPluginManager: Mounting plugin ImgMedia
LogPluginManager: Mounting plugin MediaCompositing
LogPluginManager: Mounting plugin LuminPlatformFeatures
LogPluginManager: Mounting plugin MediaPlayerEditor
LogPluginManager: Mounting plugin MagicLeap
LogPluginManager: Mounting plugin WmfMedia
LogPluginManager: Mounting plugin WebMMedia
LogPluginManager: Mounting plugin MagicLeapLightEstimation
LogPluginManager: Mounting plugin MagicLeapMedia
LogPluginManager: Mounting plugin MagicLeapPassableWorld
LogPluginManager: Mounting plugin MLSDK
LogPluginManager: Mounting plugin TcpMessaging
LogPluginManager: Mounting plugin UdpMessaging
LogPluginManager: Mounting plugin ActorSequence
LogPluginManager: Mounting plugin LevelSequenceEditor
LogPluginManager: Mounting plugin MatineeToLevelSequence
LogPluginManager: Mounting plugin OnlineSubsystem
LogPluginManager: Mounting plugin TemplateSequence
LogPluginManager: Mounting plugin OnlineSubsystemNull
LogPluginManager: Mounting plugin OnlineSubsystemUtils
LogPluginManager: Mounting plugin LauncherChunkInstaller
LogPluginManager: Mounting plugin ActorLayerUtilities
LogPluginManager: Mounting plugin AndroidDeviceProfileSelector
LogPluginManager: Mounting plugin AndroidMoviePlayer
LogPluginManager: Mounting plugin AndroidPermission
LogPluginManager: Mounting plugin AppleImageUtils
LogPluginManager: Mounting plugin AppleMoviePlayer
LogPluginManager: Mounting plugin ArchVisCharacter
LogPluginManager: Mounting plugin AssetTags
LogPluginManager: Mounting plugin AudioCapture
LogPluginManager: Mounting plugin AudioSynesthesia
LogPluginManager: Mounting plugin ChunkDownloader
LogPluginManager: Mounting plugin CableComponent
LogPluginManager: Mounting plugin CustomMeshComponent
LogPluginManager: Mounting plugin DataRegistry
LogPluginManager: Mounting plugin EditableMesh
LogPluginManager: Mounting plugin ExampleDeviceProfileSelector
LogPluginManager: Mounting plugin GameplayAbilities
LogPluginManager: Mounting plugin GoogleCloudMessaging
LogPluginManager: Mounting plugin GooglePAD
LogPluginManager: Mounting plugin IOSDeviceProfileSelector
LogPluginManager: Mounting plugin LinuxDeviceProfileSelector
LogPluginManager: Mounting plugin LocationServicesBPLibrary
LogPluginManager: Mounting plugin MobilePatchingUtils
LogPluginManager: Mounting plugin OpenXREyeTracker
LogPluginManager: Mounting plugin OpenXR
LogPluginManager: Mounting plugin OpenXRHandTracking
LogPluginManager: Mounting plugin PhysXVehicles
LogPluginManager: Mounting plugin PostSplashScreen
LogPluginManager: Mounting plugin ProceduralMeshComponent
LogPluginManager: Mounting plugin PropertyAccessEditor
LogPluginManager: Mounting plugin SoundFields
LogPluginManager: Mounting plugin SignificanceManager
LogPluginManager: Mounting plugin RuntimePhysXCooking
LogPluginManager: Mounting plugin Synthesis
LogPluginManager: Mounting plugin WebMMoviePlayer
LogPluginManager: Mounting plugin WindowsMoviePlayer
LogPluginManager: Mounting plugin ScreenshotTools
LogPluginManager: Mounting plugin OodleData
LogPluginManager: Mounting plugin OodleNetwork
LogPluginManager: Mounting plugin Takes
LogPluginManager: Mounting plugin ContentBrowserFileDataSource
LogPluginManager: Mounting plugin ContentBrowserAssetDataSource
LogPluginManager: Mounting plugin ContentBrowserClassDataSource
LogPluginManager: Mounting plugin OnlineSubsystemGooglePlay
LogPluginManager: Mounting plugin OnlineSubsystemIOS
LogPluginManager: Mounting plugin OculusVR
LogPluginManager: Mounting plugin SteamVR
PixWinPlugin: PIX capture plugin failed to initialize! Check that the process is launched from PIX.
LogInit: Using libcurl 7.55.1-DEV
LogInit:  - built for x86_64-pc-win32
LogInit:  - supports SSL with OpenSSL/1.1.1
LogInit:  - supports HTTP deflate (compression) using libz 1.2.8
LogInit:  - other features:
LogInit:      CURL_VERSION_SSL
LogInit:      CURL_VERSION_LIBZ
LogInit:      CURL_VERSION_IPV6
LogInit:      CURL_VERSION_ASYNCHDNS
LogInit:      CURL_VERSION_LARGEFILE
LogInit:      CURL_VERSION_IDN
LogInit:  CurlRequestOptions (configurable via config and command line):
LogInit:  - bVerifyPeer = true  - Libcurl will verify peer certificate
LogInit:  - bUseHttpProxy = false  - Libcurl will NOT use HTTP proxy
LogInit:  - bDontReuseConnections = false  - Libcurl will reuse connections
LogInit:  - MaxHostConnections = 16  - Libcurl will limit the number of connections to a host
LogInit:  - LocalHostAddr = Default
LogInit:  - BufferSize = 65536
LogOnline: OSS: Creating online subsystem instance for: NULL
LogInit: WinSock: version 1.1 (2.2), MaxSocks=32767, MaxUdp=65467
LogOnline: OSS: TryLoadSubsystemAndSetDefault: Loaded subsystem for module [NULL]
LogOculusPluginWrapper: OculusPlugin initialized successfully
LogHMD: Failed initializing OVRPlugin 1.59.0
LogInit: Build: ++UE4+Release-4.27-CL-18319896
LogInit: Engine Version: 4.27.2-18319896+++UE4+Release-4.27
LogInit: Compatible Engine Version: 4.27.0-17155196+++UE4+Release-4.27
LogInit: Net CL: 17155196
LogInit: OS: Windows 10 (Release 2009) (), CPU: AMD Ryzen 5 3600 6-Core Processor              , GPU: NVIDIA GeForce RTX 2060 SUPER
LogInit: Compiled (64-bit): Nov 30 2021 07:12:08
LogInit: Compiled with Visual C++: 19.24.28315.00
LogInit: Build Configuration: Development
LogInit: Branch Name: ++UE4+Release-4.27
LogInit: Command Line:  -skipcompile
LogInit: Base Directory: E:/UnrealEngine4/UE_4.27/Engine/Binaries/Win64/
LogInit: Allocator: TBB
LogInit: Installed Engine Build: 1
LogDevObjectVersion: Number of dev versions registered: 29
LogDevObjectVersion:   Dev-Blueprints (B0D832E4-1F89-4F0D-ACCF-7EB736FD4AA2): 10
LogDevObjectVersion:   Dev-Build (E1C64328-A22C-4D53-A36C-8E866417BD8C): 0
LogDevObjectVersion:   Dev-Core (375EC13C-06E4-48FB-B500-84F0262A717E): 4
LogDevObjectVersion:   Dev-Editor (E4B068ED-F494-42E9-A231-DA0B2E46BB41): 40
LogDevObjectVersion:   Dev-Framework (CFFC743F-43B0-4480-9391-14DF171D2073): 37
LogDevObjectVersion:   Dev-Mobile (B02B49B5-BB20-44E9-A304-32B752E40360): 3
LogDevObjectVersion:   Dev-Networking (A4E4105C-59A1-49B5-A7C5-40C4547EDFEE): 0
LogDevObjectVersion:   Dev-Online (39C831C9-5AE6-47DC-9A44-9C173E1C8E7C): 0
LogDevObjectVersion:   Dev-Physics (78F01B33-EBEA-4F98-B9B4-84EACCB95AA2): 14
LogDevObjectVersion:   Dev-Platform (6631380F-2D4D-43E0-8009-CF276956A95A): 0
LogDevObjectVersion:   Dev-Rendering (12F88B9F-8875-4AFC-A67C-D90C383ABD29): 45
LogDevObjectVersion:   Dev-Sequencer (7B5AE74C-D270-4C10-A958-57980B212A5A): 13
LogDevObjectVersion:   Dev-VR (D7296918-1DD6-4BDD-9DE2-64A83CC13884): 3
LogDevObjectVersion:   Dev-LoadTimes (C2A15278-BFE7-4AFE-6C17-90FF531DF755): 1
LogDevObjectVersion:   Private-Geometry (6EACA3D4-40EC-4CC1-B786-8BED09428FC5): 3
LogDevObjectVersion:   Dev-AnimPhys (29E575DD-E0A3-4627-9D10-D276232CDCEA): 17
LogDevObjectVersion:   Dev-Anim (AF43A65D-7FD3-4947-9873-3E8ED9C1BB05): 15
LogDevObjectVersion:   Dev-ReflectionCapture (6B266CEC-1EC7-4B8F-A30B-E4D90942FC07): 1
LogDevObjectVersion:   Dev-Automation (0DF73D61-A23F-47EA-B727-89E90C41499A): 1
LogDevObjectVersion:   FortniteMain (601D1886-AC64-4F84-AA16-D3DE0DEAC7D6): 47
LogDevObjectVersion:   FortniteRelease (E7086368-6B23-4C58-8439-1B7016265E91): 1
LogDevObjectVersion:   Dev-Enterprise (9DFFBCD6-494F-0158-E221-12823C92A888): 10
LogDevObjectVersion:   Dev-Niagara (F2AED0AC-9AFE-416F-8664-AA7FFA26D6FC): 1
LogDevObjectVersion:   Dev-Destruction (174F1F0B-B4C6-45A5-B13F-2EE8D0FB917D): 10
LogDevObjectVersion:   Dev-Physics-Ext (35F94A83-E258-406C-A318-09F59610247C): 41
LogDevObjectVersion:   Dev-PhysicsMaterial-Chaos (B68FC16E-8B1B-42E2-B453-215C058844FE): 1
LogDevObjectVersion:   Dev-CineCamera (B2E18506-4273-CFC2-A54E-F4BB758BBA07): 1
LogDevObjectVersion:   Dev-VirtualProduction (64F58936-FD1B-42BA-BA96-7289D5D0FA4E): 1
LogDevObjectVersion:   Dev-MediaFramework (6F0ED827-A609-4895-9C91-998D90180EA4): 2
LogInit: Presizing for max 25165824 objects, including 0 objects not considered by GC, pre-allocating 0 bytes for permanent pool.
LogConfig: Applying CVar settings from Section [/Script/Engine.StreamingSettings] File [E:/Unreal/RPGPrototype_ue4/Excalibur/Saved/Config/Windows/Engine.ini]
LogConfig: Setting CVar [[s.MinBulkDataSizeForAsyncLoading:131072]]
LogConfig: Setting CVar [[s.AsyncLoadingThreadEnabled:0]]
LogConfig: Setting CVar [[s.EventDrivenLoaderEnabled:1]]
LogConfig: Setting CVar [[s.WarnIfTimeLimitExceeded:0]]
LogConfig: Setting CVar [[s.TimeLimitExceededMultiplier:1.5]]
LogConfig: Setting CVar [[s.TimeLimitExceededMinTime:0.005]]
LogConfig: Setting CVar [[s.UseBackgroundLevelStreaming:1]]
LogConfig: Setting CVar [[s.PriorityAsyncLoadingExtraTime:15.0]]
LogConfig: Setting CVar [[s.LevelStreamingActorsUpdateTimeLimit:5.0]]
LogConfig: Setting CVar [[s.PriorityLevelStreamingActorsUpdateExtraTime:5.0]]
LogConfig: Setting CVar [[s.LevelStreamingComponentsRegistrationGranularity:10]]
LogConfig: Setting CVar [[s.UnregisterComponentsTimeLimit:1.0]]
LogConfig: Setting CVar [[s.LevelStreamingComponentsUnregistrationGranularity:5]]
LogConfig: Setting CVar [[s.FlushStreamingOnExit:1]]
LogInit: Object subsystem initialized
LogConfig: Setting CVar [[con.DebugEarlyDefault:1]]
LogConfig: Setting CVar [[r.setres:1280x720]]
[2022.04.15-12.09.55:861][  0]LogConfig: Setting CVar [[r.VSync:0]]
[2022.04.15-12.09.55:861][  0]LogConfig: Setting CVar [[r.RHICmdBypass:0]]
[2022.04.15-12.09.55:861][  0]LogConfig: Applying CVar settings from Section [/Script/Engine.RendererSettings] File [E:/Unreal/RPGPrototype_ue4/Excalibur/Saved/Config/Windows/Engine.ini]
[2022.04.15-12.09.55:861][  0]LogConfig: Setting CVar [[r.GPUCrashDebugging:0]]
[2022.04.15-12.09.55:861][  0]LogConfig: Applying CVar settings from Section [/Script/Engine.RendererOverrideSettings] File [E:/Unreal/RPGPrototype_ue4/Excalibur/Saved/Config/Windows/Engine.ini]
[2022.04.15-12.09.55:861][  0]LogConfig: Applying CVar settings from Section [/Script/Engine.StreamingSettings] File [E:/Unreal/RPGPrototype_ue4/Excalibur/Saved/Config/Windows/Engine.ini]
[2022.04.15-12.09.55:861][  0]LogConfig: Setting CVar [[s.MinBulkDataSizeForAsyncLoading:131072]]
[2022.04.15-12.09.55:861][  0]LogConfig: Setting CVar [[s.AsyncLoadingThreadEnabled:0]]
[2022.04.15-12.09.55:861][  0]LogConfig: Setting CVar [[s.EventDrivenLoaderEnabled:1]]
[2022.04.15-12.09.55:861][  0]LogConfig: Setting CVar [[s.WarnIfTimeLimitExceeded:0]]
[2022.04.15-12.09.55:861][  0]LogConfig: Setting CVar [[s.TimeLimitExceededMultiplier:1.5]]
[2022.04.15-12.09.55:862][  0]LogConfig: Setting CVar [[s.TimeLimitExceededMinTime:0.005]]
[2022.04.15-12.09.55:862][  0]LogConfig: Setting CVar [[s.UseBackgroundLevelStreaming:1]]
[2022.04.15-12.09.55:862][  0]LogConfig: Setting CVar [[s.PriorityAsyncLoadingExtraTime:15.0]]
[2022.04.15-12.09.55:862][  0]LogConfig: Setting CVar [[s.LevelStreamingActorsUpdateTimeLimit:5.0]]
[2022.04.15-12.09.55:862][  0]LogConfig: Setting CVar [[s.PriorityLevelStreamingActorsUpdateExtraTime:5.0]]
[2022.04.15-12.09.55:862][  0]LogConfig: Setting CVar [[s.LevelStreamingComponentsRegistrationGranularity:10]]
[2022.04.15-12.09.55:862][  0]LogConfig: Setting CVar [[s.UnregisterComponentsTimeLimit:1.0]]
[2022.04.15-12.09.55:862][  0]LogConfig: Setting CVar [[s.LevelStreamingComponentsUnregistrationGranularity:5]]
[2022.04.15-12.09.55:862][  0]LogConfig: Setting CVar [[s.FlushStreamingOnExit:1]]
[2022.04.15-12.09.55:862][  0]LogConfig: Applying CVar settings from Section [/Script/Engine.GarbageCollectionSettings] File [E:/Unreal/RPGPrototype_ue4/Excalibur/Saved/Config/Windows/Engine.ini]
[2022.04.15-12.09.55:862][  0]LogConfig: Setting CVar [[gc.MaxObjectsNotConsideredByGC:1]]
[2022.04.15-12.09.55:862][  0]LogConfig: Setting CVar [[gc.SizeOfPermanentObjectPool:0]]
[2022.04.15-12.09.55:862][  0]LogConfig: Setting CVar [[gc.FlushStreamingOnGC:0]]
[2022.04.15-12.09.55:862][  0]LogConfig: Setting CVar [[gc.NumRetriesBeforeForcingGC:10]]
[2022.04.15-12.09.55:862][  0]LogConfig: Setting CVar [[gc.AllowParallelGC:1]]
[2022.04.15-12.09.55:862][  0]LogConfig: Setting CVar [[gc.TimeBetweenPurgingPendingKillObjects:61.1]]
[2022.04.15-12.09.55:862][  0]LogConfig: Setting CVar [[gc.MaxObjectsInEditor:25165824]]
[2022.04.15-12.09.55:862][  0]LogConfig: Setting CVar [[gc.IncrementalBeginDestroyEnabled:1]]
[2022.04.15-12.09.55:862][  0]LogConfig: Setting CVar [[gc.CreateGCClusters:1]]
[2022.04.15-12.09.55:862][  0]LogConfig: Setting CVar [[gc.MinGCClusterSize:5]]
[2022.04.15-12.09.55:862][  0]LogConfig: Setting CVar [[gc.ActorClusteringEnabled:0]]
[2022.04.15-12.09.55:862][  0]LogConfig: Setting CVar [[gc.BlueprintClusteringEnabled:0]]
[2022.04.15-12.09.55:863][  0]LogConfig: Setting CVar [[gc.UseDisregardForGCOnDedicatedServers:0]]
[2022.04.15-12.09.55:863][  0]LogConfig: Setting CVar [[gc.MultithreadedDestructionEnabled:1]]
[2022.04.15-12.09.55:863][  0]LogConfig: Applying CVar settings from Section [/Script/Engine.NetworkSettings] File [E:/Unreal/RPGPrototype_ue4/Excalibur/Saved/Config/Windows/Engine.ini]
[2022.04.15-12.09.55:863][  0]LogConfig: Applying CVar settings from Section [/Script/UnrealEd.CookerSettings] File [E:/Unreal/RPGPrototype_ue4/Excalibur/Saved/Config/Windows/Engine.ini]
[2022.04.15-12.09.55:882][  0]LogConfig: Applying CVar settings from Section [ViewDistanceQuality@3] File [E:/Unreal/RPGPrototype_ue4/Excalibur/Saved/Config/Windows/Scalability.ini]
[2022.04.15-12.09.55:882][  0]LogConfig: Setting CVar [[r.SkeletalMeshLODBias:0]]
[2022.04.15-12.09.55:882][  0]LogConfig: Setting CVar [[r.ViewDistanceScale:1.0]]
[2022.04.15-12.09.55:882][  0]LogConfig: Applying CVar settings from Section [AntiAliasingQuality@3] File [E:/Unreal/RPGPrototype_ue4/Excalibur/Saved/Config/Windows/Scalability.ini]
[2022.04.15-12.09.55:882][  0]LogConfig: Setting CVar [[r.PostProcessAAQuality:4]]
[2022.04.15-12.09.55:882][  0]LogConfig: Applying CVar settings from Section [ShadowQuality@3] File [E:/Unreal/RPGPrototype_ue4/Excalibur/Saved/Config/Windows/Scalability.ini]
[2022.04.15-12.09.55:882][  0]LogConfig: Setting CVar [[r.LightFunctionQuality:1]]
[2022.04.15-12.09.55:882][  0]LogConfig: Setting CVar [[r.ShadowQuality:5]]
[2022.04.15-12.09.55:882][  0]LogConfig: Setting CVar [[r.Shadow.CSM.MaxCascades:10]]
[2022.04.15-12.09.55:882][  0]LogConfig: Setting CVar [[r.Shadow.MaxResolution:2048]]
[2022.04.15-12.09.55:882][  0]LogConfig: Setting CVar [[r.Shadow.MaxCSMResolution:2048]]
[2022.04.15-12.09.55:882][  0]LogConfig: Setting CVar [[r.Shadow.RadiusThreshold:0.01]]
[2022.04.15-12.09.55:882][  0]LogConfig: Setting CVar [[r.Shadow.DistanceScale:1.0]]
[2022.04.15-12.09.55:882][  0]LogConfig: Setting CVar [[r.Shadow.CSM.TransitionScale:1.0]]
[2022.04.15-12.09.55:882][  0]LogConfig: Setting CVar [[r.Shadow.PreShadowResolutionFactor:1.0]]
[2022.04.15-12.09.55:882][  0]LogConfig: Setting CVar [[r.DistanceFieldShadowing:1]]
[2022.04.15-12.09.55:882][  0]LogConfig: Setting CVar [[r.DistanceFieldAO:1]]
[2022.04.15-12.09.55:882][  0]LogConfig: Setting CVar [[r.AOQuality:2]]
[2022.04.15-12.09.55:882][  0]LogConfig: Setting CVar [[r.VolumetricFog:1]]
[2022.04.15-12.09.55:882][  0]LogConfig: Setting CVar [[r.VolumetricFog.GridPixelSize:8]]
[2022.04.15-12.09.55:882][  0]LogConfig: Setting CVar [[r.VolumetricFog.GridSizeZ:128]]
[2022.04.15-12.09.55:883][  0]LogConfig: Setting CVar [[r.VolumetricFog.HistoryMissSupersampleCount:4]]
[2022.04.15-12.09.55:883][  0]LogConfig: Setting CVar [[r.LightMaxDrawDistanceScale:1]]
[2022.04.15-12.09.55:883][  0]LogConfig: Setting CVar [[r.CapsuleShadows:1]]
[2022.04.15-12.09.55:883][  0]LogConfig: Applying CVar settings from Section [PostProcessQuality@3] File [E:/Unreal/RPGPrototype_ue4/Excalibur/Saved/Config/Windows/Scalability.ini]
[2022.04.15-12.09.55:883][  0]LogConfig: Setting CVar [[r.MotionBlurQuality:4]]
[2022.04.15-12.09.55:883][  0]LogConfig: Setting CVar [[r.AmbientOcclusionMipLevelFactor:0.4]]
[2022.04.15-12.09.55:883][  0]LogConfig: Setting CVar [[r.AmbientOcclusionMaxQuality:100]]
[2022.04.15-12.09.55:883][  0]LogConfig: Setting CVar [[r.AmbientOcclusionLevels:-1]]
[2022.04.15-12.09.55:883][  0]LogConfig: Setting CVar [[r.AmbientOcclusionRadiusScale:1.0]]
[2022.04.15-12.09.55:883][  0]LogConfig: Setting CVar [[r.DepthOfFieldQuality:2]]
[2022.04.15-12.09.55:883][  0]LogConfig: Setting CVar [[r.RenderTargetPoolMin:400]]
[2022.04.15-12.09.55:883][  0]LogConfig: Setting CVar [[r.LensFlareQuality:2]]
[2022.04.15-12.09.55:883][  0]LogConfig: Setting CVar [[r.SceneColorFringeQuality:1]]
[2022.04.15-12.09.55:883][  0]LogConfig: Setting CVar [[r.EyeAdaptationQuality:2]]
[2022.04.15-12.09.55:883][  0]LogConfig: Setting CVar [[r.BloomQuality:5]]
[2022.04.15-12.09.55:883][  0]LogConfig: Setting CVar [[r.FastBlurThreshold:100]]
[2022.04.15-12.09.55:883][  0]LogConfig: Setting CVar [[r.Upscale.Quality:3]]
[2022.04.15-12.09.55:883][  0]LogConfig: Setting CVar [[r.Tonemapper.GrainQuantization:1]]
[2022.04.15-12.09.55:883][  0]LogConfig: Setting CVar [[r.LightShaftQuality:1]]
[2022.04.15-12.09.55:883][  0]LogConfig: Setting CVar [[r.Filter.SizeScale:1]]
[2022.04.15-12.09.55:884][  0]LogConfig: Setting CVar [[r.Tonemapper.Quality:5]]
[2022.04.15-12.09.55:884][  0]LogConfig: Setting CVar [[r.DOF.Gather.AccumulatorQuality:1        ; higher gathering accumulator quality]]
[2022.04.15-12.09.55:884][  0]LogConfig: Setting CVar [[r.DOF.Gather.PostfilterMethod:1          ; Median3x3 postfilering method]]
[2022.04.15-12.09.55:884][  0]LogConfig: Setting CVar [[r.DOF.Gather.EnableBokehSettings:0       ; no bokeh simulation when gathering]]
[2022.04.15-12.09.55:884][  0]LogConfig: Setting CVar [[r.DOF.Gather.RingCount:4                 ; medium number of samples when gathering]]
[2022.04.15-12.09.55:884][  0]LogConfig: Setting CVar [[r.DOF.Scatter.ForegroundCompositing:1    ; additive foreground scattering]]
[2022.04.15-12.09.55:884][  0]LogConfig: Setting CVar [[r.DOF.Scatter.BackgroundCompositing:2    ; additive background scattering]]
[2022.04.15-12.09.55:884][  0]LogConfig: Setting CVar [[r.DOF.Scatter.EnableBokehSettings:1      ; bokeh simulation when scattering]]
[2022.04.15-12.09.55:884][  0]LogConfig: Setting CVar [[r.DOF.Scatter.MaxSpriteRatio:0.1         ; only a maximum of 10% of scattered bokeh]]
[2022.04.15-12.09.55:884][  0]LogConfig: Setting CVar [[r.DOF.Recombine.Quality:1                ; cheap slight out of focus]]
[2022.04.15-12.09.55:884][  0]LogConfig: Setting CVar [[r.DOF.Recombine.EnableBokehSettings:0    ; no bokeh simulation on slight out of focus]]
[2022.04.15-12.09.55:884][  0]LogConfig: Setting CVar [[r.DOF.TemporalAAQuality:1                ; more stable temporal accumulation]]
[2022.04.15-12.09.55:884][  0]LogConfig: Setting CVar [[r.DOF.Kernel.MaxForegroundRadius:0.025]]
[2022.04.15-12.09.55:884][  0]LogConfig: Setting CVar [[r.DOF.Kernel.MaxBackgroundRadius:0.025]]
[2022.04.15-12.09.55:884][  0]LogConfig: Applying CVar settings from Section [TextureQuality@3] File [E:/Unreal/RPGPrototype_ue4/Excalibur/Saved/Config/Windows/Scalability.ini]
[2022.04.15-12.09.55:884][  0]LogConfig: Setting CVar [[r.Streaming.MipBias:0]]
[2022.04.15-12.09.55:884][  0]LogConfig: Setting CVar [[r.Streaming.AmortizeCPUToGPUCopy:0]]
[2022.04.15-12.09.55:884][  0]LogConfig: Setting CVar [[r.Streaming.MaxNumTexturesToStreamPerFrame:0]]
[2022.04.15-12.09.55:884][  0]LogConfig: Setting CVar [[r.Streaming.Boost:1]]
[2022.04.15-12.09.55:884][  0]LogConfig: Setting CVar [[r.MaxAnisotropy:8]]
[2022.04.15-12.09.55:884][  0]LogConfig: Setting CVar [[r.VT.MaxAnisotropy:8]]
[2022.04.15-12.09.55:884][  0]LogConfig: Setting CVar [[r.Streaming.LimitPoolSizeToVRAM:0]]
[2022.04.15-12.09.55:885][  0]LogConfig: Setting CVar [[r.Streaming.PoolSize:1000]]
[2022.04.15-12.09.55:885][  0]LogConfig: Setting CVar [[r.Streaming.MaxEffectiveScreenSize:0]]
[2022.04.15-12.09.55:885][  0]LogConfig: Applying CVar settings from Section [EffectsQuality@3] File [E:/Unreal/RPGPrototype_ue4/Excalibur/Saved/Config/Windows/Scalability.ini]
[2022.04.15-12.09.55:885][  0]LogConfig: Setting CVar [[r.TranslucencyLightingVolumeDim:64]]
[2022.04.15-12.09.55:885][  0]LogConfig: Setting CVar [[r.RefractionQuality:2]]
[2022.04.15-12.09.55:885][  0]LogConfig: Setting CVar [[r.SSR.Quality:3]]
[2022.04.15-12.09.55:885][  0]LogConfig: Setting CVar [[r.SSR.HalfResSceneColor:0]]
[2022.04.15-12.09.55:885][  0]LogConfig: Setting CVar [[r.SceneColorFormat:4]]
[2022.04.15-12.09.55:885][  0]LogConfig: Setting CVar [[r.DetailMode:2]]
[2022.04.15-12.09.55:885][  0]LogConfig: Setting CVar [[r.TranslucencyVolumeBlur:1]]
[2022.04.15-12.09.55:885][  0]LogConfig: Setting CVar [[r.MaterialQualityLevel:1 ; High quality]]
[2022.04.15-12.09.55:885][  0]LogConfig: Setting CVar [[r.AnisotropicMaterials:1]]
[2022.04.15-12.09.55:885][  0]LogConfig: Setting CVar [[r.SSS.Scale:1]]
[2022.04.15-12.09.55:885][  0]LogConfig: Setting CVar [[r.SSS.SampleSet:2]]
[2022.04.15-12.09.55:885][  0]LogConfig: Setting CVar [[r.SSS.Quality:1]]
[2022.04.15-12.09.55:886][  0]LogConfig: Setting CVar [[r.SSS.HalfRes:0]]
[2022.04.15-12.09.55:886][  0]LogConfig: Setting CVar [[r.SSGI.Quality:3]]
[2022.04.15-12.09.55:886][  0]LogConfig: Setting CVar [[r.EmitterSpawnRateScale:1.0]]
[2022.04.15-12.09.55:886][  0]LogConfig: Setting CVar [[r.ParticleLightQuality:2]]
[2022.04.15-12.09.55:886][  0]LogConfig: Setting CVar [[r.SkyAtmosphere.AerialPerspectiveLUT.FastApplyOnOpaque:1 ; Always have FastSkyLUT 1 in this case to avoid wrong sky]]
[2022.04.15-12.09.55:886][  0]LogConfig: Setting CVar [[r.SkyAtmosphere.AerialPerspectiveLUT.SampleCountMaxPerSlice:4]]
[2022.04.15-12.09.55:886][  0]LogConfig: Setting CVar [[r.SkyAtmosphere.AerialPerspectiveLUT.DepthResolution:16.0]]
[2022.04.15-12.09.55:886][  0]LogConfig: Setting CVar [[r.SkyAtmosphere.FastSkyLUT:1]]
[2022.04.15-12.09.55:886][  0]LogConfig: Setting CVar [[r.SkyAtmosphere.FastSkyLUT.SampleCountMin:4.0]]
[2022.04.15-12.09.55:886][  0]LogConfig: Setting CVar [[r.SkyAtmosphere.FastSkyLUT.SampleCountMax:128.0]]
[2022.04.15-12.09.55:886][  0]LogConfig: Setting CVar [[r.SkyAtmosphere.SampleCountMin:4.0]]
[2022.04.15-12.09.55:886][  0]LogConfig: Setting CVar [[r.SkyAtmosphere.SampleCountMax:128.0]]
[2022.04.15-12.09.55:886][  0]LogConfig: Setting CVar [[r.SkyAtmosphere.TransmittanceLUT.UseSmallFormat:0]]
[2022.04.15-12.09.55:886][  0]LogConfig: Setting CVar [[r.SkyAtmosphere.TransmittanceLUT.SampleCount:10.0]]
[2022.04.15-12.09.55:886][  0]LogConfig: Setting CVar [[r.SkyAtmosphere.MultiScatteringLUT.SampleCount:15.0]]
[2022.04.15-12.09.55:886][  0]LogConfig: Setting CVar [[r.SkyLight.RealTimeReflectionCapture:1]]
[2022.04.15-12.09.55:886][  0]LogConfig: Applying CVar settings from Section [FoliageQuality@3] File [E:/Unreal/RPGPrototype_ue4/Excalibur/Saved/Config/Windows/Scalability.ini]
[2022.04.15-12.09.55:886][  0]LogConfig: Setting CVar [[foliage.DensityScale:1.0]]
[2022.04.15-12.09.55:886][  0]LogConfig: Setting CVar [[grass.DensityScale:1.0]]
[2022.04.15-12.09.55:886][  0]LogConfig: Applying CVar settings from Section [ShadingQuality@3] File [E:/Unreal/RPGPrototype_ue4/Excalibur/Saved/Config/Windows/Scalability.ini]
[2022.04.15-12.09.55:886][  0]LogConfig: Setting CVar [[r.HairStrands.SkyLighting.IntegrationType:2]]
[2022.04.15-12.09.55:886][  0]LogConfig: Setting CVar [[r.HairStrands.SkyAO.SampleCount:4]]
[2022.04.15-12.09.55:887][  0]LogConfig: Setting CVar [[r.HairStrands.Visibility.MSAA.SamplePerPixel:4]]
[2022.04.15-12.09.55:887][  0]LogInit: Selected Device Profile: [Windows]
[2022.04.15-12.09.55:887][  0]LogInit: Applying CVar settings loaded from the selected device profile: [Windows]
[2022.04.15-12.09.55:887][  0]LogHAL: Display: Platform has ~ 16 GB [17126871040 / 17179869184 / 16], which maps to Larger [LargestMinGB=32, LargerMinGB=12, DefaultMinGB=8, SmallerMinGB=6, SmallestMinGB=0)
[2022.04.15-12.09.55:887][  0]LogInit: Going up to parent DeviceProfile []
[2022.04.15-12.09.55:887][  0]LogConfig: Applying CVar settings from Section [ViewDistanceQuality@3] File [E:/Unreal/RPGPrototype_ue4/Excalibur/Saved/Config/Windows/Scalability.ini]
[2022.04.15-12.09.55:887][  0]LogConfig: Setting CVar [[r.SkeletalMeshLODBias:0]]
[2022.04.15-12.09.55:887][  0]LogConfig: Setting CVar [[r.ViewDistanceScale:1.0]]
[2022.04.15-12.09.55:887][  0]LogConfig: Applying CVar settings from Section [AntiAliasingQuality@3] File [E:/Unreal/RPGPrototype_ue4/Excalibur/Saved/Config/Windows/Scalability.ini]
[2022.04.15-12.09.55:887][  0]LogConfig: Setting CVar [[r.PostProcessAAQuality:4]]
[2022.04.15-12.09.55:887][  0]LogConfig: Applying CVar settings from Section [ShadowQuality@3] File [E:/Unreal/RPGPrototype_ue4/Excalibur/Saved/Config/Windows/Scalability.ini]
[2022.04.15-12.09.55:887][  0]LogConfig: Setting CVar [[r.LightFunctionQuality:1]]
[2022.04.15-12.09.55:887][  0]LogConfig: Setting CVar [[r.ShadowQuality:5]]
[2022.04.15-12.09.55:887][  0]LogConfig: Setting CVar [[r.Shadow.CSM.MaxCascades:10]]
[2022.04.15-12.09.55:887][  0]LogConfig: Setting CVar [[r.Shadow.MaxResolution:2048]]
[2022.04.15-12.09.55:887][  0]LogConfig: Setting CVar [[r.Shadow.MaxCSMResolution:2048]]
[2022.04.15-12.09.55:887][  0]LogConfig: Setting CVar [[r.Shadow.RadiusThreshold:0.01]]
[2022.04.15-12.09.55:887][  0]LogConfig: Setting CVar [[r.Shadow.DistanceScale:1.0]]
[2022.04.15-12.09.55:887][  0]LogConfig: Setting CVar [[r.Shadow.CSM.TransitionScale:1.0]]
[2022.04.15-12.09.55:887][  0]LogConfig: Setting CVar [[r.Shadow.PreShadowResolutionFactor:1.0]]
[2022.04.15-12.09.55:888][  0]LogConfig: Setting CVar [[r.DistanceFieldShadowing:1]]
[2022.04.15-12.09.55:888][  0]LogConfig: Setting CVar [[r.DistanceFieldAO:1]]
[2022.04.15-12.09.55:888][  0]LogConfig: Setting CVar [[r.AOQuality:2]]
[2022.04.15-12.09.55:888][  0]LogConfig: Setting CVar [[r.VolumetricFog:1]]
[2022.04.15-12.09.55:888][  0]LogConfig: Setting CVar [[r.VolumetricFog.GridPixelSize:8]]
[2022.04.15-12.09.55:888][  0]LogConfig: Setting CVar [[r.VolumetricFog.GridSizeZ:128]]
[2022.04.15-12.09.55:888][  0]LogConfig: Setting CVar [[r.VolumetricFog.HistoryMissSupersampleCount:4]]
[2022.04.15-12.09.55:888][  0]LogConfig: Setting CVar [[r.LightMaxDrawDistanceScale:1]]
[2022.04.15-12.09.55:888][  0]LogConfig: Setting CVar [[r.CapsuleShadows:1]]
[2022.04.15-12.09.55:888][  0]LogConfig: Applying CVar settings from Section [PostProcessQuality@3] File [E:/Unreal/RPGPrototype_ue4/Excalibur/Saved/Config/Windows/Scalability.ini]
[2022.04.15-12.09.55:888][  0]LogConfig: Setting CVar [[r.MotionBlurQuality:4]]
[2022.04.15-12.09.55:888][  0]LogConfig: Setting CVar [[r.AmbientOcclusionMipLevelFactor:0.4]]
[2022.04.15-12.09.55:888][  0]LogConfig: Setting CVar [[r.AmbientOcclusionMaxQuality:100]]
[2022.04.15-12.09.55:888][  0]LogConfig: Setting CVar [[r.AmbientOcclusionLevels:-1]]
[2022.04.15-12.09.55:888][  0]LogConfig: Setting CVar [[r.AmbientOcclusionRadiusScale:1.0]]
[2022.04.15-12.09.55:888][  0]LogConfig: Setting CVar [[r.DepthOfFieldQuality:2]]
[2022.04.15-12.09.55:888][  0]LogConfig: Setting CVar [[r.RenderTargetPoolMin:400]]
[2022.04.15-12.09.55:888][  0]LogConfig: Setting CVar [[r.LensFlareQuality:2]]
[2022.04.15-12.09.55:888][  0]LogConfig: Setting CVar [[r.SceneColorFringeQuality:1]]
[2022.04.15-12.09.55:888][  0]LogConfig: Setting CVar [[r.EyeAdaptationQuality:2]]
[2022.04.15-12.09.55:888][  0]LogConfig: Setting CVar [[r.BloomQuality:5]]
[2022.04.15-12.09.55:888][  0]LogConfig: Setting CVar [[r.FastBlurThreshold:100]]
[2022.04.15-12.09.55:888][  0]LogConfig: Setting CVar [[r.Upscale.Quality:3]]
[2022.04.15-12.09.55:888][  0]LogConfig: Setting CVar [[r.Tonemapper.GrainQuantization:1]]
[2022.04.15-12.09.55:888][  0]LogConfig: Setting CVar [[r.LightShaftQuality:1]]
[2022.04.15-12.09.55:889][  0]LogConfig: Setting CVar [[r.Filter.SizeScale:1]]
[2022.04.15-12.09.55:889][  0]LogConfig: Setting CVar [[r.Tonemapper.Quality:5]]
[2022.04.15-12.09.55:889][  0]LogConfig: Setting CVar [[r.DOF.Gather.AccumulatorQuality:1        ; higher gathering accumulator quality]]
[2022.04.15-12.09.55:889][  0]LogConfig: Setting CVar [[r.DOF.Gather.PostfilterMethod:1          ; Median3x3 postfilering method]]
[2022.04.15-12.09.55:889][  0]LogConfig: Setting CVar [[r.DOF.Gather.EnableBokehSettings:0       ; no bokeh simulation when gathering]]
[2022.04.15-12.09.55:889][  0]LogConfig: Setting CVar [[r.DOF.Gather.RingCount:4                 ; medium number of samples when gathering]]
[2022.04.15-12.09.55:889][  0]LogConfig: Setting CVar [[r.DOF.Scatter.ForegroundCompositing:1    ; additive foreground scattering]]
[2022.04.15-12.09.55:889][  0]LogConfig: Setting CVar [[r.DOF.Scatter.BackgroundCompositing:2    ; additive background scattering]]
[2022.04.15-12.09.55:889][  0]LogConfig: Setting CVar [[r.DOF.Scatter.EnableBokehSettings:1      ; bokeh simulation when scattering]]
[2022.04.15-12.09.55:889][  0]LogConfig: Setting CVar [[r.DOF.Scatter.MaxSpriteRatio:0.1         ; only a maximum of 10% of scattered bokeh]]
[2022.04.15-12.09.55:889][  0]LogConfig: Setting CVar [[r.DOF.Recombine.Quality:1                ; cheap slight out of focus]]
[2022.04.15-12.09.55:889][  0]LogConfig: Setting CVar [[r.DOF.Recombine.EnableBokehSettings:0    ; no bokeh simulation on slight out of focus]]
[2022.04.15-12.09.55:889][  0]LogConfig: Setting CVar [[r.DOF.TemporalAAQuality:1                ; more stable temporal accumulation]]
[2022.04.15-12.09.55:889][  0]LogConfig: Setting CVar [[r.DOF.Kernel.MaxForegroundRadius:0.025]]
[2022.04.15-12.09.55:889][  0]LogConfig: Setting CVar [[r.DOF.Kernel.MaxBackgroundRadius:0.025]]
[2022.04.15-12.09.55:889][  0]LogConfig: Applying CVar settings from Section [TextureQuality@3] File [E:/Unreal/RPGPrototype_ue4/Excalibur/Saved/Config/Windows/Scalability.ini]
[2022.04.15-12.09.55:889][  0]LogConfig: Setting CVar [[r.Streaming.MipBias:0]]
[2022.04.15-12.09.55:889][  0]LogConfig: Setting CVar [[r.Streaming.AmortizeCPUToGPUCopy:0]]
[2022.04.15-12.09.55:889][  0]LogConfig: Setting CVar [[r.Streaming.MaxNumTexturesToStreamPerFrame:0]]
[2022.04.15-12.09.55:889][  0]LogConfig: Setting CVar [[r.Streaming.Boost:1]]
[2022.04.15-12.09.55:889][  0]LogConfig: Setting CVar [[r.MaxAnisotropy:8]]
[2022.04.15-12.09.55:889][  0]LogConfig: Setting CVar [[r.VT.MaxAnisotropy:8]]
[2022.04.15-12.09.55:889][  0]LogConfig: Setting CVar [[r.Streaming.LimitPoolSizeToVRAM:0]]
[2022.04.15-12.09.55:890][  0]LogConfig: Setting CVar [[r.Streaming.PoolSize:1000]]
[2022.04.15-12.09.55:890][  0]LogConfig: Setting CVar [[r.Streaming.MaxEffectiveScreenSize:0]]
[2022.04.15-12.09.55:890][  0]LogConfig: Applying CVar settings from Section [EffectsQuality@3] File [E:/Unreal/RPGPrototype_ue4/Excalibur/Saved/Config/Windows/Scalability.ini]
[2022.04.15-12.09.55:890][  0]LogConfig: Setting CVar [[r.TranslucencyLightingVolumeDim:64]]
[2022.04.15-12.09.55:890][  0]LogConfig: Setting CVar [[r.RefractionQuality:2]]
[2022.04.15-12.09.55:890][  0]LogConfig: Setting CVar [[r.SSR.Quality:3]]
[2022.04.15-12.09.55:890][  0]LogConfig: Setting CVar [[r.SSR.HalfResSceneColor:0]]
[2022.04.15-12.09.55:890][  0]LogConfig: Setting CVar [[r.SceneColorFormat:4]]
[2022.04.15-12.09.55:890][  0]LogConfig: Setting CVar [[r.DetailMode:2]]
[2022.04.15-12.09.55:890][  0]LogConfig: Setting CVar [[r.TranslucencyVolumeBlur:1]]
[2022.04.15-12.09.55:890][  0]LogConfig: Setting CVar [[r.MaterialQualityLevel:1 ; High quality]]
[2022.04.15-12.09.55:890][  0]LogConfig: Setting CVar [[r.AnisotropicMaterials:1]]
[2022.04.15-12.09.55:890][  0]LogConfig: Setting CVar [[r.SSS.Scale:1]]
[2022.04.15-12.09.55:890][  0]LogConfig: Setting CVar [[r.SSS.SampleSet:2]]
[2022.04.15-12.09.55:890][  0]LogConfig: Setting CVar [[r.SSS.Quality:1]]
[2022.04.15-12.09.55:890][  0]LogConfig: Setting CVar [[r.SSS.HalfRes:0]]
[2022.04.15-12.09.55:890][  0]LogConfig: Setting CVar [[r.SSGI.Quality:3]]
[2022.04.15-12.09.55:890][  0]LogConfig: Setting CVar [[r.EmitterSpawnRateScale:1.0]]
[2022.04.15-12.09.55:890][  0]LogConfig: Setting CVar [[r.ParticleLightQuality:2]]
[2022.04.15-12.09.55:890][  0]LogConfig: Setting CVar [[r.SkyAtmosphere.AerialPerspectiveLUT.FastApplyOnOpaque:1 ; Always have FastSkyLUT 1 in this case to avoid wrong sky]]
[2022.04.15-12.09.55:890][  0]LogConfig: Setting CVar [[r.SkyAtmosphere.AerialPerspectiveLUT.SampleCountMaxPerSlice:4]]
[2022.04.15-12.09.55:890][  0]LogConfig: Setting CVar [[r.SkyAtmosphere.AerialPerspectiveLUT.DepthResolution:16.0]]
[2022.04.15-12.09.55:890][  0]LogConfig: Setting CVar [[r.SkyAtmosphere.FastSkyLUT:1]]
[2022.04.15-12.09.55:890][  0]LogConfig: Setting CVar [[r.SkyAtmosphere.FastSkyLUT.SampleCountMin:4.0]]
[2022.04.15-12.09.55:891][  0]LogConfig: Setting CVar [[r.SkyAtmosphere.FastSkyLUT.SampleCountMax:128.0]]
[2022.04.15-12.09.55:891][  0]LogConfig: Setting CVar [[r.SkyAtmosphere.SampleCountMin:4.0]]
[2022.04.15-12.09.55:891][  0]LogConfig: Setting CVar [[r.SkyAtmosphere.SampleCountMax:128.0]]
[2022.04.15-12.09.55:891][  0]LogConfig: Setting CVar [[r.SkyAtmosphere.TransmittanceLUT.UseSmallFormat:0]]
[2022.04.15-12.09.55:891][  0]LogConfig: Setting CVar [[r.SkyAtmosphere.TransmittanceLUT.SampleCount:10.0]]
[2022.04.15-12.09.55:891][  0]LogConfig: Setting CVar [[r.SkyAtmosphere.MultiScatteringLUT.SampleCount:15.0]]
[2022.04.15-12.09.55:891][  0]LogConfig: Setting CVar [[r.SkyLight.RealTimeReflectionCapture:1]]
[2022.04.15-12.09.55:891][  0]LogConfig: Applying CVar settings from Section [FoliageQuality@3] File [E:/Unreal/RPGPrototype_ue4/Excalibur/Saved/Config/Windows/Scalability.ini]
[2022.04.15-12.09.55:891][  0]LogConfig: Setting CVar [[foliage.DensityScale:1.0]]
[2022.04.15-12.09.55:891][  0]LogConfig: Setting CVar [[grass.DensityScale:1.0]]
[2022.04.15-12.09.55:891][  0]LogConfig: Applying CVar settings from Section [ShadingQuality@3] File [E:/Unreal/RPGPrototype_ue4/Excalibur/Saved/Config/Windows/Scalability.ini]
[2022.04.15-12.09.55:891][  0]LogConfig: Setting CVar [[r.HairStrands.SkyLighting.IntegrationType:2]]
[2022.04.15-12.09.55:891][  0]LogConfig: Setting CVar [[r.HairStrands.SkyAO.SampleCount:4]]
[2022.04.15-12.09.55:891][  0]LogConfig: Setting CVar [[r.HairStrands.Visibility.MSAA.SamplePerPixel:4]]
[2022.04.15-12.09.55:891][  0]LogConfig: Applying CVar settings from Section [Startup] File [../../../Engine/Config/ConsoleVariables.ini]
[2022.04.15-12.09.55:892][  0]LogConfig: Setting CVar [[net.UseAdaptiveNetUpdateFrequency:0]]
[2022.04.15-12.09.55:892][  0]LogConfig: Setting CVar [[p.chaos.AllowCreatePhysxBodies:1]]
[2022.04.15-12.09.55:892][  0]LogConfig: Setting CVar [[fx.SkipVectorVMBackendOptimizations:1]]
[2022.04.15-12.09.55:892][  0]LogConfig: Applying CVar settings from Section [ConsoleVariables] File [E:/Unreal/RPGPrototype_ue4/Excalibur/Saved/Config/Windows/Engine.ini]
[2022.04.15-12.09.55:892][  0]LogConfig: Applying CVar settings from Section [ConsoleVariables] File [E:/Unreal/RPGPrototype_ue4/Excalibur/Saved/Config/Windows/Editor.ini]
[2022.04.15-12.09.55:892][  0]LogInit: Computer: DESKTOP-SQ2C6IA
[2022.04.15-12.09.55:892][  0]LogInit: User: Usuario
[2022.04.15-12.09.55:892][  0]LogInit: CPU Page size=4096, Cores=6
[2022.04.15-12.09.55:892][  0]LogInit: High frequency timer resolution =10.000000 MHz
[2022.04.15-12.09.55:892][  0]LogMemory: Memory total: Physical=16.0GB (16GB approx)
[2022.04.15-12.09.55:892][  0]LogMemory: Platform Memory Stats for Windows
[2022.04.15-12.09.55:892][  0]LogMemory: Process Physical Memory: 147.59 MB used, 147.59 MB peak
[2022.04.15-12.09.55:892][  0]LogMemory: Process Virtual Memory: 127.74 MB used, 127.74 MB peak
[2022.04.15-12.09.55:892][  0]LogMemory: Physical Memory: 7470.98 MB used,  8862.48 MB free, 16333.46 MB total
[2022.04.15-12.09.55:892][  0]LogMemory: Virtual Memory: 134208448.00 MB used,  9283.52 MB free, 134217728.00 MB total
[2022.04.15-12.09.55:912][  0]LogWindows: WindowsPlatformFeatures enabled
[2022.04.15-12.09.56:113][  0]LogInit: Physics initialised using underlying interface: PhysX
[2022.04.15-12.09.56:116][  0]LogInit: Overriding language with editor language configuration option (en).
[2022.04.15-12.09.56:116][  0]LogInit: Using OS detected locale (es-ES).
[2022.04.15-12.09.56:294][  0]LogInit: Setting process to per monitor DPI aware
[2022.04.15-12.09.56:337][  0]LogWindowsTextInputMethodSystem: Display: IME system deactivated.
[2022.04.15-12.09.56:363][  0]LogSlate: New Slate User Created.  User Index 0, Is Virtual User: 0
[2022.04.15-12.09.56:363][  0]LogSlate: Slate User Registered.  User Index 0, Is Virtual User: 0
[2022.04.15-12.09.56:623][  0]LogD3D11RHI: Loaded GFSDK_Aftermath_Lib.x64.dll
[2022.04.15-12.09.56:633][  0]LogHMD: Failed to initialize OpenVR with code 110
[2022.04.15-12.09.56:633][  0]LogD3D11RHI: D3D11 min allowed feature level: 11_0
[2022.04.15-12.09.56:633][  0]LogD3D11RHI: D3D11 max allowed feature level: 11_0
[2022.04.15-12.09.56:633][  0]LogD3D11RHI: D3D11 adapters:
[2022.04.15-12.09.56:805][  0]LogD3D11RHI:    0. 'NVIDIA GeForce RTX 2060 SUPER' (Feature Level 11_0)
[2022.04.15-12.09.56:805][  0]LogD3D11RHI:       8031/0/8166 MB DedicatedVideo/DedicatedSystem/SharedSystem, Outputs:2, VendorId:0x10de
[2022.04.15-12.09.56:814][  0]LogD3D11RHI:    1. 'Microsoft Basic Render Driver' (Feature Level 11_0)
[2022.04.15-12.09.56:814][  0]LogD3D11RHI:       0/0/8166 MB DedicatedVideo/DedicatedSystem/SharedSystem, Outputs:0, VendorId:0x1414
[2022.04.15-12.09.56:814][  0]LogD3D11RHI: Chosen D3D11 Adapter:
[2022.04.15-12.09.56:814][  0]LogD3D11RHI:     Description : NVIDIA GeForce RTX 2060 SUPER
[2022.04.15-12.09.56:814][  0]LogD3D11RHI:     VendorId    : 10de
[2022.04.15-12.09.56:814][  0]LogD3D11RHI:     DeviceId    : 1f06
[2022.04.15-12.09.56:814][  0]LogD3D11RHI:     SubSysId    : 3fed1458
[2022.04.15-12.09.56:814][  0]LogD3D11RHI:     Revision    : 00a1
[2022.04.15-12.09.56:814][  0]LogD3D11RHI:     DedicatedVideoMemory : 8421113856 bytes
[2022.04.15-12.09.56:814][  0]LogD3D11RHI:     DedicatedSystemMemory : 0 bytes
[2022.04.15-12.09.56:814][  0]LogD3D11RHI:     SharedSystemMemory : 8563435520 bytes
[2022.04.15-12.09.56:814][  0]LogD3D11RHI:     AdapterLuid : 0 61455
[2022.04.15-12.09.56:820][  0]LogD3D11RHI: Creating new Direct3DDevice
[2022.04.15-12.09.56:820][  0]LogD3D11RHI:     GPU DeviceId: 0x1f06 (for the marketing name, search the web for "GPU Device Id")
[2022.04.15-12.09.56:820][  0]LogWindows: EnumDisplayDevices:
[2022.04.15-12.09.56:820][  0]LogWindows:    0. 'NVIDIA GeForce RTX 2060 SUPER' (P:1 D:1)
[2022.04.15-12.09.56:821][  0]LogWindows:    1. 'NVIDIA GeForce RTX 2060 SUPER' (P:0 D:1)
[2022.04.15-12.09.56:821][  0]LogWindows:    2. 'NVIDIA GeForce RTX 2060 SUPER' (P:0 D:0)
[2022.04.15-12.09.56:822][  0]LogWindows:    3. 'NVIDIA GeForce RTX 2060 SUPER' (P:0 D:0)
[2022.04.15-12.09.56:822][  0]LogWindows: DebugString: FoundDriverCount:4 
[2022.04.15-12.09.56:822][  0]LogD3D11RHI:     Adapter Name: NVIDIA GeForce RTX 2060 SUPER
[2022.04.15-12.09.56:822][  0]LogD3D11RHI:   Driver Version: 512.15 (internal:30.0.15.1215, unified:512.15)
[2022.04.15-12.09.56:822][  0]LogD3D11RHI:      Driver Date: 3-17-2022
[2022.04.15-12.09.56:822][  0]LogRHI: Texture pool is 5621 MB (70% of 8031 MB)
[2022.04.15-12.09.56:822][  0]LogD3D11RHI: Creating D3DDevice using adapter:
[2022.04.15-12.09.56:822][  0]LogD3D11RHI:     Description : NVIDIA GeForce RTX 2060 SUPER
[2022.04.15-12.09.56:822][  0]LogD3D11RHI:     VendorId    : 10de
[2022.04.15-12.09.56:822][  0]LogD3D11RHI:     DeviceId    : 1f06
[2022.04.15-12.09.56:822][  0]LogD3D11RHI:     SubSysId    : 3fed1458
[2022.04.15-12.09.56:822][  0]LogD3D11RHI:     Revision    : 00a1
[2022.04.15-12.09.56:823][  0]LogD3D11RHI:     DedicatedVideoMemory : 8421113856 bytes
[2022.04.15-12.09.56:823][  0]LogD3D11RHI:     DedicatedSystemMemory : 0 bytes
[2022.04.15-12.09.56:823][  0]LogD3D11RHI:     SharedSystemMemory : 8563435520 bytes
[2022.04.15-12.09.56:823][  0]LogD3D11RHI:     AdapterLuid : 0 61455
[2022.04.15-12.09.56:900][  0]LogD3D11RHI: RHI has support for 64 bit atomics
[2022.04.15-12.09.56:901][  0]LogD3D11RHI: Async texture creation enabled
[2022.04.15-12.09.56:901][  0]LogD3D11RHI: Array index from any shader is supported
[2022.04.15-12.09.56:916][  0]LogD3D11RHI: GPU Timing Frequency: 1000.000000 (Debug: 2 1)
[2022.04.15-12.09.56:972][  0]LogRHI: GeForceNow SDK initialized: 1
[2022.04.15-12.09.57:320][  0]LogTargetPlatformManager: Display: Loaded TargetPlatform 'AllDesktop'
[2022.04.15-12.09.57:351][  0]LogTargetPlatformManager: Display: Loaded TargetPlatform 'Android'
[2022.04.15-12.09.57:351][  0]LogTargetPlatformManager: Display: Loaded TargetPlatform 'Android_ASTC'
[2022.04.15-12.09.57:351][  0]LogTargetPlatformManager: Display: Loaded TargetPlatform 'Android_DXT'
[2022.04.15-12.09.57:351][  0]LogTargetPlatformManager: Display: Loaded TargetPlatform 'Android_ETC2'
[2022.04.15-12.09.57:351][  0]LogTargetPlatformManager: Display: Loaded TargetPlatform 'AndroidClient'
[2022.04.15-12.09.57:351][  0]LogTargetPlatformManager: Display: Loaded TargetPlatform 'Android_ASTCClient'
[2022.04.15-12.09.57:351][  0]LogTargetPlatformManager: Display: Loaded TargetPlatform 'Android_DXTClient'
[2022.04.15-12.09.57:351][  0]LogTargetPlatformManager: Display: Loaded TargetPlatform 'Android_ETC2Client'
[2022.04.15-12.09.57:351][  0]LogTargetPlatformManager: Display: Loaded TargetPlatform 'Android_Multi'
[2022.04.15-12.09.57:351][  0]LogTargetPlatformManager: Display: Loaded TargetPlatform 'Android_MultiClient'
[2022.04.15-12.09.57:388][  0]LogTargetPlatformManager: Display: Loaded TargetPlatform 'IOSClient'
[2022.04.15-12.09.57:388][  0]LogTargetPlatformManager: Display: Loaded TargetPlatform 'IOS'
[2022.04.15-12.09.57:405][  0]LogTargetPlatformManager: Display: Loaded TargetPlatform 'Linux'
[2022.04.15-12.09.57:414][  0]LogTargetPlatformManager: Display: Loaded TargetPlatform 'LinuxNoEditor'
[2022.04.15-12.09.57:423][  0]LogTargetPlatformManager: Display: Loaded TargetPlatform 'LinuxClient'
[2022.04.15-12.09.57:433][  0]LogTargetPlatformManager: Display: Loaded TargetPlatform 'LinuxServer'
[2022.04.15-12.09.57:450][  0]LogTargetPlatformManager: Display: Loaded TargetPlatform 'LinuxAArch64NoEditor'
[2022.04.15-12.09.57:460][  0]LogTargetPlatformManager: Display: Loaded TargetPlatform 'LinuxAArch64Client'
[2022.04.15-12.09.57:469][  0]LogTargetPlatformManager: Display: Loaded TargetPlatform 'LinuxAArch64Server'
[2022.04.15-12.09.57:505][  0]LogTargetPlatformManager: Display: Loaded TargetPlatform 'Lumin'
[2022.04.15-12.09.57:505][  0]LogTargetPlatformManager: Display: Loaded TargetPlatform 'LuminClient'
[2022.04.15-12.09.57:520][  0]LogTargetPlatformManager: Display: Loaded TargetPlatform 'MacNoEditor'
[2022.04.15-12.09.57:530][  0]LogTargetPlatformManager: Display: Loaded TargetPlatform 'Mac'
[2022.04.15-12.09.57:539][  0]LogTargetPlatformManager: Display: Loaded TargetPlatform 'MacClient'
[2022.04.15-12.09.57:549][  0]LogTargetPlatformManager: Display: Loaded TargetPlatform 'MacServer'
[2022.04.15-12.09.57:568][  0]LogTargetPlatformManager: Display: Loaded TargetPlatform 'TVOSClient'
[2022.04.15-12.09.57:568][  0]LogTargetPlatformManager: Display: Loaded TargetPlatform 'TVOS'
[2022.04.15-12.09.57:584][  0]LogTargetPlatformManager: Display: Loaded TargetPlatform 'WindowsNoEditor'
[2022.04.15-12.09.57:593][  0]LogTargetPlatformManager: Display: Loaded TargetPlatform 'Windows'
[2022.04.15-12.09.57:602][  0]LogTargetPlatformManager: Display: Loaded TargetPlatform 'WindowsClient'
[2022.04.15-12.09.57:612][  0]LogTargetPlatformManager: Display: Loaded TargetPlatform 'WindowsServer'
[2022.04.15-12.09.57:612][  0]LogTargetPlatformManager: Display: Building Assets For Windows
[2022.04.15-12.09.57:637][  0]LogAudioDebug: Display: Lib vorbis DLL was dynamically loaded.
[2022.04.15-12.09.57:738][  0]LogTextureFormatOodle: Display: Oodle Texture 2.9.0 init RDO Off
[2022.04.15-12.09.57:831][  0]LogRendererCore: Ray tracing is disabled. Reason: r.RayTracing=0.
[2022.04.15-12.09.57:831][  0]LogShaderCompilers: Guid format shader working directory is -1 characters bigger than the processId version (../../../../../Unreal/RPGPrototype_ue4/Excalibur/Intermediate/Shaders/WorkingDirectory/14904/).
[2022.04.15-12.09.57:831][  0]LogShaderCompilers: Cleaned the shader compiler working directory 'C:/Users/Usuario/AppData/Local/Temp/UnrealShaderWorkingDir/7787D3934704C191006B1FBA263F4A0F/'.
[2022.04.15-12.09.57:832][  0]LogXGEController: Cannot use XGE Controller as Incredibuild is not installed on this machine.
[2022.04.15-12.09.57:832][  0]LogShaderCompilers: Cannot use XGE Shader Compiler as Incredibuild is not installed on this machine.
[2022.04.15-12.09.57:832][  0]LogShaderCompilers: Display: Using Local Shader Compiler.
[2022.04.15-12.09.58:521][  0]LogDerivedDataCache: Display: Max Cache Size: 512 MB
[2022.04.15-12.09.58:573][  0]LogDerivedDataCache: Loaded boot cache 0.05s 100MB C:/Users/Usuario/AppData/Local/UnrealEngine/4.27/DerivedDataCache/Boot.ddc.
[2022.04.15-12.09.58:573][  0]LogDerivedDataCache: Display: Loaded Boot cache: C:/Users/Usuario/AppData/Local/UnrealEngine/4.27/DerivedDataCache/Boot.ddc
[2022.04.15-12.09.58:574][  0]LogDerivedDataCache: FDerivedDataBackendGraph:  Pak pak cache file ../../../../../Unreal/RPGPrototype_ue4/Excalibur/DerivedDataCache/DDC.ddp not found, will not use a pak cache.
[2022.04.15-12.09.58:574][  0]LogDerivedDataCache: Unable to find inner node Pak for hierarchical cache Hierarchy.
[2022.04.15-12.09.58:575][  0]LogDerivedDataCache: FDerivedDataBackendGraph:  CompressedPak pak cache file ../../../../../Unreal/RPGPrototype_ue4/Excalibur/DerivedDataCache/Compressed.ddp not found, will not use a pak cache.
[2022.04.15-12.09.58:575][  0]LogDerivedDataCache: Unable to find inner node CompressedPak for hierarchical cache Hierarchy.
[2022.04.15-12.09.58:593][  0]LogDerivedDataCache: Display: Pak cache opened for reading ../../../Engine/DerivedDataCache/Compressed.ddp.
[2022.04.15-12.09.58:593][  0]LogDerivedDataCache: FDerivedDataBackendGraph:  EnterprisePak pak cache file ../../../Enterprise/DerivedDataCache/Compressed.ddp not found, will not use a pak cache.
[2022.04.15-12.09.58:593][  0]LogDerivedDataCache: Unable to find inner node EnterprisePak for hierarchical cache Hierarchy.
[2022.04.15-12.09.58:606][  0]LogDerivedDataCache: Speed tests for C:/Users/Usuario/AppData/Local/UnrealEngine/Common/DerivedDataCache took 0.01 seconds
[2022.04.15-12.09.58:606][  0]LogDerivedDataCache: Display: Performance to C:/Users/Usuario/AppData/Local/UnrealEngine/Common/DerivedDataCache: Latency=0.14ms. RandomReadSpeed=703.56MBs, RandomWriteSpeed=94.10MBs. Assigned SpeedClass 'Local'
[2022.04.15-12.09.58:608][  0]LogDerivedDataCache: Using Local data cache path C:/Users/Usuario/AppData/Local/UnrealEngine/Common/DerivedDataCache: Writable
[2022.04.15-12.09.58:608][  0]LogDerivedDataCache: Shared data cache path not found in *engine.ini, will not use an Shared cache.
[2022.04.15-12.09.58:608][  0]LogDerivedDataCache: Unable to find inner node Shared for hierarchical cache Hierarchy.
[2022.04.15-12.09.58:650][  0]LogSlate: Using FreeType 2.10.0
[2022.04.15-12.09.58:651][  0]LogSlate: SlateFontServices - WITH_FREETYPE: 1, WITH_HARFBUZZ: 1
[2022.04.15-12.09.58:684][  0]LogAssetRegistry: FAssetRegistry took 0.0045 seconds to start up
[2022.04.15-12.09.58:932][  0]LogInit: Selected Device Profile: [Windows]
[2022.04.15-12.09.58:932][  0]LogInit: Active device profile: [000001A3D8354D00][000001A3D6D57640 49] Windows
[2022.04.15-12.09.58:932][  0]LogInit: Profiles: [000001A3D8354D00][000001A3D6D57640 49] Windows, [000001A3D832A300][000001A3D70197C0 49] WindowsNoEditor, [000001A3D8355C00][000001A3CDE0D940 49] WindowsServer, [000001A3D832B100][000001A3CDE11AC0 49] WindowsClient, [000001A3D8356900][000001A3CDCB80C0 49] IOS, [000001A3D8329A00][000001A3D7014240 49] iPadAir, [000001A3D8357E00][000001A3CDE203C0 49] iPadAir2, [000001A3D82C9100][000001A3CDE28680 49] IPadPro, [000001A3D82C9200][000001A3CDE246C0 49] iPadAir3, [000001A3D8328C00][000001A3CDCF6800 49] iPadAir4, [000001A3D82C9E00][000001A3CDCC2940 49] iPadMini2, [000001A3D832B300][000001A3CDCC6A80 49] iPadMini3, [000001A3D82CB900][000001A3CDE38BC0 49] iPadMini4, [000001A3D8329000][000001A3D4AD8D40 49] iPadMini5, [000001A3D82D0900][000001A3CDCCB000 49] iPhone6, [000001A3D82D0A00][000001A3D4ADD040 49] iPodTouch6, [000001A3D8356E00][000001A3CDCD3300 49] iPhone7, [000001A3D8356F00][000001A3CDCCF340 49] iPodTouch7, [000001A3D82CBE00][000001A3CDCD74C0 49] iPhone5S, [000001A3D8354F00][000001A3CDCDB640 49] iPhone6Plus, [000001A3D82D0100][000001A3CDCDF7C0 49] iPhone6S, [000001A3D82C8300][000001A3D701D940 49] iPhone6SPlus, [000001A3D82D2800][000001A3D7021AC0 49] iPhone7Plus, [000001A3D82CA400][000001A3D70240C0 49] iPhoneSE, [000001A3D82D2600][000001A3D7028240 49] iPhone8, [000001A3D82C8400][000001A3D702C3C0 49] iPhone8Plus, [000001A3D82D3100][000001A3D7030540 49] iPhoneX, [000001A3D8355400][000001A3D70346C0 49] iPhoneXS, [000001A3D82D2B00][000001A3D7038840 49] iPhoneXSMax, [000001A3D8354700][000001A3D746C980 49] iPhoneXR, [000001A3D82D0800][000001A3D703CAC0 49] iPhone11, [000001A3D8355100][000001A3D7040C00 49] iPhone11Pro, [000001A3D82D1A00][000001A3D71CED40 49] iPhone11ProMax, [000001A3D8357700][000001A3D71D6EC0 49] iPhoneSE2, [000001A3D82D3800][000001A3D71DB040 49] iPhone12Mini, [000001A3D8356300][000001A3D71DF1C0 49] iPhone12, [000001A3D82D3200][000001A3D71E3340 49] iPhone12Pro, [000001A3D8355300][000001A3D71E74C0 49] iPhone12ProMax, [000001A3D82D1500][000001A3D71EB640 49] iPadPro105, [000001A3D8354A00][000001A3D71EF7C0 49] iPadPro129, [000001A3D82D3D00][000001A3D71F3940 49] iPadPro97, [000001A3D8356A00][000001A3D71F7AC0 49] iPadPro2_129, [000001A3D82D2900][000001A3D71FA0C0 49] iPad5, [000001A3D8355E00][000001A3D71FE240 49] iPad6, [000001A3D82D1300][000001A3D72023C0 49] iPad7, [000001A3D8354200][000001A3D7206540 49] iPad8, [000001A3D82D0400][000001A3D720A6C0 49] iPadPro11, [000001A3D8355A00][000001A3D6F6E840 49] iPadPro2_11, [000001A3D82D1600][000001A3D6F729C0 49] iPadPro3_129, [000001A3D8356700][000001A3D6F76B40 49] iPadPro4_129, [000001A3D82D0200][000001A3D71D2C80 49] AppleTV, [000001A3D8354900][000001A3D6F7ADC0 49] AppleTV4K, [000001A3D82D1D00][000001A3D6F7EF00 49] TVOS, [000001A3D8356D00][000001A3D6F87080 49] Mac, [000001A3D82D3600][000001A3D6F8B200 49] MacClient, [000001A3D8357900][000001A3D6F8F380 49] MacNoEditor, [000001A3D82D3500][000001A3D6F93500 49] MacServer, [000001A3D8355200][000001A3D6F97680 49] Linux, [000001A3D82D1C00][000001A3D6F9B800 49] LinuxAArch64, [000001A3D8357C00][000001A3D6F9F980 49] LinuxNoEditor, [000001A3D82D2300][000001A3D6FA3B00 49] LinuxAArch64NoEditor, [000001A3D8355B00][000001A3D6FA6100 49] LinuxClient, [000001A3D82D2500][000001A3D6FAA280 49] LinuxAArch64Client, [000001A3D8354E00][000001A3D6FAE400 49] LinuxServer, [000001A3D82D3900][000001A3D6FB2580 49] LinuxAArch64Server, [000001A3D8357500][000001A3D6FB6700 49] Android, [000001A3D82D1E00][000001A3D6FBA880 49] Android_Low, [000001A3D8355F00][000001A3D6FBEA00 49] Android_Mid, [000001A3D82D2200][000001A3D6FC2B80 49] Android_High, [000001A3D8357F00][000001A3D712CD00 49] Android_Default, [000001A3D82D2000][000001A3D6F82E40 49] Android_Adreno4xx, [000001A3D8357D00][000001A3D7130F80 49] Android_Adreno5xx_Low, [000001A3D82D2A00][000001A3D71350C0 49] Android_Adreno5xx, [000001A3D8357800][000001A3D713D240 49] Android_Adreno6xx, [000001A3D8328500][000001A3D71413C0 49] Android_Adreno6xx_Vulkan, [000001A3D82C9400][000001A3D7145540 49] Android_Mali_T6xx, [000001A3D8329100][000001A3D71496C0 49] Android_Mali_T7xx, [000001A3D82CAD00][000001A3D714D840 49] Android_Mali_T8xx, [000001A3D832AF00][000001A3D71519C0 49] Android_Mali_G71, [000001A3D82CB400][000001A3D7155B40 49] Android_Mali_G72, [000001A3D8329700][000001A3D7158140 49] Android_Mali_G72_Vulkan, [000001A3D82C9300][000001A3D715C2C0 49] Android_Mali_G76, [000001A3D832BA00][000001A3D7160440 49] Android_Mali_G76_Vulkan, [000001A3D82CAC00][000001A3D71645C0 49] Android_Mali_G77, [000001A3D8329500][000001A3D7168740 49] Android_Mali_G77_Vulkan, [000001A3D82C9800][000001A3D716C8C0 49] Android_Mali_G78, [000001A3D832A200][000001A3D7170A40 49] Android_Mali_G78_Vulkan, [000001A3D82CBD00][000001A3D7174BC0 49] Android_Mali_G710, [000001A3D8328300][000001A3D7178D40 49] Android_Mali_G710_Vulkan, [000001A3D82C8200][000001A3D717CEC0 49] Android_Vulkan_SM5, [000001A3D8328800][000001A3D7139000 49] Android_PowerVR_G6xxx, [000001A3D82CA500][000001A3D7181140 49] Android_PowerVR_GT7xxx, [000001A3D8328E00][000001A3D7185280 49] Android_PowerVR_GE8xxx, [000001A3D82C9500][000001A3D71893C0 49] Android_PowerVR_GM9xxx, [000001A3D8328D00][000001A3D7191540 49] Android_PowerVR_GM9xxx_Vulkan, [000001A3D82C9900][000001A3D71956C0 49] Android_TegraK1, [000001A3D8328600][000001A3D7199840 49] Android_Unknown_Vulkan, [000001A3D82CB800][000001A3CF2959C0 49] Lumin, [000001A3D832A600][000001A3CF299B40 49] Lumin_Desktop, [000001A3D82CBB00][000001A3CF29C140 49] HoloLens, 
[2022.04.15-12.09.59:104][  0]LogMeshReduction: Using QuadricMeshReduction for automatic static mesh reduction
[2022.04.15-12.09.59:104][  0]LogMeshReduction: Using SimplygonMeshReduction for automatic skeletal mesh reduction
[2022.04.15-12.09.59:104][  0]LogMeshReduction: Using ProxyLODMeshReduction for automatic mesh merging
[2022.04.15-12.09.59:104][  0]LogMeshReduction: No distributed automatic mesh merging module available
[2022.04.15-12.09.59:105][  0]LogMeshMerging: No distributed automatic mesh merging module available
[2022.04.15-12.09.59:129][  0]LogNetVersion: Excalibur 1.0.0, NetCL: 17155196, EngineNetVer: 17, GameNetVer: 0 (Checksum: 1954668629)
[2022.04.15-12.09.59:578][  0]LogTexture: Default maximum texture size for cubemaps generated from long-lat sources has been changed from 512 to unlimited. In order to preserve old behaiour for '/Engine/MapTemplates/Sky/DaylightAmbientCubemap.DaylightAmbientCubemap', its maximum texture size has been explicitly set to 512.
[2022.04.15-12.09.59:636][  0]LogHMD: PokeAHoleMaterial loaded successfully
[2022.04.15-12.09.59:643][  0]LogUObjectArray: 17178 objects as part of root set at end of initial load.
[2022.04.15-12.09.59:643][  0]LogUObjectAllocator: 4302048 out of 0 bytes used by permanent object pool.
[2022.04.15-12.09.59:643][  0]LogUObjectArray: CloseDisregardForGC: 0/0 objects in disregard for GC pool
[2022.04.15-12.10.00:034][  0]LogNiagaraDebuggerClient: Niagara Debugger Client Initialized | Session: 8272EA0847A67416CA0EBE873EADF195 | Instance: F71880BD42110F6D104570A2C30C7BC4 (DESKTOP-SQ2C6IA-14904).
[2022.04.15-12.10.00:284][  0]LogPython: Using Python 3.7.7
[2022.04.15-12.10.00:969][  0]LogTcpMessaging: Initializing TcpMessaging bridge
[2022.04.15-12.10.00:979][  0]LogUdpMessaging: Initializing bridge on interface 0.0.0.0:0 to multicast group 230.0.0.1:6666.
[2022.04.15-12.10.01:060][  0]LogStats: UGameplayTagsManager::InitializeManager -  0.001 s
[2022.04.15-12.10.01:354][  0]LogSkeletalMesh: Display: [AssetLog] E:\Unreal\RPGPrototype_ue4\Excalibur\Content\DynamicSwordAnimset\Weapon\Sword.uasset: Find and fix some bad tangent! please re-import this skeletal mesh asset to fix the issue. The shading of the skeletal mesh will be bad and faceted.
[2022.04.15-12.10.01:682][  0]SourceControl: Source control is disabled
[2022.04.15-12.10.01:682][  0]SourceControl: Source control is disabled
[2022.04.15-12.10.01:690][  0]SourceControl: Source control is disabled
[2022.04.15-12.10.01:698][  0]SourceControl: Source control is disabled
[2022.04.15-12.10.01:731][  0]LogUProjectInfo: Found projects:
[2022.04.15-12.10.01:780][  0]SourceControl: Source control is disabled
[2022.04.15-12.10.02:204][  0]LogOpenImageDenoise: OIDN starting up
[2022.04.15-12.10.02:316][  0]LogAndroidPermission: UAndroidPermissionCallbackProxy::GetInstance
[2022.04.15-12.10.02:369][  0]LogAudioCaptureCore: Display: No Audio Capture implementations found. Audio input will be silent.
[2022.04.15-12.10.02:369][  0]LogAudioCaptureCore: Display: No Audio Capture implementations found. Audio input will be silent.
[2022.04.15-12.10.02:580][  0]LogCollectionManager: Loaded 0 collections in 0.000757 seconds
[2022.04.15-12.10.02:632][  0]LogFileCache: Scanning file cache for directory 'E:/Unreal/RPGPrototype_ue4/Excalibur/Saved/Collections/' took 0.00s
[2022.04.15-12.10.02:632][  0]LogFileCache: Scanning file cache for directory 'E:/Unreal/RPGPrototype_ue4/Excalibur/Content/Developers/Usuario/Collections/' took 0.00s
[2022.04.15-12.10.02:632][  0]LogFileCache: Scanning file cache for directory 'E:/Unreal/RPGPrototype_ue4/Excalibur/Content/Collections/' took 0.00s
[2022.04.15-12.10.02:632][  0]LogOcInput: OculusInput pre-init called
[2022.04.15-12.10.02:956][  0]LogClass: Display: ByteProperty FHeroGameplayAbilityBindInfo::Command is not initialized properly. Module:Excalibur File:Data/HeroAbilityDataAsset.h
[2022.04.15-12.10.02:956][  0]LogClass: Display: 1 Uninitialized script struct members found including 0 object properties
[2022.04.15-12.10.02:957][  0]LogEngine: Initializing Engine...
[2022.04.15-12.10.02:962][  0]LogHMD: Failed to enumerate extensions. Please check that you have a valid OpenXR runtime installed.
[2022.04.15-12.10.02:963][  0]LogHMD: Failed to initialize OpenVR with code 110
[2022.04.15-12.10.02:963][  0]LogMagicLeap: Warning: VR disabled because ZI is not enabled.  To enable, in the editor, Edit -> Project Settings -> Plugins -> Magic Leap Plugin -> Enable Zero Iteration
[2022.04.15-12.10.03:077][  0]LogInit: Initializing FReadOnlyCVARCache
[2022.04.15-12.10.03:095][  0]LogAIModule: Creating AISystem for world Untitled
[2022.04.15-12.10.03:096][  0]LogAudio: Display: Initializing Audio Device Manager...
[2022.04.15-12.10.03:104][  0]LogAudio: Display: Loading Default Audio Settings Objects...
[2022.04.15-12.10.03:105][  0]LogAudio: Display: No default SoundConcurrencyObject specified (or failed to load).
[2022.04.15-12.10.03:106][  0]LogAudio: Display: Audio Device Manager Initialized
[2022.04.15-12.10.03:106][  0]LogAudio: Display: Creating Audio Device:                 Id: 1, Scope: Shared, Realtime: True
[2022.04.15-12.10.03:106][  0]LogAudioMixer: Display: Audio Mixer Platform Settings:
[2022.04.15-12.10.03:106][  0]LogAudioMixer: Display: 	Sample Rate:						  48000
[2022.04.15-12.10.03:106][  0]LogAudioMixer: Display: 	Callback Buffer Frame Size Requested: 1024
[2022.04.15-12.10.03:106][  0]LogAudioMixer: Display: 	Callback Buffer Frame Size To Use:	  1024
[2022.04.15-12.10.03:107][  0]LogAudioMixer: Display: 	Number of buffers to queue:			  2
[2022.04.15-12.10.03:107][  0]LogAudioMixer: Display: 	Max Channels (voices):				  32
[2022.04.15-12.10.03:107][  0]LogAudioMixer: Display: 	Number of Async Source Workers:		  0
[2022.04.15-12.10.03:107][  0]LogAudio: Display: AudioDevice MaxSources: 32
[2022.04.15-12.10.03:107][  0]LogAudio: Display: Audio Spatialization Plugin: None (built-in).
[2022.04.15-12.10.03:107][  0]LogAudio: Display: Audio Reverb Plugin: None (built-in).
[2022.04.15-12.10.03:107][  0]LogAudio: Display: Audio Occlusion Plugin: None (built-in).
[2022.04.15-12.10.03:107][  0]LogAudioMixer: Display: Initializing audio mixer.
[2022.04.15-12.10.03:148][  0]LogAudioMixer: Display: 0: FrontLeft
[2022.04.15-12.10.03:148][  0]LogAudioMixer: Display: 1: FrontRight
[2022.04.15-12.10.03:188][  0]LogAudioMixer: Display: Using Audio Device Auriculares (2- XMFHZ02 Stereo)
[2022.04.15-12.10.03:191][  0]LogAudioMixer: Display: Initializing Sound Submixes...
[2022.04.15-12.10.03:195][  0]LogAudioMixer: Display: Creating Master Submix 'MasterSubmixDefault'
[2022.04.15-12.10.03:195][  0]LogAudioMixer: Display: Creating Master Submix 'MasterReverbSubmixDefault'
[2022.04.15-12.10.03:196][  0]LogAudioMixer: Display: Creating Master Submix 'MasterEQSubmixDefault'
[2022.04.15-12.10.03:197][  0]LogAudioMixer: FMixerPlatformXAudio2::StartAudioStream() called
[2022.04.15-12.10.03:197][  0]LogAudioMixer: Display: Output buffers initialized: Frames=1024, Channels=2, Samples=2048
[2022.04.15-12.10.03:199][  0]LogAudioMixer: Display: Starting AudioMixerPlatformInterface::RunInternal()
[2022.04.15-12.10.03:199][  0]LogAudioMixer: Display: FMixerPlatformXAudio2::SubmitBuffer() called for the first time
[2022.04.15-12.10.03:199][  0]LogInit: FAudioDevice initialized.
[2022.04.15-12.10.03:199][  0]LogAudio: Display: Audio Device (ID: 1) registered with world 'Untitled'.
[2022.04.15-12.10.03:199][  0]LogNetVersion: Set ProjectVersion to 1.0.0.0. Version Checksum will be recalculated on next use.
[2022.04.15-12.10.03:265][  0]LogDerivedDataCache: Saved boot cache 0.07s 100MB C:/Users/Usuario/AppData/Local/UnrealEngine/4.27/DerivedDataCache/Boot.ddc.
[2022.04.15-12.10.03:265][  0]LogInit: Texture streaming: Enabled
[2022.04.15-12.10.03:292][  0]LogAnalytics: Display: [UEEditor.Rocket.Release] APIServer = https://datarouter.ol.epicgames.com/. AppVersion = 4.27.2-18319896+++UE4+Release-4.27
[2022.04.15-12.10.03:301][  0]LogEngineSessionManager: EngineSessionManager initialized
[2022.04.15-12.10.03:301][  0]LogEditorSessionSummary: Verbose: Initializing EditorSessionSummaryWriter for editor session tracking
[2022.04.15-12.10.03:304][  0]LogEditorSessionSummary: EditorSessionSummaryWriter initialized
[2022.04.15-12.10.03:349][  0]LogInit: Transaction tracking system initialized
[2022.04.15-12.10.03:403][  0]BlueprintLog: New page: Editor Load
[2022.04.15-12.10.03:550][  0]LocalizationService: Localization service is disabled
[2022.04.15-12.10.03:605][  0]TimingProfiler: Initialize
[2022.04.15-12.10.03:606][  0]TimingProfiler: OnSessionChanged
[2022.04.15-12.10.03:606][  0]LoadingProfiler: Initialize
[2022.04.15-12.10.03:606][  0]LoadingProfiler: OnSessionChanged
[2022.04.15-12.10.03:606][  0]NetworkingProfiler: Initialize
[2022.04.15-12.10.03:606][  0]NetworkingProfiler: OnSessionChanged
[2022.04.15-12.10.03:606][  0]MemoryProfiler: Initialize
[2022.04.15-12.10.03:606][  0]MemoryProfiler: OnSessionChanged
[2022.04.15-12.10.03:847][  0]LogCook: Display: CookSettings for Memory: MemoryMaxUsedVirtual 0MiB, MemoryMaxUsedPhysical 16384MiB, MemoryMinFreeVirtual 0MiB, MemoryMinFreePhysical 1024MiB
[2022.04.15-12.10.03:847][  0]LogCook: Display: Mobile HDR setting 1
[2022.04.15-12.10.03:914][  0]LogFileCache: Scanning file cache for directory 'E:/Unreal/RPGPrototype_ue4/Excalibur/Content/' took 0.01s
[2022.04.15-12.10.03:914][  0]LogStats: FGameplayAbilitiesEditorModule::GameplayTagTreeChanged -  0.000 s
[2022.04.15-12.10.04:473][  0]LogInit: Display: Engine is initialized. Leaving FEngineLoop::Init()
[2022.04.15-12.10.04:478][  0]SourceControl: Source control is disabled
[2022.04.15-12.10.04:478][  0]LogUnrealEdMisc: Loading editor; pre map load, took 11.432
[2022.04.15-12.10.04:479][  0]Cmd: MAP LOAD FILE="../../../../../Unreal/RPGPrototype_ue4/Excalibur/Content/ThirdPersonCPP/Maps/ThirdPersonExampleMap.umap" TEMPLATE=0 SHOWPROGRESS=1 FEATURELEVEL=3
[2022.04.15-12.10.04:485][  0]LightingResults: New page: Lighting Build
[2022.04.15-12.10.04:487][  0]LogWorld: UWorld::CleanupWorld for Untitled, bSessionEnded=true, bCleanupResources=true
[2022.04.15-12.10.04:487][  0]LogSlate: InvalidateAllWidgets triggered.  All widgets were invalidated
[2022.04.15-12.10.04:487][  0]MapCheck: New page: Map Check
[2022.04.15-12.10.04:487][  0]LightingResults: New page: Lighting Build
[2022.04.15-12.10.04:491][  0]LogAudio: Display: Audio Device unregistered from world 'None'.
[2022.04.15-12.10.04:497][  0]LogUObjectHash: Compacting FUObjectHashTables data took   1.08ms
[2022.04.15-12.10.04:559][  0]LogAudio: Display: Audio Device (ID: 1) registered with world 'ThirdPersonExampleMap'.
[2022.04.15-12.10.04:560][  0]LogAIModule: Creating AISystem for world ThirdPersonExampleMap
[2022.04.15-12.10.04:565][  0]LogEditorServer: Finished looking for orphan Actors (0.000 secs)
[2022.04.15-12.10.04:573][  0]LogUObjectHash: Compacting FUObjectHashTables data took   0.95ms
[2022.04.15-12.10.04:574][  0]Cmd: MAP CHECKDEP NOCLEARLOG
[2022.04.15-12.10.04:574][  0]MapCheck: Map check complete: 0 Error(s), 0 Warning(s), took 0,286ms to complete.
[2022.04.15-12.10.04:574][  0]LogFileHelpers: Loading map 'ThirdPersonExampleMap' took 0.095
[2022.04.15-12.10.04:579][  0]LogUnrealEdMisc: Total Editor Startup Time, took 11.532
[2022.04.15-12.10.04:728][  0]LogSlate: Updating window title bar state: overlay mode, drag disabled, window buttons hidden, title bar hidden
[2022.04.15-12.10.04:734][  0]LogSlate: Updating window title bar state: overlay mode, drag disabled, window buttons hidden, title bar hidden
[2022.04.15-12.10.04:739][  0]LogSlate: Updating window title bar state: overlay mode, drag disabled, window buttons hidden, title bar hidden
[2022.04.15-12.10.04:744][  0]LogSlate: Updating window title bar state: overlay mode, drag disabled, window buttons hidden, title bar hidden
[2022.04.15-12.10.04:759][  0]LogNativeClassHierarchy: Verbose: Native class hierarchy populated in 0.0102 seconds. Added 3959 classes and 959 folders.
[2022.04.15-12.10.04:762][  0]LogNativeClassHierarchy: Verbose: Native class hierarchy updated for 'WidgetCarousel' in 0.0003 seconds. Added 0 classes and 0 folders.
[2022.04.15-12.10.04:765][  0]LogPakFile: PakFile PrimaryIndexSize=187
[2022.04.15-12.10.04:765][  0]LogPakFile: PakFile PathHashIndexSize=101
[2022.04.15-12.10.04:765][  0]LogPakFile: PakFile FullDirectoryIndexSize=148
[2022.04.15-12.10.04:765][  0]LogShaderLibrary: Display: ShaderCodeLibraryPakFileMountedCallback: PakFile 'E:/UnrealEngine4/UE_4.27/FeaturePacks/FP_FirstPerson.upack' (chunk index -1, root 'root:/') mounted
[2022.04.15-12.10.04:765][  0]LogShaderLibrary: Display: ShaderCodeLibraryPakFileMountedCallback: pending pak file info (ChunkID:-1 Root:root:/ File:E:/UnrealEngine4/UE_4.27/FeaturePacks/FP_FirstPerson.upack)
[2022.04.15-12.10.04:765][  0]LogPakFile: OnPakFileMounted2Time == 0.000139
[2022.04.15-12.10.04:766][  0]LogPakFile: PakFile PrimaryIndexSize=189
[2022.04.15-12.10.04:766][  0]LogPakFile: PakFile PathHashIndexSize=101
[2022.04.15-12.10.04:766][  0]LogPakFile: PakFile FullDirectoryIndexSize=152
[2022.04.15-12.10.04:766][  0]LogShaderLibrary: Display: ShaderCodeLibraryPakFileMountedCallback: PakFile 'E:/UnrealEngine4/UE_4.27/FeaturePacks/FP_FirstPersonBP.upack' (chunk index -1, root 'root:/') mounted
[2022.04.15-12.10.04:767][  0]LogShaderLibrary: Display: ShaderCodeLibraryPakFileMountedCallback: pending pak file info (ChunkID:-1 Root:root:/ File:E:/UnrealEngine4/UE_4.27/FeaturePacks/FP_FirstPersonBP.upack)
[2022.04.15-12.10.04:767][  0]LogPakFile: OnPakFileMounted2Time == 0.000166
[2022.04.15-12.10.04:768][  0]LogPakFile: PakFile PrimaryIndexSize=191
[2022.04.15-12.10.04:768][  0]LogPakFile: PakFile PathHashIndexSize=101
[2022.04.15-12.10.04:768][  0]LogPakFile: PakFile FullDirectoryIndexSize=160
[2022.04.15-12.10.04:768][  0]LogShaderLibrary: Display: ShaderCodeLibraryPakFileMountedCallback: PakFile 'E:/UnrealEngine4/UE_4.27/FeaturePacks/MobileStarterContent.upack' (chunk index -1, root 'root:/') mounted
[2022.04.15-12.10.04:768][  0]LogShaderLibrary: Display: ShaderCodeLibraryPakFileMountedCallback: pending pak file info (ChunkID:-1 Root:root:/ File:E:/UnrealEngine4/UE_4.27/FeaturePacks/MobileStarterContent.upack)
[2022.04.15-12.10.04:768][  0]LogPakFile: OnPakFileMounted2Time == 0.000182
[2022.04.15-12.10.04:769][  0]LogPakFile: PakFile PrimaryIndexSize=185
[2022.04.15-12.10.04:769][  0]LogPakFile: PakFile PathHashIndexSize=101
[2022.04.15-12.10.04:769][  0]LogPakFile: PakFile FullDirectoryIndexSize=148
[2022.04.15-12.10.04:769][  0]LogShaderLibrary: Display: ShaderCodeLibraryPakFileMountedCallback: PakFile 'E:/UnrealEngine4/UE_4.27/FeaturePacks/StarterContent.upack' (chunk index -1, root 'root:/') mounted
[2022.04.15-12.10.04:769][  0]LogShaderLibrary: Display: ShaderCodeLibraryPakFileMountedCallback: pending pak file info (ChunkID:-1 Root:root:/ File:E:/UnrealEngine4/UE_4.27/FeaturePacks/StarterContent.upack)
[2022.04.15-12.10.04:769][  0]LogPakFile: OnPakFileMounted2Time == 0.000098
[2022.04.15-12.10.04:770][  0]LogPakFile: PakFile PrimaryIndexSize=190
[2022.04.15-12.10.04:770][  0]LogPakFile: PakFile PathHashIndexSize=101
[2022.04.15-12.10.04:770][  0]LogPakFile: PakFile FullDirectoryIndexSize=154
[2022.04.15-12.10.04:770][  0]LogShaderLibrary: Display: ShaderCodeLibraryPakFileMountedCallback: PakFile 'E:/UnrealEngine4/UE_4.27/FeaturePacks/TP_2DSideScroller.upack' (chunk index -1, root 'root:/') mounted
[2022.04.15-12.10.04:770][  0]LogShaderLibrary: Display: ShaderCodeLibraryPakFileMountedCallback: pending pak file info (ChunkID:-1 Root:root:/ File:E:/UnrealEngine4/UE_4.27/FeaturePacks/TP_2DSideScroller.upack)
[2022.04.15-12.10.04:770][  0]LogPakFile: OnPakFileMounted2Time == 0.000141
[2022.04.15-12.10.04:771][  0]LogPakFile: PakFile PrimaryIndexSize=192
[2022.04.15-12.10.04:771][  0]LogPakFile: PakFile PathHashIndexSize=101
[2022.04.15-12.10.04:771][  0]LogPakFile: PakFile FullDirectoryIndexSize=158
[2022.04.15-12.10.04:771][  0]LogShaderLibrary: Display: ShaderCodeLibraryPakFileMountedCallback: PakFile 'E:/UnrealEngine4/UE_4.27/FeaturePacks/TP_2DSideScrollerBP.upack' (chunk index -1, root 'root:/') mounted
[2022.04.15-12.10.04:772][  0]LogShaderLibrary: Display: ShaderCodeLibraryPakFileMountedCallback: pending pak file info (ChunkID:-1 Root:root:/ File:E:/UnrealEngine4/UE_4.27/FeaturePacks/TP_2DSideScrollerBP.upack)
[2022.04.15-12.10.04:772][  0]LogPakFile: OnPakFileMounted2Time == 0.000161
[2022.04.15-12.10.04:773][  0]LogPakFile: PakFile PrimaryIndexSize=182
[2022.04.15-12.10.04:773][  0]LogPakFile: PakFile PathHashIndexSize=101
[2022.04.15-12.10.04:773][  0]LogPakFile: PakFile FullDirectoryIndexSize=138
[2022.04.15-12.10.04:773][  0]LogShaderLibrary: Display: ShaderCodeLibraryPakFileMountedCallback: PakFile 'E:/UnrealEngine4/UE_4.27/FeaturePacks/TP_Flying.upack' (chunk index -1, root 'root:/') mounted
[2022.04.15-12.10.04:773][  0]LogShaderLibrary: Display: ShaderCodeLibraryPakFileMountedCallback: pending pak file info (ChunkID:-1 Root:root:/ File:E:/UnrealEngine4/UE_4.27/FeaturePacks/TP_Flying.upack)
[2022.04.15-12.10.04:773][  0]LogPakFile: OnPakFileMounted2Time == 0.000125
[2022.04.15-12.10.04:774][  0]LogPakFile: PakFile PrimaryIndexSize=184
[2022.04.15-12.10.04:774][  0]LogPakFile: PakFile PathHashIndexSize=101
[2022.04.15-12.10.04:774][  0]LogPakFile: PakFile FullDirectoryIndexSize=142
[2022.04.15-12.10.04:774][  0]LogShaderLibrary: Display: ShaderCodeLibraryPakFileMountedCallback: PakFile 'E:/UnrealEngine4/UE_4.27/FeaturePacks/TP_FlyingBP.upack' (chunk index -1, root 'root:/') mounted
[2022.04.15-12.10.04:774][  0]LogShaderLibrary: Display: ShaderCodeLibraryPakFileMountedCallback: pending pak file info (ChunkID:-1 Root:root:/ File:E:/UnrealEngine4/UE_4.27/FeaturePacks/TP_FlyingBP.upack)
[2022.04.15-12.10.04:774][  0]LogPakFile: OnPakFileMounted2Time == 0.000125
[2022.04.15-12.10.04:776][  0]LogPakFile: PakFile PrimaryIndexSize=188
[2022.04.15-12.10.04:776][  0]LogPakFile: PakFile PathHashIndexSize=101
[2022.04.15-12.10.04:776][  0]LogPakFile: PakFile FullDirectoryIndexSize=150
[2022.04.15-12.10.04:776][  0]LogShaderLibrary: Display: ShaderCodeLibraryPakFileMountedCallback: PakFile 'E:/UnrealEngine4/UE_4.27/FeaturePacks/TP_HandheldARBP.upack' (chunk index -1, root 'root:/') mounted
[2022.04.15-12.10.04:776][  0]LogShaderLibrary: Display: ShaderCodeLibraryPakFileMountedCallback: pending pak file info (ChunkID:-1 Root:root:/ File:E:/UnrealEngine4/UE_4.27/FeaturePacks/TP_HandheldARBP.upack)
[2022.04.15-12.10.04:776][  0]LogPakFile: OnPakFileMounted2Time == 0.000125
[2022.04.15-12.10.04:777][  0]LogPakFile: PakFile PrimaryIndexSize=182
[2022.04.15-12.10.04:777][  0]LogPakFile: PakFile PathHashIndexSize=101
[2022.04.15-12.10.04:777][  0]LogPakFile: PakFile FullDirectoryIndexSize=138
[2022.04.15-12.10.04:777][  0]LogShaderLibrary: Display: ShaderCodeLibraryPakFileMountedCallback: PakFile 'E:/UnrealEngine4/UE_4.27/FeaturePacks/TP_Puzzle.upack' (chunk index -1, root 'root:/') mounted
[2022.04.15-12.10.04:777][  0]LogShaderLibrary: Display: ShaderCodeLibraryPakFileMountedCallback: pending pak file info (ChunkID:-1 Root:root:/ File:E:/UnrealEngine4/UE_4.27/FeaturePacks/TP_Puzzle.upack)
[2022.04.15-12.10.04:778][  0]LogPakFile: OnPakFileMounted2Time == 0.000116
[2022.04.15-12.10.04:779][  0]LogPakFile: PakFile PrimaryIndexSize=184
[2022.04.15-12.10.04:779][  0]LogPakFile: PakFile PathHashIndexSize=101
[2022.04.15-12.10.04:779][  0]LogPakFile: PakFile FullDirectoryIndexSize=142
[2022.04.15-12.10.04:779][  0]LogShaderLibrary: Display: ShaderCodeLibraryPakFileMountedCallback: PakFile 'E:/UnrealEngine4/UE_4.27/FeaturePacks/TP_PuzzleBP.upack' (chunk index -1, root 'root:/') mounted
[2022.04.15-12.10.04:779][  0]LogShaderLibrary: Display: ShaderCodeLibraryPakFileMountedCallback: pending pak file info (ChunkID:-1 Root:root:/ File:E:/UnrealEngine4/UE_4.27/FeaturePacks/TP_PuzzleBP.upack)
[2022.04.15-12.10.04:779][  0]LogPakFile: OnPakFileMounted2Time == 0.000109
[2022.04.15-12.10.04:780][  0]LogPakFile: PakFile PrimaryIndexSize=183
[2022.04.15-12.10.04:780][  0]LogPakFile: PakFile PathHashIndexSize=101
[2022.04.15-12.10.04:780][  0]LogPakFile: PakFile FullDirectoryIndexSize=140
[2022.04.15-12.10.04:780][  0]LogShaderLibrary: Display: ShaderCodeLibraryPakFileMountedCallback: PakFile 'E:/UnrealEngine4/UE_4.27/FeaturePacks/TP_Rolling.upack' (chunk index -1, root 'root:/') mounted
[2022.04.15-12.10.04:780][  0]LogShaderLibrary: Display: ShaderCodeLibraryPakFileMountedCallback: pending pak file info (ChunkID:-1 Root:root:/ File:E:/UnrealEngine4/UE_4.27/FeaturePacks/TP_Rolling.upack)
[2022.04.15-12.10.04:780][  0]LogPakFile: OnPakFileMounted2Time == 0.000098
[2022.04.15-12.10.04:781][  0]LogPakFile: PakFile PrimaryIndexSize=185
[2022.04.15-12.10.04:781][  0]LogPakFile: PakFile PathHashIndexSize=101
[2022.04.15-12.10.04:781][  0]LogPakFile: PakFile FullDirectoryIndexSize=144
[2022.04.15-12.10.04:781][  0]LogShaderLibrary: Display: ShaderCodeLibraryPakFileMountedCallback: PakFile 'E:/UnrealEngine4/UE_4.27/FeaturePacks/TP_RollingBP.upack' (chunk index -1, root 'root:/') mounted
[2022.04.15-12.10.04:781][  0]LogShaderLibrary: Display: ShaderCodeLibraryPakFileMountedCallback: pending pak file info (ChunkID:-1 Root:root:/ File:E:/UnrealEngine4/UE_4.27/FeaturePacks/TP_RollingBP.upack)
[2022.04.15-12.10.04:781][  0]LogPakFile: OnPakFileMounted2Time == 0.000113
[2022.04.15-12.10.04:782][  0]LogPakFile: PakFile PrimaryIndexSize=188
[2022.04.15-12.10.04:782][  0]LogPakFile: PakFile PathHashIndexSize=101
[2022.04.15-12.10.04:782][  0]LogPakFile: PakFile FullDirectoryIndexSize=150
[2022.04.15-12.10.04:782][  0]LogShaderLibrary: Display: ShaderCodeLibraryPakFileMountedCallback: PakFile 'E:/UnrealEngine4/UE_4.27/FeaturePacks/TP_SideScroller.upack' (chunk index -1, root 'root:/') mounted
[2022.04.15-12.10.04:782][  0]LogShaderLibrary: Display: ShaderCodeLibraryPakFileMountedCallback: pending pak file info (ChunkID:-1 Root:root:/ File:E:/UnrealEngine4/UE_4.27/FeaturePacks/TP_SideScroller.upack)
[2022.04.15-12.10.04:782][  0]LogPakFile: OnPakFileMounted2Time == 0.000104
[2022.04.15-12.10.04:783][  0]LogPakFile: PakFile PrimaryIndexSize=190
[2022.04.15-12.10.04:783][  0]LogPakFile: PakFile PathHashIndexSize=101
[2022.04.15-12.10.04:784][  0]LogPakFile: PakFile FullDirectoryIndexSize=154
[2022.04.15-12.10.04:784][  0]LogShaderLibrary: Display: ShaderCodeLibraryPakFileMountedCallback: PakFile 'E:/UnrealEngine4/UE_4.27/FeaturePacks/TP_SideScrollerBP.upack' (chunk index -1, root 'root:/') mounted
[2022.04.15-12.10.04:784][  0]LogShaderLibrary: Display: ShaderCodeLibraryPakFileMountedCallback: pending pak file info (ChunkID:-1 Root:root:/ File:E:/UnrealEngine4/UE_4.27/FeaturePacks/TP_SideScrollerBP.upack)
[2022.04.15-12.10.04:784][  0]LogPakFile: OnPakFileMounted2Time == 0.000182
[2022.04.15-12.10.04:785][  0]LogPakFile: PakFile PrimaryIndexSize=187
[2022.04.15-12.10.04:785][  0]LogPakFile: PakFile PathHashIndexSize=101
[2022.04.15-12.10.04:785][  0]LogPakFile: PakFile FullDirectoryIndexSize=148
[2022.04.15-12.10.04:785][  0]LogShaderLibrary: Display: ShaderCodeLibraryPakFileMountedCallback: PakFile 'E:/UnrealEngine4/UE_4.27/FeaturePacks/TP_ThirdPerson.upack' (chunk index -1, root 'root:/') mounted
[2022.04.15-12.10.04:785][  0]LogShaderLibrary: Display: ShaderCodeLibraryPakFileMountedCallback: pending pak file info (ChunkID:-1 Root:root:/ File:E:/UnrealEngine4/UE_4.27/FeaturePacks/TP_ThirdPerson.upack)
[2022.04.15-12.10.04:785][  0]LogPakFile: OnPakFileMounted2Time == 0.000159
[2022.04.15-12.10.04:787][  0]LogPakFile: PakFile PrimaryIndexSize=189
[2022.04.15-12.10.04:787][  0]LogPakFile: PakFile PathHashIndexSize=101
[2022.04.15-12.10.04:787][  0]LogPakFile: PakFile FullDirectoryIndexSize=152
[2022.04.15-12.10.04:787][  0]LogShaderLibrary: Display: ShaderCodeLibraryPakFileMountedCallback: PakFile 'E:/UnrealEngine4/UE_4.27/FeaturePacks/TP_ThirdPersonBP.upack' (chunk index -1, root 'root:/') mounted
[2022.04.15-12.10.04:787][  0]LogShaderLibrary: Display: ShaderCodeLibraryPakFileMountedCallback: pending pak file info (ChunkID:-1 Root:root:/ File:E:/UnrealEngine4/UE_4.27/FeaturePacks/TP_ThirdPersonBP.upack)
[2022.04.15-12.10.04:787][  0]LogPakFile: OnPakFileMounted2Time == 0.000133
[2022.04.15-12.10.04:788][  0]LogPakFile: PakFile PrimaryIndexSize=183
[2022.04.15-12.10.04:788][  0]LogPakFile: PakFile PathHashIndexSize=101
[2022.04.15-12.10.04:788][  0]LogPakFile: PakFile FullDirectoryIndexSize=140
[2022.04.15-12.10.04:788][  0]LogShaderLibrary: Display: ShaderCodeLibraryPakFileMountedCallback: PakFile 'E:/UnrealEngine4/UE_4.27/FeaturePacks/TP_TopDown.upack' (chunk index -1, root 'root:/') mounted
[2022.04.15-12.10.04:788][  0]LogShaderLibrary: Display: ShaderCodeLibraryPakFileMountedCallback: pending pak file info (ChunkID:-1 Root:root:/ File:E:/UnrealEngine4/UE_4.27/FeaturePacks/TP_TopDown.upack)
[2022.04.15-12.10.04:788][  0]LogPakFile: OnPakFileMounted2Time == 0.000148
[2022.04.15-12.10.04:789][  0]LogPakFile: PakFile PrimaryIndexSize=185
[2022.04.15-12.10.04:790][  0]LogPakFile: PakFile PathHashIndexSize=101
[2022.04.15-12.10.04:790][  0]LogPakFile: PakFile FullDirectoryIndexSize=144
[2022.04.15-12.10.04:790][  0]LogShaderLibrary: Display: ShaderCodeLibraryPakFileMountedCallback: PakFile 'E:/UnrealEngine4/UE_4.27/FeaturePacks/TP_TopDownBP.upack' (chunk index -1, root 'root:/') mounted
[2022.04.15-12.10.04:790][  0]LogShaderLibrary: Display: ShaderCodeLibraryPakFileMountedCallback: pending pak file info (ChunkID:-1 Root:root:/ File:E:/UnrealEngine4/UE_4.27/FeaturePacks/TP_TopDownBP.upack)
[2022.04.15-12.10.04:790][  0]LogPakFile: OnPakFileMounted2Time == 0.000130
[2022.04.15-12.10.04:791][  0]LogPakFile: PakFile PrimaryIndexSize=185
[2022.04.15-12.10.04:791][  0]LogPakFile: PakFile PathHashIndexSize=101
[2022.04.15-12.10.04:791][  0]LogPakFile: PakFile FullDirectoryIndexSize=144
[2022.04.15-12.10.04:791][  0]LogShaderLibrary: Display: ShaderCodeLibraryPakFileMountedCallback: PakFile 'E:/UnrealEngine4/UE_4.27/FeaturePacks/TP_TwinStick.upack' (chunk index -1, root 'root:/') mounted
[2022.04.15-12.10.04:791][  0]LogShaderLibrary: Display: ShaderCodeLibraryPakFileMountedCallback: pending pak file info (ChunkID:-1 Root:root:/ File:E:/UnrealEngine4/UE_4.27/FeaturePacks/TP_TwinStick.upack)
[2022.04.15-12.10.04:791][  0]LogPakFile: OnPakFileMounted2Time == 0.000158
[2022.04.15-12.10.04:792][  0]LogPakFile: PakFile PrimaryIndexSize=187
[2022.04.15-12.10.04:792][  0]LogPakFile: PakFile PathHashIndexSize=101
[2022.04.15-12.10.04:792][  0]LogPakFile: PakFile FullDirectoryIndexSize=148
[2022.04.15-12.10.04:792][  0]LogShaderLibrary: Display: ShaderCodeLibraryPakFileMountedCallback: PakFile 'E:/UnrealEngine4/UE_4.27/FeaturePacks/TP_TwinStickBP.upack' (chunk index -1, root 'root:/') mounted
[2022.04.15-12.10.04:792][  0]LogShaderLibrary: Display: ShaderCodeLibraryPakFileMountedCallback: pending pak file info (ChunkID:-1 Root:root:/ File:E:/UnrealEngine4/UE_4.27/FeaturePacks/TP_TwinStickBP.upack)
[2022.04.15-12.10.04:792][  0]LogPakFile: OnPakFileMounted2Time == 0.000114
[2022.04.15-12.10.04:793][  0]LogPakFile: PakFile PrimaryIndexSize=183
[2022.04.15-12.10.04:793][  0]LogPakFile: PakFile PathHashIndexSize=101
[2022.04.15-12.10.04:794][  0]LogPakFile: PakFile FullDirectoryIndexSize=140
[2022.04.15-12.10.04:794][  0]LogShaderLibrary: Display: ShaderCodeLibraryPakFileMountedCallback: PakFile 'E:/UnrealEngine4/UE_4.27/FeaturePacks/TP_Vehicle.upack' (chunk index -1, root 'root:/') mounted
[2022.04.15-12.10.04:794][  0]LogShaderLibrary: Display: ShaderCodeLibraryPakFileMountedCallback: pending pak file info (ChunkID:-1 Root:root:/ File:E:/UnrealEngine4/UE_4.27/FeaturePacks/TP_Vehicle.upack)
[2022.04.15-12.10.04:794][  0]LogPakFile: OnPakFileMounted2Time == 0.000107
[2022.04.15-12.10.04:795][  0]LogPakFile: PakFile PrimaryIndexSize=186
[2022.04.15-12.10.04:795][  0]LogPakFile: PakFile PathHashIndexSize=101
[2022.04.15-12.10.04:795][  0]LogPakFile: PakFile FullDirectoryIndexSize=146
[2022.04.15-12.10.04:795][  0]LogShaderLibrary: Display: ShaderCodeLibraryPakFileMountedCallback: PakFile 'E:/UnrealEngine4/UE_4.27/FeaturePacks/TP_VehicleAdv.upack' (chunk index -1, root 'root:/') mounted
[2022.04.15-12.10.04:795][  0]LogShaderLibrary: Display: ShaderCodeLibraryPakFileMountedCallback: pending pak file info (ChunkID:-1 Root:root:/ File:E:/UnrealEngine4/UE_4.27/FeaturePacks/TP_VehicleAdv.upack)
[2022.04.15-12.10.04:795][  0]LogPakFile: OnPakFileMounted2Time == 0.000161
[2022.04.15-12.10.04:796][  0]LogPakFile: PakFile PrimaryIndexSize=188
[2022.04.15-12.10.04:797][  0]LogPakFile: PakFile PathHashIndexSize=101
[2022.04.15-12.10.04:797][  0]LogPakFile: PakFile FullDirectoryIndexSize=150
[2022.04.15-12.10.04:797][  0]LogShaderLibrary: Display: ShaderCodeLibraryPakFileMountedCallback: PakFile 'E:/UnrealEngine4/UE_4.27/FeaturePacks/TP_VehicleAdvBP.upack' (chunk index -1, root 'root:/') mounted
[2022.04.15-12.10.04:797][  0]LogShaderLibrary: Display: ShaderCodeLibraryPakFileMountedCallback: pending pak file info (ChunkID:-1 Root:root:/ File:E:/UnrealEngine4/UE_4.27/FeaturePacks/TP_VehicleAdvBP.upack)
[2022.04.15-12.10.04:797][  0]LogPakFile: OnPakFileMounted2Time == 0.000137
[2022.04.15-12.10.04:798][  0]LogPakFile: PakFile PrimaryIndexSize=185
[2022.04.15-12.10.04:798][  0]LogPakFile: PakFile PathHashIndexSize=101
[2022.04.15-12.10.04:798][  0]LogPakFile: PakFile FullDirectoryIndexSize=144
[2022.04.15-12.10.04:798][  0]LogShaderLibrary: Display: ShaderCodeLibraryPakFileMountedCallback: PakFile 'E:/UnrealEngine4/UE_4.27/FeaturePacks/TP_VehicleBP.upack' (chunk index -1, root 'root:/') mounted
[2022.04.15-12.10.04:798][  0]LogShaderLibrary: Display: ShaderCodeLibraryPakFileMountedCallback: pending pak file info (ChunkID:-1 Root:root:/ File:E:/UnrealEngine4/UE_4.27/FeaturePacks/TP_VehicleBP.upack)
[2022.04.15-12.10.04:798][  0]LogPakFile: OnPakFileMounted2Time == 0.000164
[2022.04.15-12.10.04:800][  0]LogPakFile: PakFile PrimaryIndexSize=192
[2022.04.15-12.10.04:800][  0]LogPakFile: PakFile PathHashIndexSize=101
[2022.04.15-12.10.04:800][  0]LogPakFile: PakFile FullDirectoryIndexSize=158
[2022.04.15-12.10.04:800][  0]LogShaderLibrary: Display: ShaderCodeLibraryPakFileMountedCallback: PakFile 'E:/UnrealEngine4/UE_4.27/FeaturePacks/TP_VirtualRealityBP.upack' (chunk index -1, root 'root:/') mounted
[2022.04.15-12.10.04:800][  0]LogShaderLibrary: Display: ShaderCodeLibraryPakFileMountedCallback: pending pak file info (ChunkID:-1 Root:root:/ File:E:/UnrealEngine4/UE_4.27/FeaturePacks/TP_VirtualRealityBP.upack)
[2022.04.15-12.10.04:800][  0]LogPakFile: OnPakFileMounted2Time == 0.000160
[2022.04.15-12.10.04:871][  0]LogNativeClassHierarchy: Verbose: Native class hierarchy updated for 'AddContentDialog' in 0.0003 seconds. Added 0 classes and 0 folders.
[2022.04.15-12.10.04:876][  0]LogNativeClassHierarchy: Verbose: Native class hierarchy updated for 'SceneOutliner' in 0.0002 seconds. Added 2 classes and 0 folders.
[2022.04.15-12.10.04:942][  0]LogSlate: Took 0.000400 seconds to synchronously load lazily loaded font '../../../Engine/Content/Slate/Fonts/Roboto-Regular.ttf' (155K)
[2022.04.15-12.10.04:944][  0]LogSlate: Took 0.000209 seconds to synchronously load lazily loaded font '../../../Engine/Content/Editor/Slate/Fonts/FontAwesome.ttf' (139K)
[2022.04.15-12.10.04:945][  0]LogSlate: Took 0.000209 seconds to synchronously load lazily loaded font '../../../Engine/Content/Slate/Fonts/Roboto-Bold.ttf' (160K)
[2022.04.15-12.10.05:026][  0]LogRenderer: Reallocating scene render targets to support 1208x576 Format 10 NumSamples 1 (Frame:1).
[2022.04.15-12.10.05:070][  0]LogSlate: Took 0.000295 seconds to synchronously load lazily loaded font '../../../Engine/Content/Slate/Fonts/Roboto-Light.ttf' (167K)
[2022.04.15-12.10.05:171][  0]LogNativeClassHierarchy: Verbose: Native class hierarchy updated for 'HierarchicalLODOutliner' in 0.0003 seconds. Added 0 classes and 0 folders.
[2022.04.15-12.10.05:171][  0]LogLoad: (Engine Initialization) Total time: 12.12 seconds
[2022.04.15-12.10.05:171][  0]LogLoad: (Engine Initialization) Total Blueprint compile time: 0.00 seconds
[2022.04.15-12.10.05:214][  0]LogAssetRegistry: Asset discovery search completed in 6.5331 seconds
[2022.04.15-12.10.05:221][  0]LogCollectionManager: Fixed up redirectors for 0 collections in 0.000003 seconds (updated 0 objects)
[2022.04.15-12.10.05:223][  0]LogContentStreaming: Texture pool size now 1000 MB
[2022.04.15-12.10.07:245][214]LogSlate: Took 0.000334 seconds to synchronously load lazily loaded font '../../../Engine/Content/Slate/Fonts/Roboto-Light.ttf' (167K)
[2022.04.15-12.10.07:282][214]LogAssetEditorSubsystem: Opening Asset editor for AnimBlueprint /Game/Player/Animation/Blueprint/HeroAnimation_BP.HeroAnimation_BP
[2022.04.15-12.10.07:293][214]LogNativeClassHierarchy: Verbose: Native class hierarchy updated for 'SkeletonEditor' in 0.0003 seconds. Added 1 classes and 2 folders.
[2022.04.15-12.10.07:298][214]LogTexture: Default maximum texture size for cubemaps generated from long-lat sources has been changed from 512 to unlimited. In order to preserve old behaiour for '/Engine/EditorMaterials/AssetViewer/EpicQuadPanorama_CC+EV1.EpicQuadPanorama_CC+EV1', its maximum texture size has been explicitly set to 512.
[2022.04.15-12.10.07:363][214]LogTexture: Default maximum texture size for cubemaps generated from long-lat sources has been changed from 512 to unlimited. In order to preserve old behaiour for '/Engine/MapTemplates/Sky/SunsetAmbientCubemap.SunsetAmbientCubemap', its maximum texture size has been explicitly set to 512.
[2022.04.15-12.10.07:425][214]LogActorComponent: RegisterComponentWithWorld: (/Engine/Transient.World_2:PersistentLevel.AnimationEditorPreviewActor_0.DebugSkelMeshComponent_0) Already registered. Aborting.
[2022.04.15-12.10.07:426][214]LogNativeClassHierarchy: Verbose: Native class hierarchy updated for 'PinnedCommandList' in 0.0003 seconds. Added 1 classes and 0 folders.
[2022.04.15-12.10.07:608][214]LogNativeClassHierarchy: Verbose: Native class hierarchy updated for 'BlueprintGraph' in 0.0005 seconds. Added 126 classes and 0 folders.
[2022.04.15-12.10.08:646][214]LogSlate: Took 0.000350 seconds to synchronously load lazily loaded font '../../../Engine/Content/Slate/Fonts/Roboto-BoldCondensed.ttf' (158K)
[2022.04.15-12.10.08:705][214]LogContentBrowser: Verbose: The majority of assets in the view are of type: AnimSequence
[2022.04.15-12.10.08:725][215]LogSlate: Took 0.000362 seconds to synchronously load lazily loaded font '../../../Engine/Content/Slate/Fonts/Roboto-Italic.ttf' (157K)
