Log file open, 03/16/23 19:27:08
LogWindows: Failed to load 'aqProf.dll' (GetLastError=126)
LogWindows: File 'aqProf.dll' does not exist
LogWindows: Failed to load 'VtuneApi.dll' (GetLastError=126)
LogWindows: File 'VtuneApi.dll' does not exist
LogWindows: Failed to load 'VtuneApi32e.dll' (GetLastError=126)
LogWindows: File 'VtuneApi32e.dll' does not exist
LogConsoleResponse: Display: Failed to find resolution value strings in scalability ini. Falling back to default.
LogConsoleResponse: Display: Failed to find resolution value strings in scalability ini. Falling back to default.
LogInit: Display: Running engine for game: RPGPrototype
LogPlatformFile: Not using cached read wrapper
LogTaskGraph: Started task graph with 5 named threads and 35 total threads with 3 sets of task threads.
LogStats: Stats thread started at 0.350331
LogICUInternationalization: ICU TimeZone Detection - Raw Offset: +0:00, Platform Override: ''
LogInit: Display: Loading text-based GConfig....
LogPluginManager: Mounting plugin MeshPainting
LogPluginManager: Mounting plugin XGEController
LogPluginManager: Mounting plugin Paper2D
LogPluginManager: Mounting plugin LiveLink
LogPluginManager: Mounting plugin LightPropagationVolume
LogPluginManager: Mounting plugin AISupport
LogPluginManager: Mounting plugin GameplayCameras
LogPluginManager: Mounting plugin CameraShakePreviewer
LogPluginManager: Mounting plugin EnvironmentQueryEditor
LogPluginManager: Mounting plugin OodleData
LogPluginManager: Mounting plugin OodleNetwork
LogPluginManager: Mounting plugin AnimationSharing
LogPluginManager: Mounting plugin CLionSourceCodeAccess
LogPluginManager: Mounting plugin CodeLiteSourceCodeAccess
LogPluginManager: Mounting plugin KDevelopSourceCodeAccess
LogPluginManager: Mounting plugin GitSourceControl
LogPluginManager: Mounting plugin NullSourceCodeAccess
LogPluginManager: Mounting plugin PerforceSourceControl
LogPluginManager: Mounting plugin PixWinPlugin
LogPluginManager: Mounting plugin PluginUtils
LogPluginManager: Mounting plugin PlasticSourceControl
LogPluginManager: Mounting plugin PropertyAccessNode
LogPluginManager: Mounting plugin RiderSourceCodeAccess
LogPluginManager: Mounting plugin SubversionSourceControl
LogPluginManager: Mounting plugin TextureFormatOodle
LogPluginManager: Mounting plugin AssetManagerEditor
LogPluginManager: Mounting plugin UObjectPlugin
LogPluginManager: Mounting plugin VisualStudioCodeSourceCodeAccess
LogPluginManager: Mounting plugin XCodeSourceCodeAccess
LogPluginManager: Mounting plugin VisualStudioSourceCodeAccess
LogPluginManager: Mounting plugin CurveEditorTools
LogPluginManager: Mounting plugin CryptoKeys
LogPluginManager: Mounting plugin DataValidation
LogPluginManager: Mounting plugin GameplayTagsEditor
LogPluginManager: Mounting plugin FacialAnimation
LogPluginManager: Mounting plugin GeometryMode
LogPluginManager: Mounting plugin MacGraphicsSwitching
LogPluginManager: Mounting plugin MaterialAnalyzer
LogPluginManager: Mounting plugin MobileLauncherProfileWizard
LogPluginManager: Mounting plugin PluginBrowser
LogPluginManager: Mounting plugin SpeedTreeImporter
LogPluginManager: Mounting plugin Niagara
LogPluginManager: Mounting plugin AlembicImporter
LogPluginManager: Mounting plugin AutomationUtils
LogPluginManager: Mounting plugin BackChannel
LogPluginManager: Mounting plugin ChaosCloth
LogPluginManager: Mounting plugin ChaosEditor
LogPluginManager: Mounting plugin ChaosClothEditor
LogPluginManager: Mounting plugin ChaosNiagara
LogPluginManager: Mounting plugin ChaosSolverPlugin
LogPluginManager: Mounting plugin DatasmithContent
LogPluginManager: Mounting plugin VariantManagerContent
LogPluginManager: Mounting plugin CharacterAI
LogPluginManager: Mounting plugin GeometryCache
LogPluginManager: Mounting plugin GeometryProcessing
LogPluginManager: Mounting plugin GeometryCollectionPlugin
LogPluginManager: Mounting plugin MotoSynth
LogPluginManager: Mounting plugin OpenImageDenoise
LogPluginManager: Mounting plugin PlanarCut
LogPluginManager: Mounting plugin PlatformCrypto
LogPluginManager: Mounting plugin ProxyLODPlugin
LogPluginManager: Mounting plugin PythonScriptPlugin
LogPluginManager: Mounting plugin SkeletalReduction
LogPluginManager: Mounting plugin LuminPlatformFeatures
LogPluginManager: Mounting plugin MagicLeap
LogPluginManager: Mounting plugin MagicLeapLightEstimation
LogPluginManager: Mounting plugin MagicLeapMedia
LogPluginManager: Mounting plugin MagicLeapPassableWorld
LogPluginManager: Mounting plugin MLSDK
LogPluginManager: Mounting plugin AndroidMedia
LogPluginManager: Mounting plugin AvfMedia
LogPluginManager: Mounting plugin ImgMedia
LogPluginManager: Mounting plugin MediaCompositing
LogPluginManager: Mounting plugin MediaPlayerEditor
LogPluginManager: Mounting plugin WebMMedia
LogPluginManager: Mounting plugin WmfMedia
LogPluginManager: Mounting plugin TcpMessaging
LogPluginManager: Mounting plugin ActorSequence
LogPluginManager: Mounting plugin UdpMessaging
LogPluginManager: Mounting plugin LevelSequenceEditor
LogPluginManager: Mounting plugin MatineeToLevelSequence
LogPluginManager: Mounting plugin TemplateSequence
LogPluginManager: Mounting plugin OnlineSubsystem
LogPluginManager: Mounting plugin OnlineSubsystemNull
LogPluginManager: Mounting plugin OnlineSubsystemSteam
LogPluginManager: Mounting plugin OnlineSubsystemUtils
LogPluginManager: Mounting plugin LauncherChunkInstaller
LogPluginManager: Mounting plugin ActorLayerUtilities
LogPluginManager: Mounting plugin AndroidDeviceProfileSelector
LogPluginManager: Mounting plugin AndroidMoviePlayer
LogPluginManager: Mounting plugin AndroidPermission
LogPluginManager: Mounting plugin AppleImageUtils
LogPluginManager: Mounting plugin AppleMoviePlayer
LogPluginManager: Mounting plugin ArchVisCharacter
LogPluginManager: Mounting plugin AssetTags
LogPluginManager: Mounting plugin AudioCapture
LogPluginManager: Mounting plugin AudioSynesthesia
LogPluginManager: Mounting plugin CableComponent
LogPluginManager: Mounting plugin ChunkDownloader
LogPluginManager: Mounting plugin CustomMeshComponent
LogPluginManager: Mounting plugin EditableMesh
LogPluginManager: Mounting plugin DataRegistry
LogPluginManager: Mounting plugin ExampleDeviceProfileSelector
LogPluginManager: Mounting plugin GameplayAbilities
LogPluginManager: Mounting plugin GoogleCloudMessaging
LogPluginManager: Mounting plugin GooglePAD
LogPluginManager: Mounting plugin IOSDeviceProfileSelector
LogPluginManager: Mounting plugin LinuxDeviceProfileSelector
LogPluginManager: Mounting plugin LocationServicesBPLibrary
LogPluginManager: Mounting plugin MobilePatchingUtils
LogPluginManager: Mounting plugin OpenXR
LogPluginManager: Mounting plugin OpenXREyeTracker
LogPluginManager: Mounting plugin OpenXRHandTracking
LogPluginManager: Mounting plugin PhysXVehicles
LogPluginManager: Mounting plugin PostSplashScreen
LogPluginManager: Mounting plugin PropertyAccessEditor
LogPluginManager: Mounting plugin ProceduralMeshComponent
LogPluginManager: Mounting plugin RuntimePhysXCooking
LogPluginManager: Mounting plugin SignificanceManager
LogPluginManager: Mounting plugin SoundFields
LogPluginManager: Mounting plugin Synthesis
LogPluginManager: Mounting plugin WebMMoviePlayer
LogPluginManager: Mounting plugin WindowsMoviePlayer
LogPluginManager: Mounting plugin ScreenshotTools
LogPluginManager: Mounting plugin Takes
LogPluginManager: Mounting plugin ContentBrowserAssetDataSource
LogPluginManager: Mounting plugin ContentBrowserFileDataSource
LogPluginManager: Mounting plugin ContentBrowserClassDataSource
LogPluginManager: Mounting plugin OnlineSubsystemGooglePlay
LogPluginManager: Mounting plugin OnlineSubsystemIOS
LogPluginManager: Mounting plugin OculusVR
LogPluginManager: Mounting plugin SteamShared
LogPluginManager: Mounting plugin SteamVR
LogPluginManager: Mounting plugin MultiplayerSession
PixWinPlugin: PIX capture plugin failed to initialize! Check that the process is launched from PIX.
LogInit: Using libcurl 7.55.1-DEV
LogInit:  - built for x86_64-pc-win32
LogInit:  - supports SSL with OpenSSL/1.1.1
LogInit:  - supports HTTP deflate (compression) using libz 1.2.8
LogInit:  - other features:
LogInit:      CURL_VERSION_SSL
LogInit:      CURL_VERSION_LIBZ
LogInit:      CURL_VERSION_IPV6
LogInit:      CURL_VERSION_ASYNCHDNS
LogInit:      CURL_VERSION_LARGEFILE
LogInit:      CURL_VERSION_IDN
LogInit:  CurlRequestOptions (configurable via config and command line):
LogInit:  - bVerifyPeer = true  - Libcurl will verify peer certificate
LogInit:  - bUseHttpProxy = false  - Libcurl will NOT use HTTP proxy
LogInit:  - bDontReuseConnections = false  - Libcurl will reuse connections
LogInit:  - MaxHostConnections = 16  - Libcurl will limit the number of connections to a host
LogInit:  - LocalHostAddr = Default
LogInit:  - BufferSize = 65536
LogSteamShared: Display: Loading Steam SDK 1.51
LogSteamShared: Steam SDK Loaded!
LogOnline: OSS: Creating online subsystem instance for: Steam
LogOnline: Display: STEAM: OnlineSubsystemSteam::Shutdown()
LogOnline: OSS: Unable to create OnlineSubsystem module Steam
LogOnline: OSS: Creating online subsystem instance for: NULL
LogInit: WinSock: version 1.1 (2.2), MaxSocks=32767, MaxUdp=65467
LogOnline: OSS: TryLoadSubsystemAndSetDefault: Loaded subsystem for module [NULL]
LogOculusPluginWrapper: OculusPlugin initialized successfully
LogHMD: Failed initializing OVRPlugin 1.59.0
LogInit: Build: ++UE4+Release-4.27-CL-18319896
LogInit: Engine Version: 4.27.2-18319896+++UE4+Release-4.27
LogInit: Compatible Engine Version: 4.27.0-17155196+++UE4+Release-4.27
LogInit: Net CL: 17155196
LogInit: OS: Windows 10 (Release 2009) (), CPU: AMD Ryzen 5 3600 6-Core Processor              , GPU: NVIDIA GeForce RTX 2060 SUPER
LogInit: Compiled (64-bit): Nov 30 2021 07:12:08
LogInit: Compiled with Visual C++: 19.24.28315.00
LogInit: Build Configuration: Development
LogInit: Branch Name: ++UE4+Release-4.27
LogInit: Command Line:  -skipcompile
LogInit: Base Directory: E:/UnrealEngine4/UE_4.27/Engine/Binaries/Win64/
LogInit: Allocator: TBB
LogInit: Installed Engine Build: 1
LogDevObjectVersion: Number of dev versions registered: 29
LogDevObjectVersion:   Dev-Blueprints (B0D832E4-1F89-4F0D-ACCF-7EB736FD4AA2): 10
LogDevObjectVersion:   Dev-Build (E1C64328-A22C-4D53-A36C-8E866417BD8C): 0
LogDevObjectVersion:   Dev-Core (375EC13C-06E4-48FB-B500-84F0262A717E): 4
LogDevObjectVersion:   Dev-Editor (E4B068ED-F494-42E9-A231-DA0B2E46BB41): 40
LogDevObjectVersion:   Dev-Framework (CFFC743F-43B0-4480-9391-14DF171D2073): 37
LogDevObjectVersion:   Dev-Mobile (B02B49B5-BB20-44E9-A304-32B752E40360): 3
LogDevObjectVersion:   Dev-Networking (A4E4105C-59A1-49B5-A7C5-40C4547EDFEE): 0
LogDevObjectVersion:   Dev-Online (39C831C9-5AE6-47DC-9A44-9C173E1C8E7C): 0
LogDevObjectVersion:   Dev-Physics (78F01B33-EBEA-4F98-B9B4-84EACCB95AA2): 14
LogDevObjectVersion:   Dev-Platform (6631380F-2D4D-43E0-8009-CF276956A95A): 0
LogDevObjectVersion:   Dev-Rendering (12F88B9F-8875-4AFC-A67C-D90C383ABD29): 45
LogDevObjectVersion:   Dev-Sequencer (7B5AE74C-D270-4C10-A958-57980B212A5A): 13
LogDevObjectVersion:   Dev-VR (D7296918-1DD6-4BDD-9DE2-64A83CC13884): 3
LogDevObjectVersion:   Dev-LoadTimes (C2A15278-BFE7-4AFE-6C17-90FF531DF755): 1
LogDevObjectVersion:   Private-Geometry (6EACA3D4-40EC-4CC1-B786-8BED09428FC5): 3
LogDevObjectVersion:   Dev-AnimPhys (29E575DD-E0A3-4627-9D10-D276232CDCEA): 17
LogDevObjectVersion:   Dev-Anim (AF43A65D-7FD3-4947-9873-3E8ED9C1BB05): 15
LogDevObjectVersion:   Dev-ReflectionCapture (6B266CEC-1EC7-4B8F-A30B-E4D90942FC07): 1
LogDevObjectVersion:   Dev-Automation (0DF73D61-A23F-47EA-B727-89E90C41499A): 1
LogDevObjectVersion:   FortniteMain (601D1886-AC64-4F84-AA16-D3DE0DEAC7D6): 47
LogDevObjectVersion:   FortniteRelease (E7086368-6B23-4C58-8439-1B7016265E91): 1
LogDevObjectVersion:   Dev-Enterprise (9DFFBCD6-494F-0158-E221-12823C92A888): 10
LogDevObjectVersion:   Dev-Niagara (F2AED0AC-9AFE-416F-8664-AA7FFA26D6FC): 1
LogDevObjectVersion:   Dev-Destruction (174F1F0B-B4C6-45A5-B13F-2EE8D0FB917D): 10
LogDevObjectVersion:   Dev-Physics-Ext (35F94A83-E258-406C-A318-09F59610247C): 41
LogDevObjectVersion:   Dev-PhysicsMaterial-Chaos (B68FC16E-8B1B-42E2-B453-215C058844FE): 1
LogDevObjectVersion:   Dev-CineCamera (B2E18506-4273-CFC2-A54E-F4BB758BBA07): 1
LogDevObjectVersion:   Dev-VirtualProduction (64F58936-FD1B-42BA-BA96-7289D5D0FA4E): 1
LogDevObjectVersion:   Dev-MediaFramework (6F0ED827-A609-4895-9C91-998D90180EA4): 2
LogInit: Presizing for max 25165824 objects, including 0 objects not considered by GC, pre-allocating 0 bytes for permanent pool.
LogConfig: Applying CVar settings from Section [/Script/Engine.StreamingSettings] File [E:/Unreal/RPGPrototype_ue4/RPGPrototype/Saved/Config/Windows/Engine.ini]
LogConfig: Setting CVar [[s.MinBulkDataSizeForAsyncLoading:131072]]
LogConfig: Setting CVar [[s.AsyncLoadingThreadEnabled:0]]
LogConfig: Setting CVar [[s.EventDrivenLoaderEnabled:1]]
LogConfig: Setting CVar [[s.WarnIfTimeLimitExceeded:0]]
LogConfig: Setting CVar [[s.TimeLimitExceededMultiplier:1.5]]
LogConfig: Setting CVar [[s.TimeLimitExceededMinTime:0.005]]
LogConfig: Setting CVar [[s.UseBackgroundLevelStreaming:1]]
LogConfig: Setting CVar [[s.PriorityAsyncLoadingExtraTime:15.0]]
LogConfig: Setting CVar [[s.LevelStreamingActorsUpdateTimeLimit:5.0]]
LogConfig: Setting CVar [[s.PriorityLevelStreamingActorsUpdateExtraTime:5.0]]
LogConfig: Setting CVar [[s.LevelStreamingComponentsRegistrationGranularity:10]]
LogConfig: Setting CVar [[s.UnregisterComponentsTimeLimit:1.0]]
LogConfig: Setting CVar [[s.LevelStreamingComponentsUnregistrationGranularity:5]]
LogConfig: Setting CVar [[s.FlushStreamingOnExit:1]]
LogInit: Object subsystem initialized
LogConfig: Setting CVar [[con.DebugEarlyDefault:1]]
LogConfig: Setting CVar [[r.setres:1280x720]]
[2023.03.16-19.27.09:870][  0]LogConfig: Setting CVar [[r.VSync:0]]
[2023.03.16-19.27.09:870][  0]LogConfig: Setting CVar [[r.RHICmdBypass:0]]
[2023.03.16-19.27.09:870][  0]LogConfig: Applying CVar settings from Section [/Script/Engine.RendererSettings] File [E:/Unreal/RPGPrototype_ue4/RPGPrototype/Saved/Config/Windows/Engine.ini]
[2023.03.16-19.27.09:870][  0]LogConfig: Setting CVar [[r.GPUCrashDebugging:0]]
[2023.03.16-19.27.09:870][  0]LogConfig: Applying CVar settings from Section [/Script/Engine.RendererOverrideSettings] File [E:/Unreal/RPGPrototype_ue4/RPGPrototype/Saved/Config/Windows/Engine.ini]
[2023.03.16-19.27.09:870][  0]LogConfig: Applying CVar settings from Section [/Script/Engine.StreamingSettings] File [E:/Unreal/RPGPrototype_ue4/RPGPrototype/Saved/Config/Windows/Engine.ini]
[2023.03.16-19.27.09:870][  0]LogConfig: Setting CVar [[s.MinBulkDataSizeForAsyncLoading:131072]]
[2023.03.16-19.27.09:871][  0]LogConfig: Setting CVar [[s.AsyncLoadingThreadEnabled:0]]
[2023.03.16-19.27.09:871][  0]LogConfig: Setting CVar [[s.EventDrivenLoaderEnabled:1]]
[2023.03.16-19.27.09:871][  0]LogConfig: Setting CVar [[s.WarnIfTimeLimitExceeded:0]]
[2023.03.16-19.27.09:871][  0]LogConfig: Setting CVar [[s.TimeLimitExceededMultiplier:1.5]]
[2023.03.16-19.27.09:871][  0]LogConfig: Setting CVar [[s.TimeLimitExceededMinTime:0.005]]
[2023.03.16-19.27.09:871][  0]LogConfig: Setting CVar [[s.UseBackgroundLevelStreaming:1]]
[2023.03.16-19.27.09:871][  0]LogConfig: Setting CVar [[s.PriorityAsyncLoadingExtraTime:15.0]]
[2023.03.16-19.27.09:871][  0]LogConfig: Setting CVar [[s.LevelStreamingActorsUpdateTimeLimit:5.0]]
[2023.03.16-19.27.09:871][  0]LogConfig: Setting CVar [[s.PriorityLevelStreamingActorsUpdateExtraTime:5.0]]
[2023.03.16-19.27.09:871][  0]LogConfig: Setting CVar [[s.LevelStreamingComponentsRegistrationGranularity:10]]
[2023.03.16-19.27.09:871][  0]LogConfig: Setting CVar [[s.UnregisterComponentsTimeLimit:1.0]]
[2023.03.16-19.27.09:871][  0]LogConfig: Setting CVar [[s.LevelStreamingComponentsUnregistrationGranularity:5]]
[2023.03.16-19.27.09:871][  0]LogConfig: Setting CVar [[s.FlushStreamingOnExit:1]]
[2023.03.16-19.27.09:871][  0]LogConfig: Applying CVar settings from Section [/Script/Engine.GarbageCollectionSettings] File [E:/Unreal/RPGPrototype_ue4/RPGPrototype/Saved/Config/Windows/Engine.ini]
[2023.03.16-19.27.09:871][  0]LogConfig: Setting CVar [[gc.MaxObjectsNotConsideredByGC:1]]
[2023.03.16-19.27.09:871][  0]LogConfig: Setting CVar [[gc.SizeOfPermanentObjectPool:0]]
[2023.03.16-19.27.09:871][  0]LogConfig: Setting CVar [[gc.FlushStreamingOnGC:0]]
[2023.03.16-19.27.09:871][  0]LogConfig: Setting CVar [[gc.NumRetriesBeforeForcingGC:10]]
[2023.03.16-19.27.09:871][  0]LogConfig: Setting CVar [[gc.AllowParallelGC:1]]
[2023.03.16-19.27.09:871][  0]LogConfig: Setting CVar [[gc.TimeBetweenPurgingPendingKillObjects:61.1]]
[2023.03.16-19.27.09:871][  0]LogConfig: Setting CVar [[gc.MaxObjectsInEditor:25165824]]
[2023.03.16-19.27.09:872][  0]LogConfig: Setting CVar [[gc.IncrementalBeginDestroyEnabled:1]]
[2023.03.16-19.27.09:872][  0]LogConfig: Setting CVar [[gc.CreateGCClusters:1]]
[2023.03.16-19.27.09:872][  0]LogConfig: Setting CVar [[gc.MinGCClusterSize:5]]
[2023.03.16-19.27.09:872][  0]LogConfig: Setting CVar [[gc.ActorClusteringEnabled:0]]
[2023.03.16-19.27.09:872][  0]LogConfig: Setting CVar [[gc.BlueprintClusteringEnabled:0]]
[2023.03.16-19.27.09:872][  0]LogConfig: Setting CVar [[gc.UseDisregardForGCOnDedicatedServers:0]]
[2023.03.16-19.27.09:872][  0]LogConfig: Setting CVar [[gc.MultithreadedDestructionEnabled:1]]
[2023.03.16-19.27.09:872][  0]LogConfig: Applying CVar settings from Section [/Script/Engine.NetworkSettings] File [E:/Unreal/RPGPrototype_ue4/RPGPrototype/Saved/Config/Windows/Engine.ini]
[2023.03.16-19.27.09:872][  0]LogConfig: Applying CVar settings from Section [/Script/UnrealEd.CookerSettings] File [E:/Unreal/RPGPrototype_ue4/RPGPrototype/Saved/Config/Windows/Engine.ini]
[2023.03.16-19.27.09:888][  0]LogConfig: Applying CVar settings from Section [ViewDistanceQuality@3] File [E:/Unreal/RPGPrototype_ue4/RPGPrototype/Saved/Config/Windows/Scalability.ini]
[2023.03.16-19.27.09:889][  0]LogConfig: Setting CVar [[r.SkeletalMeshLODBias:0]]
[2023.03.16-19.27.09:889][  0]LogConfig: Setting CVar [[r.ViewDistanceScale:1.0]]
[2023.03.16-19.27.09:889][  0]LogConfig: Applying CVar settings from Section [AntiAliasingQuality@3] File [E:/Unreal/RPGPrototype_ue4/RPGPrototype/Saved/Config/Windows/Scalability.ini]
[2023.03.16-19.27.09:889][  0]LogConfig: Setting CVar [[r.PostProcessAAQuality:4]]
[2023.03.16-19.27.09:889][  0]LogConfig: Applying CVar settings from Section [ShadowQuality@3] File [E:/Unreal/RPGPrototype_ue4/RPGPrototype/Saved/Config/Windows/Scalability.ini]
[2023.03.16-19.27.09:889][  0]LogConfig: Setting CVar [[r.LightFunctionQuality:1]]
[2023.03.16-19.27.09:889][  0]LogConfig: Setting CVar [[r.ShadowQuality:5]]
[2023.03.16-19.27.09:889][  0]LogConfig: Setting CVar [[r.Shadow.CSM.MaxCascades:10]]
[2023.03.16-19.27.09:889][  0]LogConfig: Setting CVar [[r.Shadow.MaxResolution:2048]]
[2023.03.16-19.27.09:889][  0]LogConfig: Setting CVar [[r.Shadow.MaxCSMResolution:2048]]
[2023.03.16-19.27.09:889][  0]LogConfig: Setting CVar [[r.Shadow.RadiusThreshold:0.01]]
[2023.03.16-19.27.09:889][  0]LogConfig: Setting CVar [[r.Shadow.DistanceScale:1.0]]
[2023.03.16-19.27.09:889][  0]LogConfig: Setting CVar [[r.Shadow.CSM.TransitionScale:1.0]]
[2023.03.16-19.27.09:889][  0]LogConfig: Setting CVar [[r.Shadow.PreShadowResolutionFactor:1.0]]
[2023.03.16-19.27.09:889][  0]LogConfig: Setting CVar [[r.DistanceFieldShadowing:1]]
[2023.03.16-19.27.09:889][  0]LogConfig: Setting CVar [[r.DistanceFieldAO:1]]
[2023.03.16-19.27.09:890][  0]LogConfig: Setting CVar [[r.AOQuality:2]]
[2023.03.16-19.27.09:890][  0]LogConfig: Setting CVar [[r.VolumetricFog:1]]
[2023.03.16-19.27.09:890][  0]LogConfig: Setting CVar [[r.VolumetricFog.GridPixelSize:8]]
[2023.03.16-19.27.09:890][  0]LogConfig: Setting CVar [[r.VolumetricFog.GridSizeZ:128]]
[2023.03.16-19.27.09:890][  0]LogConfig: Setting CVar [[r.VolumetricFog.HistoryMissSupersampleCount:4]]
[2023.03.16-19.27.09:890][  0]LogConfig: Setting CVar [[r.LightMaxDrawDistanceScale:1]]
[2023.03.16-19.27.09:890][  0]LogConfig: Setting CVar [[r.CapsuleShadows:1]]
[2023.03.16-19.27.09:890][  0]LogConfig: Applying CVar settings from Section [PostProcessQuality@3] File [E:/Unreal/RPGPrototype_ue4/RPGPrototype/Saved/Config/Windows/Scalability.ini]
[2023.03.16-19.27.09:890][  0]LogConfig: Setting CVar [[r.MotionBlurQuality:4]]
[2023.03.16-19.27.09:890][  0]LogConfig: Setting CVar [[r.AmbientOcclusionMipLevelFactor:0.4]]
[2023.03.16-19.27.09:890][  0]LogConfig: Setting CVar [[r.AmbientOcclusionMaxQuality:100]]
[2023.03.16-19.27.09:890][  0]LogConfig: Setting CVar [[r.AmbientOcclusionLevels:-1]]
[2023.03.16-19.27.09:890][  0]LogConfig: Setting CVar [[r.AmbientOcclusionRadiusScale:1.0]]
[2023.03.16-19.27.09:890][  0]LogConfig: Setting CVar [[r.DepthOfFieldQuality:2]]
[2023.03.16-19.27.09:890][  0]LogConfig: Setting CVar [[r.RenderTargetPoolMin:400]]
[2023.03.16-19.27.09:890][  0]LogConfig: Setting CVar [[r.LensFlareQuality:2]]
[2023.03.16-19.27.09:890][  0]LogConfig: Setting CVar [[r.SceneColorFringeQuality:1]]
[2023.03.16-19.27.09:890][  0]LogConfig: Setting CVar [[r.EyeAdaptationQuality:2]]
[2023.03.16-19.27.09:890][  0]LogConfig: Setting CVar [[r.BloomQuality:5]]
[2023.03.16-19.27.09:890][  0]LogConfig: Setting CVar [[r.FastBlurThreshold:100]]
[2023.03.16-19.27.09:891][  0]LogConfig: Setting CVar [[r.Upscale.Quality:3]]
[2023.03.16-19.27.09:891][  0]LogConfig: Setting CVar [[r.Tonemapper.GrainQuantization:1]]
[2023.03.16-19.27.09:891][  0]LogConfig: Setting CVar [[r.LightShaftQuality:1]]
[2023.03.16-19.27.09:891][  0]LogConfig: Setting CVar [[r.Filter.SizeScale:1]]
[2023.03.16-19.27.09:891][  0]LogConfig: Setting CVar [[r.Tonemapper.Quality:5]]
[2023.03.16-19.27.09:891][  0]LogConfig: Setting CVar [[r.DOF.Gather.AccumulatorQuality:1        ; higher gathering accumulator quality]]
[2023.03.16-19.27.09:891][  0]LogConfig: Setting CVar [[r.DOF.Gather.PostfilterMethod:1          ; Median3x3 postfilering method]]
[2023.03.16-19.27.09:891][  0]LogConfig: Setting CVar [[r.DOF.Gather.EnableBokehSettings:0       ; no bokeh simulation when gathering]]
[2023.03.16-19.27.09:891][  0]LogConfig: Setting CVar [[r.DOF.Gather.RingCount:4                 ; medium number of samples when gathering]]
[2023.03.16-19.27.09:891][  0]LogConfig: Setting CVar [[r.DOF.Scatter.ForegroundCompositing:1    ; additive foreground scattering]]
[2023.03.16-19.27.09:891][  0]LogConfig: Setting CVar [[r.DOF.Scatter.BackgroundCompositing:2    ; additive background scattering]]
[2023.03.16-19.27.09:891][  0]LogConfig: Setting CVar [[r.DOF.Scatter.EnableBokehSettings:1      ; bokeh simulation when scattering]]
[2023.03.16-19.27.09:891][  0]LogConfig: Setting CVar [[r.DOF.Scatter.MaxSpriteRatio:0.1         ; only a maximum of 10% of scattered bokeh]]
[2023.03.16-19.27.09:891][  0]LogConfig: Setting CVar [[r.DOF.Recombine.Quality:1                ; cheap slight out of focus]]
[2023.03.16-19.27.09:891][  0]LogConfig: Setting CVar [[r.DOF.Recombine.EnableBokehSettings:0    ; no bokeh simulation on slight out of focus]]
[2023.03.16-19.27.09:891][  0]LogConfig: Setting CVar [[r.DOF.TemporalAAQuality:1                ; more stable temporal accumulation]]
[2023.03.16-19.27.09:891][  0]LogConfig: Setting CVar [[r.DOF.Kernel.MaxForegroundRadius:0.025]]
[2023.03.16-19.27.09:891][  0]LogConfig: Setting CVar [[r.DOF.Kernel.MaxBackgroundRadius:0.025]]
[2023.03.16-19.27.09:891][  0]LogConfig: Applying CVar settings from Section [TextureQuality@3] File [E:/Unreal/RPGPrototype_ue4/RPGPrototype/Saved/Config/Windows/Scalability.ini]
[2023.03.16-19.27.09:891][  0]LogConfig: Setting CVar [[r.Streaming.MipBias:0]]
[2023.03.16-19.27.09:891][  0]LogConfig: Setting CVar [[r.Streaming.AmortizeCPUToGPUCopy:0]]
[2023.03.16-19.27.09:891][  0]LogConfig: Setting CVar [[r.Streaming.MaxNumTexturesToStreamPerFrame:0]]
[2023.03.16-19.27.09:891][  0]LogConfig: Setting CVar [[r.Streaming.Boost:1]]
[2023.03.16-19.27.09:891][  0]LogConfig: Setting CVar [[r.MaxAnisotropy:8]]
[2023.03.16-19.27.09:891][  0]LogConfig: Setting CVar [[r.VT.MaxAnisotropy:8]]
[2023.03.16-19.27.09:892][  0]LogConfig: Setting CVar [[r.Streaming.LimitPoolSizeToVRAM:0]]
[2023.03.16-19.27.09:892][  0]LogConfig: Setting CVar [[r.Streaming.PoolSize:1000]]
[2023.03.16-19.27.09:892][  0]LogConfig: Setting CVar [[r.Streaming.MaxEffectiveScreenSize:0]]
[2023.03.16-19.27.09:892][  0]LogConfig: Applying CVar settings from Section [EffectsQuality@3] File [E:/Unreal/RPGPrototype_ue4/RPGPrototype/Saved/Config/Windows/Scalability.ini]
[2023.03.16-19.27.09:892][  0]LogConfig: Setting CVar [[r.TranslucencyLightingVolumeDim:64]]
[2023.03.16-19.27.09:892][  0]LogConfig: Setting CVar [[r.RefractionQuality:2]]
[2023.03.16-19.27.09:892][  0]LogConfig: Setting CVar [[r.SSR.Quality:3]]
[2023.03.16-19.27.09:892][  0]LogConfig: Setting CVar [[r.SSR.HalfResSceneColor:0]]
[2023.03.16-19.27.09:892][  0]LogConfig: Setting CVar [[r.SceneColorFormat:4]]
[2023.03.16-19.27.09:892][  0]LogConfig: Setting CVar [[r.DetailMode:2]]
[2023.03.16-19.27.09:892][  0]LogConfig: Setting CVar [[r.TranslucencyVolumeBlur:1]]
[2023.03.16-19.27.09:892][  0]LogConfig: Setting CVar [[r.MaterialQualityLevel:1 ; High quality]]
[2023.03.16-19.27.09:892][  0]LogConfig: Setting CVar [[r.AnisotropicMaterials:1]]
[2023.03.16-19.27.09:892][  0]LogConfig: Setting CVar [[r.SSS.Scale:1]]
[2023.03.16-19.27.09:892][  0]LogConfig: Setting CVar [[r.SSS.SampleSet:2]]
[2023.03.16-19.27.09:892][  0]LogConfig: Setting CVar [[r.SSS.Quality:1]]
[2023.03.16-19.27.09:892][  0]LogConfig: Setting CVar [[r.SSS.HalfRes:0]]
[2023.03.16-19.27.09:892][  0]LogConfig: Setting CVar [[r.SSGI.Quality:3]]
[2023.03.16-19.27.09:892][  0]LogConfig: Setting CVar [[r.EmitterSpawnRateScale:1.0]]
[2023.03.16-19.27.09:892][  0]LogConfig: Setting CVar [[r.ParticleLightQuality:2]]
[2023.03.16-19.27.09:892][  0]LogConfig: Setting CVar [[r.SkyAtmosphere.AerialPerspectiveLUT.FastApplyOnOpaque:1 ; Always have FastSkyLUT 1 in this case to avoid wrong sky]]
[2023.03.16-19.27.09:892][  0]LogConfig: Setting CVar [[r.SkyAtmosphere.AerialPerspectiveLUT.SampleCountMaxPerSlice:4]]
[2023.03.16-19.27.09:892][  0]LogConfig: Setting CVar [[r.SkyAtmosphere.AerialPerspectiveLUT.DepthResolution:16.0]]
[2023.03.16-19.27.09:892][  0]LogConfig: Setting CVar [[r.SkyAtmosphere.FastSkyLUT:1]]
[2023.03.16-19.27.09:892][  0]LogConfig: Setting CVar [[r.SkyAtmosphere.FastSkyLUT.SampleCountMin:4.0]]
[2023.03.16-19.27.09:892][  0]LogConfig: Setting CVar [[r.SkyAtmosphere.FastSkyLUT.SampleCountMax:128.0]]
[2023.03.16-19.27.09:892][  0]LogConfig: Setting CVar [[r.SkyAtmosphere.SampleCountMin:4.0]]
[2023.03.16-19.27.09:892][  0]LogConfig: Setting CVar [[r.SkyAtmosphere.SampleCountMax:128.0]]
[2023.03.16-19.27.09:892][  0]LogConfig: Setting CVar [[r.SkyAtmosphere.TransmittanceLUT.UseSmallFormat:0]]
[2023.03.16-19.27.09:892][  0]LogConfig: Setting CVar [[r.SkyAtmosphere.TransmittanceLUT.SampleCount:10.0]]
[2023.03.16-19.27.09:893][  0]LogConfig: Setting CVar [[r.SkyAtmosphere.MultiScatteringLUT.SampleCount:15.0]]
[2023.03.16-19.27.09:893][  0]LogConfig: Setting CVar [[r.SkyLight.RealTimeReflectionCapture:1]]
[2023.03.16-19.27.09:893][  0]LogConfig: Applying CVar settings from Section [FoliageQuality@3] File [E:/Unreal/RPGPrototype_ue4/RPGPrototype/Saved/Config/Windows/Scalability.ini]
[2023.03.16-19.27.09:893][  0]LogConfig: Setting CVar [[foliage.DensityScale:1.0]]
[2023.03.16-19.27.09:893][  0]LogConfig: Setting CVar [[grass.DensityScale:1.0]]
[2023.03.16-19.27.09:893][  0]LogConfig: Applying CVar settings from Section [ShadingQuality@3] File [E:/Unreal/RPGPrototype_ue4/RPGPrototype/Saved/Config/Windows/Scalability.ini]
[2023.03.16-19.27.09:893][  0]LogConfig: Setting CVar [[r.HairStrands.SkyLighting.IntegrationType:2]]
[2023.03.16-19.27.09:893][  0]LogConfig: Setting CVar [[r.HairStrands.SkyAO.SampleCount:4]]
[2023.03.16-19.27.09:893][  0]LogConfig: Setting CVar [[r.HairStrands.Visibility.MSAA.SamplePerPixel:4]]
[2023.03.16-19.27.09:893][  0]LogInit: Selected Device Profile: [Windows]
[2023.03.16-19.27.09:893][  0]LogInit: Applying CVar settings loaded from the selected device profile: [Windows]
[2023.03.16-19.27.09:893][  0]LogHAL: Display: Platform has ~ 32 GB [34306723840 / 34359738368 / 32], which maps to Largest [LargestMinGB=32, LargerMinGB=12, DefaultMinGB=8, SmallerMinGB=6, SmallestMinGB=0)
[2023.03.16-19.27.09:893][  0]LogInit: Going up to parent DeviceProfile []
[2023.03.16-19.27.09:893][  0]LogConfig: Applying CVar settings from Section [ViewDistanceQuality@3] File [E:/Unreal/RPGPrototype_ue4/RPGPrototype/Saved/Config/Windows/Scalability.ini]
[2023.03.16-19.27.09:893][  0]LogConfig: Setting CVar [[r.SkeletalMeshLODBias:0]]
[2023.03.16-19.27.09:893][  0]LogConfig: Setting CVar [[r.ViewDistanceScale:1.0]]
[2023.03.16-19.27.09:893][  0]LogConfig: Applying CVar settings from Section [AntiAliasingQuality@3] File [E:/Unreal/RPGPrototype_ue4/RPGPrototype/Saved/Config/Windows/Scalability.ini]
[2023.03.16-19.27.09:893][  0]LogConfig: Setting CVar [[r.PostProcessAAQuality:4]]
[2023.03.16-19.27.09:893][  0]LogConfig: Applying CVar settings from Section [ShadowQuality@3] File [E:/Unreal/RPGPrototype_ue4/RPGPrototype/Saved/Config/Windows/Scalability.ini]
[2023.03.16-19.27.09:893][  0]LogConfig: Setting CVar [[r.LightFunctionQuality:1]]
[2023.03.16-19.27.09:893][  0]LogConfig: Setting CVar [[r.ShadowQuality:5]]
[2023.03.16-19.27.09:893][  0]LogConfig: Setting CVar [[r.Shadow.CSM.MaxCascades:10]]
[2023.03.16-19.27.09:893][  0]LogConfig: Setting CVar [[r.Shadow.MaxResolution:2048]]
[2023.03.16-19.27.09:893][  0]LogConfig: Setting CVar [[r.Shadow.MaxCSMResolution:2048]]
[2023.03.16-19.27.09:894][  0]LogConfig: Setting CVar [[r.Shadow.RadiusThreshold:0.01]]
[2023.03.16-19.27.09:894][  0]LogConfig: Setting CVar [[r.Shadow.DistanceScale:1.0]]
[2023.03.16-19.27.09:894][  0]LogConfig: Setting CVar [[r.Shadow.CSM.TransitionScale:1.0]]
[2023.03.16-19.27.09:894][  0]LogConfig: Setting CVar [[r.Shadow.PreShadowResolutionFactor:1.0]]
[2023.03.16-19.27.09:894][  0]LogConfig: Setting CVar [[r.DistanceFieldShadowing:1]]
[2023.03.16-19.27.09:894][  0]LogConfig: Setting CVar [[r.DistanceFieldAO:1]]
[2023.03.16-19.27.09:894][  0]LogConfig: Setting CVar [[r.AOQuality:2]]
[2023.03.16-19.27.09:894][  0]LogConfig: Setting CVar [[r.VolumetricFog:1]]
[2023.03.16-19.27.09:894][  0]LogConfig: Setting CVar [[r.VolumetricFog.GridPixelSize:8]]
[2023.03.16-19.27.09:894][  0]LogConfig: Setting CVar [[r.VolumetricFog.GridSizeZ:128]]
[2023.03.16-19.27.09:894][  0]LogConfig: Setting CVar [[r.VolumetricFog.HistoryMissSupersampleCount:4]]
[2023.03.16-19.27.09:894][  0]LogConfig: Setting CVar [[r.LightMaxDrawDistanceScale:1]]
[2023.03.16-19.27.09:894][  0]LogConfig: Setting CVar [[r.CapsuleShadows:1]]
[2023.03.16-19.27.09:894][  0]LogConfig: Applying CVar settings from Section [PostProcessQuality@3] File [E:/Unreal/RPGPrototype_ue4/RPGPrototype/Saved/Config/Windows/Scalability.ini]
[2023.03.16-19.27.09:894][  0]LogConfig: Setting CVar [[r.MotionBlurQuality:4]]
[2023.03.16-19.27.09:894][  0]LogConfig: Setting CVar [[r.AmbientOcclusionMipLevelFactor:0.4]]
[2023.03.16-19.27.09:894][  0]LogConfig: Setting CVar [[r.AmbientOcclusionMaxQuality:100]]
[2023.03.16-19.27.09:894][  0]LogConfig: Setting CVar [[r.AmbientOcclusionLevels:-1]]
[2023.03.16-19.27.09:894][  0]LogConfig: Setting CVar [[r.AmbientOcclusionRadiusScale:1.0]]
[2023.03.16-19.27.09:894][  0]LogConfig: Setting CVar [[r.DepthOfFieldQuality:2]]
[2023.03.16-19.27.09:894][  0]LogConfig: Setting CVar [[r.RenderTargetPoolMin:400]]
[2023.03.16-19.27.09:894][  0]LogConfig: Setting CVar [[r.LensFlareQuality:2]]
[2023.03.16-19.27.09:894][  0]LogConfig: Setting CVar [[r.SceneColorFringeQuality:1]]
[2023.03.16-19.27.09:894][  0]LogConfig: Setting CVar [[r.EyeAdaptationQuality:2]]
[2023.03.16-19.27.09:894][  0]LogConfig: Setting CVar [[r.BloomQuality:5]]
[2023.03.16-19.27.09:894][  0]LogConfig: Setting CVar [[r.FastBlurThreshold:100]]
[2023.03.16-19.27.09:894][  0]LogConfig: Setting CVar [[r.Upscale.Quality:3]]
[2023.03.16-19.27.09:894][  0]LogConfig: Setting CVar [[r.Tonemapper.GrainQuantization:1]]
[2023.03.16-19.27.09:894][  0]LogConfig: Setting CVar [[r.LightShaftQuality:1]]
[2023.03.16-19.27.09:895][  0]LogConfig: Setting CVar [[r.Filter.SizeScale:1]]
[2023.03.16-19.27.09:895][  0]LogConfig: Setting CVar [[r.Tonemapper.Quality:5]]
[2023.03.16-19.27.09:895][  0]LogConfig: Setting CVar [[r.DOF.Gather.AccumulatorQuality:1        ; higher gathering accumulator quality]]
[2023.03.16-19.27.09:895][  0]LogConfig: Setting CVar [[r.DOF.Gather.PostfilterMethod:1          ; Median3x3 postfilering method]]
[2023.03.16-19.27.09:895][  0]LogConfig: Setting CVar [[r.DOF.Gather.EnableBokehSettings:0       ; no bokeh simulation when gathering]]
[2023.03.16-19.27.09:895][  0]LogConfig: Setting CVar [[r.DOF.Gather.RingCount:4                 ; medium number of samples when gathering]]
[2023.03.16-19.27.09:895][  0]LogConfig: Setting CVar [[r.DOF.Scatter.ForegroundCompositing:1    ; additive foreground scattering]]
[2023.03.16-19.27.09:895][  0]LogConfig: Setting CVar [[r.DOF.Scatter.BackgroundCompositing:2    ; additive background scattering]]
[2023.03.16-19.27.09:895][  0]LogConfig: Setting CVar [[r.DOF.Scatter.EnableBokehSettings:1      ; bokeh simulation when scattering]]
[2023.03.16-19.27.09:895][  0]LogConfig: Setting CVar [[r.DOF.Scatter.MaxSpriteRatio:0.1         ; only a maximum of 10% of scattered bokeh]]
[2023.03.16-19.27.09:895][  0]LogConfig: Setting CVar [[r.DOF.Recombine.Quality:1                ; cheap slight out of focus]]
[2023.03.16-19.27.09:895][  0]LogConfig: Setting CVar [[r.DOF.Recombine.EnableBokehSettings:0    ; no bokeh simulation on slight out of focus]]
[2023.03.16-19.27.09:895][  0]LogConfig: Setting CVar [[r.DOF.TemporalAAQuality:1                ; more stable temporal accumulation]]
[2023.03.16-19.27.09:895][  0]LogConfig: Setting CVar [[r.DOF.Kernel.MaxForegroundRadius:0.025]]
[2023.03.16-19.27.09:895][  0]LogConfig: Setting CVar [[r.DOF.Kernel.MaxBackgroundRadius:0.025]]
[2023.03.16-19.27.09:895][  0]LogConfig: Applying CVar settings from Section [TextureQuality@3] File [E:/Unreal/RPGPrototype_ue4/RPGPrototype/Saved/Config/Windows/Scalability.ini]
[2023.03.16-19.27.09:895][  0]LogConfig: Setting CVar [[r.Streaming.MipBias:0]]
[2023.03.16-19.27.09:895][  0]LogConfig: Setting CVar [[r.Streaming.AmortizeCPUToGPUCopy:0]]
[2023.03.16-19.27.09:895][  0]LogConfig: Setting CVar [[r.Streaming.MaxNumTexturesToStreamPerFrame:0]]
[2023.03.16-19.27.09:895][  0]LogConfig: Setting CVar [[r.Streaming.Boost:1]]
[2023.03.16-19.27.09:895][  0]LogConfig: Setting CVar [[r.MaxAnisotropy:8]]
[2023.03.16-19.27.09:895][  0]LogConfig: Setting CVar [[r.VT.MaxAnisotropy:8]]
[2023.03.16-19.27.09:895][  0]LogConfig: Setting CVar [[r.Streaming.LimitPoolSizeToVRAM:0]]
[2023.03.16-19.27.09:895][  0]LogConfig: Setting CVar [[r.Streaming.PoolSize:1000]]
[2023.03.16-19.27.09:895][  0]LogConfig: Setting CVar [[r.Streaming.MaxEffectiveScreenSize:0]]
[2023.03.16-19.27.09:895][  0]LogConfig: Applying CVar settings from Section [EffectsQuality@3] File [E:/Unreal/RPGPrototype_ue4/RPGPrototype/Saved/Config/Windows/Scalability.ini]
[2023.03.16-19.27.09:895][  0]LogConfig: Setting CVar [[r.TranslucencyLightingVolumeDim:64]]
[2023.03.16-19.27.09:895][  0]LogConfig: Setting CVar [[r.RefractionQuality:2]]
[2023.03.16-19.27.09:895][  0]LogConfig: Setting CVar [[r.SSR.Quality:3]]
[2023.03.16-19.27.09:896][  0]LogConfig: Setting CVar [[r.SSR.HalfResSceneColor:0]]
[2023.03.16-19.27.09:896][  0]LogConfig: Setting CVar [[r.SceneColorFormat:4]]
[2023.03.16-19.27.09:896][  0]LogConfig: Setting CVar [[r.DetailMode:2]]
[2023.03.16-19.27.09:896][  0]LogConfig: Setting CVar [[r.TranslucencyVolumeBlur:1]]
[2023.03.16-19.27.09:896][  0]LogConfig: Setting CVar [[r.MaterialQualityLevel:1 ; High quality]]
[2023.03.16-19.27.09:896][  0]LogConfig: Setting CVar [[r.AnisotropicMaterials:1]]
[2023.03.16-19.27.09:896][  0]LogConfig: Setting CVar [[r.SSS.Scale:1]]
[2023.03.16-19.27.09:896][  0]LogConfig: Setting CVar [[r.SSS.SampleSet:2]]
[2023.03.16-19.27.09:896][  0]LogConfig: Setting CVar [[r.SSS.Quality:1]]
[2023.03.16-19.27.09:896][  0]LogConfig: Setting CVar [[r.SSS.HalfRes:0]]
[2023.03.16-19.27.09:896][  0]LogConfig: Setting CVar [[r.SSGI.Quality:3]]
[2023.03.16-19.27.09:896][  0]LogConfig: Setting CVar [[r.EmitterSpawnRateScale:1.0]]
[2023.03.16-19.27.09:896][  0]LogConfig: Setting CVar [[r.ParticleLightQuality:2]]
[2023.03.16-19.27.09:896][  0]LogConfig: Setting CVar [[r.SkyAtmosphere.AerialPerspectiveLUT.FastApplyOnOpaque:1 ; Always have FastSkyLUT 1 in this case to avoid wrong sky]]
[2023.03.16-19.27.09:896][  0]LogConfig: Setting CVar [[r.SkyAtmosphere.AerialPerspectiveLUT.SampleCountMaxPerSlice:4]]
[2023.03.16-19.27.09:896][  0]LogConfig: Setting CVar [[r.SkyAtmosphere.AerialPerspectiveLUT.DepthResolution:16.0]]
[2023.03.16-19.27.09:896][  0]LogConfig: Setting CVar [[r.SkyAtmosphere.FastSkyLUT:1]]
[2023.03.16-19.27.09:896][  0]LogConfig: Setting CVar [[r.SkyAtmosphere.FastSkyLUT.SampleCountMin:4.0]]
[2023.03.16-19.27.09:896][  0]LogConfig: Setting CVar [[r.SkyAtmosphere.FastSkyLUT.SampleCountMax:128.0]]
[2023.03.16-19.27.09:896][  0]LogConfig: Setting CVar [[r.SkyAtmosphere.SampleCountMin:4.0]]
[2023.03.16-19.27.09:896][  0]LogConfig: Setting CVar [[r.SkyAtmosphere.SampleCountMax:128.0]]
[2023.03.16-19.27.09:896][  0]LogConfig: Setting CVar [[r.SkyAtmosphere.TransmittanceLUT.UseSmallFormat:0]]
[2023.03.16-19.27.09:896][  0]LogConfig: Setting CVar [[r.SkyAtmosphere.TransmittanceLUT.SampleCount:10.0]]
[2023.03.16-19.27.09:896][  0]LogConfig: Setting CVar [[r.SkyAtmosphere.MultiScatteringLUT.SampleCount:15.0]]
[2023.03.16-19.27.09:896][  0]LogConfig: Setting CVar [[r.SkyLight.RealTimeReflectionCapture:1]]
[2023.03.16-19.27.09:897][  0]LogConfig: Applying CVar settings from Section [FoliageQuality@3] File [E:/Unreal/RPGPrototype_ue4/RPGPrototype/Saved/Config/Windows/Scalability.ini]
[2023.03.16-19.27.09:897][  0]LogConfig: Setting CVar [[foliage.DensityScale:1.0]]
[2023.03.16-19.27.09:897][  0]LogConfig: Setting CVar [[grass.DensityScale:1.0]]
[2023.03.16-19.27.09:897][  0]LogConfig: Applying CVar settings from Section [ShadingQuality@3] File [E:/Unreal/RPGPrototype_ue4/RPGPrototype/Saved/Config/Windows/Scalability.ini]
[2023.03.16-19.27.09:897][  0]LogConfig: Setting CVar [[r.HairStrands.SkyLighting.IntegrationType:2]]
[2023.03.16-19.27.09:897][  0]LogConfig: Setting CVar [[r.HairStrands.SkyAO.SampleCount:4]]
[2023.03.16-19.27.09:897][  0]LogConfig: Setting CVar [[r.HairStrands.Visibility.MSAA.SamplePerPixel:4]]
[2023.03.16-19.27.09:897][  0]LogConfig: Applying CVar settings from Section [Startup] File [../../../Engine/Config/ConsoleVariables.ini]
[2023.03.16-19.27.09:897][  0]LogConfig: Setting CVar [[net.UseAdaptiveNetUpdateFrequency:0]]
[2023.03.16-19.27.09:897][  0]LogConfig: Setting CVar [[p.chaos.AllowCreatePhysxBodies:1]]
[2023.03.16-19.27.09:897][  0]LogConfig: Setting CVar [[fx.SkipVectorVMBackendOptimizations:1]]
[2023.03.16-19.27.09:897][  0]LogConfig: Applying CVar settings from Section [ConsoleVariables] File [E:/Unreal/RPGPrototype_ue4/RPGPrototype/Saved/Config/Windows/Engine.ini]
[2023.03.16-19.27.09:897][  0]LogConfig: Applying CVar settings from Section [ConsoleVariables] File [E:/Unreal/RPGPrototype_ue4/RPGPrototype/Saved/Config/Windows/Editor.ini]
[2023.03.16-19.27.09:898][  0]LogInit: Computer: DESKTOP-SQ2C6IA
[2023.03.16-19.27.09:898][  0]LogInit: User: Usuario
[2023.03.16-19.27.09:898][  0]LogInit: CPU Page size=4096, Cores=6
[2023.03.16-19.27.09:898][  0]LogInit: High frequency timer resolution =10.000000 MHz
[2023.03.16-19.27.09:898][  0]LogMemory: Memory total: Physical=32.0GB (32GB approx)
[2023.03.16-19.27.09:898][  0]LogMemory: Platform Memory Stats for Windows
[2023.03.16-19.27.09:898][  0]LogMemory: Process Physical Memory: 148.06 MB used, 148.06 MB peak
[2023.03.16-19.27.09:898][  0]LogMemory: Process Virtual Memory: 126.06 MB used, 126.06 MB peak
[2023.03.16-19.27.09:898][  0]LogMemory: Physical Memory: 10008.75 MB used,  22708.70 MB free, 32717.44 MB total
[2023.03.16-19.27.09:898][  0]LogMemory: Virtual Memory: 134192552.00 MB used,  25177.61 MB free, 134217728.00 MB total
[2023.03.16-19.27.09:912][  0]LogWindows: WindowsPlatformFeatures enabled
[2023.03.16-19.27.10:101][  0]LogInit: Physics initialised using underlying interface: PhysX
[2023.03.16-19.27.10:103][  0]LogInit: Overriding language with editor language configuration option (en).
[2023.03.16-19.27.10:103][  0]LogInit: Using OS detected locale (es-ES).
[2023.03.16-19.27.10:275][  0]LogInit: Setting process to per monitor DPI aware
[2023.03.16-19.27.10:308][  0]LogWindowsTextInputMethodSystem: Display: IME system deactivated.
[2023.03.16-19.27.10:330][  0]LogSlate: New Slate User Created.  User Index 0, Is Virtual User: 0
[2023.03.16-19.27.10:330][  0]LogSlate: Slate User Registered.  User Index 0, Is Virtual User: 0
[2023.03.16-19.27.10:605][  0]LogD3D11RHI: Loaded GFSDK_Aftermath_Lib.x64.dll
[2023.03.16-19.27.10:612][  0]LogHMD: Failed to initialize OpenVR with code 110
[2023.03.16-19.27.10:612][  0]LogD3D11RHI: D3D11 min allowed feature level: 11_0
[2023.03.16-19.27.10:612][  0]LogD3D11RHI: D3D11 max allowed feature level: 11_0
[2023.03.16-19.27.10:612][  0]LogD3D11RHI: D3D11 adapters:
[2023.03.16-19.27.10:777][  0]LogD3D11RHI:    0. 'NVIDIA GeForce RTX 2060 SUPER' (Feature Level 11_0)
[2023.03.16-19.27.10:778][  0]LogD3D11RHI:       8019/0/16358 MB DedicatedVideo/DedicatedSystem/SharedSystem, Outputs:2, VendorId:0x10de
[2023.03.16-19.27.10:784][  0]LogD3D11RHI:    1. 'Microsoft Basic Render Driver' (Feature Level 11_0)
[2023.03.16-19.27.10:784][  0]LogD3D11RHI:       0/0/16358 MB DedicatedVideo/DedicatedSystem/SharedSystem, Outputs:0, VendorId:0x1414
[2023.03.16-19.27.10:784][  0]LogD3D11RHI: Chosen D3D11 Adapter:
[2023.03.16-19.27.10:784][  0]LogD3D11RHI:     Description : NVIDIA GeForce RTX 2060 SUPER
[2023.03.16-19.27.10:784][  0]LogD3D11RHI:     VendorId    : 10de
[2023.03.16-19.27.10:784][  0]LogD3D11RHI:     DeviceId    : 1f06
[2023.03.16-19.27.10:784][  0]LogD3D11RHI:     SubSysId    : 3fed1458
[2023.03.16-19.27.10:784][  0]LogD3D11RHI:     Revision    : 00a1
[2023.03.16-19.27.10:784][  0]LogD3D11RHI:     DedicatedVideoMemory : 8408530944 bytes
[2023.03.16-19.27.10:784][  0]LogD3D11RHI:     DedicatedSystemMemory : 0 bytes
[2023.03.16-19.27.10:784][  0]LogD3D11RHI:     SharedSystemMemory : 17153361920 bytes
[2023.03.16-19.27.10:784][  0]LogD3D11RHI:     AdapterLuid : 0 68038
[2023.03.16-19.27.10:790][  0]LogD3D11RHI: Creating new Direct3DDevice
[2023.03.16-19.27.10:790][  0]LogD3D11RHI:     GPU DeviceId: 0x1f06 (for the marketing name, search the web for "GPU Device Id")
[2023.03.16-19.27.10:790][  0]LogWindows: EnumDisplayDevices:
[2023.03.16-19.27.10:790][  0]LogWindows:    0. 'NVIDIA GeForce RTX 2060 SUPER' (P:1 D:1)
[2023.03.16-19.27.10:791][  0]LogWindows:    1. 'NVIDIA GeForce RTX 2060 SUPER' (P:0 D:1)
[2023.03.16-19.27.10:791][  0]LogWindows:    2. 'NVIDIA GeForce RTX 2060 SUPER' (P:0 D:0)
[2023.03.16-19.27.10:792][  0]LogWindows:    3. 'NVIDIA GeForce RTX 2060 SUPER' (P:0 D:0)
[2023.03.16-19.27.10:792][  0]LogWindows: DebugString: FoundDriverCount:4 
[2023.03.16-19.27.10:792][  0]LogD3D11RHI:     Adapter Name: NVIDIA GeForce RTX 2060 SUPER
[2023.03.16-19.27.10:792][  0]LogD3D11RHI:   Driver Version: 528.49 (internal:31.0.15.2849, unified:528.49)
[2023.03.16-19.27.10:792][  0]LogD3D11RHI:      Driver Date: 2-2-2023
[2023.03.16-19.27.10:792][  0]LogRHI: Texture pool is 5613 MB (70% of 8019 MB)
[2023.03.16-19.27.10:792][  0]LogD3D11RHI: Creating D3DDevice using adapter:
[2023.03.16-19.27.10:792][  0]LogD3D11RHI:     Description : NVIDIA GeForce RTX 2060 SUPER
[2023.03.16-19.27.10:792][  0]LogD3D11RHI:     VendorId    : 10de
[2023.03.16-19.27.10:792][  0]LogD3D11RHI:     DeviceId    : 1f06
[2023.03.16-19.27.10:792][  0]LogD3D11RHI:     SubSysId    : 3fed1458
[2023.03.16-19.27.10:793][  0]LogD3D11RHI:     Revision    : 00a1
[2023.03.16-19.27.10:793][  0]LogD3D11RHI:     DedicatedVideoMemory : 8408530944 bytes
[2023.03.16-19.27.10:793][  0]LogD3D11RHI:     DedicatedSystemMemory : 0 bytes
[2023.03.16-19.27.10:793][  0]LogD3D11RHI:     SharedSystemMemory : 17153361920 bytes
[2023.03.16-19.27.10:793][  0]LogD3D11RHI:     AdapterLuid : 0 68038
[2023.03.16-19.27.10:882][  0]LogD3D11RHI: RHI has support for 64 bit atomics
[2023.03.16-19.27.10:882][  0]LogD3D11RHI: Async texture creation enabled
[2023.03.16-19.27.10:882][  0]LogD3D11RHI: Array index from any shader is supported
[2023.03.16-19.27.10:899][  0]LogD3D11RHI: GPU Timing Frequency: 1000.000000 (Debug: 2 1)
[2023.03.16-19.27.10:960][  0]LogRHI: GeForceNow SDK initialized: 1
[2023.03.16-19.27.11:294][  0]LogTargetPlatformManager: Display: Loaded TargetPlatform 'AllDesktop'
[2023.03.16-19.27.11:320][  0]LogTargetPlatformManager: Display: Loaded TargetPlatform 'Android'
[2023.03.16-19.27.11:320][  0]LogTargetPlatformManager: Display: Loaded TargetPlatform 'Android_ASTC'
[2023.03.16-19.27.11:320][  0]LogTargetPlatformManager: Display: Loaded TargetPlatform 'Android_DXT'
[2023.03.16-19.27.11:320][  0]LogTargetPlatformManager: Display: Loaded TargetPlatform 'Android_ETC2'
[2023.03.16-19.27.11:320][  0]LogTargetPlatformManager: Display: Loaded TargetPlatform 'AndroidClient'
[2023.03.16-19.27.11:320][  0]LogTargetPlatformManager: Display: Loaded TargetPlatform 'Android_ASTCClient'
[2023.03.16-19.27.11:320][  0]LogTargetPlatformManager: Display: Loaded TargetPlatform 'Android_DXTClient'
[2023.03.16-19.27.11:320][  0]LogTargetPlatformManager: Display: Loaded TargetPlatform 'Android_ETC2Client'
[2023.03.16-19.27.11:320][  0]LogTargetPlatformManager: Display: Loaded TargetPlatform 'Android_Multi'
[2023.03.16-19.27.11:320][  0]LogTargetPlatformManager: Display: Loaded TargetPlatform 'Android_MultiClient'
[2023.03.16-19.27.11:352][  0]LogTargetPlatformManager: Display: Loaded TargetPlatform 'IOSClient'
[2023.03.16-19.27.11:352][  0]LogTargetPlatformManager: Display: Loaded TargetPlatform 'IOS'
[2023.03.16-19.27.11:365][  0]LogTargetPlatformManager: Display: Loaded TargetPlatform 'Linux'
[2023.03.16-19.27.11:372][  0]LogTargetPlatformManager: Display: Loaded TargetPlatform 'LinuxNoEditor'
[2023.03.16-19.27.11:379][  0]LogTargetPlatformManager: Display: Loaded TargetPlatform 'LinuxClient'
[2023.03.16-19.27.11:387][  0]LogTargetPlatformManager: Display: Loaded TargetPlatform 'LinuxServer'
[2023.03.16-19.27.11:399][  0]LogTargetPlatformManager: Display: Loaded TargetPlatform 'LinuxAArch64NoEditor'
[2023.03.16-19.27.11:406][  0]LogTargetPlatformManager: Display: Loaded TargetPlatform 'LinuxAArch64Client'
[2023.03.16-19.27.11:414][  0]LogTargetPlatformManager: Display: Loaded TargetPlatform 'LinuxAArch64Server'
[2023.03.16-19.27.11:441][  0]LogTargetPlatformManager: Display: Loaded TargetPlatform 'Lumin'
[2023.03.16-19.27.11:441][  0]LogTargetPlatformManager: Display: Loaded TargetPlatform 'LuminClient'
[2023.03.16-19.27.11:452][  0]LogTargetPlatformManager: Display: Loaded TargetPlatform 'MacNoEditor'
[2023.03.16-19.27.11:461][  0]LogTargetPlatformManager: Display: Loaded TargetPlatform 'Mac'
[2023.03.16-19.27.11:468][  0]LogTargetPlatformManager: Display: Loaded TargetPlatform 'MacClient'
[2023.03.16-19.27.11:476][  0]LogTargetPlatformManager: Display: Loaded TargetPlatform 'MacServer'
[2023.03.16-19.27.11:488][  0]LogTargetPlatformManager: Display: Loaded TargetPlatform 'TVOSClient'
[2023.03.16-19.27.11:489][  0]LogTargetPlatformManager: Display: Loaded TargetPlatform 'TVOS'
[2023.03.16-19.27.11:501][  0]LogTargetPlatformManager: Display: Loaded TargetPlatform 'WindowsNoEditor'
[2023.03.16-19.27.11:508][  0]LogTargetPlatformManager: Display: Loaded TargetPlatform 'Windows'
[2023.03.16-19.27.11:516][  0]LogTargetPlatformManager: Display: Loaded TargetPlatform 'WindowsClient'
[2023.03.16-19.27.11:524][  0]LogTargetPlatformManager: Display: Loaded TargetPlatform 'WindowsServer'
[2023.03.16-19.27.11:524][  0]LogTargetPlatformManager: Display: Building Assets For Windows
[2023.03.16-19.27.11:545][  0]LogAudioDebug: Display: Lib vorbis DLL was dynamically loaded.
[2023.03.16-19.27.11:606][  0]LogTextureFormatOodle: Display: Oodle Texture 2.9.0 init RDO Off
[2023.03.16-19.27.11:680][  0]LogRendererCore: Ray tracing is disabled. Reason: r.RayTracing=0.
[2023.03.16-19.27.11:680][  0]LogShaderCompilers: Guid format shader working directory is -3 characters bigger than the processId version (../../../../../Unreal/RPGPrototype_ue4/RPGPrototype/Intermediate/Shaders/WorkingDirectory/9100/).
[2023.03.16-19.27.11:680][  0]LogShaderCompilers: Cleaned the shader compiler working directory 'C:/Users/Usuario/AppData/Local/Temp/UnrealShaderWorkingDir/5AC04E99486F8E03D87DDA9DC3B01238/'.
[2023.03.16-19.27.11:680][  0]LogXGEController: Cannot use XGE Controller as Incredibuild is not installed on this machine.
[2023.03.16-19.27.11:681][  0]LogShaderCompilers: Cannot use XGE Shader Compiler as Incredibuild is not installed on this machine.
[2023.03.16-19.27.11:681][  0]LogShaderCompilers: Display: Using Local Shader Compiler.
[2023.03.16-19.27.12:358][  0]LogDerivedDataCache: Display: Max Cache Size: 512 MB
[2023.03.16-19.27.12:405][  0]LogDerivedDataCache: Loaded boot cache 0.05s 96MB C:/Users/Usuario/AppData/Local/UnrealEngine/4.27/DerivedDataCache/Boot.ddc.
[2023.03.16-19.27.12:405][  0]LogDerivedDataCache: Display: Loaded Boot cache: C:/Users/Usuario/AppData/Local/UnrealEngine/4.27/DerivedDataCache/Boot.ddc
[2023.03.16-19.27.12:405][  0]LogDerivedDataCache: FDerivedDataBackendGraph:  Pak pak cache file ../../../../../Unreal/RPGPrototype_ue4/RPGPrototype/DerivedDataCache/DDC.ddp not found, will not use a pak cache.
[2023.03.16-19.27.12:405][  0]LogDerivedDataCache: Unable to find inner node Pak for hierarchical cache Hierarchy.
[2023.03.16-19.27.12:405][  0]LogDerivedDataCache: FDerivedDataBackendGraph:  CompressedPak pak cache file ../../../../../Unreal/RPGPrototype_ue4/RPGPrototype/DerivedDataCache/Compressed.ddp not found, will not use a pak cache.
[2023.03.16-19.27.12:406][  0]LogDerivedDataCache: Unable to find inner node CompressedPak for hierarchical cache Hierarchy.
[2023.03.16-19.27.12:423][  0]LogDerivedDataCache: Display: Pak cache opened for reading ../../../Engine/DerivedDataCache/Compressed.ddp.
[2023.03.16-19.27.12:423][  0]LogDerivedDataCache: FDerivedDataBackendGraph:  EnterprisePak pak cache file ../../../Enterprise/DerivedDataCache/Compressed.ddp not found, will not use a pak cache.
[2023.03.16-19.27.12:423][  0]LogDerivedDataCache: Unable to find inner node EnterprisePak for hierarchical cache Hierarchy.
[2023.03.16-19.27.12:436][  0]LogDerivedDataCache: Speed tests for C:/Users/Usuario/AppData/Local/UnrealEngine/Common/DerivedDataCache took 0.01 seconds
[2023.03.16-19.27.12:436][  0]LogDerivedDataCache: Display: Performance to C:/Users/Usuario/AppData/Local/UnrealEngine/Common/DerivedDataCache: Latency=0.12ms. RandomReadSpeed=613.70MBs, RandomWriteSpeed=98.88MBs. Assigned SpeedClass 'Local'
[2023.03.16-19.27.12:438][  0]LogDerivedDataCache: Using Local data cache path C:/Users/Usuario/AppData/Local/UnrealEngine/Common/DerivedDataCache: Writable
[2023.03.16-19.27.12:438][  0]LogDerivedDataCache: Shared data cache path not found in *engine.ini, will not use an Shared cache.
[2023.03.16-19.27.12:438][  0]LogDerivedDataCache: Unable to find inner node Shared for hierarchical cache Hierarchy.
[2023.03.16-19.27.12:481][  0]LogSlate: Using FreeType 2.10.0
[2023.03.16-19.27.12:482][  0]LogSlate: SlateFontServices - WITH_FREETYPE: 1, WITH_HARFBUZZ: 1
[2023.03.16-19.27.12:514][  0]LogAssetRegistry: FAssetRegistry took 0.0043 seconds to start up
[2023.03.16-19.27.12:736][  0]LogInit: Selected Device Profile: [Windows]
[2023.03.16-19.27.12:737][  0]LogInit: Active device profile: [0000023A30D83700][0000023A2D212E40 49] Windows
[2023.03.16-19.27.12:737][  0]LogInit: Profiles: [0000023A30D83700][0000023A2D212E40 49] Windows, [0000023A30D3CB00][0000023A2FDC6FC0 49] WindowsNoEditor, [0000023A30D80B00][0000023A2FDCB140 49] WindowsServer, [0000023A30D3EE00][0000023A2FDCF2C0 49] WindowsClient, [0000023A30D82D00][0000023A2FDD3440 49] IOS, [0000023A30D3D500][0000023A2FDD75C0 49] iPadAir, [0000023A30D81400][0000023A2FDDB740 49] iPadAir2, [0000023A30CEBC00][0000023A2D559A00 49] IPadPro, [0000023A30CEBD00][0000023A2D555A40 49] iPadAir3, [0000023A30D82600][0000023A2D55DBC0 49] iPadAir4, [0000023A30CE9000][0000023A2D5601C0 49] iPadMini2, [0000023A30D81900][0000023A2D564340 49] iPadMini3, [0000023A30CEA800][0000023A2D5684C0 49] iPadMini4, [0000023A30D80200][0000023A2D56C640 49] iPadMini5, [0000023A30D67500][0000023A2D570880 49] iPhone6, [0000023A30D67600][0000023A2FDC28C0 49] iPodTouch6, [0000023A30CE8100][0000023A2D578B00 49] iPhone7, [0000023A30CE9100][0000023A2D574B40 49] iPodTouch7, [0000023A30D64F00][0000023A2D580CC0 49] iPhone5S, [0000023A30CEAA00][0000023A2D584E40 49] iPhone6Plus, [0000023A30D66900][0000023A2D588FC0 49] iPhone6S, [0000023A30CEB900][0000023A2D58D140 49] iPhone6SPlus, [0000023A30D65800][0000023A2D5912C0 49] iPhone7Plus, [0000023A30CE8900][0000023A2D595440 49] iPhoneSE, [0000023A30D64C00][0000023A2F9895C0 49] iPhone8, [0000023A30CEB000][0000023A2F98D740 49] iPhone8Plus, [0000023A30D67100][0000023A2F9918C0 49] iPhoneX, [0000023A30CEA100][0000023A2F995A40 49] iPhoneXS, [0000023A30D64100][0000023A2F999BC0 49] iPhoneXSMax, [0000023A30CEB400][0000023A2F99C1C0 49] iPhoneXR, [0000023A30D65500][0000023A2F9A0340 49] iPhone11, [0000023A30CEAD00][0000023A2F9A44C0 49] iPhone11Pro, [0000023A30D64E00][0000023A2F9A8640 49] iPhone11ProMax, [0000023A30CEAC00][0000023A2F9AC7C0 49] iPhoneSE2, [0000023A30D66E00][0000023A2F9B0940 49] iPhone12Mini, [0000023A30CE8D00][0000023A2D57CA80 49] iPhone12, [0000023A30D67B00][0000023A2F9B4BC0 49] iPhone12Pro, [0000023A30CE9F00][0000023A2F9B8D00 49] iPhone12ProMax, [0000023A30D65400][0000023A2F9C0E80 49] iPadPro105, [0000023A30CE9200][0000023A2F9C5000 49] iPadPro129, [0000023A30D66D00][0000023A2F9C9180 49] iPadPro97, [0000023A30CEA600][0000023A2F9CD300 49] iPadPro2_129, [0000023A30D65100][0000023A2F6B3480 49] iPad5, [0000023A30CEAB00][0000023A2F6B7600 49] iPad6, [0000023A30D65600][0000023A2F6BB780 49] iPad7, [0000023A30CEA900][0000023A2F6BF900 49] iPad8, [0000023A30D66300][0000023A2F6C3A80 49] iPadPro11, [0000023A30CE8600][0000023A2F6C7C00 49] iPadPro2_11, [0000023A30D64B00][0000023A2F6CA200 49] iPadPro3_129, [0000023A30CEA400][0000023A2F6CE380 49] iPadPro4_129, [0000023A30D66200][0000023A2F6D2500 49] AppleTV, [0000023A30CE8400][0000023A2F6D6680 49] AppleTV4K, [0000023A30D67900][0000023A2F6DA800 49] TVOS, [0000023A30CE9700][0000023A2F6DE980 49] Mac, [0000023A30D66500][0000023A2F6E2B00 49] MacClient, [0000023A30CEB100][0000023A2F9BCC40 49] MacNoEditor, [0000023A30D64800][0000023A2F6E6D80 49] MacServer, [0000023A30CEB600][0000023A2F6EAEC0 49] Linux, [0000023A30D65300][0000023A2F6F3040 49] LinuxAArch64, [0000023A30CEB800][0000023A2F6F71C0 49] LinuxNoEditor, [0000023A30D3E800][0000023A2F6FB340 49] LinuxAArch64NoEditor, [0000023A30DB8F00][0000023A2F6FF4C0 49] LinuxClient, [0000023A30D3F500][0000023A2F703640 49] LinuxAArch64Client, [0000023A30DB9F00][0000023A2F7077C0 49] LinuxServer, [0000023A30D3DA00][0000023A26CB3940 49] LinuxAArch64Server, [0000023A30DB8800][0000023A26CB7AC0 49] Android, [0000023A30D3CA00][0000023A26CBA0C0 49] Android_Low, [0000023A30DB9600][0000023A26CBE240 49] Android_Mid, [0000023A30D3FA00][0000023A26CC23C0 49] Android_High, [0000023A30DB9200][0000023A26CC6540 49] Android_Default, [0000023A30D3D800][0000023A26CCA6C0 49] Android_Adreno4xx, [0000023A30DB9C00][0000023A26CCE840 49] Android_Adreno5xx_Low, [0000023A30D3D300][0000023A26CD29C0 49] Android_Adreno5xx, [0000023A30DB8200][0000023A26CD6B80 49] Android_Adreno6xx, [0000023A30D3E200][0000023A26CDAD00 49] Android_Adreno6xx_Vulkan, [0000023A30DB8700][0000023A2F6EEE40 49] Android_Mali_T6xx, [0000023A30D3DB00][0000023A26CDEF80 49] Android_Mali_T7xx, [0000023A30DB9900][0000023A26CE30C0 49] Android_Mali_T8xx, [0000023A30D3F600][0000023A26CEB240 49] Android_Mali_G71, [0000023A30DBA300][0000023A26CEF3C0 49] Android_Mali_G72, [0000023A30D3E100][0000023A26CF3540 49] Android_Mali_G72_Vulkan, [0000023A30DBA200][0000023A26CF76C0 49] Android_Mali_G76, [0000023A30D3CE00][0000023A26CFB840 49] Android_Mali_G76_Vulkan, [0000023A30DB8400][0000023A26CFF9C0 49] Android_Mali_G77, [0000023A30CE9600][0000023A26D03B40 49] Android_Mali_G77_Vulkan, [0000023A30D64A00][0000023A26D06140 49] Android_Mali_G78, [0000023A30CE9E00][0000023A26D0A2C0 49] Android_Mali_G78_Vulkan, [0000023A30D67F00][0000023A26D0E440 49] Android_Mali_G710, [0000023A30CE8A00][0000023A26D125C0 49] Android_Mali_G710_Vulkan, [0000023A30DB9500][0000023A26D16740 49] Android_Vulkan_SM5, [0000023A30CEBE00][0000023A26D1A8C0 49] Android_PowerVR_G6xxx, [0000023A30DB8500][0000023A26D1EA40 49] Android_PowerVR_GT7xxx, [0000023A30CEA700][0000023A26D22BC0 49] Android_PowerVR_GE8xxx, [0000023A30DB9300][0000023A26D26D40 49] Android_PowerVR_GM9xxx, [0000023A30CE9900][0000023A2F772EC0 49] Android_PowerVR_GM9xxx_Vulkan, [0000023A30DBA100][0000023A26CE7000 49] Android_TegraK1, [0000023A30CEA500][0000023A2F777140 49] Android_Unknown_Vulkan, [0000023A30DB9D00][0000023A2F77B280 49] Lumin, [0000023A30CE8500][0000023A2F77F3C0 49] Lumin_Desktop, [0000023A30DB8B00][0000023A2F787540 49] HoloLens, 
[2023.03.16-19.27.12:891][  0]LogMeshReduction: Using QuadricMeshReduction for automatic static mesh reduction
[2023.03.16-19.27.12:891][  0]LogMeshReduction: Using SimplygonMeshReduction for automatic skeletal mesh reduction
[2023.03.16-19.27.12:891][  0]LogMeshReduction: Using ProxyLODMeshReduction for automatic mesh merging
[2023.03.16-19.27.12:891][  0]LogMeshReduction: No distributed automatic mesh merging module available
[2023.03.16-19.27.12:891][  0]LogMeshMerging: No distributed automatic mesh merging module available
[2023.03.16-19.27.12:913][  0]LogNetVersion: RPGPrototype 1.0.0, NetCL: 17155196, EngineNetVer: 17, GameNetVer: 0 (Checksum: 3773697764)
[2023.03.16-19.27.13:357][  0]LogTexture: Default maximum texture size for cubemaps generated from long-lat sources has been changed from 512 to unlimited. In order to preserve old behaiour for '/Engine/MapTemplates/Sky/DaylightAmbientCubemap.DaylightAmbientCubemap', its maximum texture size has been explicitly set to 512.
[2023.03.16-19.27.13:413][  0]LogHMD: PokeAHoleMaterial loaded successfully
[2023.03.16-19.27.13:419][  0]LogUObjectArray: 17186 objects as part of root set at end of initial load.
[2023.03.16-19.27.13:419][  0]LogUObjectAllocator: 4313952 out of 0 bytes used by permanent object pool.
[2023.03.16-19.27.13:419][  0]LogUObjectArray: CloseDisregardForGC: 0/0 objects in disregard for GC pool
[2023.03.16-19.27.13:881][  0]LogNiagaraDebuggerClient: Niagara Debugger Client Initialized | Session: F36BB2DB473950F6D04C0C8F8DEB357C | Instance: D253C071403B4E3EF73127B66D65BE6C (DESKTOP-SQ2C6IA-9100).
[2023.03.16-19.27.13:936][  0]LogPython: Using Python 3.7.7
[2023.03.16-19.27.14:598][  0]LogTcpMessaging: Initializing TcpMessaging bridge
[2023.03.16-19.27.14:616][  0]LogUdpMessaging: Initializing bridge on interface 0.0.0.0:0 to multicast group 230.0.0.1:6666.
[2023.03.16-19.27.14:677][  0]LogStats: UGameplayTagsManager::InitializeManager -  0.001 s
[2023.03.16-19.27.14:816][  0]LogClass: Warning: Property PlayerRPGCharacter::CharacterLevel (SourceClass: PlayerRPGCharacter) was not registered in GetLifetimeReplicatedProps. This property will not be replicated. Use DISABLE_REPLICATED_PROPERTY if not replicating was intentional.
[2023.03.16-19.27.14:818][  0]LogBlueprint: Error: [AssetLog] E:\Unreal\RPGPrototype_ue4\RPGPrototype\Content\Player\ThirdPersonCharacter.uasset: [Compiler] In use pin  <Unnamed>  no longer exists on node  JoinGameSession . Please refresh node or break links to remove pin.
[2023.03.16-19.27.14:819][  0]LogBlueprint: Error: [AssetLog] E:\Unreal\RPGPrototype_ue4\RPGPrototype\Content\Player\ThirdPersonCharacter.uasset: [Compiler] Could not find a function named "JoinGameSession" in 'ThirdPersonCharacter_C'.
Make sure 'ThirdPersonCharacter_C' has been compiled for  JoinGameSession
[2023.03.16-19.27.14:819][  0]LogBlueprint: Error: [AssetLog] E:\Unreal\RPGPrototype_ue4\RPGPrototype\Content\Player\ThirdPersonCharacter.uasset: [Compiler] In use pin  <Unnamed>  no longer exists on node  CreateGameSession . Please refresh node or break links to remove pin.
[2023.03.16-19.27.14:819][  0]LogBlueprint: Error: [AssetLog] E:\Unreal\RPGPrototype_ue4\RPGPrototype\Content\Player\ThirdPersonCharacter.uasset: [Compiler] Could not find a function named "CreateGameSession" in 'ThirdPersonCharacter_C'.
Make sure 'ThirdPersonCharacter_C' has been compiled for  CreateGameSession
[2023.03.16-19.27.15:079][  0]SourceControl: Source control is disabled
[2023.03.16-19.27.15:079][  0]SourceControl: Source control is disabled
[2023.03.16-19.27.15:087][  0]SourceControl: Source control is disabled
[2023.03.16-19.27.15:099][  0]SourceControl: Source control is disabled
[2023.03.16-19.27.15:114][  0]SourceControl: Source control is disabled
[2023.03.16-19.27.15:128][  0]LogUProjectInfo: Found projects:
[2023.03.16-19.27.15:497][  0]LogOpenImageDenoise: OIDN starting up
[2023.03.16-19.27.15:577][  0]LogAndroidPermission: UAndroidPermissionCallbackProxy::GetInstance
[2023.03.16-19.27.15:620][  0]LogAudioCaptureCore: Display: No Audio Capture implementations found. Audio input will be silent.
[2023.03.16-19.27.15:620][  0]LogAudioCaptureCore: Display: No Audio Capture implementations found. Audio input will be silent.
[2023.03.16-19.27.15:803][  0]LogCollectionManager: Loaded 0 collections in 0.000742 seconds
[2023.03.16-19.27.15:844][  0]LogFileCache: Scanning file cache for directory 'E:/Unreal/RPGPrototype_ue4/RPGPrototype/Saved/Collections/' took 0.00s
[2023.03.16-19.27.15:844][  0]LogFileCache: Scanning file cache for directory 'E:/Unreal/RPGPrototype_ue4/RPGPrototype/Content/Developers/Usuario/Collections/' took 0.00s
[2023.03.16-19.27.15:845][  0]LogFileCache: Scanning file cache for directory 'E:/Unreal/RPGPrototype_ue4/RPGPrototype/Content/Collections/' took 0.00s
[2023.03.16-19.27.15:845][  0]LogOcInput: OculusInput pre-init called
[2023.03.16-19.27.16:173][  0]LogClass: Display: ByteProperty FHeroGameplayAbilityBindInfo::Command is not initialized properly. Module:RPGPrototype File:Data/HeroAbilitytDataAsset.h
[2023.03.16-19.27.16:174][  0]LogClass: Display: 1 Uninitialized script struct members found including 0 object properties
[2023.03.16-19.27.16:175][  0]LogEngine: Initializing Engine...
[2023.03.16-19.27.16:180][  0]LogHMD: Failed to enumerate extensions. Please check that you have a valid OpenXR runtime installed.
[2023.03.16-19.27.16:181][  0]LogHMD: Failed to initialize OpenVR with code 110
[2023.03.16-19.27.16:181][  0]LogMagicLeap: Warning: VR disabled because ZI is not enabled.  To enable, in the editor, Edit -> Project Settings -> Plugins -> Magic Leap Plugin -> Enable Zero Iteration
[2023.03.16-19.27.16:305][  0]LogInit: Initializing FReadOnlyCVARCache
[2023.03.16-19.27.16:315][  0]LogAIModule: Creating AISystem for world Untitled
[2023.03.16-19.27.16:316][  0]LogAudio: Display: Initializing Audio Device Manager...
[2023.03.16-19.27.16:322][  0]LogAudio: Display: Loading Default Audio Settings Objects...
[2023.03.16-19.27.16:324][  0]LogAudio: Display: No default SoundConcurrencyObject specified (or failed to load).
[2023.03.16-19.27.16:324][  0]LogAudio: Display: Audio Device Manager Initialized
[2023.03.16-19.27.16:324][  0]LogAudio: Display: Creating Audio Device:                 Id: 1, Scope: Shared, Realtime: True
[2023.03.16-19.27.16:324][  0]LogAudioMixer: Display: Audio Mixer Platform Settings:
[2023.03.16-19.27.16:324][  0]LogAudioMixer: Display: 	Sample Rate:						  48000
[2023.03.16-19.27.16:324][  0]LogAudioMixer: Display: 	Callback Buffer Frame Size Requested: 1024
[2023.03.16-19.27.16:324][  0]LogAudioMixer: Display: 	Callback Buffer Frame Size To Use:	  1024
[2023.03.16-19.27.16:324][  0]LogAudioMixer: Display: 	Number of buffers to queue:			  2
[2023.03.16-19.27.16:324][  0]LogAudioMixer: Display: 	Max Channels (voices):				  32
[2023.03.16-19.27.16:325][  0]LogAudioMixer: Display: 	Number of Async Source Workers:		  0
[2023.03.16-19.27.16:325][  0]LogAudio: Display: AudioDevice MaxSources: 32
[2023.03.16-19.27.16:325][  0]LogAudio: Display: Audio Spatialization Plugin: None (built-in).
[2023.03.16-19.27.16:325][  0]LogAudio: Display: Audio Reverb Plugin: None (built-in).
[2023.03.16-19.27.16:325][  0]LogAudio: Display: Audio Occlusion Plugin: None (built-in).
[2023.03.16-19.27.16:325][  0]LogAudioMixer: Display: Initializing audio mixer.
[2023.03.16-19.27.16:353][  0]LogAudioMixer: Display: 0: FrontLeft
[2023.03.16-19.27.16:353][  0]LogAudioMixer: Display: 1: FrontRight
[2023.03.16-19.27.16:396][  0]LogAudioMixer: Display: Using Audio Device Altavoces (Realtek(R) Audio)
[2023.03.16-19.27.16:398][  0]LogAudioMixer: Display: Initializing Sound Submixes...
[2023.03.16-19.27.16:402][  0]LogAudioMixer: Display: Creating Master Submix 'MasterSubmixDefault'
[2023.03.16-19.27.16:402][  0]LogAudioMixer: Display: Creating Master Submix 'MasterReverbSubmixDefault'
[2023.03.16-19.27.16:403][  0]LogAudioMixer: Display: Creating Master Submix 'MasterEQSubmixDefault'
[2023.03.16-19.27.16:403][  0]LogAudioMixer: FMixerPlatformXAudio2::StartAudioStream() called
[2023.03.16-19.27.16:403][  0]LogAudioMixer: Display: Output buffers initialized: Frames=1024, Channels=2, Samples=2048
[2023.03.16-19.27.16:405][  0]LogAudioMixer: Display: Starting AudioMixerPlatformInterface::RunInternal()
[2023.03.16-19.27.16:405][  0]LogAudioMixer: Display: FMixerPlatformXAudio2::SubmitBuffer() called for the first time
[2023.03.16-19.27.16:405][  0]LogInit: FAudioDevice initialized.
[2023.03.16-19.27.16:405][  0]LogAudio: Display: Audio Device (ID: 1) registered with world 'Untitled'.
[2023.03.16-19.27.16:405][  0]LogNetVersion: Set ProjectVersion to 1.0.0.0. Version Checksum will be recalculated on next use.
[2023.03.16-19.27.16:463][  0]LogDerivedDataCache: Saved boot cache 0.06s 96MB C:/Users/Usuario/AppData/Local/UnrealEngine/4.27/DerivedDataCache/Boot.ddc.
[2023.03.16-19.27.16:464][  0]LogInit: Texture streaming: Enabled
[2023.03.16-19.27.16:488][  0]LogAnalytics: Display: [UEEditor.Rocket.Release] APIServer = https://datarouter.ol.epicgames.com/. AppVersion = 4.27.2-18319896+++UE4+Release-4.27
[2023.03.16-19.27.16:495][  0]LogEngineSessionManager: EngineSessionManager initialized
[2023.03.16-19.27.16:495][  0]LogEditorSessionSummary: Verbose: Initializing EditorSessionSummaryWriter for editor session tracking
[2023.03.16-19.27.16:497][  0]LogEditorSessionSummary: EditorSessionSummaryWriter initialized
[2023.03.16-19.27.16:531][  0]LogInit: Transaction tracking system initialized
[2023.03.16-19.27.16:579][  0]BlueprintLog: New page: Editor Load
[2023.03.16-19.27.16:699][  0]LocalizationService: Localization service is disabled
[2023.03.16-19.27.16:741][  0]TimingProfiler: Initialize
[2023.03.16-19.27.16:741][  0]TimingProfiler: OnSessionChanged
[2023.03.16-19.27.16:741][  0]LoadingProfiler: Initialize
[2023.03.16-19.27.16:741][  0]LoadingProfiler: OnSessionChanged
[2023.03.16-19.27.16:741][  0]NetworkingProfiler: Initialize
[2023.03.16-19.27.16:741][  0]NetworkingProfiler: OnSessionChanged
[2023.03.16-19.27.16:741][  0]MemoryProfiler: Initialize
[2023.03.16-19.27.16:742][  0]MemoryProfiler: OnSessionChanged
[2023.03.16-19.27.16:944][  0]LogCook: Display: CookSettings for Memory: MemoryMaxUsedVirtual 0MiB, MemoryMaxUsedPhysical 16384MiB, MemoryMinFreeVirtual 0MiB, MemoryMinFreePhysical 1024MiB
[2023.03.16-19.27.16:944][  0]LogCook: Display: Mobile HDR setting 1
[2023.03.16-19.27.17:000][  0]LogFileCache: Scanning file cache for directory 'E:/Unreal/RPGPrototype_ue4/RPGPrototype/Content/' took 0.01s
[2023.03.16-19.27.17:000][  0]LogStats: FGameplayAbilitiesEditorModule::GameplayTagTreeChanged -  0.000 s
[2023.03.16-19.27.17:534][  0]LogInit: Display: Engine is initialized. Leaving FEngineLoop::Init()
[2023.03.16-19.27.17:539][  0]SourceControl: Source control is disabled
[2023.03.16-19.27.17:539][  0]LogUnrealEdMisc: Loading editor; pre map load, took 9.570
[2023.03.16-19.27.17:539][  0]Cmd: MAP LOAD FILE="../../../../../Unreal/RPGPrototype_ue4/RPGPrototype/Content/ThirdPersonCPP/Maps/ThirdPersonExampleMap.umap" TEMPLATE=0 SHOWPROGRESS=1 FEATURELEVEL=3
[2023.03.16-19.27.17:540][  0]LightingResults: New page: Lighting Build
[2023.03.16-19.27.17:542][  0]LogWorld: UWorld::CleanupWorld for Untitled, bSessionEnded=true, bCleanupResources=true
[2023.03.16-19.27.17:542][  0]LogSlate: InvalidateAllWidgets triggered.  All widgets were invalidated
[2023.03.16-19.27.17:542][  0]MapCheck: New page: Map Check
[2023.03.16-19.27.17:542][  0]LightingResults: New page: Lighting Build
[2023.03.16-19.27.17:545][  0]LogAudio: Display: Audio Device unregistered from world 'None'.
[2023.03.16-19.27.17:550][  0]LogUObjectHash: Compacting FUObjectHashTables data took   0.96ms
[2023.03.16-19.27.17:617][  0]LogAudio: Display: Audio Device (ID: 1) registered with world 'ThirdPersonExampleMap'.
[2023.03.16-19.27.17:618][  0]LogAIModule: Creating AISystem for world ThirdPersonExampleMap
[2023.03.16-19.27.17:623][  0]LogEditorServer: Finished looking for orphan Actors (0.000 secs)
[2023.03.16-19.27.17:633][  0]LogUObjectHash: Compacting FUObjectHashTables data took   0.92ms
[2023.03.16-19.27.17:633][  0]Cmd: MAP CHECKDEP NOCLEARLOG
[2023.03.16-19.27.17:633][  0]MapCheck: Map check complete: 0 Error(s), 0 Warning(s), took 0,113ms to complete.
[2023.03.16-19.27.17:633][  0]LogFileHelpers: Loading map 'ThirdPersonExampleMap' took 0.094
[2023.03.16-19.27.17:637][  0]LogUnrealEdMisc: Total Editor Startup Time, took 9.667
[2023.03.16-19.27.17:796][  0]LogSlate: Updating window title bar state: overlay mode, drag disabled, window buttons hidden, title bar hidden
[2023.03.16-19.27.17:801][  0]LogSlate: Updating window title bar state: overlay mode, drag disabled, window buttons hidden, title bar hidden
[2023.03.16-19.27.17:807][  0]LogSlate: Updating window title bar state: overlay mode, drag disabled, window buttons hidden, title bar hidden
[2023.03.16-19.27.17:813][  0]LogSlate: Updating window title bar state: overlay mode, drag disabled, window buttons hidden, title bar hidden
[2023.03.16-19.27.17:827][  0]LogNativeClassHierarchy: Verbose: Native class hierarchy populated in 0.0102 seconds. Added 3938 classes and 956 folders.
[2023.03.16-19.27.17:830][  0]LogNativeClassHierarchy: Verbose: Native class hierarchy updated for 'WidgetCarousel' in 0.0003 seconds. Added 0 classes and 0 folders.
[2023.03.16-19.27.17:833][  0]LogPakFile: PakFile PrimaryIndexSize=187
[2023.03.16-19.27.17:833][  0]LogPakFile: PakFile PathHashIndexSize=101
[2023.03.16-19.27.17:833][  0]LogPakFile: PakFile FullDirectoryIndexSize=148
[2023.03.16-19.27.17:833][  0]LogShaderLibrary: Display: ShaderCodeLibraryPakFileMountedCallback: PakFile 'E:/UnrealEngine4/UE_4.27/FeaturePacks/FP_FirstPerson.upack' (chunk index -1, root 'root:/') mounted
[2023.03.16-19.27.17:833][  0]LogShaderLibrary: Display: ShaderCodeLibraryPakFileMountedCallback: pending pak file info (ChunkID:-1 Root:root:/ File:E:/UnrealEngine4/UE_4.27/FeaturePacks/FP_FirstPerson.upack)
[2023.03.16-19.27.17:833][  0]LogPakFile: OnPakFileMounted2Time == 0.000119
[2023.03.16-19.27.17:834][  0]LogPakFile: PakFile PrimaryIndexSize=189
[2023.03.16-19.27.17:834][  0]LogPakFile: PakFile PathHashIndexSize=101
[2023.03.16-19.27.17:834][  0]LogPakFile: PakFile FullDirectoryIndexSize=152
[2023.03.16-19.27.17:834][  0]LogShaderLibrary: Display: ShaderCodeLibraryPakFileMountedCallback: PakFile 'E:/UnrealEngine4/UE_4.27/FeaturePacks/FP_FirstPersonBP.upack' (chunk index -1, root 'root:/') mounted
[2023.03.16-19.27.17:834][  0]LogShaderLibrary: Display: ShaderCodeLibraryPakFileMountedCallback: pending pak file info (ChunkID:-1 Root:root:/ File:E:/UnrealEngine4/UE_4.27/FeaturePacks/FP_FirstPersonBP.upack)
[2023.03.16-19.27.17:834][  0]LogPakFile: OnPakFileMounted2Time == 0.000097
[2023.03.16-19.27.17:835][  0]LogPakFile: PakFile PrimaryIndexSize=191
[2023.03.16-19.27.17:835][  0]LogPakFile: PakFile PathHashIndexSize=101
[2023.03.16-19.27.17:835][  0]LogPakFile: PakFile FullDirectoryIndexSize=160
[2023.03.16-19.27.17:835][  0]LogShaderLibrary: Display: ShaderCodeLibraryPakFileMountedCallback: PakFile 'E:/UnrealEngine4/UE_4.27/FeaturePacks/MobileStarterContent.upack' (chunk index -1, root 'root:/') mounted
[2023.03.16-19.27.17:835][  0]LogShaderLibrary: Display: ShaderCodeLibraryPakFileMountedCallback: pending pak file info (ChunkID:-1 Root:root:/ File:E:/UnrealEngine4/UE_4.27/FeaturePacks/MobileStarterContent.upack)
[2023.03.16-19.27.17:835][  0]LogPakFile: OnPakFileMounted2Time == 0.000103
[2023.03.16-19.27.17:836][  0]LogPakFile: PakFile PrimaryIndexSize=185
[2023.03.16-19.27.17:836][  0]LogPakFile: PakFile PathHashIndexSize=101
[2023.03.16-19.27.17:836][  0]LogPakFile: PakFile FullDirectoryIndexSize=148
[2023.03.16-19.27.17:837][  0]LogShaderLibrary: Display: ShaderCodeLibraryPakFileMountedCallback: PakFile 'E:/UnrealEngine4/UE_4.27/FeaturePacks/StarterContent.upack' (chunk index -1, root 'root:/') mounted
[2023.03.16-19.27.17:837][  0]LogShaderLibrary: Display: ShaderCodeLibraryPakFileMountedCallback: pending pak file info (ChunkID:-1 Root:root:/ File:E:/UnrealEngine4/UE_4.27/FeaturePacks/StarterContent.upack)
[2023.03.16-19.27.17:837][  0]LogPakFile: OnPakFileMounted2Time == 0.000106
[2023.03.16-19.27.17:838][  0]LogPakFile: PakFile PrimaryIndexSize=190
[2023.03.16-19.27.17:838][  0]LogPakFile: PakFile PathHashIndexSize=101
[2023.03.16-19.27.17:838][  0]LogPakFile: PakFile FullDirectoryIndexSize=154
[2023.03.16-19.27.17:838][  0]LogShaderLibrary: Display: ShaderCodeLibraryPakFileMountedCallback: PakFile 'E:/UnrealEngine4/UE_4.27/FeaturePacks/TP_2DSideScroller.upack' (chunk index -1, root 'root:/') mounted
[2023.03.16-19.27.17:838][  0]LogShaderLibrary: Display: ShaderCodeLibraryPakFileMountedCallback: pending pak file info (ChunkID:-1 Root:root:/ File:E:/UnrealEngine4/UE_4.27/FeaturePacks/TP_2DSideScroller.upack)
[2023.03.16-19.27.17:838][  0]LogPakFile: OnPakFileMounted2Time == 0.000156
[2023.03.16-19.27.17:839][  0]LogPakFile: PakFile PrimaryIndexSize=192
[2023.03.16-19.27.17:839][  0]LogPakFile: PakFile PathHashIndexSize=101
[2023.03.16-19.27.17:839][  0]LogPakFile: PakFile FullDirectoryIndexSize=158
[2023.03.16-19.27.17:839][  0]LogShaderLibrary: Display: ShaderCodeLibraryPakFileMountedCallback: PakFile 'E:/UnrealEngine4/UE_4.27/FeaturePacks/TP_2DSideScrollerBP.upack' (chunk index -1, root 'root:/') mounted
[2023.03.16-19.27.17:839][  0]LogShaderLibrary: Display: ShaderCodeLibraryPakFileMountedCallback: pending pak file info (ChunkID:-1 Root:root:/ File:E:/UnrealEngine4/UE_4.27/FeaturePacks/TP_2DSideScrollerBP.upack)
[2023.03.16-19.27.17:840][  0]LogPakFile: OnPakFileMounted2Time == 0.000282
[2023.03.16-19.27.17:841][  0]LogPakFile: PakFile PrimaryIndexSize=182
[2023.03.16-19.27.17:841][  0]LogPakFile: PakFile PathHashIndexSize=101
[2023.03.16-19.27.17:841][  0]LogPakFile: PakFile FullDirectoryIndexSize=138
[2023.03.16-19.27.17:841][  0]LogShaderLibrary: Display: ShaderCodeLibraryPakFileMountedCallback: PakFile 'E:/UnrealEngine4/UE_4.27/FeaturePacks/TP_Flying.upack' (chunk index -1, root 'root:/') mounted
[2023.03.16-19.27.17:841][  0]LogShaderLibrary: Display: ShaderCodeLibraryPakFileMountedCallback: pending pak file info (ChunkID:-1 Root:root:/ File:E:/UnrealEngine4/UE_4.27/FeaturePacks/TP_Flying.upack)
[2023.03.16-19.27.17:841][  0]LogPakFile: OnPakFileMounted2Time == 0.000123
[2023.03.16-19.27.17:842][  0]LogPakFile: PakFile PrimaryIndexSize=184
[2023.03.16-19.27.17:842][  0]LogPakFile: PakFile PathHashIndexSize=101
[2023.03.16-19.27.17:842][  0]LogPakFile: PakFile FullDirectoryIndexSize=142
[2023.03.16-19.27.17:843][  0]LogShaderLibrary: Display: ShaderCodeLibraryPakFileMountedCallback: PakFile 'E:/UnrealEngine4/UE_4.27/FeaturePacks/TP_FlyingBP.upack' (chunk index -1, root 'root:/') mounted
[2023.03.16-19.27.17:843][  0]LogShaderLibrary: Display: ShaderCodeLibraryPakFileMountedCallback: pending pak file info (ChunkID:-1 Root:root:/ File:E:/UnrealEngine4/UE_4.27/FeaturePacks/TP_FlyingBP.upack)
[2023.03.16-19.27.17:843][  0]LogPakFile: OnPakFileMounted2Time == 0.000107
[2023.03.16-19.27.17:844][  0]LogPakFile: PakFile PrimaryIndexSize=188
[2023.03.16-19.27.17:844][  0]LogPakFile: PakFile PathHashIndexSize=101
[2023.03.16-19.27.17:844][  0]LogPakFile: PakFile FullDirectoryIndexSize=150
[2023.03.16-19.27.17:844][  0]LogShaderLibrary: Display: ShaderCodeLibraryPakFileMountedCallback: PakFile 'E:/UnrealEngine4/UE_4.27/FeaturePacks/TP_HandheldARBP.upack' (chunk index -1, root 'root:/') mounted
[2023.03.16-19.27.17:844][  0]LogShaderLibrary: Display: ShaderCodeLibraryPakFileMountedCallback: pending pak file info (ChunkID:-1 Root:root:/ File:E:/UnrealEngine4/UE_4.27/FeaturePacks/TP_HandheldARBP.upack)
[2023.03.16-19.27.17:844][  0]LogPakFile: OnPakFileMounted2Time == 0.000105
[2023.03.16-19.27.17:845][  0]LogPakFile: PakFile PrimaryIndexSize=182
[2023.03.16-19.27.17:845][  0]LogPakFile: PakFile PathHashIndexSize=101
[2023.03.16-19.27.17:845][  0]LogPakFile: PakFile FullDirectoryIndexSize=138
[2023.03.16-19.27.17:845][  0]LogShaderLibrary: Display: ShaderCodeLibraryPakFileMountedCallback: PakFile 'E:/UnrealEngine4/UE_4.27/FeaturePacks/TP_Puzzle.upack' (chunk index -1, root 'root:/') mounted
[2023.03.16-19.27.17:845][  0]LogShaderLibrary: Display: ShaderCodeLibraryPakFileMountedCallback: pending pak file info (ChunkID:-1 Root:root:/ File:E:/UnrealEngine4/UE_4.27/FeaturePacks/TP_Puzzle.upack)
[2023.03.16-19.27.17:845][  0]LogPakFile: OnPakFileMounted2Time == 0.000098
[2023.03.16-19.27.17:846][  0]LogPakFile: PakFile PrimaryIndexSize=184
[2023.03.16-19.27.17:846][  0]LogPakFile: PakFile PathHashIndexSize=101
[2023.03.16-19.27.17:846][  0]LogPakFile: PakFile FullDirectoryIndexSize=142
[2023.03.16-19.27.17:846][  0]LogShaderLibrary: Display: ShaderCodeLibraryPakFileMountedCallback: PakFile 'E:/UnrealEngine4/UE_4.27/FeaturePacks/TP_PuzzleBP.upack' (chunk index -1, root 'root:/') mounted
[2023.03.16-19.27.17:846][  0]LogShaderLibrary: Display: ShaderCodeLibraryPakFileMountedCallback: pending pak file info (ChunkID:-1 Root:root:/ File:E:/UnrealEngine4/UE_4.27/FeaturePacks/TP_PuzzleBP.upack)
[2023.03.16-19.27.17:846][  0]LogPakFile: OnPakFileMounted2Time == 0.000101
[2023.03.16-19.27.17:847][  0]LogPakFile: PakFile PrimaryIndexSize=183
[2023.03.16-19.27.17:847][  0]LogPakFile: PakFile PathHashIndexSize=101
[2023.03.16-19.27.17:847][  0]LogPakFile: PakFile FullDirectoryIndexSize=140
[2023.03.16-19.27.17:847][  0]LogShaderLibrary: Display: ShaderCodeLibraryPakFileMountedCallback: PakFile 'E:/UnrealEngine4/UE_4.27/FeaturePacks/TP_Rolling.upack' (chunk index -1, root 'root:/') mounted
[2023.03.16-19.27.17:847][  0]LogShaderLibrary: Display: ShaderCodeLibraryPakFileMountedCallback: pending pak file info (ChunkID:-1 Root:root:/ File:E:/UnrealEngine4/UE_4.27/FeaturePacks/TP_Rolling.upack)
[2023.03.16-19.27.17:848][  0]LogPakFile: OnPakFileMounted2Time == 0.000180
[2023.03.16-19.27.17:848][  0]LogPakFile: PakFile PrimaryIndexSize=185
[2023.03.16-19.27.17:849][  0]LogPakFile: PakFile PathHashIndexSize=101
[2023.03.16-19.27.17:849][  0]LogPakFile: PakFile FullDirectoryIndexSize=144
[2023.03.16-19.27.17:849][  0]LogShaderLibrary: Display: ShaderCodeLibraryPakFileMountedCallback: PakFile 'E:/UnrealEngine4/UE_4.27/FeaturePacks/TP_RollingBP.upack' (chunk index -1, root 'root:/') mounted
[2023.03.16-19.27.17:849][  0]LogShaderLibrary: Display: ShaderCodeLibraryPakFileMountedCallback: pending pak file info (ChunkID:-1 Root:root:/ File:E:/UnrealEngine4/UE_4.27/FeaturePacks/TP_RollingBP.upack)
[2023.03.16-19.27.17:849][  0]LogPakFile: OnPakFileMounted2Time == 0.000114
[2023.03.16-19.27.17:850][  0]LogPakFile: PakFile PrimaryIndexSize=188
[2023.03.16-19.27.17:850][  0]LogPakFile: PakFile PathHashIndexSize=101
[2023.03.16-19.27.17:850][  0]LogPakFile: PakFile FullDirectoryIndexSize=150
[2023.03.16-19.27.17:850][  0]LogShaderLibrary: Display: ShaderCodeLibraryPakFileMountedCallback: PakFile 'E:/UnrealEngine4/UE_4.27/FeaturePacks/TP_SideScroller.upack' (chunk index -1, root 'root:/') mounted
[2023.03.16-19.27.17:850][  0]LogShaderLibrary: Display: ShaderCodeLibraryPakFileMountedCallback: pending pak file info (ChunkID:-1 Root:root:/ File:E:/UnrealEngine4/UE_4.27/FeaturePacks/TP_SideScroller.upack)
[2023.03.16-19.27.17:850][  0]LogPakFile: OnPakFileMounted2Time == 0.000100
[2023.03.16-19.27.17:851][  0]LogPakFile: PakFile PrimaryIndexSize=190
[2023.03.16-19.27.17:851][  0]LogPakFile: PakFile PathHashIndexSize=101
[2023.03.16-19.27.17:851][  0]LogPakFile: PakFile FullDirectoryIndexSize=154
[2023.03.16-19.27.17:851][  0]LogShaderLibrary: Display: ShaderCodeLibraryPakFileMountedCallback: PakFile 'E:/UnrealEngine4/UE_4.27/FeaturePacks/TP_SideScrollerBP.upack' (chunk index -1, root 'root:/') mounted
[2023.03.16-19.27.17:851][  0]LogShaderLibrary: Display: ShaderCodeLibraryPakFileMountedCallback: pending pak file info (ChunkID:-1 Root:root:/ File:E:/UnrealEngine4/UE_4.27/FeaturePacks/TP_SideScrollerBP.upack)
[2023.03.16-19.27.17:851][  0]LogPakFile: OnPakFileMounted2Time == 0.000101
[2023.03.16-19.27.17:852][  0]LogPakFile: PakFile PrimaryIndexSize=187
[2023.03.16-19.27.17:852][  0]LogPakFile: PakFile PathHashIndexSize=101
[2023.03.16-19.27.17:852][  0]LogPakFile: PakFile FullDirectoryIndexSize=148
[2023.03.16-19.27.17:852][  0]LogShaderLibrary: Display: ShaderCodeLibraryPakFileMountedCallback: PakFile 'E:/UnrealEngine4/UE_4.27/FeaturePacks/TP_ThirdPerson.upack' (chunk index -1, root 'root:/') mounted
[2023.03.16-19.27.17:852][  0]LogShaderLibrary: Display: ShaderCodeLibraryPakFileMountedCallback: pending pak file info (ChunkID:-1 Root:root:/ File:E:/UnrealEngine4/UE_4.27/FeaturePacks/TP_ThirdPerson.upack)
[2023.03.16-19.27.17:852][  0]LogPakFile: OnPakFileMounted2Time == 0.000095
[2023.03.16-19.27.17:853][  0]LogPakFile: PakFile PrimaryIndexSize=189
[2023.03.16-19.27.17:853][  0]LogPakFile: PakFile PathHashIndexSize=101
[2023.03.16-19.27.17:853][  0]LogPakFile: PakFile FullDirectoryIndexSize=152
[2023.03.16-19.27.17:853][  0]LogShaderLibrary: Display: ShaderCodeLibraryPakFileMountedCallback: PakFile 'E:/UnrealEngine4/UE_4.27/FeaturePacks/TP_ThirdPersonBP.upack' (chunk index -1, root 'root:/') mounted
[2023.03.16-19.27.17:853][  0]LogShaderLibrary: Display: ShaderCodeLibraryPakFileMountedCallback: pending pak file info (ChunkID:-1 Root:root:/ File:E:/UnrealEngine4/UE_4.27/FeaturePacks/TP_ThirdPersonBP.upack)
[2023.03.16-19.27.17:853][  0]LogPakFile: OnPakFileMounted2Time == 0.000102
[2023.03.16-19.27.17:854][  0]LogPakFile: PakFile PrimaryIndexSize=183
[2023.03.16-19.27.17:854][  0]LogPakFile: PakFile PathHashIndexSize=101
[2023.03.16-19.27.17:854][  0]LogPakFile: PakFile FullDirectoryIndexSize=140
[2023.03.16-19.27.17:854][  0]LogShaderLibrary: Display: ShaderCodeLibraryPakFileMountedCallback: PakFile 'E:/UnrealEngine4/UE_4.27/FeaturePacks/TP_TopDown.upack' (chunk index -1, root 'root:/') mounted
[2023.03.16-19.27.17:855][  0]LogShaderLibrary: Display: ShaderCodeLibraryPakFileMountedCallback: pending pak file info (ChunkID:-1 Root:root:/ File:E:/UnrealEngine4/UE_4.27/FeaturePacks/TP_TopDown.upack)
[2023.03.16-19.27.17:855][  0]LogPakFile: OnPakFileMounted2Time == 0.000163
[2023.03.16-19.27.17:856][  0]LogPakFile: PakFile PrimaryIndexSize=185
[2023.03.16-19.27.17:856][  0]LogPakFile: PakFile PathHashIndexSize=101
[2023.03.16-19.27.17:856][  0]LogPakFile: PakFile FullDirectoryIndexSize=144
[2023.03.16-19.27.17:856][  0]LogShaderLibrary: Display: ShaderCodeLibraryPakFileMountedCallback: PakFile 'E:/UnrealEngine4/UE_4.27/FeaturePacks/TP_TopDownBP.upack' (chunk index -1, root 'root:/') mounted
[2023.03.16-19.27.17:856][  0]LogShaderLibrary: Display: ShaderCodeLibraryPakFileMountedCallback: pending pak file info (ChunkID:-1 Root:root:/ File:E:/UnrealEngine4/UE_4.27/FeaturePacks/TP_TopDownBP.upack)
[2023.03.16-19.27.17:856][  0]LogPakFile: OnPakFileMounted2Time == 0.000160
[2023.03.16-19.27.17:857][  0]LogPakFile: PakFile PrimaryIndexSize=185
[2023.03.16-19.27.17:857][  0]LogPakFile: PakFile PathHashIndexSize=101
[2023.03.16-19.27.17:857][  0]LogPakFile: PakFile FullDirectoryIndexSize=144
[2023.03.16-19.27.17:857][  0]LogShaderLibrary: Display: ShaderCodeLibraryPakFileMountedCallback: PakFile 'E:/UnrealEngine4/UE_4.27/FeaturePacks/TP_TwinStick.upack' (chunk index -1, root 'root:/') mounted
[2023.03.16-19.27.17:857][  0]LogShaderLibrary: Display: ShaderCodeLibraryPakFileMountedCallback: pending pak file info (ChunkID:-1 Root:root:/ File:E:/UnrealEngine4/UE_4.27/FeaturePacks/TP_TwinStick.upack)
[2023.03.16-19.27.17:857][  0]LogPakFile: OnPakFileMounted2Time == 0.000112
[2023.03.16-19.27.17:858][  0]LogPakFile: PakFile PrimaryIndexSize=187
[2023.03.16-19.27.17:859][  0]LogPakFile: PakFile PathHashIndexSize=101
[2023.03.16-19.27.17:859][  0]LogPakFile: PakFile FullDirectoryIndexSize=148
[2023.03.16-19.27.17:859][  0]LogShaderLibrary: Display: ShaderCodeLibraryPakFileMountedCallback: PakFile 'E:/UnrealEngine4/UE_4.27/FeaturePacks/TP_TwinStickBP.upack' (chunk index -1, root 'root:/') mounted
[2023.03.16-19.27.17:859][  0]LogShaderLibrary: Display: ShaderCodeLibraryPakFileMountedCallback: pending pak file info (ChunkID:-1 Root:root:/ File:E:/UnrealEngine4/UE_4.27/FeaturePacks/TP_TwinStickBP.upack)
[2023.03.16-19.27.17:859][  0]LogPakFile: OnPakFileMounted2Time == 0.000100
[2023.03.16-19.27.17:860][  0]LogPakFile: PakFile PrimaryIndexSize=183
[2023.03.16-19.27.17:860][  0]LogPakFile: PakFile PathHashIndexSize=101
[2023.03.16-19.27.17:860][  0]LogPakFile: PakFile FullDirectoryIndexSize=140
[2023.03.16-19.27.17:860][  0]LogShaderLibrary: Display: ShaderCodeLibraryPakFileMountedCallback: PakFile 'E:/UnrealEngine4/UE_4.27/FeaturePacks/TP_Vehicle.upack' (chunk index -1, root 'root:/') mounted
[2023.03.16-19.27.17:860][  0]LogShaderLibrary: Display: ShaderCodeLibraryPakFileMountedCallback: pending pak file info (ChunkID:-1 Root:root:/ File:E:/UnrealEngine4/UE_4.27/FeaturePacks/TP_Vehicle.upack)
[2023.03.16-19.27.17:860][  0]LogPakFile: OnPakFileMounted2Time == 0.000108
[2023.03.16-19.27.17:861][  0]LogPakFile: PakFile PrimaryIndexSize=186
[2023.03.16-19.27.17:861][  0]LogPakFile: PakFile PathHashIndexSize=101
[2023.03.16-19.27.17:861][  0]LogPakFile: PakFile FullDirectoryIndexSize=146
[2023.03.16-19.27.17:861][  0]LogShaderLibrary: Display: ShaderCodeLibraryPakFileMountedCallback: PakFile 'E:/UnrealEngine4/UE_4.27/FeaturePacks/TP_VehicleAdv.upack' (chunk index -1, root 'root:/') mounted
[2023.03.16-19.27.17:861][  0]LogShaderLibrary: Display: ShaderCodeLibraryPakFileMountedCallback: pending pak file info (ChunkID:-1 Root:root:/ File:E:/UnrealEngine4/UE_4.27/FeaturePacks/TP_VehicleAdv.upack)
[2023.03.16-19.27.17:861][  0]LogPakFile: OnPakFileMounted2Time == 0.000108
[2023.03.16-19.27.17:862][  0]LogPakFile: PakFile PrimaryIndexSize=188
[2023.03.16-19.27.17:862][  0]LogPakFile: PakFile PathHashIndexSize=101
[2023.03.16-19.27.17:862][  0]LogPakFile: PakFile FullDirectoryIndexSize=150
[2023.03.16-19.27.17:862][  0]LogShaderLibrary: Display: ShaderCodeLibraryPakFileMountedCallback: PakFile 'E:/UnrealEngine4/UE_4.27/FeaturePacks/TP_VehicleAdvBP.upack' (chunk index -1, root 'root:/') mounted
[2023.03.16-19.27.17:862][  0]LogShaderLibrary: Display: ShaderCodeLibraryPakFileMountedCallback: pending pak file info (ChunkID:-1 Root:root:/ File:E:/UnrealEngine4/UE_4.27/FeaturePacks/TP_VehicleAdvBP.upack)
[2023.03.16-19.27.17:862][  0]LogPakFile: OnPakFileMounted2Time == 0.000111
[2023.03.16-19.27.17:863][  0]LogPakFile: PakFile PrimaryIndexSize=185
[2023.03.16-19.27.17:863][  0]LogPakFile: PakFile PathHashIndexSize=101
[2023.03.16-19.27.17:863][  0]LogPakFile: PakFile FullDirectoryIndexSize=144
[2023.03.16-19.27.17:863][  0]LogShaderLibrary: Display: ShaderCodeLibraryPakFileMountedCallback: PakFile 'E:/UnrealEngine4/UE_4.27/FeaturePacks/TP_VehicleBP.upack' (chunk index -1, root 'root:/') mounted
[2023.03.16-19.27.17:864][  0]LogShaderLibrary: Display: ShaderCodeLibraryPakFileMountedCallback: pending pak file info (ChunkID:-1 Root:root:/ File:E:/UnrealEngine4/UE_4.27/FeaturePacks/TP_VehicleBP.upack)
[2023.03.16-19.27.17:864][  0]LogPakFile: OnPakFileMounted2Time == 0.000100
[2023.03.16-19.27.17:864][  0]LogPakFile: PakFile PrimaryIndexSize=192
[2023.03.16-19.27.17:865][  0]LogPakFile: PakFile PathHashIndexSize=101
[2023.03.16-19.27.17:865][  0]LogPakFile: PakFile FullDirectoryIndexSize=158
[2023.03.16-19.27.17:865][  0]LogShaderLibrary: Display: ShaderCodeLibraryPakFileMountedCallback: PakFile 'E:/UnrealEngine4/UE_4.27/FeaturePacks/TP_VirtualRealityBP.upack' (chunk index -1, root 'root:/') mounted
[2023.03.16-19.27.17:865][  0]LogShaderLibrary: Display: ShaderCodeLibraryPakFileMountedCallback: pending pak file info (ChunkID:-1 Root:root:/ File:E:/UnrealEngine4/UE_4.27/FeaturePacks/TP_VirtualRealityBP.upack)
[2023.03.16-19.27.17:865][  0]LogPakFile: OnPakFileMounted2Time == 0.000112
[2023.03.16-19.27.17:939][  0]LogNativeClassHierarchy: Verbose: Native class hierarchy updated for 'AddContentDialog' in 0.0004 seconds. Added 0 classes and 0 folders.
[2023.03.16-19.27.17:944][  0]LogNativeClassHierarchy: Verbose: Native class hierarchy updated for 'SceneOutliner' in 0.0003 seconds. Added 2 classes and 0 folders.
[2023.03.16-19.27.18:021][  0]LogSlate: Took 0.000394 seconds to synchronously load lazily loaded font '../../../Engine/Content/Slate/Fonts/Roboto-Regular.ttf' (155K)
[2023.03.16-19.27.18:023][  0]LogSlate: Took 0.000254 seconds to synchronously load lazily loaded font '../../../Engine/Content/Editor/Slate/Fonts/FontAwesome.ttf' (139K)
[2023.03.16-19.27.18:024][  0]LogSlate: Took 0.000205 seconds to synchronously load lazily loaded font '../../../Engine/Content/Slate/Fonts/Roboto-Bold.ttf' (160K)
[2023.03.16-19.27.18:107][  0]LogRenderer: Reallocating scene render targets to support 1208x576 Format 10 NumSamples 1 (Frame:1).
[2023.03.16-19.27.18:149][  0]LogSlate: Took 0.000388 seconds to synchronously load lazily loaded font '../../../Engine/Content/Slate/Fonts/Roboto-Light.ttf' (167K)
[2023.03.16-19.27.18:204][  0]LogNativeClassHierarchy: Verbose: Native class hierarchy updated for 'HierarchicalLODOutliner' in 0.0004 seconds. Added 0 classes and 0 folders.
[2023.03.16-19.27.18:204][  0]LogLoad: (Engine Initialization) Total time: 10.23 seconds
[2023.03.16-19.27.18:204][  0]LogLoad: (Engine Initialization) Total Blueprint compile time: 0.00 seconds
[2023.03.16-19.27.18:247][  0]LogAssetRegistry: Asset discovery search completed in 5.7355 seconds
[2023.03.16-19.27.18:255][  0]LogCollectionManager: Fixed up redirectors for 0 collections in 0.000003 seconds (updated 0 objects)
[2023.03.16-19.27.18:257][  0]LogContentStreaming: Texture pool size now 1000 MB
[2023.03.16-19.27.49:412][105]LogSlate: Took 0.003459 seconds to synchronously load lazily loaded font '../../../Engine/Content/Slate/Fonts/Roboto-Light.ttf' (167K)
[2023.03.16-19.27.49:446][105]LogEditorClassViewer: Warning: Class /Engine/Tutorial/InWorldBlueprintEditing/TutorialAssets/IWBE_Blutility.IWBE_Blutility_C has parent /Script/Blutility.PlacedEditorUtilityBase, but this parent is not found. The Class will not be shown in ClassViewer.
[2023.03.16-19.27.49:610][105]LogSlate: Took 0.000276 seconds to synchronously load lazily loaded font '../../../Engine/Content/Slate/Fonts/Roboto-BoldCondensed.ttf' (158K)
[2023.03.16-19.28.09:501][405]Running E:/UnrealEngine4/UE_4.27/Engine/Binaries/DotNET/UnrealBuildTool.exe  -projectfiles -project="E:/Unreal/RPGPrototype_ue4/RPGPrototype/RPGPrototype.uproject" -game -rocket -progress
[2023.03.16-19.28.09:917][405]Discovering modules, targets and source code for project...
[2023.03.16-19.28.11:833][405]Binding IntelliSense data...
[2023.03.16-19.28.14:658][405]Binding IntelliSense data... 100%
[2023.03.16-19.28.14:659][405]Writing project files...
[2023.03.16-19.28.19:294][405]Writing project files... 100%
[2023.03.16-19.28.19:430][405]LogVSAccessor: Warning: Visual Studio is open but could not be queried - it may be blocked by a modal operation
[2023.03.16-19.28.19:431][405]LogVSAccessor: Warning: Couldn't access Visual Studio
[2023.03.16-19.28.19:450][405]Candidate modules for hot reload:
[2023.03.16-19.28.19:450][405]  RPGPrototype
[2023.03.16-19.28.19:451][405]Launching UnrealBuildTool... [E:/UnrealEngine4/UE_4.27/Engine/Binaries/DotNET/UnrealBuildTool.exe  -ModuleWithSuffix=RPGPrototype,9964 RPGPrototypeEditor Win64 Development -Project="E:/Unreal/RPGPrototype_ue4/RPGPrototype/RPGPrototype.uproject" "E:/Unreal/RPGPrototype_ue4/RPGPrototype/RPGPrototype.uproject"  -IgnoreJunk]
