Log file open, 04/01/22 18:51:35
LogWindows: Failed to load 'aqProf.dll' (GetLastError=126)
LogWindows: File 'aqProf.dll' does not exist
LogWindows: Failed to load 'VtuneApi.dll' (GetLastError=126)
LogWindows: File 'VtuneApi.dll' does not exist
LogWindows: Failed to load 'VtuneApi32e.dll' (GetLastError=126)
LogWindows: File 'VtuneApi32e.dll' does not exist
LogConsoleResponse: Display: Failed to find resolution value strings in scalability ini. Falling back to default.
LogConsoleResponse: Display: Failed to find resolution value strings in scalability ini. Falling back to default.
LogInit: Display: Running engine for game: RPGPrototype
LogPlatformFile: Not using cached read wrapper
LogTaskGraph: Started task graph with 5 named threads and 35 total threads with 3 sets of task threads.
LogStats: Stats thread started at 0.377197
LogICUInternationalization: ICU TimeZone Detection - Raw Offset: +0:00, Platform Override: ''
LogInit: Display: Loading text-based GConfig....
LogPluginManager: Mounting plugin MeshPainting
LogPluginManager: Mounting plugin XGEController
LogPluginManager: Mounting plugin LightPropagationVolume
LogPluginManager: Mounting plugin OodleData
LogPluginManager: Mounting plugin Paper2D
LogPluginManager: Mounting plugin CameraShakePreviewer
LogPluginManager: Mounting plugin AISupport
LogPluginManager: Mounting plugin AssetManagerEditor
LogPluginManager: Mounting plugin AnimationSharing
LogPluginManager: Mounting plugin GameplayCameras
LogPluginManager: Mounting plugin AlembicImporter
LogPluginManager: Mounting plugin CLionSourceCodeAccess
LogPluginManager: Mounting plugin DatasmithContent
LogPluginManager: Mounting plugin LiveLink
LogPluginManager: Mounting plugin AutomationUtils
LogPluginManager: Mounting plugin EnvironmentQueryEditor
LogPluginManager: Mounting plugin BackChannel
LogPluginManager: Mounting plugin OodleNetwork
LogPluginManager: Mounting plugin ChaosEditor
LogPluginManager: Mounting plugin ChaosClothEditor
LogPluginManager: Mounting plugin VariantManagerContent
LogPluginManager: Mounting plugin Niagara
LogPluginManager: Mounting plugin ChaosCloth
LogPluginManager: Mounting plugin ChaosNiagara
LogPluginManager: Mounting plugin ChaosSolverPlugin
LogPluginManager: Mounting plugin CharacterAI
LogPluginManager: Mounting plugin CodeLiteSourceCodeAccess
LogPluginManager: Mounting plugin CurveEditorTools
LogPluginManager: Mounting plugin CryptoKeys
LogPluginManager: Mounting plugin DataValidation
LogPluginManager: Mounting plugin KDevelopSourceCodeAccess
LogPluginManager: Mounting plugin NullSourceCodeAccess
LogPluginManager: Mounting plugin GitSourceControl
LogPluginManager: Mounting plugin PerforceSourceControl
LogPluginManager: Mounting plugin GameplayTagsEditor
LogPluginManager: Mounting plugin PixWinPlugin
LogPluginManager: Mounting plugin FacialAnimation
LogPluginManager: Mounting plugin GeometryCache
LogPluginManager: Mounting plugin GeometryCollectionPlugin
LogPluginManager: Mounting plugin GeometryMode
LogPluginManager: Mounting plugin PluginUtils
LogPluginManager: Mounting plugin PlasticSourceControl
LogPluginManager: Mounting plugin PropertyAccessNode
LogPluginManager: Mounting plugin MaterialAnalyzer
LogPluginManager: Mounting plugin MacGraphicsSwitching
LogPluginManager: Mounting plugin MobileLauncherProfileWizard
LogPluginManager: Mounting plugin PluginBrowser
LogPluginManager: Mounting plugin SubversionSourceControl
LogPluginManager: Mounting plugin TextureFormatOodle
LogPluginManager: Mounting plugin RiderSourceCodeAccess
LogPluginManager: Mounting plugin UObjectPlugin
LogPluginManager: Mounting plugin SpeedTreeImporter
LogPluginManager: Mounting plugin VisualStudioCodeSourceCodeAccess
LogPluginManager: Mounting plugin GeometryProcessing
LogPluginManager: Mounting plugin VisualStudioSourceCodeAccess
LogPluginManager: Mounting plugin XCodeSourceCodeAccess
LogPluginManager: Mounting plugin MotoSynth
LogPluginManager: Mounting plugin OpenImageDenoise
LogPluginManager: Mounting plugin PlatformCrypto
LogPluginManager: Mounting plugin PlanarCut
LogPluginManager: Mounting plugin ProxyLODPlugin
LogPluginManager: Mounting plugin PythonScriptPlugin
LogPluginManager: Mounting plugin SkeletalReduction
LogPluginManager: Mounting plugin LuminPlatformFeatures
LogPluginManager: Mounting plugin MagicLeap
LogPluginManager: Mounting plugin MagicLeapLightEstimation
LogPluginManager: Mounting plugin MagicLeapMedia
LogPluginManager: Mounting plugin AndroidMedia
LogPluginManager: Mounting plugin MagicLeapPassableWorld
LogPluginManager: Mounting plugin MLSDK
LogPluginManager: Mounting plugin AvfMedia
LogPluginManager: Mounting plugin ImgMedia
LogPluginManager: Mounting plugin MediaCompositing
LogPluginManager: Mounting plugin ActorSequence
LogPluginManager: Mounting plugin MediaPlayerEditor
LogPluginManager: Mounting plugin WebMMedia
LogPluginManager: Mounting plugin LevelSequenceEditor
LogPluginManager: Mounting plugin WmfMedia
LogPluginManager: Mounting plugin MatineeToLevelSequence
LogPluginManager: Mounting plugin TcpMessaging
LogPluginManager: Mounting plugin UdpMessaging
LogPluginManager: Mounting plugin TemplateSequence
LogPluginManager: Mounting plugin LauncherChunkInstaller
LogPluginManager: Mounting plugin OnlineSubsystem
LogPluginManager: Mounting plugin OnlineSubsystemNull
LogPluginManager: Mounting plugin ActorLayerUtilities
LogPluginManager: Mounting plugin OnlineSubsystemUtils
LogPluginManager: Mounting plugin AndroidDeviceProfileSelector
LogPluginManager: Mounting plugin AndroidMoviePlayer
LogPluginManager: Mounting plugin AndroidPermission
LogPluginManager: Mounting plugin AppleImageUtils
LogPluginManager: Mounting plugin AppleMoviePlayer
LogPluginManager: Mounting plugin AssetTags
LogPluginManager: Mounting plugin AudioCapture
LogPluginManager: Mounting plugin ArchVisCharacter
LogPluginManager: Mounting plugin AudioSynesthesia
LogPluginManager: Mounting plugin CableComponent
LogPluginManager: Mounting plugin ChunkDownloader
LogPluginManager: Mounting plugin CustomMeshComponent
LogPluginManager: Mounting plugin DataRegistry
LogPluginManager: Mounting plugin EditableMesh
LogPluginManager: Mounting plugin ExampleDeviceProfileSelector
LogPluginManager: Mounting plugin GoogleCloudMessaging
LogPluginManager: Mounting plugin GameplayAbilities
LogPluginManager: Mounting plugin GooglePAD
LogPluginManager: Mounting plugin IOSDeviceProfileSelector
LogPluginManager: Mounting plugin LinuxDeviceProfileSelector
LogPluginManager: Mounting plugin LocationServicesBPLibrary
LogPluginManager: Mounting plugin MobilePatchingUtils
LogPluginManager: Mounting plugin OpenXR
LogPluginManager: Mounting plugin OpenXREyeTracker
LogPluginManager: Mounting plugin OpenXRHandTracking
LogPluginManager: Mounting plugin PhysXVehicles
LogPluginManager: Mounting plugin PostSplashScreen
LogPluginManager: Mounting plugin ProceduralMeshComponent
LogPluginManager: Mounting plugin PropertyAccessEditor
LogPluginManager: Mounting plugin RuntimePhysXCooking
LogPluginManager: Mounting plugin SignificanceManager
LogPluginManager: Mounting plugin SoundFields
LogPluginManager: Mounting plugin Synthesis
LogPluginManager: Mounting plugin WebMMoviePlayer
LogPluginManager: Mounting plugin WindowsMoviePlayer
LogPluginManager: Mounting plugin ScreenshotTools
LogPluginManager: Mounting plugin Takes
LogPluginManager: Mounting plugin ContentBrowserClassDataSource
LogPluginManager: Mounting plugin ContentBrowserFileDataSource
LogPluginManager: Mounting plugin ContentBrowserAssetDataSource
LogPluginManager: Mounting plugin OnlineSubsystemIOS
LogPluginManager: Mounting plugin OnlineSubsystemGooglePlay
LogPluginManager: Mounting plugin OculusVR
LogPluginManager: Mounting plugin SteamVR
PixWinPlugin: PIX capture plugin failed to initialize! Check that the process is launched from PIX.
LogInit: Using libcurl 7.55.1-DEV
LogInit:  - built for x86_64-pc-win32
LogInit:  - supports SSL with OpenSSL/1.1.1
LogInit:  - supports HTTP deflate (compression) using libz 1.2.8
LogInit:  - other features:
LogInit:      CURL_VERSION_SSL
LogInit:      CURL_VERSION_LIBZ
LogInit:      CURL_VERSION_IPV6
LogInit:      CURL_VERSION_ASYNCHDNS
LogInit:      CURL_VERSION_LARGEFILE
LogInit:      CURL_VERSION_IDN
LogInit:  CurlRequestOptions (configurable via config and command line):
LogInit:  - bVerifyPeer = true  - Libcurl will verify peer certificate
LogInit:  - bUseHttpProxy = false  - Libcurl will NOT use HTTP proxy
LogInit:  - bDontReuseConnections = false  - Libcurl will reuse connections
LogInit:  - MaxHostConnections = 16  - Libcurl will limit the number of connections to a host
LogInit:  - LocalHostAddr = Default
LogInit:  - BufferSize = 65536
LogOnline: OSS: Creating online subsystem instance for: NULL
LogInit: WinSock: version 1.1 (2.2), MaxSocks=32767, MaxUdp=65467
LogOnline: OSS: TryLoadSubsystemAndSetDefault: Loaded subsystem for module [NULL]
LogOculusPluginWrapper: OculusPlugin initialized successfully
LogHMD: Failed initializing OVRPlugin 1.59.0
LogInit: Build: ++UE4+Release-4.27-CL-18319896
LogInit: Engine Version: 4.27.2-18319896+++UE4+Release-4.27
LogInit: Compatible Engine Version: 4.27.0-17155196+++UE4+Release-4.27
LogInit: Net CL: 17155196
LogInit: OS: Windows 10 (Release 2009) (), CPU: AMD Ryzen 5 3600 6-Core Processor              , GPU: NVIDIA GeForce RTX 2060 SUPER
LogInit: Compiled (64-bit): Nov 30 2021 07:12:08
LogInit: Compiled with Visual C++: 19.24.28315.00
LogInit: Build Configuration: Development
LogInit: Branch Name: ++UE4+Release-4.27
LogInit: Command Line:  -skipcompile
LogInit: Base Directory: E:/UnrealEngine4/UE_4.27/Engine/Binaries/Win64/
LogInit: Allocator: TBB
LogInit: Installed Engine Build: 1
LogDevObjectVersion: Number of dev versions registered: 29
LogDevObjectVersion:   Dev-Blueprints (B0D832E4-1F89-4F0D-ACCF-7EB736FD4AA2): 10
LogDevObjectVersion:   Dev-Build (E1C64328-A22C-4D53-A36C-8E866417BD8C): 0
LogDevObjectVersion:   Dev-Core (375EC13C-06E4-48FB-B500-84F0262A717E): 4
LogDevObjectVersion:   Dev-Editor (E4B068ED-F494-42E9-A231-DA0B2E46BB41): 40
LogDevObjectVersion:   Dev-Framework (CFFC743F-43B0-4480-9391-14DF171D2073): 37
LogDevObjectVersion:   Dev-Mobile (B02B49B5-BB20-44E9-A304-32B752E40360): 3
LogDevObjectVersion:   Dev-Networking (A4E4105C-59A1-49B5-A7C5-40C4547EDFEE): 0
LogDevObjectVersion:   Dev-Online (39C831C9-5AE6-47DC-9A44-9C173E1C8E7C): 0
LogDevObjectVersion:   Dev-Physics (78F01B33-EBEA-4F98-B9B4-84EACCB95AA2): 14
LogDevObjectVersion:   Dev-Platform (6631380F-2D4D-43E0-8009-CF276956A95A): 0
LogDevObjectVersion:   Dev-Rendering (12F88B9F-8875-4AFC-A67C-D90C383ABD29): 45
LogDevObjectVersion:   Dev-Sequencer (7B5AE74C-D270-4C10-A958-57980B212A5A): 13
LogDevObjectVersion:   Dev-VR (D7296918-1DD6-4BDD-9DE2-64A83CC13884): 3
LogDevObjectVersion:   Dev-LoadTimes (C2A15278-BFE7-4AFE-6C17-90FF531DF755): 1
LogDevObjectVersion:   Private-Geometry (6EACA3D4-40EC-4CC1-B786-8BED09428FC5): 3
LogDevObjectVersion:   Dev-AnimPhys (29E575DD-E0A3-4627-9D10-D276232CDCEA): 17
LogDevObjectVersion:   Dev-Anim (AF43A65D-7FD3-4947-9873-3E8ED9C1BB05): 15
LogDevObjectVersion:   Dev-ReflectionCapture (6B266CEC-1EC7-4B8F-A30B-E4D90942FC07): 1
LogDevObjectVersion:   Dev-Automation (0DF73D61-A23F-47EA-B727-89E90C41499A): 1
LogDevObjectVersion:   FortniteMain (601D1886-AC64-4F84-AA16-D3DE0DEAC7D6): 47
LogDevObjectVersion:   FortniteRelease (E7086368-6B23-4C58-8439-1B7016265E91): 1
LogDevObjectVersion:   Dev-Enterprise (9DFFBCD6-494F-0158-E221-12823C92A888): 10
LogDevObjectVersion:   Dev-Niagara (F2AED0AC-9AFE-416F-8664-AA7FFA26D6FC): 1
LogDevObjectVersion:   Dev-Destruction (174F1F0B-B4C6-45A5-B13F-2EE8D0FB917D): 10
LogDevObjectVersion:   Dev-Physics-Ext (35F94A83-E258-406C-A318-09F59610247C): 41
LogDevObjectVersion:   Dev-PhysicsMaterial-Chaos (B68FC16E-8B1B-42E2-B453-215C058844FE): 1
LogDevObjectVersion:   Dev-CineCamera (B2E18506-4273-CFC2-A54E-F4BB758BBA07): 1
LogDevObjectVersion:   Dev-VirtualProduction (64F58936-FD1B-42BA-BA96-7289D5D0FA4E): 1
LogDevObjectVersion:   Dev-MediaFramework (6F0ED827-A609-4895-9C91-998D90180EA4): 2
LogInit: Presizing for max 25165824 objects, including 0 objects not considered by GC, pre-allocating 0 bytes for permanent pool.
LogConfig: Applying CVar settings from Section [/Script/Engine.StreamingSettings] File [E:/Unreal/ActionRPG_ue4/RPGPrototype/Saved/Config/Windows/Engine.ini]
LogConfig: Setting CVar [[s.MinBulkDataSizeForAsyncLoading:131072]]
LogConfig: Setting CVar [[s.AsyncLoadingThreadEnabled:0]]
LogConfig: Setting CVar [[s.EventDrivenLoaderEnabled:1]]
LogConfig: Setting CVar [[s.WarnIfTimeLimitExceeded:0]]
LogConfig: Setting CVar [[s.TimeLimitExceededMultiplier:1.5]]
LogConfig: Setting CVar [[s.TimeLimitExceededMinTime:0.005]]
LogConfig: Setting CVar [[s.UseBackgroundLevelStreaming:1]]
LogConfig: Setting CVar [[s.PriorityAsyncLoadingExtraTime:15.0]]
LogConfig: Setting CVar [[s.LevelStreamingActorsUpdateTimeLimit:5.0]]
LogConfig: Setting CVar [[s.PriorityLevelStreamingActorsUpdateExtraTime:5.0]]
LogConfig: Setting CVar [[s.LevelStreamingComponentsRegistrationGranularity:10]]
LogConfig: Setting CVar [[s.UnregisterComponentsTimeLimit:1.0]]
LogConfig: Setting CVar [[s.LevelStreamingComponentsUnregistrationGranularity:5]]
LogConfig: Setting CVar [[s.FlushStreamingOnExit:1]]
LogInit: Object subsystem initialized
LogConfig: Setting CVar [[con.DebugEarlyDefault:1]]
LogConfig: Setting CVar [[r.setres:1280x720]]
[2022.04.01-17.51.36:339][  0]LogConfig: Setting CVar [[r.VSync:0]]
[2022.04.01-17.51.36:339][  0]LogConfig: Setting CVar [[r.RHICmdBypass:0]]
[2022.04.01-17.51.36:339][  0]LogConfig: Applying CVar settings from Section [/Script/Engine.RendererSettings] File [E:/Unreal/ActionRPG_ue4/RPGPrototype/Saved/Config/Windows/Engine.ini]
[2022.04.01-17.51.36:339][  0]LogConfig: Setting CVar [[r.GPUCrashDebugging:0]]
[2022.04.01-17.51.36:339][  0]LogConfig: Applying CVar settings from Section [/Script/Engine.RendererOverrideSettings] File [E:/Unreal/ActionRPG_ue4/RPGPrototype/Saved/Config/Windows/Engine.ini]
[2022.04.01-17.51.36:339][  0]LogConfig: Applying CVar settings from Section [/Script/Engine.StreamingSettings] File [E:/Unreal/ActionRPG_ue4/RPGPrototype/Saved/Config/Windows/Engine.ini]
[2022.04.01-17.51.36:339][  0]LogConfig: Setting CVar [[s.MinBulkDataSizeForAsyncLoading:131072]]
[2022.04.01-17.51.36:339][  0]LogConfig: Setting CVar [[s.AsyncLoadingThreadEnabled:0]]
[2022.04.01-17.51.36:339][  0]LogConfig: Setting CVar [[s.EventDrivenLoaderEnabled:1]]
[2022.04.01-17.51.36:339][  0]LogConfig: Setting CVar [[s.WarnIfTimeLimitExceeded:0]]
[2022.04.01-17.51.36:339][  0]LogConfig: Setting CVar [[s.TimeLimitExceededMultiplier:1.5]]
[2022.04.01-17.51.36:339][  0]LogConfig: Setting CVar [[s.TimeLimitExceededMinTime:0.005]]
[2022.04.01-17.51.36:339][  0]LogConfig: Setting CVar [[s.UseBackgroundLevelStreaming:1]]
[2022.04.01-17.51.36:339][  0]LogConfig: Setting CVar [[s.PriorityAsyncLoadingExtraTime:15.0]]
[2022.04.01-17.51.36:339][  0]LogConfig: Setting CVar [[s.LevelStreamingActorsUpdateTimeLimit:5.0]]
[2022.04.01-17.51.36:339][  0]LogConfig: Setting CVar [[s.PriorityLevelStreamingActorsUpdateExtraTime:5.0]]
[2022.04.01-17.51.36:339][  0]LogConfig: Setting CVar [[s.LevelStreamingComponentsRegistrationGranularity:10]]
[2022.04.01-17.51.36:339][  0]LogConfig: Setting CVar [[s.UnregisterComponentsTimeLimit:1.0]]
[2022.04.01-17.51.36:340][  0]LogConfig: Setting CVar [[s.LevelStreamingComponentsUnregistrationGranularity:5]]
[2022.04.01-17.51.36:340][  0]LogConfig: Setting CVar [[s.FlushStreamingOnExit:1]]
[2022.04.01-17.51.36:340][  0]LogConfig: Applying CVar settings from Section [/Script/Engine.GarbageCollectionSettings] File [E:/Unreal/ActionRPG_ue4/RPGPrototype/Saved/Config/Windows/Engine.ini]
[2022.04.01-17.51.36:340][  0]LogConfig: Setting CVar [[gc.MaxObjectsNotConsideredByGC:1]]
[2022.04.01-17.51.36:340][  0]LogConfig: Setting CVar [[gc.SizeOfPermanentObjectPool:0]]
[2022.04.01-17.51.36:340][  0]LogConfig: Setting CVar [[gc.FlushStreamingOnGC:0]]
[2022.04.01-17.51.36:340][  0]LogConfig: Setting CVar [[gc.NumRetriesBeforeForcingGC:10]]
[2022.04.01-17.51.36:340][  0]LogConfig: Setting CVar [[gc.AllowParallelGC:1]]
[2022.04.01-17.51.36:340][  0]LogConfig: Setting CVar [[gc.TimeBetweenPurgingPendingKillObjects:61.1]]
[2022.04.01-17.51.36:340][  0]LogConfig: Setting CVar [[gc.MaxObjectsInEditor:25165824]]
[2022.04.01-17.51.36:340][  0]LogConfig: Setting CVar [[gc.IncrementalBeginDestroyEnabled:1]]
[2022.04.01-17.51.36:340][  0]LogConfig: Setting CVar [[gc.CreateGCClusters:1]]
[2022.04.01-17.51.36:340][  0]LogConfig: Setting CVar [[gc.MinGCClusterSize:5]]
[2022.04.01-17.51.36:340][  0]LogConfig: Setting CVar [[gc.ActorClusteringEnabled:0]]
[2022.04.01-17.51.36:340][  0]LogConfig: Setting CVar [[gc.BlueprintClusteringEnabled:0]]
[2022.04.01-17.51.36:340][  0]LogConfig: Setting CVar [[gc.UseDisregardForGCOnDedicatedServers:0]]
[2022.04.01-17.51.36:341][  0]LogConfig: Setting CVar [[gc.MultithreadedDestructionEnabled:1]]
[2022.04.01-17.51.36:341][  0]LogConfig: Applying CVar settings from Section [/Script/Engine.NetworkSettings] File [E:/Unreal/ActionRPG_ue4/RPGPrototype/Saved/Config/Windows/Engine.ini]
[2022.04.01-17.51.36:341][  0]LogConfig: Applying CVar settings from Section [/Script/UnrealEd.CookerSettings] File [E:/Unreal/ActionRPG_ue4/RPGPrototype/Saved/Config/Windows/Engine.ini]
[2022.04.01-17.51.36:357][  0]LogConfig: Applying CVar settings from Section [ViewDistanceQuality@3] File [E:/Unreal/ActionRPG_ue4/RPGPrototype/Saved/Config/Windows/Scalability.ini]
[2022.04.01-17.51.36:357][  0]LogConfig: Setting CVar [[r.SkeletalMeshLODBias:0]]
[2022.04.01-17.51.36:357][  0]LogConfig: Setting CVar [[r.ViewDistanceScale:1.0]]
[2022.04.01-17.51.36:357][  0]LogConfig: Applying CVar settings from Section [AntiAliasingQuality@3] File [E:/Unreal/ActionRPG_ue4/RPGPrototype/Saved/Config/Windows/Scalability.ini]
[2022.04.01-17.51.36:358][  0]LogConfig: Setting CVar [[r.PostProcessAAQuality:4]]
[2022.04.01-17.51.36:358][  0]LogConfig: Applying CVar settings from Section [ShadowQuality@3] File [E:/Unreal/ActionRPG_ue4/RPGPrototype/Saved/Config/Windows/Scalability.ini]
[2022.04.01-17.51.36:358][  0]LogConfig: Setting CVar [[r.LightFunctionQuality:1]]
[2022.04.01-17.51.36:358][  0]LogConfig: Setting CVar [[r.ShadowQuality:5]]
[2022.04.01-17.51.36:358][  0]LogConfig: Setting CVar [[r.Shadow.CSM.MaxCascades:10]]
[2022.04.01-17.51.36:358][  0]LogConfig: Setting CVar [[r.Shadow.MaxResolution:2048]]
[2022.04.01-17.51.36:358][  0]LogConfig: Setting CVar [[r.Shadow.MaxCSMResolution:2048]]
[2022.04.01-17.51.36:358][  0]LogConfig: Setting CVar [[r.Shadow.RadiusThreshold:0.01]]
[2022.04.01-17.51.36:358][  0]LogConfig: Setting CVar [[r.Shadow.DistanceScale:1.0]]
[2022.04.01-17.51.36:358][  0]LogConfig: Setting CVar [[r.Shadow.CSM.TransitionScale:1.0]]
[2022.04.01-17.51.36:358][  0]LogConfig: Setting CVar [[r.Shadow.PreShadowResolutionFactor:1.0]]
[2022.04.01-17.51.36:358][  0]LogConfig: Setting CVar [[r.DistanceFieldShadowing:1]]
[2022.04.01-17.51.36:358][  0]LogConfig: Setting CVar [[r.DistanceFieldAO:1]]
[2022.04.01-17.51.36:358][  0]LogConfig: Setting CVar [[r.AOQuality:2]]
[2022.04.01-17.51.36:358][  0]LogConfig: Setting CVar [[r.VolumetricFog:1]]
[2022.04.01-17.51.36:358][  0]LogConfig: Setting CVar [[r.VolumetricFog.GridPixelSize:8]]
[2022.04.01-17.51.36:358][  0]LogConfig: Setting CVar [[r.VolumetricFog.GridSizeZ:128]]
[2022.04.01-17.51.36:359][  0]LogConfig: Setting CVar [[r.VolumetricFog.HistoryMissSupersampleCount:4]]
[2022.04.01-17.51.36:359][  0]LogConfig: Setting CVar [[r.LightMaxDrawDistanceScale:1]]
[2022.04.01-17.51.36:359][  0]LogConfig: Setting CVar [[r.CapsuleShadows:1]]
[2022.04.01-17.51.36:359][  0]LogConfig: Applying CVar settings from Section [PostProcessQuality@3] File [E:/Unreal/ActionRPG_ue4/RPGPrototype/Saved/Config/Windows/Scalability.ini]
[2022.04.01-17.51.36:359][  0]LogConfig: Setting CVar [[r.MotionBlurQuality:4]]
[2022.04.01-17.51.36:359][  0]LogConfig: Setting CVar [[r.AmbientOcclusionMipLevelFactor:0.4]]
[2022.04.01-17.51.36:359][  0]LogConfig: Setting CVar [[r.AmbientOcclusionMaxQuality:100]]
[2022.04.01-17.51.36:359][  0]LogConfig: Setting CVar [[r.AmbientOcclusionLevels:-1]]
[2022.04.01-17.51.36:359][  0]LogConfig: Setting CVar [[r.AmbientOcclusionRadiusScale:1.0]]
[2022.04.01-17.51.36:359][  0]LogConfig: Setting CVar [[r.DepthOfFieldQuality:2]]
[2022.04.01-17.51.36:359][  0]LogConfig: Setting CVar [[r.RenderTargetPoolMin:400]]
[2022.04.01-17.51.36:359][  0]LogConfig: Setting CVar [[r.LensFlareQuality:2]]
[2022.04.01-17.51.36:359][  0]LogConfig: Setting CVar [[r.SceneColorFringeQuality:1]]
[2022.04.01-17.51.36:359][  0]LogConfig: Setting CVar [[r.EyeAdaptationQuality:2]]
[2022.04.01-17.51.36:359][  0]LogConfig: Setting CVar [[r.BloomQuality:5]]
[2022.04.01-17.51.36:359][  0]LogConfig: Setting CVar [[r.FastBlurThreshold:100]]
[2022.04.01-17.51.36:359][  0]LogConfig: Setting CVar [[r.Upscale.Quality:3]]
[2022.04.01-17.51.36:359][  0]LogConfig: Setting CVar [[r.Tonemapper.GrainQuantization:1]]
[2022.04.01-17.51.36:359][  0]LogConfig: Setting CVar [[r.LightShaftQuality:1]]
[2022.04.01-17.51.36:359][  0]LogConfig: Setting CVar [[r.Filter.SizeScale:1]]
[2022.04.01-17.51.36:360][  0]LogConfig: Setting CVar [[r.Tonemapper.Quality:5]]
[2022.04.01-17.51.36:360][  0]LogConfig: Setting CVar [[r.DOF.Gather.AccumulatorQuality:1        ; higher gathering accumulator quality]]
[2022.04.01-17.51.36:360][  0]LogConfig: Setting CVar [[r.DOF.Gather.PostfilterMethod:1          ; Median3x3 postfilering method]]
[2022.04.01-17.51.36:360][  0]LogConfig: Setting CVar [[r.DOF.Gather.EnableBokehSettings:0       ; no bokeh simulation when gathering]]
[2022.04.01-17.51.36:360][  0]LogConfig: Setting CVar [[r.DOF.Gather.RingCount:4                 ; medium number of samples when gathering]]
[2022.04.01-17.51.36:360][  0]LogConfig: Setting CVar [[r.DOF.Scatter.ForegroundCompositing:1    ; additive foreground scattering]]
[2022.04.01-17.51.36:360][  0]LogConfig: Setting CVar [[r.DOF.Scatter.BackgroundCompositing:2    ; additive background scattering]]
[2022.04.01-17.51.36:360][  0]LogConfig: Setting CVar [[r.DOF.Scatter.EnableBokehSettings:1      ; bokeh simulation when scattering]]
[2022.04.01-17.51.36:360][  0]LogConfig: Setting CVar [[r.DOF.Scatter.MaxSpriteRatio:0.1         ; only a maximum of 10% of scattered bokeh]]
[2022.04.01-17.51.36:360][  0]LogConfig: Setting CVar [[r.DOF.Recombine.Quality:1                ; cheap slight out of focus]]
[2022.04.01-17.51.36:360][  0]LogConfig: Setting CVar [[r.DOF.Recombine.EnableBokehSettings:0    ; no bokeh simulation on slight out of focus]]
[2022.04.01-17.51.36:360][  0]LogConfig: Setting CVar [[r.DOF.TemporalAAQuality:1                ; more stable temporal accumulation]]
[2022.04.01-17.51.36:360][  0]LogConfig: Setting CVar [[r.DOF.Kernel.MaxForegroundRadius:0.025]]
[2022.04.01-17.51.36:360][  0]LogConfig: Setting CVar [[r.DOF.Kernel.MaxBackgroundRadius:0.025]]
[2022.04.01-17.51.36:360][  0]LogConfig: Applying CVar settings from Section [TextureQuality@3] File [E:/Unreal/ActionRPG_ue4/RPGPrototype/Saved/Config/Windows/Scalability.ini]
[2022.04.01-17.51.36:360][  0]LogConfig: Setting CVar [[r.Streaming.MipBias:0]]
[2022.04.01-17.51.36:360][  0]LogConfig: Setting CVar [[r.Streaming.AmortizeCPUToGPUCopy:0]]
[2022.04.01-17.51.36:360][  0]LogConfig: Setting CVar [[r.Streaming.MaxNumTexturesToStreamPerFrame:0]]
[2022.04.01-17.51.36:361][  0]LogConfig: Setting CVar [[r.Streaming.Boost:1]]
[2022.04.01-17.51.36:361][  0]LogConfig: Setting CVar [[r.MaxAnisotropy:8]]
[2022.04.01-17.51.36:361][  0]LogConfig: Setting CVar [[r.VT.MaxAnisotropy:8]]
[2022.04.01-17.51.36:361][  0]LogConfig: Setting CVar [[r.Streaming.LimitPoolSizeToVRAM:0]]
[2022.04.01-17.51.36:361][  0]LogConfig: Setting CVar [[r.Streaming.PoolSize:1000]]
[2022.04.01-17.51.36:361][  0]LogConfig: Setting CVar [[r.Streaming.MaxEffectiveScreenSize:0]]
[2022.04.01-17.51.36:361][  0]LogConfig: Applying CVar settings from Section [EffectsQuality@3] File [E:/Unreal/ActionRPG_ue4/RPGPrototype/Saved/Config/Windows/Scalability.ini]
[2022.04.01-17.51.36:361][  0]LogConfig: Setting CVar [[r.TranslucencyLightingVolumeDim:64]]
[2022.04.01-17.51.36:361][  0]LogConfig: Setting CVar [[r.RefractionQuality:2]]
[2022.04.01-17.51.36:361][  0]LogConfig: Setting CVar [[r.SSR.Quality:3]]
[2022.04.01-17.51.36:361][  0]LogConfig: Setting CVar [[r.SSR.HalfResSceneColor:0]]
[2022.04.01-17.51.36:361][  0]LogConfig: Setting CVar [[r.SceneColorFormat:4]]
[2022.04.01-17.51.36:361][  0]LogConfig: Setting CVar [[r.DetailMode:2]]
[2022.04.01-17.51.36:361][  0]LogConfig: Setting CVar [[r.TranslucencyVolumeBlur:1]]
[2022.04.01-17.51.36:361][  0]LogConfig: Setting CVar [[r.MaterialQualityLevel:1 ; High quality]]
[2022.04.01-17.51.36:361][  0]LogConfig: Setting CVar [[r.AnisotropicMaterials:1]]
[2022.04.01-17.51.36:361][  0]LogConfig: Setting CVar [[r.SSS.Scale:1]]
[2022.04.01-17.51.36:361][  0]LogConfig: Setting CVar [[r.SSS.SampleSet:2]]
[2022.04.01-17.51.36:361][  0]LogConfig: Setting CVar [[r.SSS.Quality:1]]
[2022.04.01-17.51.36:361][  0]LogConfig: Setting CVar [[r.SSS.HalfRes:0]]
[2022.04.01-17.51.36:361][  0]LogConfig: Setting CVar [[r.SSGI.Quality:3]]
[2022.04.01-17.51.36:362][  0]LogConfig: Setting CVar [[r.EmitterSpawnRateScale:1.0]]
[2022.04.01-17.51.36:362][  0]LogConfig: Setting CVar [[r.ParticleLightQuality:2]]
[2022.04.01-17.51.36:362][  0]LogConfig: Setting CVar [[r.SkyAtmosphere.AerialPerspectiveLUT.FastApplyOnOpaque:1 ; Always have FastSkyLUT 1 in this case to avoid wrong sky]]
[2022.04.01-17.51.36:362][  0]LogConfig: Setting CVar [[r.SkyAtmosphere.AerialPerspectiveLUT.SampleCountMaxPerSlice:4]]
[2022.04.01-17.51.36:362][  0]LogConfig: Setting CVar [[r.SkyAtmosphere.AerialPerspectiveLUT.DepthResolution:16.0]]
[2022.04.01-17.51.36:362][  0]LogConfig: Setting CVar [[r.SkyAtmosphere.FastSkyLUT:1]]
[2022.04.01-17.51.36:362][  0]LogConfig: Setting CVar [[r.SkyAtmosphere.FastSkyLUT.SampleCountMin:4.0]]
[2022.04.01-17.51.36:362][  0]LogConfig: Setting CVar [[r.SkyAtmosphere.FastSkyLUT.SampleCountMax:128.0]]
[2022.04.01-17.51.36:362][  0]LogConfig: Setting CVar [[r.SkyAtmosphere.SampleCountMin:4.0]]
[2022.04.01-17.51.36:362][  0]LogConfig: Setting CVar [[r.SkyAtmosphere.SampleCountMax:128.0]]
[2022.04.01-17.51.36:362][  0]LogConfig: Setting CVar [[r.SkyAtmosphere.TransmittanceLUT.UseSmallFormat:0]]
[2022.04.01-17.51.36:362][  0]LogConfig: Setting CVar [[r.SkyAtmosphere.TransmittanceLUT.SampleCount:10.0]]
[2022.04.01-17.51.36:362][  0]LogConfig: Setting CVar [[r.SkyAtmosphere.MultiScatteringLUT.SampleCount:15.0]]
[2022.04.01-17.51.36:362][  0]LogConfig: Setting CVar [[r.SkyLight.RealTimeReflectionCapture:1]]
[2022.04.01-17.51.36:362][  0]LogConfig: Applying CVar settings from Section [FoliageQuality@3] File [E:/Unreal/ActionRPG_ue4/RPGPrototype/Saved/Config/Windows/Scalability.ini]
[2022.04.01-17.51.36:362][  0]LogConfig: Setting CVar [[foliage.DensityScale:1.0]]
[2022.04.01-17.51.36:362][  0]LogConfig: Setting CVar [[grass.DensityScale:1.0]]
[2022.04.01-17.51.36:362][  0]LogConfig: Applying CVar settings from Section [ShadingQuality@3] File [E:/Unreal/ActionRPG_ue4/RPGPrototype/Saved/Config/Windows/Scalability.ini]
[2022.04.01-17.51.36:362][  0]LogConfig: Setting CVar [[r.HairStrands.SkyLighting.IntegrationType:2]]
[2022.04.01-17.51.36:362][  0]LogConfig: Setting CVar [[r.HairStrands.SkyAO.SampleCount:4]]
[2022.04.01-17.51.36:362][  0]LogConfig: Setting CVar [[r.HairStrands.Visibility.MSAA.SamplePerPixel:4]]
[2022.04.01-17.51.36:363][  0]LogInit: Selected Device Profile: [Windows]
[2022.04.01-17.51.36:363][  0]LogInit: Applying CVar settings loaded from the selected device profile: [Windows]
[2022.04.01-17.51.36:363][  0]LogHAL: Display: Platform has ~ 16 GB [17126871040 / 17179869184 / 16], which maps to Larger [LargestMinGB=32, LargerMinGB=12, DefaultMinGB=8, SmallerMinGB=6, SmallestMinGB=0)
[2022.04.01-17.51.36:363][  0]LogInit: Going up to parent DeviceProfile []
[2022.04.01-17.51.36:363][  0]LogConfig: Applying CVar settings from Section [ViewDistanceQuality@3] File [E:/Unreal/ActionRPG_ue4/RPGPrototype/Saved/Config/Windows/Scalability.ini]
[2022.04.01-17.51.36:363][  0]LogConfig: Setting CVar [[r.SkeletalMeshLODBias:0]]
[2022.04.01-17.51.36:363][  0]LogConfig: Setting CVar [[r.ViewDistanceScale:1.0]]
[2022.04.01-17.51.36:363][  0]LogConfig: Applying CVar settings from Section [AntiAliasingQuality@3] File [E:/Unreal/ActionRPG_ue4/RPGPrototype/Saved/Config/Windows/Scalability.ini]
[2022.04.01-17.51.36:363][  0]LogConfig: Setting CVar [[r.PostProcessAAQuality:4]]
[2022.04.01-17.51.36:363][  0]LogConfig: Applying CVar settings from Section [ShadowQuality@3] File [E:/Unreal/ActionRPG_ue4/RPGPrototype/Saved/Config/Windows/Scalability.ini]
[2022.04.01-17.51.36:363][  0]LogConfig: Setting CVar [[r.LightFunctionQuality:1]]
[2022.04.01-17.51.36:363][  0]LogConfig: Setting CVar [[r.ShadowQuality:5]]
[2022.04.01-17.51.36:363][  0]LogConfig: Setting CVar [[r.Shadow.CSM.MaxCascades:10]]
[2022.04.01-17.51.36:363][  0]LogConfig: Setting CVar [[r.Shadow.MaxResolution:2048]]
[2022.04.01-17.51.36:363][  0]LogConfig: Setting CVar [[r.Shadow.MaxCSMResolution:2048]]
[2022.04.01-17.51.36:363][  0]LogConfig: Setting CVar [[r.Shadow.RadiusThreshold:0.01]]
[2022.04.01-17.51.36:363][  0]LogConfig: Setting CVar [[r.Shadow.DistanceScale:1.0]]
[2022.04.01-17.51.36:363][  0]LogConfig: Setting CVar [[r.Shadow.CSM.TransitionScale:1.0]]
[2022.04.01-17.51.36:363][  0]LogConfig: Setting CVar [[r.Shadow.PreShadowResolutionFactor:1.0]]
[2022.04.01-17.51.36:364][  0]LogConfig: Setting CVar [[r.DistanceFieldShadowing:1]]
[2022.04.01-17.51.36:364][  0]LogConfig: Setting CVar [[r.DistanceFieldAO:1]]
[2022.04.01-17.51.36:364][  0]LogConfig: Setting CVar [[r.AOQuality:2]]
[2022.04.01-17.51.36:364][  0]LogConfig: Setting CVar [[r.VolumetricFog:1]]
[2022.04.01-17.51.36:364][  0]LogConfig: Setting CVar [[r.VolumetricFog.GridPixelSize:8]]
[2022.04.01-17.51.36:364][  0]LogConfig: Setting CVar [[r.VolumetricFog.GridSizeZ:128]]
[2022.04.01-17.51.36:364][  0]LogConfig: Setting CVar [[r.VolumetricFog.HistoryMissSupersampleCount:4]]
[2022.04.01-17.51.36:364][  0]LogConfig: Setting CVar [[r.LightMaxDrawDistanceScale:1]]
[2022.04.01-17.51.36:364][  0]LogConfig: Setting CVar [[r.CapsuleShadows:1]]
[2022.04.01-17.51.36:364][  0]LogConfig: Applying CVar settings from Section [PostProcessQuality@3] File [E:/Unreal/ActionRPG_ue4/RPGPrototype/Saved/Config/Windows/Scalability.ini]
[2022.04.01-17.51.36:364][  0]LogConfig: Setting CVar [[r.MotionBlurQuality:4]]
[2022.04.01-17.51.36:364][  0]LogConfig: Setting CVar [[r.AmbientOcclusionMipLevelFactor:0.4]]
[2022.04.01-17.51.36:364][  0]LogConfig: Setting CVar [[r.AmbientOcclusionMaxQuality:100]]
[2022.04.01-17.51.36:364][  0]LogConfig: Setting CVar [[r.AmbientOcclusionLevels:-1]]
[2022.04.01-17.51.36:364][  0]LogConfig: Setting CVar [[r.AmbientOcclusionRadiusScale:1.0]]
[2022.04.01-17.51.36:364][  0]LogConfig: Setting CVar [[r.DepthOfFieldQuality:2]]
[2022.04.01-17.51.36:364][  0]LogConfig: Setting CVar [[r.RenderTargetPoolMin:400]]
[2022.04.01-17.51.36:364][  0]LogConfig: Setting CVar [[r.LensFlareQuality:2]]
[2022.04.01-17.51.36:364][  0]LogConfig: Setting CVar [[r.SceneColorFringeQuality:1]]
[2022.04.01-17.51.36:364][  0]LogConfig: Setting CVar [[r.EyeAdaptationQuality:2]]
[2022.04.01-17.51.36:365][  0]LogConfig: Setting CVar [[r.BloomQuality:5]]
[2022.04.01-17.51.36:365][  0]LogConfig: Setting CVar [[r.FastBlurThreshold:100]]
[2022.04.01-17.51.36:365][  0]LogConfig: Setting CVar [[r.Upscale.Quality:3]]
[2022.04.01-17.51.36:365][  0]LogConfig: Setting CVar [[r.Tonemapper.GrainQuantization:1]]
[2022.04.01-17.51.36:365][  0]LogConfig: Setting CVar [[r.LightShaftQuality:1]]
[2022.04.01-17.51.36:365][  0]LogConfig: Setting CVar [[r.Filter.SizeScale:1]]
[2022.04.01-17.51.36:365][  0]LogConfig: Setting CVar [[r.Tonemapper.Quality:5]]
[2022.04.01-17.51.36:365][  0]LogConfig: Setting CVar [[r.DOF.Gather.AccumulatorQuality:1        ; higher gathering accumulator quality]]
[2022.04.01-17.51.36:365][  0]LogConfig: Setting CVar [[r.DOF.Gather.PostfilterMethod:1          ; Median3x3 postfilering method]]
[2022.04.01-17.51.36:365][  0]LogConfig: Setting CVar [[r.DOF.Gather.EnableBokehSettings:0       ; no bokeh simulation when gathering]]
[2022.04.01-17.51.36:365][  0]LogConfig: Setting CVar [[r.DOF.Gather.RingCount:4                 ; medium number of samples when gathering]]
[2022.04.01-17.51.36:365][  0]LogConfig: Setting CVar [[r.DOF.Scatter.ForegroundCompositing:1    ; additive foreground scattering]]
[2022.04.01-17.51.36:365][  0]LogConfig: Setting CVar [[r.DOF.Scatter.BackgroundCompositing:2    ; additive background scattering]]
[2022.04.01-17.51.36:365][  0]LogConfig: Setting CVar [[r.DOF.Scatter.EnableBokehSettings:1      ; bokeh simulation when scattering]]
[2022.04.01-17.51.36:365][  0]LogConfig: Setting CVar [[r.DOF.Scatter.MaxSpriteRatio:0.1         ; only a maximum of 10% of scattered bokeh]]
[2022.04.01-17.51.36:365][  0]LogConfig: Setting CVar [[r.DOF.Recombine.Quality:1                ; cheap slight out of focus]]
[2022.04.01-17.51.36:365][  0]LogConfig: Setting CVar [[r.DOF.Recombine.EnableBokehSettings:0    ; no bokeh simulation on slight out of focus]]
[2022.04.01-17.51.36:365][  0]LogConfig: Setting CVar [[r.DOF.TemporalAAQuality:1                ; more stable temporal accumulation]]
[2022.04.01-17.51.36:365][  0]LogConfig: Setting CVar [[r.DOF.Kernel.MaxForegroundRadius:0.025]]
[2022.04.01-17.51.36:365][  0]LogConfig: Setting CVar [[r.DOF.Kernel.MaxBackgroundRadius:0.025]]
[2022.04.01-17.51.36:366][  0]LogConfig: Applying CVar settings from Section [TextureQuality@3] File [E:/Unreal/ActionRPG_ue4/RPGPrototype/Saved/Config/Windows/Scalability.ini]
[2022.04.01-17.51.36:366][  0]LogConfig: Setting CVar [[r.Streaming.MipBias:0]]
[2022.04.01-17.51.36:366][  0]LogConfig: Setting CVar [[r.Streaming.AmortizeCPUToGPUCopy:0]]
[2022.04.01-17.51.36:366][  0]LogConfig: Setting CVar [[r.Streaming.MaxNumTexturesToStreamPerFrame:0]]
[2022.04.01-17.51.36:366][  0]LogConfig: Setting CVar [[r.Streaming.Boost:1]]
[2022.04.01-17.51.36:366][  0]LogConfig: Setting CVar [[r.MaxAnisotropy:8]]
[2022.04.01-17.51.36:366][  0]LogConfig: Setting CVar [[r.VT.MaxAnisotropy:8]]
[2022.04.01-17.51.36:366][  0]LogConfig: Setting CVar [[r.Streaming.LimitPoolSizeToVRAM:0]]
[2022.04.01-17.51.36:366][  0]LogConfig: Setting CVar [[r.Streaming.PoolSize:1000]]
[2022.04.01-17.51.36:366][  0]LogConfig: Setting CVar [[r.Streaming.MaxEffectiveScreenSize:0]]
[2022.04.01-17.51.36:366][  0]LogConfig: Applying CVar settings from Section [EffectsQuality@3] File [E:/Unreal/ActionRPG_ue4/RPGPrototype/Saved/Config/Windows/Scalability.ini]
[2022.04.01-17.51.36:366][  0]LogConfig: Setting CVar [[r.TranslucencyLightingVolumeDim:64]]
[2022.04.01-17.51.36:366][  0]LogConfig: Setting CVar [[r.RefractionQuality:2]]
[2022.04.01-17.51.36:366][  0]LogConfig: Setting CVar [[r.SSR.Quality:3]]
[2022.04.01-17.51.36:366][  0]LogConfig: Setting CVar [[r.SSR.HalfResSceneColor:0]]
[2022.04.01-17.51.36:366][  0]LogConfig: Setting CVar [[r.SceneColorFormat:4]]
[2022.04.01-17.51.36:366][  0]LogConfig: Setting CVar [[r.DetailMode:2]]
[2022.04.01-17.51.36:366][  0]LogConfig: Setting CVar [[r.TranslucencyVolumeBlur:1]]
[2022.04.01-17.51.36:366][  0]LogConfig: Setting CVar [[r.MaterialQualityLevel:1 ; High quality]]
[2022.04.01-17.51.36:367][  0]LogConfig: Setting CVar [[r.AnisotropicMaterials:1]]
[2022.04.01-17.51.36:367][  0]LogConfig: Setting CVar [[r.SSS.Scale:1]]
[2022.04.01-17.51.36:367][  0]LogConfig: Setting CVar [[r.SSS.SampleSet:2]]
[2022.04.01-17.51.36:367][  0]LogConfig: Setting CVar [[r.SSS.Quality:1]]
[2022.04.01-17.51.36:367][  0]LogConfig: Setting CVar [[r.SSS.HalfRes:0]]
[2022.04.01-17.51.36:367][  0]LogConfig: Setting CVar [[r.SSGI.Quality:3]]
[2022.04.01-17.51.36:367][  0]LogConfig: Setting CVar [[r.EmitterSpawnRateScale:1.0]]
[2022.04.01-17.51.36:367][  0]LogConfig: Setting CVar [[r.ParticleLightQuality:2]]
[2022.04.01-17.51.36:367][  0]LogConfig: Setting CVar [[r.SkyAtmosphere.AerialPerspectiveLUT.FastApplyOnOpaque:1 ; Always have FastSkyLUT 1 in this case to avoid wrong sky]]
[2022.04.01-17.51.36:367][  0]LogConfig: Setting CVar [[r.SkyAtmosphere.AerialPerspectiveLUT.SampleCountMaxPerSlice:4]]
[2022.04.01-17.51.36:367][  0]LogConfig: Setting CVar [[r.SkyAtmosphere.AerialPerspectiveLUT.DepthResolution:16.0]]
[2022.04.01-17.51.36:367][  0]LogConfig: Setting CVar [[r.SkyAtmosphere.FastSkyLUT:1]]
[2022.04.01-17.51.36:367][  0]LogConfig: Setting CVar [[r.SkyAtmosphere.FastSkyLUT.SampleCountMin:4.0]]
[2022.04.01-17.51.36:367][  0]LogConfig: Setting CVar [[r.SkyAtmosphere.FastSkyLUT.SampleCountMax:128.0]]
[2022.04.01-17.51.36:367][  0]LogConfig: Setting CVar [[r.SkyAtmosphere.SampleCountMin:4.0]]
[2022.04.01-17.51.36:367][  0]LogConfig: Setting CVar [[r.SkyAtmosphere.SampleCountMax:128.0]]
[2022.04.01-17.51.36:367][  0]LogConfig: Setting CVar [[r.SkyAtmosphere.TransmittanceLUT.UseSmallFormat:0]]
[2022.04.01-17.51.36:367][  0]LogConfig: Setting CVar [[r.SkyAtmosphere.TransmittanceLUT.SampleCount:10.0]]
[2022.04.01-17.51.36:367][  0]LogConfig: Setting CVar [[r.SkyAtmosphere.MultiScatteringLUT.SampleCount:15.0]]
[2022.04.01-17.51.36:367][  0]LogConfig: Setting CVar [[r.SkyLight.RealTimeReflectionCapture:1]]
[2022.04.01-17.51.36:367][  0]LogConfig: Applying CVar settings from Section [FoliageQuality@3] File [E:/Unreal/ActionRPG_ue4/RPGPrototype/Saved/Config/Windows/Scalability.ini]
[2022.04.01-17.51.36:367][  0]LogConfig: Setting CVar [[foliage.DensityScale:1.0]]
[2022.04.01-17.51.36:368][  0]LogConfig: Setting CVar [[grass.DensityScale:1.0]]
[2022.04.01-17.51.36:368][  0]LogConfig: Applying CVar settings from Section [ShadingQuality@3] File [E:/Unreal/ActionRPG_ue4/RPGPrototype/Saved/Config/Windows/Scalability.ini]
[2022.04.01-17.51.36:368][  0]LogConfig: Setting CVar [[r.HairStrands.SkyLighting.IntegrationType:2]]
[2022.04.01-17.51.36:368][  0]LogConfig: Setting CVar [[r.HairStrands.SkyAO.SampleCount:4]]
[2022.04.01-17.51.36:368][  0]LogConfig: Setting CVar [[r.HairStrands.Visibility.MSAA.SamplePerPixel:4]]
[2022.04.01-17.51.36:368][  0]LogConfig: Applying CVar settings from Section [Startup] File [../../../Engine/Config/ConsoleVariables.ini]
[2022.04.01-17.51.36:368][  0]LogConfig: Setting CVar [[net.UseAdaptiveNetUpdateFrequency:0]]
[2022.04.01-17.51.36:368][  0]LogConfig: Setting CVar [[p.chaos.AllowCreatePhysxBodies:1]]
[2022.04.01-17.51.36:368][  0]LogConfig: Setting CVar [[fx.SkipVectorVMBackendOptimizations:1]]
[2022.04.01-17.51.36:368][  0]LogConfig: Applying CVar settings from Section [ConsoleVariables] File [E:/Unreal/ActionRPG_ue4/RPGPrototype/Saved/Config/Windows/Engine.ini]
[2022.04.01-17.51.36:368][  0]LogConfig: Applying CVar settings from Section [ConsoleVariables] File [E:/Unreal/ActionRPG_ue4/RPGPrototype/Saved/Config/Windows/Editor.ini]
[2022.04.01-17.51.36:368][  0]LogInit: Computer: DESKTOP-SQ2C6IA
[2022.04.01-17.51.36:368][  0]LogInit: User: Usuario
[2022.04.01-17.51.36:368][  0]LogInit: CPU Page size=4096, Cores=6
[2022.04.01-17.51.36:368][  0]LogInit: High frequency timer resolution =10.000000 MHz
[2022.04.01-17.51.36:369][  0]LogMemory: Memory total: Physical=16.0GB (16GB approx)
[2022.04.01-17.51.36:369][  0]LogMemory: Platform Memory Stats for Windows
[2022.04.01-17.51.36:369][  0]LogMemory: Process Physical Memory: 147.92 MB used, 147.92 MB peak
[2022.04.01-17.51.36:369][  0]LogMemory: Process Virtual Memory: 121.86 MB used, 121.86 MB peak
[2022.04.01-17.51.36:369][  0]LogMemory: Physical Memory: 7663.94 MB used,  8669.52 MB free, 16333.46 MB total
[2022.04.01-17.51.36:369][  0]LogMemory: Virtual Memory: 134207480.00 MB used,  10245.14 MB free, 134217728.00 MB total
[2022.04.01-17.51.36:391][  0]LogWindows: WindowsPlatformFeatures enabled
[2022.04.01-17.51.36:642][  0]LogInit: Physics initialised using underlying interface: PhysX
[2022.04.01-17.51.36:644][  0]LogInit: Overriding language with editor language configuration option (en).
[2022.04.01-17.51.36:644][  0]LogInit: Using OS detected locale (es-ES).
[2022.04.01-17.51.36:825][  0]LogInit: Setting process to per monitor DPI aware
[2022.04.01-17.51.36:860][  0]LogWindowsTextInputMethodSystem: Display: IME system deactivated.
[2022.04.01-17.51.36:883][  0]LogSlate: New Slate User Created.  User Index 0, Is Virtual User: 0
[2022.04.01-17.51.36:883][  0]LogSlate: Slate User Registered.  User Index 0, Is Virtual User: 0
[2022.04.01-17.51.37:107][  0]LogD3D11RHI: Loaded GFSDK_Aftermath_Lib.x64.dll
[2022.04.01-17.51.37:118][  0]LogHMD: Failed to initialize OpenVR with code 110
[2022.04.01-17.51.37:118][  0]LogD3D11RHI: D3D11 min allowed feature level: 11_0
[2022.04.01-17.51.37:118][  0]LogD3D11RHI: D3D11 max allowed feature level: 11_0
[2022.04.01-17.51.37:118][  0]LogD3D11RHI: D3D11 adapters:
[2022.04.01-17.51.37:275][  0]LogD3D11RHI:    0. 'NVIDIA GeForce RTX 2060 SUPER' (Feature Level 11_0)
[2022.04.01-17.51.37:275][  0]LogD3D11RHI:       8031/0/8166 MB DedicatedVideo/DedicatedSystem/SharedSystem, Outputs:2, VendorId:0x10de
[2022.04.01-17.51.37:284][  0]LogD3D11RHI:    1. 'Microsoft Basic Render Driver' (Feature Level 11_0)
[2022.04.01-17.51.37:284][  0]LogD3D11RHI:       0/0/8166 MB DedicatedVideo/DedicatedSystem/SharedSystem, Outputs:0, VendorId:0x1414
[2022.04.01-17.51.37:284][  0]LogD3D11RHI: Chosen D3D11 Adapter:
[2022.04.01-17.51.37:284][  0]LogD3D11RHI:     Description : NVIDIA GeForce RTX 2060 SUPER
[2022.04.01-17.51.37:284][  0]LogD3D11RHI:     VendorId    : 10de
[2022.04.01-17.51.37:284][  0]LogD3D11RHI:     DeviceId    : 1f06
[2022.04.01-17.51.37:285][  0]LogD3D11RHI:     SubSysId    : 3fed1458
[2022.04.01-17.51.37:285][  0]LogD3D11RHI:     Revision    : 00a1
[2022.04.01-17.51.37:285][  0]LogD3D11RHI:     DedicatedVideoMemory : 8421113856 bytes
[2022.04.01-17.51.37:285][  0]LogD3D11RHI:     DedicatedSystemMemory : 0 bytes
[2022.04.01-17.51.37:285][  0]LogD3D11RHI:     SharedSystemMemory : 8563435520 bytes
[2022.04.01-17.51.37:285][  0]LogD3D11RHI:     AdapterLuid : 0 61485
[2022.04.01-17.51.37:291][  0]LogD3D11RHI: Creating new Direct3DDevice
[2022.04.01-17.51.37:291][  0]LogD3D11RHI:     GPU DeviceId: 0x1f06 (for the marketing name, search the web for "GPU Device Id")
[2022.04.01-17.51.37:291][  0]LogWindows: EnumDisplayDevices:
[2022.04.01-17.51.37:291][  0]LogWindows:    0. 'NVIDIA GeForce RTX 2060 SUPER' (P:1 D:1)
[2022.04.01-17.51.37:292][  0]LogWindows:    1. 'NVIDIA GeForce RTX 2060 SUPER' (P:0 D:1)
[2022.04.01-17.51.37:292][  0]LogWindows:    2. 'NVIDIA GeForce RTX 2060 SUPER' (P:0 D:0)
[2022.04.01-17.51.37:292][  0]LogWindows:    3. 'NVIDIA GeForce RTX 2060 SUPER' (P:0 D:0)
[2022.04.01-17.51.37:293][  0]LogWindows: DebugString: FoundDriverCount:4 
[2022.04.01-17.51.37:293][  0]LogD3D11RHI:     Adapter Name: NVIDIA GeForce RTX 2060 SUPER
[2022.04.01-17.51.37:293][  0]LogD3D11RHI:   Driver Version: 512.15 (internal:30.0.15.1215, unified:512.15)
[2022.04.01-17.51.37:293][  0]LogD3D11RHI:      Driver Date: 3-17-2022
[2022.04.01-17.51.37:293][  0]LogRHI: Texture pool is 5621 MB (70% of 8031 MB)
[2022.04.01-17.51.37:293][  0]LogD3D11RHI: Creating D3DDevice using adapter:
[2022.04.01-17.51.37:293][  0]LogD3D11RHI:     Description : NVIDIA GeForce RTX 2060 SUPER
[2022.04.01-17.51.37:293][  0]LogD3D11RHI:     VendorId    : 10de
[2022.04.01-17.51.37:293][  0]LogD3D11RHI:     DeviceId    : 1f06
[2022.04.01-17.51.37:293][  0]LogD3D11RHI:     SubSysId    : 3fed1458
[2022.04.01-17.51.37:293][  0]LogD3D11RHI:     Revision    : 00a1
[2022.04.01-17.51.37:293][  0]LogD3D11RHI:     DedicatedVideoMemory : 8421113856 bytes
[2022.04.01-17.51.37:293][  0]LogD3D11RHI:     DedicatedSystemMemory : 0 bytes
[2022.04.01-17.51.37:293][  0]LogD3D11RHI:     SharedSystemMemory : 8563435520 bytes
[2022.04.01-17.51.37:293][  0]LogD3D11RHI:     AdapterLuid : 0 61485
[2022.04.01-17.51.37:370][  0]LogD3D11RHI: RHI has support for 64 bit atomics
[2022.04.01-17.51.37:371][  0]LogD3D11RHI: Async texture creation enabled
[2022.04.01-17.51.37:371][  0]LogD3D11RHI: Array index from any shader is supported
[2022.04.01-17.51.37:387][  0]LogD3D11RHI: GPU Timing Frequency: 1000.000000 (Debug: 2 1)
[2022.04.01-17.51.37:444][  0]LogRHI: GeForceNow SDK initialized: 1
[2022.04.01-17.51.37:781][  0]LogTargetPlatformManager: Display: Loaded TargetPlatform 'AllDesktop'
[2022.04.01-17.51.37:809][  0]LogTargetPlatformManager: Display: Loaded TargetPlatform 'Android'
[2022.04.01-17.51.37:809][  0]LogTargetPlatformManager: Display: Loaded TargetPlatform 'Android_ASTC'
[2022.04.01-17.51.37:809][  0]LogTargetPlatformManager: Display: Loaded TargetPlatform 'Android_DXT'
[2022.04.01-17.51.37:809][  0]LogTargetPlatformManager: Display: Loaded TargetPlatform 'Android_ETC2'
[2022.04.01-17.51.37:809][  0]LogTargetPlatformManager: Display: Loaded TargetPlatform 'AndroidClient'
[2022.04.01-17.51.37:809][  0]LogTargetPlatformManager: Display: Loaded TargetPlatform 'Android_ASTCClient'
[2022.04.01-17.51.37:809][  0]LogTargetPlatformManager: Display: Loaded TargetPlatform 'Android_DXTClient'
[2022.04.01-17.51.37:809][  0]LogTargetPlatformManager: Display: Loaded TargetPlatform 'Android_ETC2Client'
[2022.04.01-17.51.37:809][  0]LogTargetPlatformManager: Display: Loaded TargetPlatform 'Android_Multi'
[2022.04.01-17.51.37:809][  0]LogTargetPlatformManager: Display: Loaded TargetPlatform 'Android_MultiClient'
[2022.04.01-17.51.37:839][  0]LogTargetPlatformManager: Display: Loaded TargetPlatform 'IOSClient'
[2022.04.01-17.51.37:839][  0]LogTargetPlatformManager: Display: Loaded TargetPlatform 'IOS'
[2022.04.01-17.51.37:853][  0]LogTargetPlatformManager: Display: Loaded TargetPlatform 'Linux'
[2022.04.01-17.51.37:861][  0]LogTargetPlatformManager: Display: Loaded TargetPlatform 'LinuxNoEditor'
[2022.04.01-17.51.37:870][  0]LogTargetPlatformManager: Display: Loaded TargetPlatform 'LinuxClient'
[2022.04.01-17.51.37:880][  0]LogTargetPlatformManager: Display: Loaded TargetPlatform 'LinuxServer'
[2022.04.01-17.51.37:894][  0]LogTargetPlatformManager: Display: Loaded TargetPlatform 'LinuxAArch64NoEditor'
[2022.04.01-17.51.37:902][  0]LogTargetPlatformManager: Display: Loaded TargetPlatform 'LinuxAArch64Client'
[2022.04.01-17.51.37:910][  0]LogTargetPlatformManager: Display: Loaded TargetPlatform 'LinuxAArch64Server'
[2022.04.01-17.51.37:942][  0]LogTargetPlatformManager: Display: Loaded TargetPlatform 'Lumin'
[2022.04.01-17.51.37:942][  0]LogTargetPlatformManager: Display: Loaded TargetPlatform 'LuminClient'
[2022.04.01-17.51.37:955][  0]LogTargetPlatformManager: Display: Loaded TargetPlatform 'MacNoEditor'
[2022.04.01-17.51.37:964][  0]LogTargetPlatformManager: Display: Loaded TargetPlatform 'Mac'
[2022.04.01-17.51.37:973][  0]LogTargetPlatformManager: Display: Loaded TargetPlatform 'MacClient'
[2022.04.01-17.51.37:981][  0]LogTargetPlatformManager: Display: Loaded TargetPlatform 'MacServer'
[2022.04.01-17.51.37:995][  0]LogTargetPlatformManager: Display: Loaded TargetPlatform 'TVOSClient'
[2022.04.01-17.51.37:995][  0]LogTargetPlatformManager: Display: Loaded TargetPlatform 'TVOS'
[2022.04.01-17.51.38:009][  0]LogTargetPlatformManager: Display: Loaded TargetPlatform 'WindowsNoEditor'
[2022.04.01-17.51.38:017][  0]LogTargetPlatformManager: Display: Loaded TargetPlatform 'Windows'
[2022.04.01-17.51.38:026][  0]LogTargetPlatformManager: Display: Loaded TargetPlatform 'WindowsClient'
[2022.04.01-17.51.38:034][  0]LogTargetPlatformManager: Display: Loaded TargetPlatform 'WindowsServer'
[2022.04.01-17.51.38:034][  0]LogTargetPlatformManager: Display: Building Assets For Windows
[2022.04.01-17.51.38:053][  0]LogAudioDebug: Display: Lib vorbis DLL was dynamically loaded.
[2022.04.01-17.51.38:135][  0]LogTextureFormatOodle: Display: Oodle Texture 2.9.0 init RDO Off
[2022.04.01-17.51.38:221][  0]LogRendererCore: Ray tracing is disabled. Reason: r.RayTracing=0.
[2022.04.01-17.51.38:221][  0]LogShaderCompilers: Guid format shader working directory is -1 characters bigger than the processId version (../../../../../Unreal/ActionRPG_ue4/RPGPrototype/Intermediate/Shaders/WorkingDirectory/14096/).
[2022.04.01-17.51.38:222][  0]LogShaderCompilers: Cleaned the shader compiler working directory 'C:/Users/Usuario/AppData/Local/Temp/UnrealShaderWorkingDir/0D63C55D4477BD00CA732399EB0D6333/'.
[2022.04.01-17.51.38:222][  0]LogXGEController: Cannot use XGE Controller as Incredibuild is not installed on this machine.
[2022.04.01-17.51.38:223][  0]LogShaderCompilers: Cannot use XGE Shader Compiler as Incredibuild is not installed on this machine.
[2022.04.01-17.51.38:223][  0]LogShaderCompilers: Display: Using Local Shader Compiler.
[2022.04.01-17.51.38:886][  0]LogDerivedDataCache: Display: Max Cache Size: 512 MB
[2022.04.01-17.51.38:953][  0]LogDerivedDataCache: Loaded boot cache 0.07s 103MB C:/Users/Usuario/AppData/Local/UnrealEngine/4.27/DerivedDataCache/Boot.ddc.
[2022.04.01-17.51.38:953][  0]LogDerivedDataCache: Display: Loaded Boot cache: C:/Users/Usuario/AppData/Local/UnrealEngine/4.27/DerivedDataCache/Boot.ddc
[2022.04.01-17.51.38:953][  0]LogDerivedDataCache: FDerivedDataBackendGraph:  Pak pak cache file ../../../../../Unreal/ActionRPG_ue4/RPGPrototype/DerivedDataCache/DDC.ddp not found, will not use a pak cache.
[2022.04.01-17.51.38:954][  0]LogDerivedDataCache: Unable to find inner node Pak for hierarchical cache Hierarchy.
[2022.04.01-17.51.38:954][  0]LogDerivedDataCache: FDerivedDataBackendGraph:  CompressedPak pak cache file ../../../../../Unreal/ActionRPG_ue4/RPGPrototype/DerivedDataCache/Compressed.ddp not found, will not use a pak cache.
[2022.04.01-17.51.38:954][  0]LogDerivedDataCache: Unable to find inner node CompressedPak for hierarchical cache Hierarchy.
[2022.04.01-17.51.38:971][  0]LogDerivedDataCache: Display: Pak cache opened for reading ../../../Engine/DerivedDataCache/Compressed.ddp.
[2022.04.01-17.51.38:971][  0]LogDerivedDataCache: FDerivedDataBackendGraph:  EnterprisePak pak cache file ../../../Enterprise/DerivedDataCache/Compressed.ddp not found, will not use a pak cache.
[2022.04.01-17.51.38:971][  0]LogDerivedDataCache: Unable to find inner node EnterprisePak for hierarchical cache Hierarchy.
[2022.04.01-17.51.38:982][  0]LogDerivedDataCache: Speed tests for C:/Users/Usuario/AppData/Local/UnrealEngine/Common/DerivedDataCache took 0.01 seconds
[2022.04.01-17.51.38:982][  0]LogDerivedDataCache: Display: Performance to C:/Users/Usuario/AppData/Local/UnrealEngine/Common/DerivedDataCache: Latency=0.13ms. RandomReadSpeed=849.50MBs, RandomWriteSpeed=119.18MBs. Assigned SpeedClass 'Local'
[2022.04.01-17.51.38:984][  0]LogDerivedDataCache: Using Local data cache path C:/Users/Usuario/AppData/Local/UnrealEngine/Common/DerivedDataCache: Writable
[2022.04.01-17.51.38:984][  0]LogDerivedDataCache: Shared data cache path not found in *engine.ini, will not use an Shared cache.
[2022.04.01-17.51.38:984][  0]LogDerivedDataCache: Unable to find inner node Shared for hierarchical cache Hierarchy.
[2022.04.01-17.51.39:027][  0]LogSlate: Using FreeType 2.10.0
[2022.04.01-17.51.39:028][  0]LogSlate: SlateFontServices - WITH_FREETYPE: 1, WITH_HARFBUZZ: 1
[2022.04.01-17.51.39:058][  0]LogAssetRegistry: FAssetRegistry took 0.0043 seconds to start up
[2022.04.01-17.51.39:303][  0]LogInit: Selected Device Profile: [Windows]
[2022.04.01-17.51.39:303][  0]LogInit: Active device profile: [000001F56D241400][000001F56D7DE280 49] Windows
[2022.04.01-17.51.39:303][  0]LogInit: Profiles: [000001F56D241400][000001F56D7DE280 49] Windows, [000001F56D192800][000001F56DAF2400 49] WindowsNoEditor, [000001F56D241200][000001F56DAE2540 49] WindowsServer, [000001F56D190E00][000001F56DAF6680 49] WindowsClient, [000001F56D1B3F00][000001F56DAFA7C0 49] IOS, [000001F56D241300][000001F5626F4900 49] iPadAir, [000001F56D190300][000001F5626FCA80 49] iPadAir2, [000001F56D10C700][000001F56DBD6D40 49] IPadPro, [000001F56D10C800][000001F563660D80 49] iPadAir3, [000001F56D1B1D00][000001F56DBDAF00 49] iPadAir4, [000001F56D10D600][000001F563665080 49] iPadMini2, [000001F56D1B2D00][000001F563669200 49] iPadMini3, [000001F56D10E200][000001F56366D380 49] iPadMini4, [000001F56D1B1F00][000001F563675500 49] iPadMini5, [000001F56D240100][000001F56367D7C0 49] iPhone6, [000001F56D241600][000001F563679800 49] iPodTouch6, [000001F56D193F00][000001F56D9BDAC0 49] iPhone7, [000001F56D193D00][000001F56D9B9B00 49] iPodTouch7, [000001F56D10D100][000001F56D9CA100 49] iPhone5S, [000001F56D191A00][000001F56D9CE280 49] iPhone6Plus, [000001F56D10C300][000001F56D9D2400 49] iPhone6S, [000001F56D190900][000001F56D9D6580 49] iPhone6SPlus, [000001F56D242B00][000001F56D9DA700 49] iPhone7Plus, [000001F56D193600][000001F5626F8840 49] iPhoneSE, [000001F56D242100][000001F56DE5C980 49] iPhone8, [000001F56D192100][000001F56DE60AC0 49] iPhone8Plus, [000001F56D240600][000001F56DE7CC40 49] iPhoneX, [000001F56D191B00][000001F56DE88DC0 49] iPhoneXS, [000001F56D240E00][000001F56DAAEF40 49] iPhoneXSMax, [000001F56D192300][000001F56DE8D0C0 49] iPhoneXR, [000001F56D240700][000001F56DE91240 49] iPhone11, [000001F56D193800][000001F56DE993C0 49] iPhone11Pro, [000001F56D242A00][000001F56DE9D540 49] iPhone11ProMax, [000001F56D190B00][000001F56DEA16C0 49] iPhoneSE2, [000001F56D240C00][000001F56DEA5840 49] iPhone12Mini, [000001F56D190C00][000001F5626D59C0 49] iPhone12, [000001F56D242E00][000001F5626D9B40 49] iPhone12Pro, [000001F56D192B00][000001F5626DC140 49] iPhone12ProMax, [000001F56D240B00][000001F5626EC2C0 49] iPadPro105, [000001F56D190D00][000001F5626F0440 49] iPadPro129, [000001F56D241000][000001F56DEBE5C0 49] iPadPro97, [000001F56D191F00][000001F56DEC2740 49] iPadPro2_129, [000001F56D243500][000001F56DEC68C0 49] iPad5, [000001F56D191D00][000001F56DE64A00 49] iPad6, [000001F56D241900][000001F564F6CB40 49] iPad7, [000001F56D190400][000001F56D7D2C80 49] iPad8, [000001F56D241A00][000001F56365CDC0 49] iPadPro11, [000001F56D193400][000001F56DECAF40 49] iPadPro2_11, [000001F56D240500][000001F56DECF0C0 49] iPadPro3_129, [000001F56D192200][000001F56DED3240 49] iPadPro4_129, [000001F56D242500][000001F56DED73C0 49] AppleTV, [000001F56D190A00][000001F56DEDB540 49] AppleTV4K, [000001F56D241700][000001F56DEDF6C0 49] TVOS, [000001F56D191E00][000001F56DEE3840 49] Mac, [000001F56D242900][000001F5626539C0 49] MacClient, [000001F56D191600][000001F562657B40 49] MacNoEditor, [000001F56D242600][000001F56265A140 49] MacServer, [000001F56D193A00][000001F56265E2C0 49] Linux, [000001F56D241C00][000001F562662440 49] LinuxAArch64, [000001F56D193300][000001F5626665C0 49] LinuxNoEditor, [000001F56D240400][000001F56266A740 49] LinuxAArch64NoEditor, [000001F56D190100][000001F56266E8C0 49] LinuxClient, [000001F56D242300][000001F562672A40 49] LinuxAArch64Client, [000001F56D191C00][000001F56DE94B80 49] LinuxServer, [000001F56D1B1800][000001F562676CC0 49] LinuxAArch64Server, [000001F56D10C400][000001F56D938E00 49] Android, [000001F56D1B1700][000001F56D93CF40 49] Android_Low, [000001F56D10D800][000001F56D9450C0 49] Android_Mid, [000001F56D1B3D00][000001F56D949240 49] Android_High, [000001F56D10D500][000001F56D94D3C0 49] Android_Default, [000001F56D1B2300][000001F56D951540 49] Android_Adreno4xx, [000001F56D10F700][000001F56D9556C0 49] Android_Adreno5xx_Low, [000001F56D1B0300][000001F56D959840 49] Android_Adreno5xx, [000001F56D10F300][000001F56D95D9C0 49] Android_Adreno6xx, [000001F56D1B0900][000001F56D961B40 49] Android_Adreno6xx_Vulkan, [000001F56D10D900][000001F56D964140 49] Android_Mali_T6xx, [000001F56D1B0200][000001F56D9682C0 49] Android_Mali_T7xx, [000001F56D10F100][000001F56D96C440 49] Android_Mali_T8xx, [000001F56D1B1500][000001F56D9705C0 49] Android_Mali_G71, [000001F56D10C600][000001F56D9DE740 49] Android_Mali_G72, [000001F56D1B0600][000001F56D9E28C0 49] Android_Mali_G72_Vulkan, [000001F56D10CC00][000001F56D9E6A40 49] Android_Mali_G76, [000001F56D1B2200][000001F56D9EABC0 49] Android_Mali_G76_Vulkan, [000001F56D10CA00][000001F56D9EED40 49] Android_Mali_G77, [000001F56D1B3400][000001F56D940E80 49] Android_Mali_G77_Vulkan, [000001F56D10DD00][000001F56D9F2FC0 49] Android_Mali_G78, [000001F56D1B2000][000001F56D9F7100 49] Android_Mali_G78_Vulkan, [000001F56D10F600][000001F56D9FF280 49] Android_Mali_G710, [000001F56D1B0700][000001F56DA03400 49] Android_Mali_G710_Vulkan, [000001F56D10D200][000001F56DA07580 49] Android_Vulkan_SM5, [000001F56D1B0A00][000001F56DA0B700 49] Android_PowerVR_G6xxx, [000001F56D191300][000001F56DA0F880 49] Android_PowerVR_GT7xxx, [000001F56D1B3500][000001F56DA13A00 49] Android_PowerVR_GE8xxx, [000001F56D191400][000001F56DA17B80 49] Android_PowerVR_GM9xxx, [000001F56D1B1300][000001F56DA1A180 49] Android_PowerVR_GM9xxx_Vulkan, [000001F56D192500][000001F56DA1E300 49] Android_TegraK1, [000001F56D1B3200][000001F56DA22480 49] Android_Unknown_Vulkan, [000001F56D191500][000001F56DA26600 49] Lumin, [000001F56D1B2400][000001F56DA2A780 49] Lumin_Desktop, [000001F56D191100][000001F56DA2E900 49] HoloLens, 
[2022.04.01-17.51.39:458][  0]LogMeshReduction: Using QuadricMeshReduction for automatic static mesh reduction
[2022.04.01-17.51.39:458][  0]LogMeshReduction: Using SimplygonMeshReduction for automatic skeletal mesh reduction
[2022.04.01-17.51.39:458][  0]LogMeshReduction: Using ProxyLODMeshReduction for automatic mesh merging
[2022.04.01-17.51.39:459][  0]LogMeshReduction: No distributed automatic mesh merging module available
[2022.04.01-17.51.39:459][  0]LogMeshMerging: No distributed automatic mesh merging module available
[2022.04.01-17.51.39:479][  0]LogNetVersion: RPGPrototype 1.0.0, NetCL: 17155196, EngineNetVer: 17, GameNetVer: 0 (Checksum: 3773697764)
[2022.04.01-17.51.39:874][  0]LogTexture: Default maximum texture size for cubemaps generated from long-lat sources has been changed from 512 to unlimited. In order to preserve old behaiour for '/Engine/MapTemplates/Sky/DaylightAmbientCubemap.DaylightAmbientCubemap', its maximum texture size has been explicitly set to 512.
[2022.04.01-17.51.39:933][  0]LogHMD: PokeAHoleMaterial loaded successfully
[2022.04.01-17.51.39:939][  0]LogUObjectArray: 17178 objects as part of root set at end of initial load.
[2022.04.01-17.51.39:939][  0]LogUObjectAllocator: 4302048 out of 0 bytes used by permanent object pool.
[2022.04.01-17.51.39:939][  0]LogUObjectArray: CloseDisregardForGC: 0/0 objects in disregard for GC pool
[2022.04.01-17.51.40:383][  0]LogNiagaraDebuggerClient: Niagara Debugger Client Initialized | Session: A7B66C104012AB95F55C16B698D7A810 | Instance: 358E85854BE381F78276D1ACC4A120F9 (DESKTOP-SQ2C6IA-14096).
[2022.04.01-17.51.40:485][  0]LogPython: Using Python 3.7.7
[2022.04.01-17.51.41:125][  0]LogTcpMessaging: Initializing TcpMessaging bridge
[2022.04.01-17.51.41:135][  0]LogUdpMessaging: Initializing bridge on interface 0.0.0.0:0 to multicast group 230.0.0.1:6666.
[2022.04.01-17.51.41:194][  0]LogStats: UGameplayTagsManager::InitializeManager -  0.000 s
[2022.04.01-17.51.41:905][  0]SourceControl: Source control is disabled
[2022.04.01-17.51.41:905][  0]SourceControl: Source control is disabled
[2022.04.01-17.51.41:913][  0]SourceControl: Source control is disabled
[2022.04.01-17.51.41:965][  0]SourceControl: Source control is disabled
[2022.04.01-17.51.41:993][  0]SourceControl: Source control is disabled
[2022.04.01-17.51.42:051][  0]LogUProjectInfo: Found projects:
[2022.04.01-17.51.42:091][  0]LogOpenImageDenoise: OIDN starting up
[2022.04.01-17.51.42:180][  0]LogAndroidPermission: UAndroidPermissionCallbackProxy::GetInstance
[2022.04.01-17.51.42:216][  0]LogAudioCaptureCore: Display: No Audio Capture implementations found. Audio input will be silent.
[2022.04.01-17.51.42:216][  0]LogAudioCaptureCore: Display: No Audio Capture implementations found. Audio input will be silent.
[2022.04.01-17.51.42:399][  0]LogCollectionManager: Loaded 0 collections in 0.000796 seconds
[2022.04.01-17.51.42:444][  0]LogFileCache: Scanning file cache for directory 'E:/Unreal/ActionRPG_ue4/RPGPrototype/Saved/Collections/' took 0.00s
[2022.04.01-17.51.42:444][  0]LogFileCache: Scanning file cache for directory 'E:/Unreal/ActionRPG_ue4/RPGPrototype/Content/Developers/Usuario/Collections/' took 0.00s
[2022.04.01-17.51.42:444][  0]LogFileCache: Scanning file cache for directory 'E:/Unreal/ActionRPG_ue4/RPGPrototype/Content/Collections/' took 0.00s
[2022.04.01-17.51.42:444][  0]LogOcInput: OculusInput pre-init called
[2022.04.01-17.51.42:723][  0]LogEngine: Initializing Engine...
[2022.04.01-17.51.42:727][  0]LogHMD: Failed to enumerate extensions. Please check that you have a valid OpenXR runtime installed.
[2022.04.01-17.51.42:728][  0]LogHMD: Failed to initialize OpenVR with code 110
[2022.04.01-17.51.42:728][  0]LogMagicLeap: Warning: VR disabled because ZI is not enabled.  To enable, in the editor, Edit -> Project Settings -> Plugins -> Magic Leap Plugin -> Enable Zero Iteration
[2022.04.01-17.51.42:848][  0]LogInit: Initializing FReadOnlyCVARCache
[2022.04.01-17.51.42:860][  0]LogAIModule: Creating AISystem for world Untitled
[2022.04.01-17.51.42:871][  0]LogAudio: Display: Initializing Audio Device Manager...
[2022.04.01-17.51.42:878][  0]LogAudio: Display: Loading Default Audio Settings Objects...
[2022.04.01-17.51.42:879][  0]LogAudio: Display: No default SoundConcurrencyObject specified (or failed to load).
[2022.04.01-17.51.42:880][  0]LogAudio: Display: Audio Device Manager Initialized
[2022.04.01-17.51.42:880][  0]LogAudio: Display: Creating Audio Device:                 Id: 1, Scope: Shared, Realtime: True
[2022.04.01-17.51.42:880][  0]LogAudioMixer: Display: Audio Mixer Platform Settings:
[2022.04.01-17.51.42:880][  0]LogAudioMixer: Display: 	Sample Rate:						  48000
[2022.04.01-17.51.42:880][  0]LogAudioMixer: Display: 	Callback Buffer Frame Size Requested: 1024
[2022.04.01-17.51.42:880][  0]LogAudioMixer: Display: 	Callback Buffer Frame Size To Use:	  1024
[2022.04.01-17.51.42:880][  0]LogAudioMixer: Display: 	Number of buffers to queue:			  2
[2022.04.01-17.51.42:880][  0]LogAudioMixer: Display: 	Max Channels (voices):				  32
[2022.04.01-17.51.42:880][  0]LogAudioMixer: Display: 	Number of Async Source Workers:		  0
[2022.04.01-17.51.42:880][  0]LogAudio: Display: AudioDevice MaxSources: 32
[2022.04.01-17.51.42:881][  0]LogAudio: Display: Audio Spatialization Plugin: None (built-in).
[2022.04.01-17.51.42:881][  0]LogAudio: Display: Audio Reverb Plugin: None (built-in).
[2022.04.01-17.51.42:881][  0]LogAudio: Display: Audio Occlusion Plugin: None (built-in).
[2022.04.01-17.51.42:881][  0]LogAudioMixer: Display: Initializing audio mixer.
[2022.04.01-17.51.42:913][  0]LogAudioMixer: Display: 0: FrontLeft
[2022.04.01-17.51.42:913][  0]LogAudioMixer: Display: 1: FrontRight
[2022.04.01-17.51.42:982][  0]LogAudioMixer: Display: Using Audio Device Altavoces (Realtek(R) Audio)
[2022.04.01-17.51.42:985][  0]LogAudioMixer: Display: Initializing Sound Submixes...
[2022.04.01-17.51.42:989][  0]LogAudioMixer: Display: Creating Master Submix 'MasterSubmixDefault'
[2022.04.01-17.51.42:989][  0]LogAudioMixer: Display: Creating Master Submix 'MasterReverbSubmixDefault'
[2022.04.01-17.51.42:990][  0]LogAudioMixer: Display: Creating Master Submix 'MasterEQSubmixDefault'
[2022.04.01-17.51.42:990][  0]LogAudioMixer: FMixerPlatformXAudio2::StartAudioStream() called
[2022.04.01-17.51.42:990][  0]LogAudioMixer: Display: Output buffers initialized: Frames=1024, Channels=2, Samples=2048
[2022.04.01-17.51.42:992][  0]LogAudioMixer: Display: Starting AudioMixerPlatformInterface::RunInternal()
[2022.04.01-17.51.42:992][  0]LogAudioMixer: Display: FMixerPlatformXAudio2::SubmitBuffer() called for the first time
[2022.04.01-17.51.42:992][  0]LogInit: FAudioDevice initialized.
[2022.04.01-17.51.42:992][  0]LogAudio: Display: Audio Device (ID: 1) registered with world 'Untitled'.
[2022.04.01-17.51.42:992][  0]LogNetVersion: Set ProjectVersion to 1.0.0.0. Version Checksum will be recalculated on next use.
[2022.04.01-17.51.43:056][  0]LogDerivedDataCache: Saved boot cache 0.06s 105MB C:/Users/Usuario/AppData/Local/UnrealEngine/4.27/DerivedDataCache/Boot.ddc.
[2022.04.01-17.51.43:056][  0]LogInit: Texture streaming: Enabled
[2022.04.01-17.51.43:080][  0]LogAnalytics: Display: [UEEditor.Rocket.Release] APIServer = https://datarouter.ol.epicgames.com/. AppVersion = 4.27.2-18319896+++UE4+Release-4.27
[2022.04.01-17.51.43:089][  0]LogEngineSessionManager: EngineSessionManager initialized
[2022.04.01-17.51.43:090][  0]LogEditorSessionSummary: Verbose: Initializing EditorSessionSummaryWriter for editor session tracking
[2022.04.01-17.51.43:092][  0]LogEditorSessionSummary: EditorSessionSummaryWriter initialized
[2022.04.01-17.51.43:124][  0]LogInit: Transaction tracking system initialized
[2022.04.01-17.51.43:174][  0]BlueprintLog: New page: Editor Load
[2022.04.01-17.51.43:293][  0]LocalizationService: Localization service is disabled
[2022.04.01-17.51.43:340][  0]TimingProfiler: Initialize
[2022.04.01-17.51.43:340][  0]TimingProfiler: OnSessionChanged
[2022.04.01-17.51.43:340][  0]LoadingProfiler: Initialize
[2022.04.01-17.51.43:340][  0]LoadingProfiler: OnSessionChanged
[2022.04.01-17.51.43:340][  0]NetworkingProfiler: Initialize
[2022.04.01-17.51.43:340][  0]NetworkingProfiler: OnSessionChanged
[2022.04.01-17.51.43:340][  0]MemoryProfiler: Initialize
[2022.04.01-17.51.43:341][  0]MemoryProfiler: OnSessionChanged
[2022.04.01-17.51.43:547][  0]LogCook: Display: CookSettings for Memory: MemoryMaxUsedVirtual 0MiB, MemoryMaxUsedPhysical 16384MiB, MemoryMinFreeVirtual 0MiB, MemoryMinFreePhysical 1024MiB
[2022.04.01-17.51.43:547][  0]LogCook: Display: Mobile HDR setting 1
[2022.04.01-17.51.43:605][  0]LogFileCache: Scanning file cache for directory 'E:/Unreal/ActionRPG_ue4/RPGPrototype/Content/' took 0.01s
[2022.04.01-17.51.43:605][  0]LogStats: FGameplayAbilitiesEditorModule::GameplayTagTreeChanged -  0.000 s
[2022.04.01-17.51.44:079][  0]LogInit: Display: Engine is initialized. Leaving FEngineLoop::Init()
[2022.04.01-17.51.44:083][  0]SourceControl: Source control is disabled
[2022.04.01-17.51.44:083][  0]LogUnrealEdMisc: Loading editor; pre map load, took 9.822
[2022.04.01-17.51.44:084][  0]Cmd: MAP LOAD FILE="../../../../../Unreal/ActionRPG_ue4/RPGPrototype/Content/ThirdPersonCPP/Maps/ThirdPersonExampleMap.umap" TEMPLATE=0 SHOWPROGRESS=1 FEATURELEVEL=3
[2022.04.01-17.51.44:089][  0]LightingResults: New page: Lighting Build
[2022.04.01-17.51.44:091][  0]LogWorld: UWorld::CleanupWorld for Untitled, bSessionEnded=true, bCleanupResources=true
[2022.04.01-17.51.44:091][  0]LogSlate: InvalidateAllWidgets triggered.  All widgets were invalidated
[2022.04.01-17.51.44:091][  0]MapCheck: New page: Map Check
[2022.04.01-17.51.44:091][  0]LightingResults: New page: Lighting Build
[2022.04.01-17.51.44:095][  0]LogAudio: Display: Audio Device unregistered from world 'None'.
[2022.04.01-17.51.44:099][  0]LogUObjectHash: Compacting FUObjectHashTables data took   0.93ms
[2022.04.01-17.51.44:188][  0]LogAudio: Display: Audio Device (ID: 1) registered with world 'ThirdPersonExampleMap'.
[2022.04.01-17.51.44:189][  0]LogAIModule: Creating AISystem for world ThirdPersonExampleMap
[2022.04.01-17.51.44:203][  0]LogEditorServer: Finished looking for orphan Actors (0.000 secs)
[2022.04.01-17.51.44:211][  0]LogUObjectHash: Compacting FUObjectHashTables data took   0.89ms
[2022.04.01-17.51.44:212][  0]Cmd: MAP CHECKDEP NOCLEARLOG
[2022.04.01-17.51.44:213][  0]MapCheck: Map check complete: 0 Error(s), 0 Warning(s), took 0,26ms to complete.
[2022.04.01-17.51.44:213][  0]LogFileHelpers: Loading map 'ThirdPersonExampleMap' took 0.129
[2022.04.01-17.51.44:216][  0]LogUnrealEdMisc: Total Editor Startup Time, took 9.955
[2022.04.01-17.51.44:358][  0]LogSlate: Updating window title bar state: overlay mode, drag disabled, window buttons hidden, title bar hidden
[2022.04.01-17.51.44:364][  0]LogSlate: Updating window title bar state: overlay mode, drag disabled, window buttons hidden, title bar hidden
[2022.04.01-17.51.44:370][  0]LogSlate: Updating window title bar state: overlay mode, drag disabled, window buttons hidden, title bar hidden
[2022.04.01-17.51.44:375][  0]LogSlate: Updating window title bar state: overlay mode, drag disabled, window buttons hidden, title bar hidden
[2022.04.01-17.51.44:389][  0]LogNativeClassHierarchy: Verbose: Native class hierarchy populated in 0.0099 seconds. Added 3931 classes and 947 folders.
[2022.04.01-17.51.44:392][  0]LogNativeClassHierarchy: Verbose: Native class hierarchy updated for 'WidgetCarousel' in 0.0002 seconds. Added 0 classes and 0 folders.
[2022.04.01-17.51.44:394][  0]LogPakFile: PakFile PrimaryIndexSize=187
[2022.04.01-17.51.44:394][  0]LogPakFile: PakFile PathHashIndexSize=101
[2022.04.01-17.51.44:394][  0]LogPakFile: PakFile FullDirectoryIndexSize=148
[2022.04.01-17.51.44:394][  0]LogShaderLibrary: Display: ShaderCodeLibraryPakFileMountedCallback: PakFile 'E:/UnrealEngine4/UE_4.27/FeaturePacks/FP_FirstPerson.upack' (chunk index -1, root 'root:/') mounted
[2022.04.01-17.51.44:394][  0]LogShaderLibrary: Display: ShaderCodeLibraryPakFileMountedCallback: pending pak file info (ChunkID:-1 Root:root:/ File:E:/UnrealEngine4/UE_4.27/FeaturePacks/FP_FirstPerson.upack)
[2022.04.01-17.51.44:394][  0]LogPakFile: OnPakFileMounted2Time == 0.000138
[2022.04.01-17.51.44:395][  0]LogPakFile: PakFile PrimaryIndexSize=189
[2022.04.01-17.51.44:395][  0]LogPakFile: PakFile PathHashIndexSize=101
[2022.04.01-17.51.44:395][  0]LogPakFile: PakFile FullDirectoryIndexSize=152
[2022.04.01-17.51.44:395][  0]LogShaderLibrary: Display: ShaderCodeLibraryPakFileMountedCallback: PakFile 'E:/UnrealEngine4/UE_4.27/FeaturePacks/FP_FirstPersonBP.upack' (chunk index -1, root 'root:/') mounted
[2022.04.01-17.51.44:396][  0]LogShaderLibrary: Display: ShaderCodeLibraryPakFileMountedCallback: pending pak file info (ChunkID:-1 Root:root:/ File:E:/UnrealEngine4/UE_4.27/FeaturePacks/FP_FirstPersonBP.upack)
[2022.04.01-17.51.44:396][  0]LogPakFile: OnPakFileMounted2Time == 0.000193
[2022.04.01-17.51.44:397][  0]LogPakFile: PakFile PrimaryIndexSize=191
[2022.04.01-17.51.44:397][  0]LogPakFile: PakFile PathHashIndexSize=101
[2022.04.01-17.51.44:397][  0]LogPakFile: PakFile FullDirectoryIndexSize=160
[2022.04.01-17.51.44:397][  0]LogShaderLibrary: Display: ShaderCodeLibraryPakFileMountedCallback: PakFile 'E:/UnrealEngine4/UE_4.27/FeaturePacks/MobileStarterContent.upack' (chunk index -1, root 'root:/') mounted
[2022.04.01-17.51.44:397][  0]LogShaderLibrary: Display: ShaderCodeLibraryPakFileMountedCallback: pending pak file info (ChunkID:-1 Root:root:/ File:E:/UnrealEngine4/UE_4.27/FeaturePacks/MobileStarterContent.upack)
[2022.04.01-17.51.44:397][  0]LogPakFile: OnPakFileMounted2Time == 0.000110
[2022.04.01-17.51.44:398][  0]LogPakFile: PakFile PrimaryIndexSize=185
[2022.04.01-17.51.44:398][  0]LogPakFile: PakFile PathHashIndexSize=101
[2022.04.01-17.51.44:398][  0]LogPakFile: PakFile FullDirectoryIndexSize=148
[2022.04.01-17.51.44:398][  0]LogShaderLibrary: Display: ShaderCodeLibraryPakFileMountedCallback: PakFile 'E:/UnrealEngine4/UE_4.27/FeaturePacks/StarterContent.upack' (chunk index -1, root 'root:/') mounted
[2022.04.01-17.51.44:398][  0]LogShaderLibrary: Display: ShaderCodeLibraryPakFileMountedCallback: pending pak file info (ChunkID:-1 Root:root:/ File:E:/UnrealEngine4/UE_4.27/FeaturePacks/StarterContent.upack)
[2022.04.01-17.51.44:398][  0]LogPakFile: OnPakFileMounted2Time == 0.000102
[2022.04.01-17.51.44:399][  0]LogPakFile: PakFile PrimaryIndexSize=190
[2022.04.01-17.51.44:399][  0]LogPakFile: PakFile PathHashIndexSize=101
[2022.04.01-17.51.44:399][  0]LogPakFile: PakFile FullDirectoryIndexSize=154
[2022.04.01-17.51.44:399][  0]LogShaderLibrary: Display: ShaderCodeLibraryPakFileMountedCallback: PakFile 'E:/UnrealEngine4/UE_4.27/FeaturePacks/TP_2DSideScroller.upack' (chunk index -1, root 'root:/') mounted
[2022.04.01-17.51.44:399][  0]LogShaderLibrary: Display: ShaderCodeLibraryPakFileMountedCallback: pending pak file info (ChunkID:-1 Root:root:/ File:E:/UnrealEngine4/UE_4.27/FeaturePacks/TP_2DSideScroller.upack)
[2022.04.01-17.51.44:399][  0]LogPakFile: OnPakFileMounted2Time == 0.000100
[2022.04.01-17.51.44:400][  0]LogPakFile: PakFile PrimaryIndexSize=192
[2022.04.01-17.51.44:400][  0]LogPakFile: PakFile PathHashIndexSize=101
[2022.04.01-17.51.44:400][  0]LogPakFile: PakFile FullDirectoryIndexSize=158
[2022.04.01-17.51.44:400][  0]LogShaderLibrary: Display: ShaderCodeLibraryPakFileMountedCallback: PakFile 'E:/UnrealEngine4/UE_4.27/FeaturePacks/TP_2DSideScrollerBP.upack' (chunk index -1, root 'root:/') mounted
[2022.04.01-17.51.44:400][  0]LogShaderLibrary: Display: ShaderCodeLibraryPakFileMountedCallback: pending pak file info (ChunkID:-1 Root:root:/ File:E:/UnrealEngine4/UE_4.27/FeaturePacks/TP_2DSideScrollerBP.upack)
[2022.04.01-17.51.44:400][  0]LogPakFile: OnPakFileMounted2Time == 0.000101
[2022.04.01-17.51.44:401][  0]LogPakFile: PakFile PrimaryIndexSize=182
[2022.04.01-17.51.44:401][  0]LogPakFile: PakFile PathHashIndexSize=101
[2022.04.01-17.51.44:401][  0]LogPakFile: PakFile FullDirectoryIndexSize=138
[2022.04.01-17.51.44:401][  0]LogShaderLibrary: Display: ShaderCodeLibraryPakFileMountedCallback: PakFile 'E:/UnrealEngine4/UE_4.27/FeaturePacks/TP_Flying.upack' (chunk index -1, root 'root:/') mounted
[2022.04.01-17.51.44:401][  0]LogShaderLibrary: Display: ShaderCodeLibraryPakFileMountedCallback: pending pak file info (ChunkID:-1 Root:root:/ File:E:/UnrealEngine4/UE_4.27/FeaturePacks/TP_Flying.upack)
[2022.04.01-17.51.44:401][  0]LogPakFile: OnPakFileMounted2Time == 0.000154
[2022.04.01-17.51.44:402][  0]LogPakFile: PakFile PrimaryIndexSize=184
[2022.04.01-17.51.44:402][  0]LogPakFile: PakFile PathHashIndexSize=101
[2022.04.01-17.51.44:402][  0]LogPakFile: PakFile FullDirectoryIndexSize=142
[2022.04.01-17.51.44:402][  0]LogShaderLibrary: Display: ShaderCodeLibraryPakFileMountedCallback: PakFile 'E:/UnrealEngine4/UE_4.27/FeaturePacks/TP_FlyingBP.upack' (chunk index -1, root 'root:/') mounted
[2022.04.01-17.51.44:402][  0]LogShaderLibrary: Display: ShaderCodeLibraryPakFileMountedCallback: pending pak file info (ChunkID:-1 Root:root:/ File:E:/UnrealEngine4/UE_4.27/FeaturePacks/TP_FlyingBP.upack)
[2022.04.01-17.51.44:403][  0]LogPakFile: OnPakFileMounted2Time == 0.000102
[2022.04.01-17.51.44:403][  0]LogPakFile: PakFile PrimaryIndexSize=188
[2022.04.01-17.51.44:403][  0]LogPakFile: PakFile PathHashIndexSize=101
[2022.04.01-17.51.44:403][  0]LogPakFile: PakFile FullDirectoryIndexSize=150
[2022.04.01-17.51.44:404][  0]LogShaderLibrary: Display: ShaderCodeLibraryPakFileMountedCallback: PakFile 'E:/UnrealEngine4/UE_4.27/FeaturePacks/TP_HandheldARBP.upack' (chunk index -1, root 'root:/') mounted
[2022.04.01-17.51.44:404][  0]LogShaderLibrary: Display: ShaderCodeLibraryPakFileMountedCallback: pending pak file info (ChunkID:-1 Root:root:/ File:E:/UnrealEngine4/UE_4.27/FeaturePacks/TP_HandheldARBP.upack)
[2022.04.01-17.51.44:404][  0]LogPakFile: OnPakFileMounted2Time == 0.000148
[2022.04.01-17.51.44:405][  0]LogPakFile: PakFile PrimaryIndexSize=182
[2022.04.01-17.51.44:405][  0]LogPakFile: PakFile PathHashIndexSize=101
[2022.04.01-17.51.44:405][  0]LogPakFile: PakFile FullDirectoryIndexSize=138
[2022.04.01-17.51.44:405][  0]LogShaderLibrary: Display: ShaderCodeLibraryPakFileMountedCallback: PakFile 'E:/UnrealEngine4/UE_4.27/FeaturePacks/TP_Puzzle.upack' (chunk index -1, root 'root:/') mounted
[2022.04.01-17.51.44:405][  0]LogShaderLibrary: Display: ShaderCodeLibraryPakFileMountedCallback: pending pak file info (ChunkID:-1 Root:root:/ File:E:/UnrealEngine4/UE_4.27/FeaturePacks/TP_Puzzle.upack)
[2022.04.01-17.51.44:405][  0]LogPakFile: OnPakFileMounted2Time == 0.000109
[2022.04.01-17.51.44:406][  0]LogPakFile: PakFile PrimaryIndexSize=184
[2022.04.01-17.51.44:406][  0]LogPakFile: PakFile PathHashIndexSize=101
[2022.04.01-17.51.44:406][  0]LogPakFile: PakFile FullDirectoryIndexSize=142
[2022.04.01-17.51.44:406][  0]LogShaderLibrary: Display: ShaderCodeLibraryPakFileMountedCallback: PakFile 'E:/UnrealEngine4/UE_4.27/FeaturePacks/TP_PuzzleBP.upack' (chunk index -1, root 'root:/') mounted
[2022.04.01-17.51.44:406][  0]LogShaderLibrary: Display: ShaderCodeLibraryPakFileMountedCallback: pending pak file info (ChunkID:-1 Root:root:/ File:E:/UnrealEngine4/UE_4.27/FeaturePacks/TP_PuzzleBP.upack)
[2022.04.01-17.51.44:406][  0]LogPakFile: OnPakFileMounted2Time == 0.000103
[2022.04.01-17.51.44:407][  0]LogPakFile: PakFile PrimaryIndexSize=183
[2022.04.01-17.51.44:407][  0]LogPakFile: PakFile PathHashIndexSize=101
[2022.04.01-17.51.44:407][  0]LogPakFile: PakFile FullDirectoryIndexSize=140
[2022.04.01-17.51.44:407][  0]LogShaderLibrary: Display: ShaderCodeLibraryPakFileMountedCallback: PakFile 'E:/UnrealEngine4/UE_4.27/FeaturePacks/TP_Rolling.upack' (chunk index -1, root 'root:/') mounted
[2022.04.01-17.51.44:407][  0]LogShaderLibrary: Display: ShaderCodeLibraryPakFileMountedCallback: pending pak file info (ChunkID:-1 Root:root:/ File:E:/UnrealEngine4/UE_4.27/FeaturePacks/TP_Rolling.upack)
[2022.04.01-17.51.44:407][  0]LogPakFile: OnPakFileMounted2Time == 0.000101
[2022.04.01-17.51.44:408][  0]LogPakFile: PakFile PrimaryIndexSize=185
[2022.04.01-17.51.44:408][  0]LogPakFile: PakFile PathHashIndexSize=101
[2022.04.01-17.51.44:408][  0]LogPakFile: PakFile FullDirectoryIndexSize=144
[2022.04.01-17.51.44:408][  0]LogShaderLibrary: Display: ShaderCodeLibraryPakFileMountedCallback: PakFile 'E:/UnrealEngine4/UE_4.27/FeaturePacks/TP_RollingBP.upack' (chunk index -1, root 'root:/') mounted
[2022.04.01-17.51.44:408][  0]LogShaderLibrary: Display: ShaderCodeLibraryPakFileMountedCallback: pending pak file info (ChunkID:-1 Root:root:/ File:E:/UnrealEngine4/UE_4.27/FeaturePacks/TP_RollingBP.upack)
[2022.04.01-17.51.44:408][  0]LogPakFile: OnPakFileMounted2Time == 0.000114
[2022.04.01-17.51.44:409][  0]LogPakFile: PakFile PrimaryIndexSize=188
[2022.04.01-17.51.44:409][  0]LogPakFile: PakFile PathHashIndexSize=101
[2022.04.01-17.51.44:409][  0]LogPakFile: PakFile FullDirectoryIndexSize=150
[2022.04.01-17.51.44:409][  0]LogShaderLibrary: Display: ShaderCodeLibraryPakFileMountedCallback: PakFile 'E:/UnrealEngine4/UE_4.27/FeaturePacks/TP_SideScroller.upack' (chunk index -1, root 'root:/') mounted
[2022.04.01-17.51.44:409][  0]LogShaderLibrary: Display: ShaderCodeLibraryPakFileMountedCallback: pending pak file info (ChunkID:-1 Root:root:/ File:E:/UnrealEngine4/UE_4.27/FeaturePacks/TP_SideScroller.upack)
[2022.04.01-17.51.44:409][  0]LogPakFile: OnPakFileMounted2Time == 0.000097
[2022.04.01-17.51.44:410][  0]LogPakFile: PakFile PrimaryIndexSize=190
[2022.04.01-17.51.44:410][  0]LogPakFile: PakFile PathHashIndexSize=101
[2022.04.01-17.51.44:410][  0]LogPakFile: PakFile FullDirectoryIndexSize=154
[2022.04.01-17.51.44:410][  0]LogShaderLibrary: Display: ShaderCodeLibraryPakFileMountedCallback: PakFile 'E:/UnrealEngine4/UE_4.27/FeaturePacks/TP_SideScrollerBP.upack' (chunk index -1, root 'root:/') mounted
[2022.04.01-17.51.44:411][  0]LogShaderLibrary: Display: ShaderCodeLibraryPakFileMountedCallback: pending pak file info (ChunkID:-1 Root:root:/ File:E:/UnrealEngine4/UE_4.27/FeaturePacks/TP_SideScrollerBP.upack)
[2022.04.01-17.51.44:411][  0]LogPakFile: OnPakFileMounted2Time == 0.000110
[2022.04.01-17.51.44:411][  0]LogPakFile: PakFile PrimaryIndexSize=187
[2022.04.01-17.51.44:412][  0]LogPakFile: PakFile PathHashIndexSize=101
[2022.04.01-17.51.44:412][  0]LogPakFile: PakFile FullDirectoryIndexSize=148
[2022.04.01-17.51.44:412][  0]LogShaderLibrary: Display: ShaderCodeLibraryPakFileMountedCallback: PakFile 'E:/UnrealEngine4/UE_4.27/FeaturePacks/TP_ThirdPerson.upack' (chunk index -1, root 'root:/') mounted
[2022.04.01-17.51.44:412][  0]LogShaderLibrary: Display: ShaderCodeLibraryPakFileMountedCallback: pending pak file info (ChunkID:-1 Root:root:/ File:E:/UnrealEngine4/UE_4.27/FeaturePacks/TP_ThirdPerson.upack)
[2022.04.01-17.51.44:412][  0]LogPakFile: OnPakFileMounted2Time == 0.000113
[2022.04.01-17.51.44:413][  0]LogPakFile: PakFile PrimaryIndexSize=189
[2022.04.01-17.51.44:413][  0]LogPakFile: PakFile PathHashIndexSize=101
[2022.04.01-17.51.44:413][  0]LogPakFile: PakFile FullDirectoryIndexSize=152
[2022.04.01-17.51.44:413][  0]LogShaderLibrary: Display: ShaderCodeLibraryPakFileMountedCallback: PakFile 'E:/UnrealEngine4/UE_4.27/FeaturePacks/TP_ThirdPersonBP.upack' (chunk index -1, root 'root:/') mounted
[2022.04.01-17.51.44:413][  0]LogShaderLibrary: Display: ShaderCodeLibraryPakFileMountedCallback: pending pak file info (ChunkID:-1 Root:root:/ File:E:/UnrealEngine4/UE_4.27/FeaturePacks/TP_ThirdPersonBP.upack)
[2022.04.01-17.51.44:413][  0]LogPakFile: OnPakFileMounted2Time == 0.000102
[2022.04.01-17.51.44:414][  0]LogPakFile: PakFile PrimaryIndexSize=183
[2022.04.01-17.51.44:414][  0]LogPakFile: PakFile PathHashIndexSize=101
[2022.04.01-17.51.44:414][  0]LogPakFile: PakFile FullDirectoryIndexSize=140
[2022.04.01-17.51.44:414][  0]LogShaderLibrary: Display: ShaderCodeLibraryPakFileMountedCallback: PakFile 'E:/UnrealEngine4/UE_4.27/FeaturePacks/TP_TopDown.upack' (chunk index -1, root 'root:/') mounted
[2022.04.01-17.51.44:414][  0]LogShaderLibrary: Display: ShaderCodeLibraryPakFileMountedCallback: pending pak file info (ChunkID:-1 Root:root:/ File:E:/UnrealEngine4/UE_4.27/FeaturePacks/TP_TopDown.upack)
[2022.04.01-17.51.44:414][  0]LogPakFile: OnPakFileMounted2Time == 0.000100
[2022.04.01-17.51.44:415][  0]LogPakFile: PakFile PrimaryIndexSize=185
[2022.04.01-17.51.44:415][  0]LogPakFile: PakFile PathHashIndexSize=101
[2022.04.01-17.51.44:415][  0]LogPakFile: PakFile FullDirectoryIndexSize=144
[2022.04.01-17.51.44:415][  0]LogShaderLibrary: Display: ShaderCodeLibraryPakFileMountedCallback: PakFile 'E:/UnrealEngine4/UE_4.27/FeaturePacks/TP_TopDownBP.upack' (chunk index -1, root 'root:/') mounted
[2022.04.01-17.51.44:415][  0]LogShaderLibrary: Display: ShaderCodeLibraryPakFileMountedCallback: pending pak file info (ChunkID:-1 Root:root:/ File:E:/UnrealEngine4/UE_4.27/FeaturePacks/TP_TopDownBP.upack)
[2022.04.01-17.51.44:415][  0]LogPakFile: OnPakFileMounted2Time == 0.000095
[2022.04.01-17.51.44:416][  0]LogPakFile: PakFile PrimaryIndexSize=185
[2022.04.01-17.51.44:416][  0]LogPakFile: PakFile PathHashIndexSize=101
[2022.04.01-17.51.44:416][  0]LogPakFile: PakFile FullDirectoryIndexSize=144
[2022.04.01-17.51.44:416][  0]LogShaderLibrary: Display: ShaderCodeLibraryPakFileMountedCallback: PakFile 'E:/UnrealEngine4/UE_4.27/FeaturePacks/TP_TwinStick.upack' (chunk index -1, root 'root:/') mounted
[2022.04.01-17.51.44:416][  0]LogShaderLibrary: Display: ShaderCodeLibraryPakFileMountedCallback: pending pak file info (ChunkID:-1 Root:root:/ File:E:/UnrealEngine4/UE_4.27/FeaturePacks/TP_TwinStick.upack)
[2022.04.01-17.51.44:416][  0]LogPakFile: OnPakFileMounted2Time == 0.000096
[2022.04.01-17.51.44:417][  0]LogPakFile: PakFile PrimaryIndexSize=187
[2022.04.01-17.51.44:417][  0]LogPakFile: PakFile PathHashIndexSize=101
[2022.04.01-17.51.44:417][  0]LogPakFile: PakFile FullDirectoryIndexSize=148
[2022.04.01-17.51.44:417][  0]LogShaderLibrary: Display: ShaderCodeLibraryPakFileMountedCallback: PakFile 'E:/UnrealEngine4/UE_4.27/FeaturePacks/TP_TwinStickBP.upack' (chunk index -1, root 'root:/') mounted
[2022.04.01-17.51.44:417][  0]LogShaderLibrary: Display: ShaderCodeLibraryPakFileMountedCallback: pending pak file info (ChunkID:-1 Root:root:/ File:E:/UnrealEngine4/UE_4.27/FeaturePacks/TP_TwinStickBP.upack)
[2022.04.01-17.51.44:417][  0]LogPakFile: OnPakFileMounted2Time == 0.000106
[2022.04.01-17.51.44:418][  0]LogPakFile: PakFile PrimaryIndexSize=183
[2022.04.01-17.51.44:418][  0]LogPakFile: PakFile PathHashIndexSize=101
[2022.04.01-17.51.44:418][  0]LogPakFile: PakFile FullDirectoryIndexSize=140
[2022.04.01-17.51.44:418][  0]LogShaderLibrary: Display: ShaderCodeLibraryPakFileMountedCallback: PakFile 'E:/UnrealEngine4/UE_4.27/FeaturePacks/TP_Vehicle.upack' (chunk index -1, root 'root:/') mounted
[2022.04.01-17.51.44:418][  0]LogShaderLibrary: Display: ShaderCodeLibraryPakFileMountedCallback: pending pak file info (ChunkID:-1 Root:root:/ File:E:/UnrealEngine4/UE_4.27/FeaturePacks/TP_Vehicle.upack)
[2022.04.01-17.51.44:418][  0]LogPakFile: OnPakFileMounted2Time == 0.000107
[2022.04.01-17.51.44:419][  0]LogPakFile: PakFile PrimaryIndexSize=186
[2022.04.01-17.51.44:419][  0]LogPakFile: PakFile PathHashIndexSize=101
[2022.04.01-17.51.44:419][  0]LogPakFile: PakFile FullDirectoryIndexSize=146
[2022.04.01-17.51.44:419][  0]LogShaderLibrary: Display: ShaderCodeLibraryPakFileMountedCallback: PakFile 'E:/UnrealEngine4/UE_4.27/FeaturePacks/TP_VehicleAdv.upack' (chunk index -1, root 'root:/') mounted
[2022.04.01-17.51.44:419][  0]LogShaderLibrary: Display: ShaderCodeLibraryPakFileMountedCallback: pending pak file info (ChunkID:-1 Root:root:/ File:E:/UnrealEngine4/UE_4.27/FeaturePacks/TP_VehicleAdv.upack)
[2022.04.01-17.51.44:420][  0]LogPakFile: OnPakFileMounted2Time == 0.000110
[2022.04.01-17.51.44:421][  0]LogPakFile: PakFile PrimaryIndexSize=188
[2022.04.01-17.51.44:421][  0]LogPakFile: PakFile PathHashIndexSize=101
[2022.04.01-17.51.44:421][  0]LogPakFile: PakFile FullDirectoryIndexSize=150
[2022.04.01-17.51.44:421][  0]LogShaderLibrary: Display: ShaderCodeLibraryPakFileMountedCallback: PakFile 'E:/UnrealEngine4/UE_4.27/FeaturePacks/TP_VehicleAdvBP.upack' (chunk index -1, root 'root:/') mounted
[2022.04.01-17.51.44:421][  0]LogShaderLibrary: Display: ShaderCodeLibraryPakFileMountedCallback: pending pak file info (ChunkID:-1 Root:root:/ File:E:/UnrealEngine4/UE_4.27/FeaturePacks/TP_VehicleAdvBP.upack)
[2022.04.01-17.51.44:421][  0]LogPakFile: OnPakFileMounted2Time == 0.000097
[2022.04.01-17.51.44:422][  0]LogPakFile: PakFile PrimaryIndexSize=185
[2022.04.01-17.51.44:422][  0]LogPakFile: PakFile PathHashIndexSize=101
[2022.04.01-17.51.44:422][  0]LogPakFile: PakFile FullDirectoryIndexSize=144
[2022.04.01-17.51.44:422][  0]LogShaderLibrary: Display: ShaderCodeLibraryPakFileMountedCallback: PakFile 'E:/UnrealEngine4/UE_4.27/FeaturePacks/TP_VehicleBP.upack' (chunk index -1, root 'root:/') mounted
[2022.04.01-17.51.44:422][  0]LogShaderLibrary: Display: ShaderCodeLibraryPakFileMountedCallback: pending pak file info (ChunkID:-1 Root:root:/ File:E:/UnrealEngine4/UE_4.27/FeaturePacks/TP_VehicleBP.upack)
[2022.04.01-17.51.44:422][  0]LogPakFile: OnPakFileMounted2Time == 0.000096
[2022.04.01-17.51.44:423][  0]LogPakFile: PakFile PrimaryIndexSize=192
[2022.04.01-17.51.44:423][  0]LogPakFile: PakFile PathHashIndexSize=101
[2022.04.01-17.51.44:423][  0]LogPakFile: PakFile FullDirectoryIndexSize=158
[2022.04.01-17.51.44:423][  0]LogShaderLibrary: Display: ShaderCodeLibraryPakFileMountedCallback: PakFile 'E:/UnrealEngine4/UE_4.27/FeaturePacks/TP_VirtualRealityBP.upack' (chunk index -1, root 'root:/') mounted
[2022.04.01-17.51.44:423][  0]LogShaderLibrary: Display: ShaderCodeLibraryPakFileMountedCallback: pending pak file info (ChunkID:-1 Root:root:/ File:E:/UnrealEngine4/UE_4.27/FeaturePacks/TP_VirtualRealityBP.upack)
[2022.04.01-17.51.44:423][  0]LogPakFile: OnPakFileMounted2Time == 0.000118
[2022.04.01-17.51.44:489][  0]LogNativeClassHierarchy: Verbose: Native class hierarchy updated for 'AddContentDialog' in 0.0003 seconds. Added 0 classes and 0 folders.
[2022.04.01-17.51.44:493][  0]LogNativeClassHierarchy: Verbose: Native class hierarchy updated for 'SceneOutliner' in 0.0002 seconds. Added 2 classes and 0 folders.
[2022.04.01-17.51.44:577][  0]LogSlate: Took 0.000356 seconds to synchronously load lazily loaded font '../../../Engine/Content/Slate/Fonts/Roboto-Regular.ttf' (155K)
[2022.04.01-17.51.44:579][  0]LogSlate: Took 0.000231 seconds to synchronously load lazily loaded font '../../../Engine/Content/Editor/Slate/Fonts/FontAwesome.ttf' (139K)
[2022.04.01-17.51.44:580][  0]LogSlate: Took 0.000194 seconds to synchronously load lazily loaded font '../../../Engine/Content/Slate/Fonts/Roboto-Bold.ttf' (160K)
[2022.04.01-17.51.44:657][  0]LogRenderer: Reallocating scene render targets to support 1208x576 Format 10 NumSamples 1 (Frame:1).
[2022.04.01-17.51.44:700][  0]LogSlate: Took 0.000369 seconds to synchronously load lazily loaded font '../../../Engine/Content/Slate/Fonts/Roboto-Light.ttf' (167K)
[2022.04.01-17.51.44:761][  0]LogNativeClassHierarchy: Verbose: Native class hierarchy updated for 'HierarchicalLODOutliner' in 0.0004 seconds. Added 0 classes and 0 folders.
[2022.04.01-17.51.44:761][  0]LogLoad: (Engine Initialization) Total time: 10.50 seconds
[2022.04.01-17.51.44:761][  0]LogLoad: (Engine Initialization) Total Blueprint compile time: 0.00 seconds
[2022.04.01-17.51.44:803][  0]LogAssetRegistry: Asset discovery search completed in 5.7471 seconds
[2022.04.01-17.51.44:810][  0]LogCollectionManager: Fixed up redirectors for 0 collections in 0.000004 seconds (updated 0 objects)
[2022.04.01-17.51.44:812][  0]LogContentStreaming: Texture pool size now 1000 MB
[2022.04.01-17.51.47:683][319]LogTemp: Repeating last play command: Selected Viewport
[2022.04.01-17.51.47:694][319]LogPlayLevel: PlayLevel: No blueprints needed recompiling
[2022.04.01-17.51.47:695][319]PIE: New page: PIE session: ThirdPersonExampleMap (1 abr. 2022 19:51:47)
[2022.04.01-17.51.47:697][319]LogOnline: OSS: Creating online subsystem instance for: NULL
[2022.04.01-17.51.47:700][319]LogOnline: OSS: TryLoadSubsystemAndSetDefault: Loaded subsystem for module [NULL]
[2022.04.01-17.51.47:701][319]LogPlayLevel: Creating play world package: /Game/ThirdPersonCPP/Maps/UEDPIE_0_ThirdPersonExampleMap
[2022.04.01-17.51.47:718][319]LogPlayLevel: PIE: StaticDuplicateObject took: (0.016381s)
[2022.04.01-17.51.47:720][319]LogAIModule: Creating AISystem for world ThirdPersonExampleMap
[2022.04.01-17.51.47:721][319]LogPlayLevel: PIE: World Init took: (0.002698s)
[2022.04.01-17.51.47:721][319]LogPlayLevel: PIE: Created PIE world by copying editor world from /Game/ThirdPersonCPP/Maps/ThirdPersonExampleMap.ThirdPersonExampleMap to /Game/ThirdPersonCPP/Maps/UEDPIE_0_ThirdPersonExampleMap.ThirdPersonExampleMap (0.019944s)
[2022.04.01-17.51.47:739][319]LogUObjectHash: Compacting FUObjectHashTables data took   0.77ms
[2022.04.01-17.51.47:742][319]LogAudio: Display: Creating Audio Device:                 Id: 2, Scope: Unique, Realtime: True
[2022.04.01-17.51.47:742][319]LogAudioMixer: Display: Audio Mixer Platform Settings:
[2022.04.01-17.51.47:742][319]LogAudioMixer: Display: 	Sample Rate:						  48000
[2022.04.01-17.51.47:743][319]LogAudioMixer: Display: 	Callback Buffer Frame Size Requested: 1024
[2022.04.01-17.51.47:743][319]LogAudioMixer: Display: 	Callback Buffer Frame Size To Use:	  1024
[2022.04.01-17.51.47:743][319]LogAudioMixer: Display: 	Number of buffers to queue:			  2
[2022.04.01-17.51.47:743][319]LogAudioMixer: Display: 	Max Channels (voices):				  32
[2022.04.01-17.51.47:743][319]LogAudioMixer: Display: 	Number of Async Source Workers:		  0
[2022.04.01-17.51.47:743][319]LogAudio: Display: AudioDevice MaxSources: 32
[2022.04.01-17.51.47:743][319]LogAudio: Display: Audio Spatialization Plugin: None (built-in).
[2022.04.01-17.51.47:744][319]LogAudio: Display: Audio Reverb Plugin: None (built-in).
[2022.04.01-17.51.47:744][319]LogAudio: Display: Audio Occlusion Plugin: None (built-in).
[2022.04.01-17.51.47:744][319]LogAudioMixer: Display: Initializing audio mixer.
[2022.04.01-17.51.47:752][319]LogAudioMixer: Display: 0: FrontLeft
[2022.04.01-17.51.47:752][319]LogAudioMixer: Display: 1: FrontRight
[2022.04.01-17.51.47:770][319]LogAudioMixer: Display: Using Audio Device Altavoces (Realtek(R) Audio)
[2022.04.01-17.51.47:770][319]LogAudioMixer: Display: Initializing Sound Submixes...
[2022.04.01-17.51.47:771][319]LogAudioMixer: Display: Creating Master Submix 'MasterSubmixDefault'
[2022.04.01-17.51.47:771][319]LogAudioMixer: Display: Creating Master Submix 'MasterReverbSubmixDefault'
[2022.04.01-17.51.47:771][319]LogAudioMixer: Display: Creating Master Submix 'MasterEQSubmixDefault'
[2022.04.01-17.51.47:771][319]LogAudioMixer: FMixerPlatformXAudio2::StartAudioStream() called
[2022.04.01-17.51.47:771][319]LogAudioMixer: Display: Output buffers initialized: Frames=1024, Channels=2, Samples=2048
[2022.04.01-17.51.47:773][319]LogAudioMixer: Display: Starting AudioMixerPlatformInterface::RunInternal()
[2022.04.01-17.51.47:773][319]LogAudioMixer: Display: FMixerPlatformXAudio2::SubmitBuffer() called for the first time
[2022.04.01-17.51.47:773][319]LogInit: FAudioDevice initialized.
[2022.04.01-17.51.47:773][319]LogAudio: Display: Audio Device (ID: 2) registered with world 'ThirdPersonExampleMap'.
[2022.04.01-17.51.47:782][319]LogLoad: Game class is 'RPGPrototypeGameMode'
[2022.04.01-17.51.47:791][319]LogWorld: Bringing World /Game/ThirdPersonCPP/Maps/UEDPIE_0_ThirdPersonExampleMap.ThirdPersonExampleMap up for play (max tick rate 0) at 2022.04.01-18.51.47
[2022.04.01-17.51.47:792][319]LogWorld: Bringing up level for play took: 0.003620
[2022.04.01-17.51.47:793][319]LogOnline: OSS: Creating online subsystem instance for: :Context_2
[2022.04.01-17.51.47:818][319]LogNativeClassHierarchy: Verbose: Native class hierarchy updated for 'MovieSceneCapture' in 0.0003 seconds. Added 20 classes and 0 folders.
[2022.04.01-17.51.47:821][319]PIE: Server logged in
[2022.04.01-17.51.47:824][319]PIE: Play in editor total start time 0,134 seconds.
[2022.04.01-17.51.56:915][398]LogSlate: Updating window title bar state: overlay mode, drag disabled, window buttons hidden, title bar hidden
[2022.04.01-17.51.56:915][398]LogWorld: BeginTearingDown for /Game/ThirdPersonCPP/Maps/UEDPIE_0_ThirdPersonExampleMap
[2022.04.01-17.51.56:915][398]LogWorld: UWorld::CleanupWorld for ThirdPersonExampleMap, bSessionEnded=true, bCleanupResources=true
[2022.04.01-17.51.56:916][398]LogSlate: InvalidateAllWidgets triggered.  All widgets were invalidated
[2022.04.01-17.51.56:928][398]LogPlayLevel: Display: Shutting down PIE online subsystems
[2022.04.01-17.51.56:930][398]LogSlate: InvalidateAllWidgets triggered.  All widgets were invalidated
[2022.04.01-17.51.56:934][398]LogAudio: Display: Audio Device unregistered from world 'None'.
[2022.04.01-17.51.56:934][398]LogAudioMixer: FMixerPlatformXAudio2::StopAudioStream() called
[2022.04.01-17.51.56:936][398]LogAudioMixer: FMixerPlatformXAudio2::StopAudioStream() called
[2022.04.01-17.51.56:938][398]LogSlate: Updating window title bar state: overlay mode, drag disabled, window buttons hidden, title bar hidden
[2022.04.01-17.51.56:941][398]LogUObjectHash: Compacting FUObjectHashTables data took   0.69ms
[2022.04.01-17.51.56:980][400]LogPlayLevel: Display: Destroying online subsystem :Context_2
[2022.04.01-17.52.06:345][456]LogSlate: Took 0.000231 seconds to synchronously load lazily loaded font '../../../Engine/Content/Slate/Fonts/Roboto-Light.ttf' (167K)
[2022.04.01-17.52.06:385][456]LogEditorClassViewer: Warning: Class /Engine/Tutorial/InWorldBlueprintEditing/TutorialAssets/IWBE_Blutility.IWBE_Blutility_C has parent /Script/Blutility.PlacedEditorUtilityBase, but this parent is not found. The Class will not be shown in ClassViewer.
[2022.04.01-17.52.06:450][456]LogSlate: Took 0.000275 seconds to synchronously load lazily loaded font '../../../Engine/Content/Slate/Fonts/Roboto-BoldCondensed.ttf' (158K)
[2022.04.01-17.52.38:938][267]Running E:/UnrealEngine4/UE_4.27/Engine/Binaries/DotNET/UnrealBuildTool.exe  -projectfiles -project="E:/Unreal/ActionRPG_ue4/RPGPrototype/RPGPrototype.uproject" -game -rocket -progress
[2022.04.01-17.52.39:356][267]Discovering modules, targets and source code for project...
[2022.04.01-17.52.41:173][267]Binding IntelliSense data...
[2022.04.01-17.52.43:297][267]Binding IntelliSense data... 100%
[2022.04.01-17.52.43:297][267]Writing project files...
[2022.04.01-17.52.46:730][267]Writing project files... 100%
[2022.04.01-17.52.46:931][267]Candidate modules for hot reload:
[2022.04.01-17.52.46:931][267]  RPGPrototype
[2022.04.01-17.52.46:931][267]Launching UnrealBuildTool... [E:/UnrealEngine4/UE_4.27/Engine/Binaries/DotNET/UnrealBuildTool.exe  -ModuleWithSuffix=RPGPrototype,2660 RPGPrototypeEditor Win64 Development -Project="E:/Unreal/ActionRPG_ue4/RPGPrototype/RPGPrototype.uproject" "E:/Unreal/ActionRPG_ue4/RPGPrototype/RPGPrototype.uproject"  -IgnoreJunk]
[2022.04.01-17.53.06:098][267]CompilerResultsLog: New page: Compilation - 1 abr. 2022 19:53:06
[2022.04.01-17.53.06:098][267]CompilerResultsLog: Using 'git status' to determine working set for adaptive non-unity build (E:\Unreal\ActionRPG_ue4).
[2022.04.01-17.53.06:098][267]CompilerResultsLog: Creating makefile for RPGPrototypeEditor (no existing makefile)
[2022.04.01-17.53.06:098][267]CompilerResultsLog: Parsing headers for RPGPrototypeEditor
[2022.04.01-17.53.06:098][267]CompilerResultsLog:   Running UnrealHeaderTool "E:\Unreal\ActionRPG_ue4\RPGPrototype\RPGPrototype.uproject" "E:\Unreal\ActionRPG_ue4\RPGPrototype\Intermediate\Build\Win64\RPGPrototypeEditor\Development\RPGPrototypeEditor.uhtmanifest" -LogCmds="loginit warning, logexit warning, logdatabase error" -Unattended -WarningsAsErrors -abslog="C:\Users\Usuario\AppData\Local\UnrealBuildTool\Log_UHT.txt" -installed
[2022.04.01-17.53.06:098][267]CompilerResultsLog: LogInit: Display: Loading text-based GConfig....
[2022.04.01-17.53.06:098][267]CompilerResultsLog: Reflection code generated for RPGPrototypeEditor in 3,9957317 seconds
[2022.04.01-17.53.06:098][267]CompilerResultsLog: Building RPGPrototypeEditor...
[2022.04.01-17.53.06:099][267]CompilerResultsLog: Using Visual Studio 2019 14.29.30141 toolchain (C:\Program Files (x86)\Microsoft Visual Studio\2019\Community\VC\Tools\MSVC\14.29.30133) and Windows 10.0.19041.0 SDK (C:\Program Files (x86)\Windows Kits\10).
[2022.04.01-17.53.06:099][267]CompilerResultsLog: Building 6 actions with 12 processes...
[2022.04.01-17.53.06:099][267]CompilerResultsLog:   [1/6] HeroAbilitytDataAsset.cpp
[2022.04.01-17.53.06:099][267]CompilerResultsLog:   E:\Unreal\ActionRPG_ue4\RPGPrototype\Source\RPGPrototype\Data\HeroAbilitytDataAsset.cpp(4): fatal error C1083: Cannot open include file: 'Data/HeroAbilitytDataAsset.h': No such file or directory
[2022.04.01-17.53.06:099][267]CompilerResultsLog:   [2/6] RPGPrototype.init.gen.cpp
[2022.04.01-17.53.06:099][267]CompilerResultsLog:   [3/6] HeroAbilitytDataAsset.gen.cpp
[2022.04.01-17.53.06:099][267]LogMainFrame: MainFrame: Module compiling took 19.175 seconds
[2022.04.01-17.53.06:104][267]Warning: HotReload failed, recompile failed
[2022.04.01-17.53.06:104][267]Warning: RebindPackages failed because compilation failed.
[2022.04.01-17.53.08:547][267]LogSlate: Window 'Message' being destroyed
[2022.04.01-17.53.08:551][267]Message dialog closed, result: No, title: Message, text: Successfully added class 'HeroAbilitytDataAsset', however you must recompile the 'RPGPrototype' module before it will appear in the Content Browser. Failed to automatically hot reload the 'RPGPrototype' module.

Would you like to open the Output Log to see more details?
[2022.04.01-17.53.08:551][267]LogSlate: Window 'Add C++ Class' being destroyed
