Log file open, 03/27/22 20:36:10
LogWindows: Failed to load 'aqProf.dll' (GetLastError=126)
LogWindows: File 'aqProf.dll' does not exist
LogWindows: Failed to load 'VtuneApi.dll' (GetLastError=126)
LogWindows: File 'VtuneApi.dll' does not exist
LogWindows: Failed to load 'VtuneApi32e.dll' (GetLastError=126)
LogWindows: File 'VtuneApi32e.dll' does not exist
LogConsoleResponse: Display: Failed to find resolution value strings in scalability ini. Falling back to default.
LogConsoleResponse: Display: Failed to find resolution value strings in scalability ini. Falling back to default.
LogInit: Display: Running engine for game: RPGPrototype
LogPlatformFile: Not using cached read wrapper
LogTaskGraph: Started task graph with 5 named threads and 35 total threads with 3 sets of task threads.
LogStats: Stats thread started at 1.579388
LogICUInternationalization: ICU TimeZone Detection - Raw Offset: +0:00, Platform Override: ''
LogInit: Display: Loading text-based GConfig....
LogPluginManager: Mounting plugin MeshPainting
LogPluginManager: Mounting plugin XGEController
LogPluginManager: Mounting plugin Paper2D
LogPluginManager: Mounting plugin LiveLink
LogPluginManager: Mounting plugin DatasmithContent
LogPluginManager: Mounting plugin LuminPlatformFeatures
LogPluginManager: Mounting plugin VariantManagerContent
LogPluginManager: Mounting plugin MagicLeap
LogPluginManager: Mounting plugin MagicLeapLightEstimation
LogPluginManager: Mounting plugin MagicLeapMedia
LogPluginManager: Mounting plugin MagicLeapPassableWorld
LogPluginManager: Mounting plugin MLSDK
LogPluginManager: Mounting plugin AndroidMedia
LogPluginManager: Mounting plugin AvfMedia
LogPluginManager: Mounting plugin ImgMedia
LogPluginManager: Mounting plugin MediaCompositing
LogPluginManager: Mounting plugin MediaPlayerEditor
LogPluginManager: Mounting plugin WebMMedia
LogPluginManager: Mounting plugin WmfMedia
LogPluginManager: Mounting plugin TcpMessaging
LogPluginManager: Mounting plugin UdpMessaging
LogPluginManager: Mounting plugin AssetManagerEditor
LogPluginManager: Mounting plugin ActorSequence
LogPluginManager: Mounting plugin CryptoKeys
LogPluginManager: Mounting plugin LevelSequenceEditor
LogPluginManager: Mounting plugin CurveEditorTools
LogPluginManager: Mounting plugin MatineeToLevelSequence
LogPluginManager: Mounting plugin DataValidation
LogPluginManager: Mounting plugin TemplateSequence
LogPluginManager: Mounting plugin FacialAnimation
LogPluginManager: Mounting plugin GeometryMode
LogPluginManager: Mounting plugin GameplayTagsEditor
LogPluginManager: Mounting plugin MacGraphicsSwitching
LogPluginManager: Mounting plugin MaterialAnalyzer
LogPluginManager: Mounting plugin MobileLauncherProfileWizard
LogPluginManager: Mounting plugin SpeedTreeImporter
LogPluginManager: Mounting plugin PluginBrowser
LogPluginManager: Mounting plugin OnlineSubsystem
LogPluginManager: Mounting plugin OnlineSubsystemNull
LogPluginManager: Mounting plugin OnlineSubsystemUtils
LogPluginManager: Mounting plugin AISupport
LogPluginManager: Mounting plugin EnvironmentQueryEditor
LogPluginManager: Mounting plugin AnimationSharing
LogPluginManager: Mounting plugin CLionSourceCodeAccess
LogPluginManager: Mounting plugin CodeLiteSourceCodeAccess
LogPluginManager: Mounting plugin NullSourceCodeAccess
LogPluginManager: Mounting plugin GitSourceControl
LogPluginManager: Mounting plugin KDevelopSourceCodeAccess
LogPluginManager: Mounting plugin PerforceSourceControl
LogPluginManager: Mounting plugin PixWinPlugin
LogPluginManager: Mounting plugin PlasticSourceControl
LogPluginManager: Mounting plugin PluginUtils
LogPluginManager: Mounting plugin PropertyAccessNode
LogPluginManager: Mounting plugin LauncherChunkInstaller
LogPluginManager: Mounting plugin RiderSourceCodeAccess
LogPluginManager: Mounting plugin SubversionSourceControl
LogPluginManager: Mounting plugin AlembicImporter
LogPluginManager: Mounting plugin TextureFormatOodle
LogPluginManager: Mounting plugin XCodeSourceCodeAccess
LogPluginManager: Mounting plugin UObjectPlugin
LogPluginManager: Mounting plugin VisualStudioSourceCodeAccess
LogPluginManager: Mounting plugin VisualStudioCodeSourceCodeAccess
LogPluginManager: Mounting plugin AutomationUtils
LogPluginManager: Mounting plugin ActorLayerUtilities
LogPluginManager: Mounting plugin BackChannel
LogPluginManager: Mounting plugin ChaosCloth
LogPluginManager: Mounting plugin ChaosClothEditor
LogPluginManager: Mounting plugin ChaosEditor
LogPluginManager: Mounting plugin ChaosNiagara
LogPluginManager: Mounting plugin ChaosSolverPlugin
LogPluginManager: Mounting plugin AndroidDeviceProfileSelector
LogPluginManager: Mounting plugin CharacterAI
LogPluginManager: Mounting plugin AndroidMoviePlayer
LogPluginManager: Mounting plugin AndroidPermission
LogPluginManager: Mounting plugin AppleImageUtils
LogPluginManager: Mounting plugin AppleMoviePlayer
LogPluginManager: Mounting plugin ArchVisCharacter
LogPluginManager: Mounting plugin AssetTags
LogPluginManager: Mounting plugin AudioCapture
LogPluginManager: Mounting plugin CableComponent
LogPluginManager: Mounting plugin AudioSynesthesia
LogPluginManager: Mounting plugin ChunkDownloader
LogPluginManager: Mounting plugin CustomMeshComponent
LogPluginManager: Mounting plugin DataRegistry
LogPluginManager: Mounting plugin EditableMesh
LogPluginManager: Mounting plugin GeometryCache
LogPluginManager: Mounting plugin ExampleDeviceProfileSelector
LogPluginManager: Mounting plugin GeometryCollectionPlugin
LogPluginManager: Mounting plugin GameplayAbilities
LogPluginManager: Mounting plugin GooglePAD
LogPluginManager: Mounting plugin GoogleCloudMessaging
LogPluginManager: Mounting plugin GeometryProcessing
LogPluginManager: Mounting plugin IOSDeviceProfileSelector
LogPluginManager: Mounting plugin LinuxDeviceProfileSelector
LogPluginManager: Mounting plugin LocationServicesBPLibrary
LogPluginManager: Mounting plugin MobilePatchingUtils
LogPluginManager: Mounting plugin OpenXR
LogPluginManager: Mounting plugin OpenXRHandTracking
LogPluginManager: Mounting plugin OpenXREyeTracker
LogPluginManager: Mounting plugin OpenImageDenoise
LogPluginManager: Mounting plugin MotoSynth
LogPluginManager: Mounting plugin PhysXVehicles
LogPluginManager: Mounting plugin PlanarCut
LogPluginManager: Mounting plugin PlatformCrypto
LogPluginManager: Mounting plugin ProxyLODPlugin
LogPluginManager: Mounting plugin PythonScriptPlugin
LogPluginManager: Mounting plugin PostSplashScreen
LogPluginManager: Mounting plugin SkeletalReduction
LogPluginManager: Mounting plugin ProceduralMeshComponent
LogPluginManager: Mounting plugin PropertyAccessEditor
LogPluginManager: Mounting plugin SignificanceManager
LogPluginManager: Mounting plugin RuntimePhysXCooking
LogPluginManager: Mounting plugin SoundFields
LogPluginManager: Mounting plugin Synthesis
LogPluginManager: Mounting plugin Niagara
LogPluginManager: Mounting plugin WebMMoviePlayer
LogPluginManager: Mounting plugin WindowsMoviePlayer
LogPluginManager: Mounting plugin ScreenshotTools
LogPluginManager: Mounting plugin Takes
LogPluginManager: Mounting plugin LightPropagationVolume
LogPluginManager: Mounting plugin OodleData
LogPluginManager: Mounting plugin OodleNetwork
LogPluginManager: Mounting plugin CameraShakePreviewer
LogPluginManager: Mounting plugin GameplayCameras
LogPluginManager: Mounting plugin ContentBrowserAssetDataSource
LogPluginManager: Mounting plugin ContentBrowserClassDataSource
LogPluginManager: Mounting plugin ContentBrowserFileDataSource
LogPluginManager: Mounting plugin OnlineSubsystemGooglePlay
LogPluginManager: Mounting plugin OnlineSubsystemIOS
LogPluginManager: Mounting plugin OculusVR
LogPluginManager: Mounting plugin SteamVR
LogInit: Using libcurl 7.55.1-DEV
LogInit:  - built for x86_64-pc-win32
LogInit:  - supports SSL with OpenSSL/1.1.1
LogInit:  - supports HTTP deflate (compression) using libz 1.2.8
LogInit:  - other features:
LogInit:      CURL_VERSION_SSL
LogInit:      CURL_VERSION_LIBZ
LogInit:      CURL_VERSION_IPV6
LogInit:      CURL_VERSION_ASYNCHDNS
LogInit:      CURL_VERSION_LARGEFILE
LogInit:      CURL_VERSION_IDN
LogInit:  CurlRequestOptions (configurable via config and command line):
LogInit:  - bVerifyPeer = true  - Libcurl will verify peer certificate
LogInit:  - bUseHttpProxy = false  - Libcurl will NOT use HTTP proxy
LogInit:  - bDontReuseConnections = false  - Libcurl will reuse connections
LogInit:  - MaxHostConnections = 16  - Libcurl will limit the number of connections to a host
LogInit:  - LocalHostAddr = Default
LogInit:  - BufferSize = 65536
LogOnline: OSS: Creating online subsystem instance for: NULL
LogInit: WinSock: version 1.1 (2.2), MaxSocks=32767, MaxUdp=65467
LogOnline: OSS: TryLoadSubsystemAndSetDefault: Loaded subsystem for module [NULL]
PixWinPlugin: PIX capture plugin failed to initialize! Check that the process is launched from PIX.
LogOculusPluginWrapper: OculusPlugin initialized successfully
LogHMD: Failed initializing OVRPlugin 1.59.0
LogInit: Build: ++UE4+Release-4.27-CL-18319896
LogInit: Engine Version: 4.27.2-18319896+++UE4+Release-4.27
LogInit: Compatible Engine Version: 4.27.0-17155196+++UE4+Release-4.27
LogInit: Net CL: 17155196
LogInit: OS: Windows 10 (Release 2009) (), CPU: AMD Ryzen 5 3600 6-Core Processor              , GPU: NVIDIA GeForce RTX 2060 SUPER
LogInit: Compiled (64-bit): Nov 30 2021 07:12:08
LogInit: Compiled with Visual C++: 19.24.28315.00
LogInit: Build Configuration: Development
LogInit: Branch Name: ++UE4+Release-4.27
LogInit: Command Line:  -skipcompile
LogInit: Base Directory: E:/UnrealEngine4/UE_4.27/Engine/Binaries/Win64/
LogInit: Allocator: TBB
LogInit: Installed Engine Build: 1
LogDevObjectVersion: Number of dev versions registered: 29
LogDevObjectVersion:   Dev-Blueprints (B0D832E4-1F89-4F0D-ACCF-7EB736FD4AA2): 10
LogDevObjectVersion:   Dev-Build (E1C64328-A22C-4D53-A36C-8E866417BD8C): 0
LogDevObjectVersion:   Dev-Core (375EC13C-06E4-48FB-B500-84F0262A717E): 4
LogDevObjectVersion:   Dev-Editor (E4B068ED-F494-42E9-A231-DA0B2E46BB41): 40
LogDevObjectVersion:   Dev-Framework (CFFC743F-43B0-4480-9391-14DF171D2073): 37
LogDevObjectVersion:   Dev-Mobile (B02B49B5-BB20-44E9-A304-32B752E40360): 3
LogDevObjectVersion:   Dev-Networking (A4E4105C-59A1-49B5-A7C5-40C4547EDFEE): 0
LogDevObjectVersion:   Dev-Online (39C831C9-5AE6-47DC-9A44-9C173E1C8E7C): 0
LogDevObjectVersion:   Dev-Physics (78F01B33-EBEA-4F98-B9B4-84EACCB95AA2): 14
LogDevObjectVersion:   Dev-Platform (6631380F-2D4D-43E0-8009-CF276956A95A): 0
LogDevObjectVersion:   Dev-Rendering (12F88B9F-8875-4AFC-A67C-D90C383ABD29): 45
LogDevObjectVersion:   Dev-Sequencer (7B5AE74C-D270-4C10-A958-57980B212A5A): 13
LogDevObjectVersion:   Dev-VR (D7296918-1DD6-4BDD-9DE2-64A83CC13884): 3
LogDevObjectVersion:   Dev-LoadTimes (C2A15278-BFE7-4AFE-6C17-90FF531DF755): 1
LogDevObjectVersion:   Private-Geometry (6EACA3D4-40EC-4CC1-B786-8BED09428FC5): 3
LogDevObjectVersion:   Dev-AnimPhys (29E575DD-E0A3-4627-9D10-D276232CDCEA): 17
LogDevObjectVersion:   Dev-Anim (AF43A65D-7FD3-4947-9873-3E8ED9C1BB05): 15
LogDevObjectVersion:   Dev-ReflectionCapture (6B266CEC-1EC7-4B8F-A30B-E4D90942FC07): 1
LogDevObjectVersion:   Dev-Automation (0DF73D61-A23F-47EA-B727-89E90C41499A): 1
LogDevObjectVersion:   FortniteMain (601D1886-AC64-4F84-AA16-D3DE0DEAC7D6): 47
LogDevObjectVersion:   FortniteRelease (E7086368-6B23-4C58-8439-1B7016265E91): 1
LogDevObjectVersion:   Dev-Enterprise (9DFFBCD6-494F-0158-E221-12823C92A888): 10
LogDevObjectVersion:   Dev-Niagara (F2AED0AC-9AFE-416F-8664-AA7FFA26D6FC): 1
LogDevObjectVersion:   Dev-Destruction (174F1F0B-B4C6-45A5-B13F-2EE8D0FB917D): 10
LogDevObjectVersion:   Dev-Physics-Ext (35F94A83-E258-406C-A318-09F59610247C): 41
LogDevObjectVersion:   Dev-PhysicsMaterial-Chaos (B68FC16E-8B1B-42E2-B453-215C058844FE): 1
LogDevObjectVersion:   Dev-CineCamera (B2E18506-4273-CFC2-A54E-F4BB758BBA07): 1
LogDevObjectVersion:   Dev-VirtualProduction (64F58936-FD1B-42BA-BA96-7289D5D0FA4E): 1
LogDevObjectVersion:   Dev-MediaFramework (6F0ED827-A609-4895-9C91-998D90180EA4): 2
LogInit: Presizing for max 25165824 objects, including 0 objects not considered by GC, pre-allocating 0 bytes for permanent pool.
LogConfig: Applying CVar settings from Section [/Script/Engine.StreamingSettings] File [E:/Unreal/ActionRPG_ue4/RPGPrototype/Saved/Config/Windows/Engine.ini]
LogConfig: Setting CVar [[s.MinBulkDataSizeForAsyncLoading:131072]]
LogConfig: Setting CVar [[s.AsyncLoadingThreadEnabled:0]]
LogConfig: Setting CVar [[s.EventDrivenLoaderEnabled:1]]
LogConfig: Setting CVar [[s.WarnIfTimeLimitExceeded:0]]
LogConfig: Setting CVar [[s.TimeLimitExceededMultiplier:1.5]]
LogConfig: Setting CVar [[s.TimeLimitExceededMinTime:0.005]]
LogConfig: Setting CVar [[s.UseBackgroundLevelStreaming:1]]
LogConfig: Setting CVar [[s.PriorityAsyncLoadingExtraTime:15.0]]
LogConfig: Setting CVar [[s.LevelStreamingActorsUpdateTimeLimit:5.0]]
LogConfig: Setting CVar [[s.PriorityLevelStreamingActorsUpdateExtraTime:5.0]]
LogConfig: Setting CVar [[s.LevelStreamingComponentsRegistrationGranularity:10]]
LogConfig: Setting CVar [[s.UnregisterComponentsTimeLimit:1.0]]
LogConfig: Setting CVar [[s.LevelStreamingComponentsUnregistrationGranularity:5]]
LogConfig: Setting CVar [[s.FlushStreamingOnExit:1]]
LogInit: Object subsystem initialized
LogConfig: Setting CVar [[con.DebugEarlyDefault:1]]
LogConfig: Setting CVar [[r.setres:1280x720]]
[2022.03.27-19.36.11:962][  0]LogConfig: Setting CVar [[r.VSync:0]]
[2022.03.27-19.36.11:962][  0]LogConfig: Setting CVar [[r.RHICmdBypass:0]]
[2022.03.27-19.36.11:962][  0]LogConfig: Applying CVar settings from Section [/Script/Engine.RendererSettings] File [E:/Unreal/ActionRPG_ue4/RPGPrototype/Saved/Config/Windows/Engine.ini]
[2022.03.27-19.36.11:962][  0]LogConfig: Setting CVar [[r.GPUCrashDebugging:0]]
[2022.03.27-19.36.11:962][  0]LogConfig: Applying CVar settings from Section [/Script/Engine.RendererOverrideSettings] File [E:/Unreal/ActionRPG_ue4/RPGPrototype/Saved/Config/Windows/Engine.ini]
[2022.03.27-19.36.11:962][  0]LogConfig: Applying CVar settings from Section [/Script/Engine.StreamingSettings] File [E:/Unreal/ActionRPG_ue4/RPGPrototype/Saved/Config/Windows/Engine.ini]
[2022.03.27-19.36.11:962][  0]LogConfig: Setting CVar [[s.MinBulkDataSizeForAsyncLoading:131072]]
[2022.03.27-19.36.11:962][  0]LogConfig: Setting CVar [[s.AsyncLoadingThreadEnabled:0]]
[2022.03.27-19.36.11:962][  0]LogConfig: Setting CVar [[s.EventDrivenLoaderEnabled:1]]
[2022.03.27-19.36.11:962][  0]LogConfig: Setting CVar [[s.WarnIfTimeLimitExceeded:0]]
[2022.03.27-19.36.11:962][  0]LogConfig: Setting CVar [[s.TimeLimitExceededMultiplier:1.5]]
[2022.03.27-19.36.11:962][  0]LogConfig: Setting CVar [[s.TimeLimitExceededMinTime:0.005]]
[2022.03.27-19.36.11:962][  0]LogConfig: Setting CVar [[s.UseBackgroundLevelStreaming:1]]
[2022.03.27-19.36.11:962][  0]LogConfig: Setting CVar [[s.PriorityAsyncLoadingExtraTime:15.0]]
[2022.03.27-19.36.11:962][  0]LogConfig: Setting CVar [[s.LevelStreamingActorsUpdateTimeLimit:5.0]]
[2022.03.27-19.36.11:962][  0]LogConfig: Setting CVar [[s.PriorityLevelStreamingActorsUpdateExtraTime:5.0]]
[2022.03.27-19.36.11:962][  0]LogConfig: Setting CVar [[s.LevelStreamingComponentsRegistrationGranularity:10]]
[2022.03.27-19.36.11:962][  0]LogConfig: Setting CVar [[s.UnregisterComponentsTimeLimit:1.0]]
[2022.03.27-19.36.11:962][  0]LogConfig: Setting CVar [[s.LevelStreamingComponentsUnregistrationGranularity:5]]
[2022.03.27-19.36.11:962][  0]LogConfig: Setting CVar [[s.FlushStreamingOnExit:1]]
[2022.03.27-19.36.11:962][  0]LogConfig: Applying CVar settings from Section [/Script/Engine.GarbageCollectionSettings] File [E:/Unreal/ActionRPG_ue4/RPGPrototype/Saved/Config/Windows/Engine.ini]
[2022.03.27-19.36.11:962][  0]LogConfig: Setting CVar [[gc.MaxObjectsNotConsideredByGC:1]]
[2022.03.27-19.36.11:962][  0]LogConfig: Setting CVar [[gc.SizeOfPermanentObjectPool:0]]
[2022.03.27-19.36.11:962][  0]LogConfig: Setting CVar [[gc.FlushStreamingOnGC:0]]
[2022.03.27-19.36.11:962][  0]LogConfig: Setting CVar [[gc.NumRetriesBeforeForcingGC:10]]
[2022.03.27-19.36.11:963][  0]LogConfig: Setting CVar [[gc.AllowParallelGC:1]]
[2022.03.27-19.36.11:963][  0]LogConfig: Setting CVar [[gc.TimeBetweenPurgingPendingKillObjects:61.1]]
[2022.03.27-19.36.11:963][  0]LogConfig: Setting CVar [[gc.MaxObjectsInEditor:25165824]]
[2022.03.27-19.36.11:963][  0]LogConfig: Setting CVar [[gc.IncrementalBeginDestroyEnabled:1]]
[2022.03.27-19.36.11:963][  0]LogConfig: Setting CVar [[gc.CreateGCClusters:1]]
[2022.03.27-19.36.11:963][  0]LogConfig: Setting CVar [[gc.MinGCClusterSize:5]]
[2022.03.27-19.36.11:963][  0]LogConfig: Setting CVar [[gc.ActorClusteringEnabled:0]]
[2022.03.27-19.36.11:963][  0]LogConfig: Setting CVar [[gc.BlueprintClusteringEnabled:0]]
[2022.03.27-19.36.11:963][  0]LogConfig: Setting CVar [[gc.UseDisregardForGCOnDedicatedServers:0]]
[2022.03.27-19.36.11:963][  0]LogConfig: Setting CVar [[gc.MultithreadedDestructionEnabled:1]]
[2022.03.27-19.36.11:963][  0]LogConfig: Applying CVar settings from Section [/Script/Engine.NetworkSettings] File [E:/Unreal/ActionRPG_ue4/RPGPrototype/Saved/Config/Windows/Engine.ini]
[2022.03.27-19.36.11:963][  0]LogConfig: Applying CVar settings from Section [/Script/UnrealEd.CookerSettings] File [E:/Unreal/ActionRPG_ue4/RPGPrototype/Saved/Config/Windows/Engine.ini]
[2022.03.27-19.36.11:984][  0]LogConfig: Applying CVar settings from Section [ViewDistanceQuality@3] File [E:/Unreal/ActionRPG_ue4/RPGPrototype/Saved/Config/Windows/Scalability.ini]
[2022.03.27-19.36.11:984][  0]LogConfig: Setting CVar [[r.SkeletalMeshLODBias:0]]
[2022.03.27-19.36.11:984][  0]LogConfig: Setting CVar [[r.ViewDistanceScale:1.0]]
[2022.03.27-19.36.11:984][  0]LogConfig: Applying CVar settings from Section [AntiAliasingQuality@3] File [E:/Unreal/ActionRPG_ue4/RPGPrototype/Saved/Config/Windows/Scalability.ini]
[2022.03.27-19.36.11:984][  0]LogConfig: Setting CVar [[r.PostProcessAAQuality:4]]
[2022.03.27-19.36.11:984][  0]LogConfig: Applying CVar settings from Section [ShadowQuality@3] File [E:/Unreal/ActionRPG_ue4/RPGPrototype/Saved/Config/Windows/Scalability.ini]
[2022.03.27-19.36.11:984][  0]LogConfig: Setting CVar [[r.LightFunctionQuality:1]]
[2022.03.27-19.36.11:984][  0]LogConfig: Setting CVar [[r.ShadowQuality:5]]
[2022.03.27-19.36.11:984][  0]LogConfig: Setting CVar [[r.Shadow.CSM.MaxCascades:10]]
[2022.03.27-19.36.11:984][  0]LogConfig: Setting CVar [[r.Shadow.MaxResolution:2048]]
[2022.03.27-19.36.11:984][  0]LogConfig: Setting CVar [[r.Shadow.MaxCSMResolution:2048]]
[2022.03.27-19.36.11:984][  0]LogConfig: Setting CVar [[r.Shadow.RadiusThreshold:0.01]]
[2022.03.27-19.36.11:984][  0]LogConfig: Setting CVar [[r.Shadow.DistanceScale:1.0]]
[2022.03.27-19.36.11:984][  0]LogConfig: Setting CVar [[r.Shadow.CSM.TransitionScale:1.0]]
[2022.03.27-19.36.11:984][  0]LogConfig: Setting CVar [[r.Shadow.PreShadowResolutionFactor:1.0]]
[2022.03.27-19.36.11:984][  0]LogConfig: Setting CVar [[r.DistanceFieldShadowing:1]]
[2022.03.27-19.36.11:984][  0]LogConfig: Setting CVar [[r.DistanceFieldAO:1]]
[2022.03.27-19.36.11:984][  0]LogConfig: Setting CVar [[r.AOQuality:2]]
[2022.03.27-19.36.11:984][  0]LogConfig: Setting CVar [[r.VolumetricFog:1]]
[2022.03.27-19.36.11:985][  0]LogConfig: Setting CVar [[r.VolumetricFog.GridPixelSize:8]]
[2022.03.27-19.36.11:985][  0]LogConfig: Setting CVar [[r.VolumetricFog.GridSizeZ:128]]
[2022.03.27-19.36.11:985][  0]LogConfig: Setting CVar [[r.VolumetricFog.HistoryMissSupersampleCount:4]]
[2022.03.27-19.36.11:985][  0]LogConfig: Setting CVar [[r.LightMaxDrawDistanceScale:1]]
[2022.03.27-19.36.11:985][  0]LogConfig: Setting CVar [[r.CapsuleShadows:1]]
[2022.03.27-19.36.11:985][  0]LogConfig: Applying CVar settings from Section [PostProcessQuality@3] File [E:/Unreal/ActionRPG_ue4/RPGPrototype/Saved/Config/Windows/Scalability.ini]
[2022.03.27-19.36.11:985][  0]LogConfig: Setting CVar [[r.MotionBlurQuality:4]]
[2022.03.27-19.36.11:985][  0]LogConfig: Setting CVar [[r.AmbientOcclusionMipLevelFactor:0.4]]
[2022.03.27-19.36.11:985][  0]LogConfig: Setting CVar [[r.AmbientOcclusionMaxQuality:100]]
[2022.03.27-19.36.11:985][  0]LogConfig: Setting CVar [[r.AmbientOcclusionLevels:-1]]
[2022.03.27-19.36.11:985][  0]LogConfig: Setting CVar [[r.AmbientOcclusionRadiusScale:1.0]]
[2022.03.27-19.36.11:985][  0]LogConfig: Setting CVar [[r.DepthOfFieldQuality:2]]
[2022.03.27-19.36.11:985][  0]LogConfig: Setting CVar [[r.RenderTargetPoolMin:400]]
[2022.03.27-19.36.11:985][  0]LogConfig: Setting CVar [[r.LensFlareQuality:2]]
[2022.03.27-19.36.11:985][  0]LogConfig: Setting CVar [[r.SceneColorFringeQuality:1]]
[2022.03.27-19.36.11:985][  0]LogConfig: Setting CVar [[r.EyeAdaptationQuality:2]]
[2022.03.27-19.36.11:985][  0]LogConfig: Setting CVar [[r.BloomQuality:5]]
[2022.03.27-19.36.11:985][  0]LogConfig: Setting CVar [[r.FastBlurThreshold:100]]
[2022.03.27-19.36.11:985][  0]LogConfig: Setting CVar [[r.Upscale.Quality:3]]
[2022.03.27-19.36.11:985][  0]LogConfig: Setting CVar [[r.Tonemapper.GrainQuantization:1]]
[2022.03.27-19.36.11:985][  0]LogConfig: Setting CVar [[r.LightShaftQuality:1]]
[2022.03.27-19.36.11:985][  0]LogConfig: Setting CVar [[r.Filter.SizeScale:1]]
[2022.03.27-19.36.11:985][  0]LogConfig: Setting CVar [[r.Tonemapper.Quality:5]]
[2022.03.27-19.36.11:985][  0]LogConfig: Setting CVar [[r.DOF.Gather.AccumulatorQuality:1        ; higher gathering accumulator quality]]
[2022.03.27-19.36.11:985][  0]LogConfig: Setting CVar [[r.DOF.Gather.PostfilterMethod:1          ; Median3x3 postfilering method]]
[2022.03.27-19.36.11:985][  0]LogConfig: Setting CVar [[r.DOF.Gather.EnableBokehSettings:0       ; no bokeh simulation when gathering]]
[2022.03.27-19.36.11:986][  0]LogConfig: Setting CVar [[r.DOF.Gather.RingCount:4                 ; medium number of samples when gathering]]
[2022.03.27-19.36.11:986][  0]LogConfig: Setting CVar [[r.DOF.Scatter.ForegroundCompositing:1    ; additive foreground scattering]]
[2022.03.27-19.36.11:986][  0]LogConfig: Setting CVar [[r.DOF.Scatter.BackgroundCompositing:2    ; additive background scattering]]
[2022.03.27-19.36.11:986][  0]LogConfig: Setting CVar [[r.DOF.Scatter.EnableBokehSettings:1      ; bokeh simulation when scattering]]
[2022.03.27-19.36.11:986][  0]LogConfig: Setting CVar [[r.DOF.Scatter.MaxSpriteRatio:0.1         ; only a maximum of 10% of scattered bokeh]]
[2022.03.27-19.36.11:986][  0]LogConfig: Setting CVar [[r.DOF.Recombine.Quality:1                ; cheap slight out of focus]]
[2022.03.27-19.36.11:986][  0]LogConfig: Setting CVar [[r.DOF.Recombine.EnableBokehSettings:0    ; no bokeh simulation on slight out of focus]]
[2022.03.27-19.36.11:986][  0]LogConfig: Setting CVar [[r.DOF.TemporalAAQuality:1                ; more stable temporal accumulation]]
[2022.03.27-19.36.11:986][  0]LogConfig: Setting CVar [[r.DOF.Kernel.MaxForegroundRadius:0.025]]
[2022.03.27-19.36.11:986][  0]LogConfig: Setting CVar [[r.DOF.Kernel.MaxBackgroundRadius:0.025]]
[2022.03.27-19.36.11:986][  0]LogConfig: Applying CVar settings from Section [TextureQuality@3] File [E:/Unreal/ActionRPG_ue4/RPGPrototype/Saved/Config/Windows/Scalability.ini]
[2022.03.27-19.36.11:986][  0]LogConfig: Setting CVar [[r.Streaming.MipBias:0]]
[2022.03.27-19.36.11:986][  0]LogConfig: Setting CVar [[r.Streaming.AmortizeCPUToGPUCopy:0]]
[2022.03.27-19.36.11:986][  0]LogConfig: Setting CVar [[r.Streaming.MaxNumTexturesToStreamPerFrame:0]]
[2022.03.27-19.36.11:986][  0]LogConfig: Setting CVar [[r.Streaming.Boost:1]]
[2022.03.27-19.36.11:986][  0]LogConfig: Setting CVar [[r.MaxAnisotropy:8]]
[2022.03.27-19.36.11:986][  0]LogConfig: Setting CVar [[r.VT.MaxAnisotropy:8]]
[2022.03.27-19.36.11:986][  0]LogConfig: Setting CVar [[r.Streaming.LimitPoolSizeToVRAM:0]]
[2022.03.27-19.36.11:986][  0]LogConfig: Setting CVar [[r.Streaming.PoolSize:1000]]
[2022.03.27-19.36.11:986][  0]LogConfig: Setting CVar [[r.Streaming.MaxEffectiveScreenSize:0]]
[2022.03.27-19.36.11:986][  0]LogConfig: Applying CVar settings from Section [EffectsQuality@3] File [E:/Unreal/ActionRPG_ue4/RPGPrototype/Saved/Config/Windows/Scalability.ini]
[2022.03.27-19.36.11:986][  0]LogConfig: Setting CVar [[r.TranslucencyLightingVolumeDim:64]]
[2022.03.27-19.36.11:986][  0]LogConfig: Setting CVar [[r.RefractionQuality:2]]
[2022.03.27-19.36.11:986][  0]LogConfig: Setting CVar [[r.SSR.Quality:3]]
[2022.03.27-19.36.11:987][  0]LogConfig: Setting CVar [[r.SSR.HalfResSceneColor:0]]
[2022.03.27-19.36.11:987][  0]LogConfig: Setting CVar [[r.SceneColorFormat:4]]
[2022.03.27-19.36.11:987][  0]LogConfig: Setting CVar [[r.DetailMode:2]]
[2022.03.27-19.36.11:987][  0]LogConfig: Setting CVar [[r.TranslucencyVolumeBlur:1]]
[2022.03.27-19.36.11:987][  0]LogConfig: Setting CVar [[r.MaterialQualityLevel:1 ; High quality]]
[2022.03.27-19.36.11:987][  0]LogConfig: Setting CVar [[r.AnisotropicMaterials:1]]
[2022.03.27-19.36.11:987][  0]LogConfig: Setting CVar [[r.SSS.Scale:1]]
[2022.03.27-19.36.11:987][  0]LogConfig: Setting CVar [[r.SSS.SampleSet:2]]
[2022.03.27-19.36.11:987][  0]LogConfig: Setting CVar [[r.SSS.Quality:1]]
[2022.03.27-19.36.11:987][  0]LogConfig: Setting CVar [[r.SSS.HalfRes:0]]
[2022.03.27-19.36.11:987][  0]LogConfig: Setting CVar [[r.SSGI.Quality:3]]
[2022.03.27-19.36.11:987][  0]LogConfig: Setting CVar [[r.EmitterSpawnRateScale:1.0]]
[2022.03.27-19.36.11:987][  0]LogConfig: Setting CVar [[r.ParticleLightQuality:2]]
[2022.03.27-19.36.11:987][  0]LogConfig: Setting CVar [[r.SkyAtmosphere.AerialPerspectiveLUT.FastApplyOnOpaque:1 ; Always have FastSkyLUT 1 in this case to avoid wrong sky]]
[2022.03.27-19.36.11:987][  0]LogConfig: Setting CVar [[r.SkyAtmosphere.AerialPerspectiveLUT.SampleCountMaxPerSlice:4]]
[2022.03.27-19.36.11:987][  0]LogConfig: Setting CVar [[r.SkyAtmosphere.AerialPerspectiveLUT.DepthResolution:16.0]]
[2022.03.27-19.36.11:987][  0]LogConfig: Setting CVar [[r.SkyAtmosphere.FastSkyLUT:1]]
[2022.03.27-19.36.11:987][  0]LogConfig: Setting CVar [[r.SkyAtmosphere.FastSkyLUT.SampleCountMin:4.0]]
[2022.03.27-19.36.11:987][  0]LogConfig: Setting CVar [[r.SkyAtmosphere.FastSkyLUT.SampleCountMax:128.0]]
[2022.03.27-19.36.11:987][  0]LogConfig: Setting CVar [[r.SkyAtmosphere.SampleCountMin:4.0]]
[2022.03.27-19.36.11:987][  0]LogConfig: Setting CVar [[r.SkyAtmosphere.SampleCountMax:128.0]]
[2022.03.27-19.36.11:987][  0]LogConfig: Setting CVar [[r.SkyAtmosphere.TransmittanceLUT.UseSmallFormat:0]]
[2022.03.27-19.36.11:987][  0]LogConfig: Setting CVar [[r.SkyAtmosphere.TransmittanceLUT.SampleCount:10.0]]
[2022.03.27-19.36.11:987][  0]LogConfig: Setting CVar [[r.SkyAtmosphere.MultiScatteringLUT.SampleCount:15.0]]
[2022.03.27-19.36.11:987][  0]LogConfig: Setting CVar [[r.SkyLight.RealTimeReflectionCapture:1]]
[2022.03.27-19.36.11:988][  0]LogConfig: Applying CVar settings from Section [FoliageQuality@3] File [E:/Unreal/ActionRPG_ue4/RPGPrototype/Saved/Config/Windows/Scalability.ini]
[2022.03.27-19.36.11:988][  0]LogConfig: Setting CVar [[foliage.DensityScale:1.0]]
[2022.03.27-19.36.11:988][  0]LogConfig: Setting CVar [[grass.DensityScale:1.0]]
[2022.03.27-19.36.11:988][  0]LogConfig: Applying CVar settings from Section [ShadingQuality@3] File [E:/Unreal/ActionRPG_ue4/RPGPrototype/Saved/Config/Windows/Scalability.ini]
[2022.03.27-19.36.11:988][  0]LogConfig: Setting CVar [[r.HairStrands.SkyLighting.IntegrationType:2]]
[2022.03.27-19.36.11:988][  0]LogConfig: Setting CVar [[r.HairStrands.SkyAO.SampleCount:4]]
[2022.03.27-19.36.11:988][  0]LogConfig: Setting CVar [[r.HairStrands.Visibility.MSAA.SamplePerPixel:4]]
[2022.03.27-19.36.11:989][  0]LogInit: Selected Device Profile: [Windows]
[2022.03.27-19.36.11:989][  0]LogInit: Applying CVar settings loaded from the selected device profile: [Windows]
[2022.03.27-19.36.11:990][  0]LogHAL: Display: Platform has ~ 16 GB [17126871040 / 17179869184 / 16], which maps to Larger [LargestMinGB=32, LargerMinGB=12, DefaultMinGB=8, SmallerMinGB=6, SmallestMinGB=0)
[2022.03.27-19.36.11:990][  0]LogInit: Going up to parent DeviceProfile []
[2022.03.27-19.36.11:991][  0]LogConfig: Applying CVar settings from Section [ViewDistanceQuality@3] File [E:/Unreal/ActionRPG_ue4/RPGPrototype/Saved/Config/Windows/Scalability.ini]
[2022.03.27-19.36.11:991][  0]LogConfig: Setting CVar [[r.SkeletalMeshLODBias:0]]
[2022.03.27-19.36.11:991][  0]LogConfig: Setting CVar [[r.ViewDistanceScale:1.0]]
[2022.03.27-19.36.11:991][  0]LogConfig: Applying CVar settings from Section [AntiAliasingQuality@3] File [E:/Unreal/ActionRPG_ue4/RPGPrototype/Saved/Config/Windows/Scalability.ini]
[2022.03.27-19.36.11:991][  0]LogConfig: Setting CVar [[r.PostProcessAAQuality:4]]
[2022.03.27-19.36.11:991][  0]LogConfig: Applying CVar settings from Section [ShadowQuality@3] File [E:/Unreal/ActionRPG_ue4/RPGPrototype/Saved/Config/Windows/Scalability.ini]
[2022.03.27-19.36.11:991][  0]LogConfig: Setting CVar [[r.LightFunctionQuality:1]]
[2022.03.27-19.36.11:991][  0]LogConfig: Setting CVar [[r.ShadowQuality:5]]
[2022.03.27-19.36.11:991][  0]LogConfig: Setting CVar [[r.Shadow.CSM.MaxCascades:10]]
[2022.03.27-19.36.11:991][  0]LogConfig: Setting CVar [[r.Shadow.MaxResolution:2048]]
[2022.03.27-19.36.11:991][  0]LogConfig: Setting CVar [[r.Shadow.MaxCSMResolution:2048]]
[2022.03.27-19.36.11:991][  0]LogConfig: Setting CVar [[r.Shadow.RadiusThreshold:0.01]]
[2022.03.27-19.36.11:991][  0]LogConfig: Setting CVar [[r.Shadow.DistanceScale:1.0]]
[2022.03.27-19.36.11:991][  0]LogConfig: Setting CVar [[r.Shadow.CSM.TransitionScale:1.0]]
[2022.03.27-19.36.11:991][  0]LogConfig: Setting CVar [[r.Shadow.PreShadowResolutionFactor:1.0]]
[2022.03.27-19.36.11:991][  0]LogConfig: Setting CVar [[r.DistanceFieldShadowing:1]]
[2022.03.27-19.36.11:991][  0]LogConfig: Setting CVar [[r.DistanceFieldAO:1]]
[2022.03.27-19.36.11:992][  0]LogConfig: Setting CVar [[r.AOQuality:2]]
[2022.03.27-19.36.11:992][  0]LogConfig: Setting CVar [[r.VolumetricFog:1]]
[2022.03.27-19.36.11:992][  0]LogConfig: Setting CVar [[r.VolumetricFog.GridPixelSize:8]]
[2022.03.27-19.36.11:992][  0]LogConfig: Setting CVar [[r.VolumetricFog.GridSizeZ:128]]
[2022.03.27-19.36.11:992][  0]LogConfig: Setting CVar [[r.VolumetricFog.HistoryMissSupersampleCount:4]]
[2022.03.27-19.36.11:992][  0]LogConfig: Setting CVar [[r.LightMaxDrawDistanceScale:1]]
[2022.03.27-19.36.11:992][  0]LogConfig: Setting CVar [[r.CapsuleShadows:1]]
[2022.03.27-19.36.11:992][  0]LogConfig: Applying CVar settings from Section [PostProcessQuality@3] File [E:/Unreal/ActionRPG_ue4/RPGPrototype/Saved/Config/Windows/Scalability.ini]
[2022.03.27-19.36.11:992][  0]LogConfig: Setting CVar [[r.MotionBlurQuality:4]]
[2022.03.27-19.36.11:992][  0]LogConfig: Setting CVar [[r.AmbientOcclusionMipLevelFactor:0.4]]
[2022.03.27-19.36.11:992][  0]LogConfig: Setting CVar [[r.AmbientOcclusionMaxQuality:100]]
[2022.03.27-19.36.11:992][  0]LogConfig: Setting CVar [[r.AmbientOcclusionLevels:-1]]
[2022.03.27-19.36.11:992][  0]LogConfig: Setting CVar [[r.AmbientOcclusionRadiusScale:1.0]]
[2022.03.27-19.36.11:992][  0]LogConfig: Setting CVar [[r.DepthOfFieldQuality:2]]
[2022.03.27-19.36.11:992][  0]LogConfig: Setting CVar [[r.RenderTargetPoolMin:400]]
[2022.03.27-19.36.11:992][  0]LogConfig: Setting CVar [[r.LensFlareQuality:2]]
[2022.03.27-19.36.11:992][  0]LogConfig: Setting CVar [[r.SceneColorFringeQuality:1]]
[2022.03.27-19.36.11:992][  0]LogConfig: Setting CVar [[r.EyeAdaptationQuality:2]]
[2022.03.27-19.36.11:992][  0]LogConfig: Setting CVar [[r.BloomQuality:5]]
[2022.03.27-19.36.11:992][  0]LogConfig: Setting CVar [[r.FastBlurThreshold:100]]
[2022.03.27-19.36.11:992][  0]LogConfig: Setting CVar [[r.Upscale.Quality:3]]
[2022.03.27-19.36.11:992][  0]LogConfig: Setting CVar [[r.Tonemapper.GrainQuantization:1]]
[2022.03.27-19.36.11:992][  0]LogConfig: Setting CVar [[r.LightShaftQuality:1]]
[2022.03.27-19.36.11:992][  0]LogConfig: Setting CVar [[r.Filter.SizeScale:1]]
[2022.03.27-19.36.11:992][  0]LogConfig: Setting CVar [[r.Tonemapper.Quality:5]]
[2022.03.27-19.36.11:993][  0]LogConfig: Setting CVar [[r.DOF.Gather.AccumulatorQuality:1        ; higher gathering accumulator quality]]
[2022.03.27-19.36.11:993][  0]LogConfig: Setting CVar [[r.DOF.Gather.PostfilterMethod:1          ; Median3x3 postfilering method]]
[2022.03.27-19.36.11:993][  0]LogConfig: Setting CVar [[r.DOF.Gather.EnableBokehSettings:0       ; no bokeh simulation when gathering]]
[2022.03.27-19.36.11:993][  0]LogConfig: Setting CVar [[r.DOF.Gather.RingCount:4                 ; medium number of samples when gathering]]
[2022.03.27-19.36.11:993][  0]LogConfig: Setting CVar [[r.DOF.Scatter.ForegroundCompositing:1    ; additive foreground scattering]]
[2022.03.27-19.36.11:993][  0]LogConfig: Setting CVar [[r.DOF.Scatter.BackgroundCompositing:2    ; additive background scattering]]
[2022.03.27-19.36.11:993][  0]LogConfig: Setting CVar [[r.DOF.Scatter.EnableBokehSettings:1      ; bokeh simulation when scattering]]
[2022.03.27-19.36.11:993][  0]LogConfig: Setting CVar [[r.DOF.Scatter.MaxSpriteRatio:0.1         ; only a maximum of 10% of scattered bokeh]]
[2022.03.27-19.36.11:993][  0]LogConfig: Setting CVar [[r.DOF.Recombine.Quality:1                ; cheap slight out of focus]]
[2022.03.27-19.36.11:993][  0]LogConfig: Setting CVar [[r.DOF.Recombine.EnableBokehSettings:0    ; no bokeh simulation on slight out of focus]]
[2022.03.27-19.36.11:993][  0]LogConfig: Setting CVar [[r.DOF.TemporalAAQuality:1                ; more stable temporal accumulation]]
[2022.03.27-19.36.11:993][  0]LogConfig: Setting CVar [[r.DOF.Kernel.MaxForegroundRadius:0.025]]
[2022.03.27-19.36.11:993][  0]LogConfig: Setting CVar [[r.DOF.Kernel.MaxBackgroundRadius:0.025]]
[2022.03.27-19.36.11:993][  0]LogConfig: Applying CVar settings from Section [TextureQuality@3] File [E:/Unreal/ActionRPG_ue4/RPGPrototype/Saved/Config/Windows/Scalability.ini]
[2022.03.27-19.36.11:993][  0]LogConfig: Setting CVar [[r.Streaming.MipBias:0]]
[2022.03.27-19.36.11:993][  0]LogConfig: Setting CVar [[r.Streaming.AmortizeCPUToGPUCopy:0]]
[2022.03.27-19.36.11:993][  0]LogConfig: Setting CVar [[r.Streaming.MaxNumTexturesToStreamPerFrame:0]]
[2022.03.27-19.36.11:993][  0]LogConfig: Setting CVar [[r.Streaming.Boost:1]]
[2022.03.27-19.36.11:993][  0]LogConfig: Setting CVar [[r.MaxAnisotropy:8]]
[2022.03.27-19.36.11:993][  0]LogConfig: Setting CVar [[r.VT.MaxAnisotropy:8]]
[2022.03.27-19.36.11:993][  0]LogConfig: Setting CVar [[r.Streaming.LimitPoolSizeToVRAM:0]]
[2022.03.27-19.36.11:993][  0]LogConfig: Setting CVar [[r.Streaming.PoolSize:1000]]
[2022.03.27-19.36.11:993][  0]LogConfig: Setting CVar [[r.Streaming.MaxEffectiveScreenSize:0]]
[2022.03.27-19.36.11:994][  0]LogConfig: Applying CVar settings from Section [EffectsQuality@3] File [E:/Unreal/ActionRPG_ue4/RPGPrototype/Saved/Config/Windows/Scalability.ini]
[2022.03.27-19.36.11:994][  0]LogConfig: Setting CVar [[r.TranslucencyLightingVolumeDim:64]]
[2022.03.27-19.36.11:994][  0]LogConfig: Setting CVar [[r.RefractionQuality:2]]
[2022.03.27-19.36.11:994][  0]LogConfig: Setting CVar [[r.SSR.Quality:3]]
[2022.03.27-19.36.11:994][  0]LogConfig: Setting CVar [[r.SSR.HalfResSceneColor:0]]
[2022.03.27-19.36.11:994][  0]LogConfig: Setting CVar [[r.SceneColorFormat:4]]
[2022.03.27-19.36.11:994][  0]LogConfig: Setting CVar [[r.DetailMode:2]]
[2022.03.27-19.36.11:994][  0]LogConfig: Setting CVar [[r.TranslucencyVolumeBlur:1]]
[2022.03.27-19.36.11:994][  0]LogConfig: Setting CVar [[r.MaterialQualityLevel:1 ; High quality]]
[2022.03.27-19.36.11:994][  0]LogConfig: Setting CVar [[r.AnisotropicMaterials:1]]
[2022.03.27-19.36.11:994][  0]LogConfig: Setting CVar [[r.SSS.Scale:1]]
[2022.03.27-19.36.11:994][  0]LogConfig: Setting CVar [[r.SSS.SampleSet:2]]
[2022.03.27-19.36.11:994][  0]LogConfig: Setting CVar [[r.SSS.Quality:1]]
[2022.03.27-19.36.11:994][  0]LogConfig: Setting CVar [[r.SSS.HalfRes:0]]
[2022.03.27-19.36.11:994][  0]LogConfig: Setting CVar [[r.SSGI.Quality:3]]
[2022.03.27-19.36.11:994][  0]LogConfig: Setting CVar [[r.EmitterSpawnRateScale:1.0]]
[2022.03.27-19.36.11:994][  0]LogConfig: Setting CVar [[r.ParticleLightQuality:2]]
[2022.03.27-19.36.11:994][  0]LogConfig: Setting CVar [[r.SkyAtmosphere.AerialPerspectiveLUT.FastApplyOnOpaque:1 ; Always have FastSkyLUT 1 in this case to avoid wrong sky]]
[2022.03.27-19.36.11:994][  0]LogConfig: Setting CVar [[r.SkyAtmosphere.AerialPerspectiveLUT.SampleCountMaxPerSlice:4]]
[2022.03.27-19.36.11:994][  0]LogConfig: Setting CVar [[r.SkyAtmosphere.AerialPerspectiveLUT.DepthResolution:16.0]]
[2022.03.27-19.36.11:994][  0]LogConfig: Setting CVar [[r.SkyAtmosphere.FastSkyLUT:1]]
[2022.03.27-19.36.11:994][  0]LogConfig: Setting CVar [[r.SkyAtmosphere.FastSkyLUT.SampleCountMin:4.0]]
[2022.03.27-19.36.11:995][  0]LogConfig: Setting CVar [[r.SkyAtmosphere.FastSkyLUT.SampleCountMax:128.0]]
[2022.03.27-19.36.11:995][  0]LogConfig: Setting CVar [[r.SkyAtmosphere.SampleCountMin:4.0]]
[2022.03.27-19.36.11:995][  0]LogConfig: Setting CVar [[r.SkyAtmosphere.SampleCountMax:128.0]]
[2022.03.27-19.36.11:995][  0]LogConfig: Setting CVar [[r.SkyAtmosphere.TransmittanceLUT.UseSmallFormat:0]]
[2022.03.27-19.36.11:995][  0]LogConfig: Setting CVar [[r.SkyAtmosphere.TransmittanceLUT.SampleCount:10.0]]
[2022.03.27-19.36.11:995][  0]LogConfig: Setting CVar [[r.SkyAtmosphere.MultiScatteringLUT.SampleCount:15.0]]
[2022.03.27-19.36.11:995][  0]LogConfig: Setting CVar [[r.SkyLight.RealTimeReflectionCapture:1]]
[2022.03.27-19.36.11:995][  0]LogConfig: Applying CVar settings from Section [FoliageQuality@3] File [E:/Unreal/ActionRPG_ue4/RPGPrototype/Saved/Config/Windows/Scalability.ini]
[2022.03.27-19.36.11:995][  0]LogConfig: Setting CVar [[foliage.DensityScale:1.0]]
[2022.03.27-19.36.11:995][  0]LogConfig: Setting CVar [[grass.DensityScale:1.0]]
[2022.03.27-19.36.11:995][  0]LogConfig: Applying CVar settings from Section [ShadingQuality@3] File [E:/Unreal/ActionRPG_ue4/RPGPrototype/Saved/Config/Windows/Scalability.ini]
[2022.03.27-19.36.11:995][  0]LogConfig: Setting CVar [[r.HairStrands.SkyLighting.IntegrationType:2]]
[2022.03.27-19.36.11:995][  0]LogConfig: Setting CVar [[r.HairStrands.SkyAO.SampleCount:4]]
[2022.03.27-19.36.11:995][  0]LogConfig: Setting CVar [[r.HairStrands.Visibility.MSAA.SamplePerPixel:4]]
[2022.03.27-19.36.11:995][  0]LogConfig: Applying CVar settings from Section [Startup] File [../../../Engine/Config/ConsoleVariables.ini]
[2022.03.27-19.36.11:996][  0]LogConfig: Setting CVar [[net.UseAdaptiveNetUpdateFrequency:0]]
[2022.03.27-19.36.11:996][  0]LogConfig: Setting CVar [[p.chaos.AllowCreatePhysxBodies:1]]
[2022.03.27-19.36.11:996][  0]LogConfig: Setting CVar [[fx.SkipVectorVMBackendOptimizations:1]]
[2022.03.27-19.36.11:996][  0]LogConfig: Applying CVar settings from Section [ConsoleVariables] File [E:/Unreal/ActionRPG_ue4/RPGPrototype/Saved/Config/Windows/Engine.ini]
[2022.03.27-19.36.11:996][  0]LogConfig: Applying CVar settings from Section [ConsoleVariables] File [E:/Unreal/ActionRPG_ue4/RPGPrototype/Saved/Config/Windows/Editor.ini]
[2022.03.27-19.36.11:996][  0]LogInit: Computer: DESKTOP-SQ2C6IA
[2022.03.27-19.36.11:997][  0]LogInit: User: Usuario
[2022.03.27-19.36.11:997][  0]LogInit: CPU Page size=4096, Cores=6
[2022.03.27-19.36.11:997][  0]LogInit: High frequency timer resolution =10.000000 MHz
[2022.03.27-19.36.11:997][  0]LogMemory: Memory total: Physical=16.0GB (16GB approx)
[2022.03.27-19.36.11:997][  0]LogMemory: Platform Memory Stats for Windows
[2022.03.27-19.36.11:997][  0]LogMemory: Process Physical Memory: 147.42 MB used, 147.43 MB peak
[2022.03.27-19.36.11:997][  0]LogMemory: Process Virtual Memory: 127.79 MB used, 127.79 MB peak
[2022.03.27-19.36.11:997][  0]LogMemory: Physical Memory: 9916.93 MB used,  6416.53 MB free, 16333.46 MB total
[2022.03.27-19.36.11:997][  0]LogMemory: Virtual Memory: 134208384.00 MB used,  9346.00 MB free, 134217728.00 MB total
[2022.03.27-19.36.12:011][  0]LogWindows: WindowsPlatformFeatures enabled
[2022.03.27-19.36.12:339][  0]LogInit: Physics initialised using underlying interface: PhysX
[2022.03.27-19.36.12:344][  0]LogInit: Overriding language with editor language configuration option (en).
[2022.03.27-19.36.12:345][  0]LogInit: Using OS detected locale (es-ES).
[2022.03.27-19.36.12:642][  0]LogInit: Setting process to per monitor DPI aware
[2022.03.27-19.36.12:687][  0]LogWindowsTextInputMethodSystem: Display: IME system deactivated.
[2022.03.27-19.36.12:733][  0]LogSlate: New Slate User Created.  User Index 0, Is Virtual User: 0
[2022.03.27-19.36.12:733][  0]LogSlate: Slate User Registered.  User Index 0, Is Virtual User: 0
[2022.03.27-19.36.13:157][  0]LogD3D11RHI: Loaded GFSDK_Aftermath_Lib.x64.dll
[2022.03.27-19.36.13:170][  0]LogHMD: Failed to initialize OpenVR with code 110
[2022.03.27-19.36.13:170][  0]LogD3D11RHI: D3D11 min allowed feature level: 11_0
[2022.03.27-19.36.13:170][  0]LogD3D11RHI: D3D11 max allowed feature level: 11_0
[2022.03.27-19.36.13:170][  0]LogD3D11RHI: D3D11 adapters:
[2022.03.27-19.36.13:331][  0]LogD3D11RHI:    0. 'NVIDIA GeForce RTX 2060 SUPER' (Feature Level 11_0)
[2022.03.27-19.36.13:331][  0]LogD3D11RHI:       8031/0/8166 MB DedicatedVideo/DedicatedSystem/SharedSystem, Outputs:2, VendorId:0x10de
[2022.03.27-19.36.13:340][  0]LogD3D11RHI:    1. 'Microsoft Basic Render Driver' (Feature Level 11_0)
[2022.03.27-19.36.13:340][  0]LogD3D11RHI:       0/0/8166 MB DedicatedVideo/DedicatedSystem/SharedSystem, Outputs:0, VendorId:0x1414
[2022.03.27-19.36.13:340][  0]LogD3D11RHI: Chosen D3D11 Adapter:
[2022.03.27-19.36.13:340][  0]LogD3D11RHI:     Description : NVIDIA GeForce RTX 2060 SUPER
[2022.03.27-19.36.13:340][  0]LogD3D11RHI:     VendorId    : 10de
[2022.03.27-19.36.13:340][  0]LogD3D11RHI:     DeviceId    : 1f06
[2022.03.27-19.36.13:340][  0]LogD3D11RHI:     SubSysId    : 3fed1458
[2022.03.27-19.36.13:341][  0]LogD3D11RHI:     Revision    : 00a1
[2022.03.27-19.36.13:341][  0]LogD3D11RHI:     DedicatedVideoMemory : 8421113856 bytes
[2022.03.27-19.36.13:341][  0]LogD3D11RHI:     DedicatedSystemMemory : 0 bytes
[2022.03.27-19.36.13:341][  0]LogD3D11RHI:     SharedSystemMemory : 8563435520 bytes
[2022.03.27-19.36.13:341][  0]LogD3D11RHI:     AdapterLuid : 0 61837
[2022.03.27-19.36.13:349][  0]LogD3D11RHI: Creating new Direct3DDevice
[2022.03.27-19.36.13:350][  0]LogD3D11RHI:     GPU DeviceId: 0x1f06 (for the marketing name, search the web for "GPU Device Id")
[2022.03.27-19.36.13:350][  0]LogWindows: EnumDisplayDevices:
[2022.03.27-19.36.13:350][  0]LogWindows:    0. 'NVIDIA GeForce RTX 2060 SUPER' (P:1 D:1)
[2022.03.27-19.36.13:350][  0]LogWindows:    1. 'NVIDIA GeForce RTX 2060 SUPER' (P:0 D:1)
[2022.03.27-19.36.13:351][  0]LogWindows:    2. 'NVIDIA GeForce RTX 2060 SUPER' (P:0 D:0)
[2022.03.27-19.36.13:351][  0]LogWindows:    3. 'NVIDIA GeForce RTX 2060 SUPER' (P:0 D:0)
[2022.03.27-19.36.13:351][  0]LogWindows: DebugString: FoundDriverCount:4 
[2022.03.27-19.36.13:352][  0]LogD3D11RHI:     Adapter Name: NVIDIA GeForce RTX 2060 SUPER
[2022.03.27-19.36.13:352][  0]LogD3D11RHI:   Driver Version: 511.79 (internal:30.0.15.1179, unified:511.79)
[2022.03.27-19.36.13:352][  0]LogD3D11RHI:      Driver Date: 2-10-2022
[2022.03.27-19.36.13:352][  0]LogRHI: Texture pool is 5621 MB (70% of 8031 MB)
[2022.03.27-19.36.13:352][  0]LogD3D11RHI: Creating D3DDevice using adapter:
[2022.03.27-19.36.13:352][  0]LogD3D11RHI:     Description : NVIDIA GeForce RTX 2060 SUPER
[2022.03.27-19.36.13:352][  0]LogD3D11RHI:     VendorId    : 10de
[2022.03.27-19.36.13:352][  0]LogD3D11RHI:     DeviceId    : 1f06
[2022.03.27-19.36.13:352][  0]LogD3D11RHI:     SubSysId    : 3fed1458
[2022.03.27-19.36.13:352][  0]LogD3D11RHI:     Revision    : 00a1
[2022.03.27-19.36.13:352][  0]LogD3D11RHI:     DedicatedVideoMemory : 8421113856 bytes
[2022.03.27-19.36.13:352][  0]LogD3D11RHI:     DedicatedSystemMemory : 0 bytes
[2022.03.27-19.36.13:353][  0]LogD3D11RHI:     SharedSystemMemory : 8563435520 bytes
[2022.03.27-19.36.13:353][  0]LogD3D11RHI:     AdapterLuid : 0 61837
[2022.03.27-19.36.13:430][  0]LogD3D11RHI: RHI has support for 64 bit atomics
[2022.03.27-19.36.13:432][  0]LogD3D11RHI: Async texture creation enabled
[2022.03.27-19.36.13:432][  0]LogD3D11RHI: Array index from any shader is supported
[2022.03.27-19.36.13:496][  0]LogD3D11RHI: GPU Timing Frequency: 1000.000000 (Debug: 2 1)
[2022.03.27-19.36.13:565][  0]LogRHI: GeForceNow SDK initialized: 1
[2022.03.27-19.36.13:902][  0]LogTargetPlatformManager: Display: Loaded TargetPlatform 'AllDesktop'
[2022.03.27-19.36.13:931][  0]LogTargetPlatformManager: Display: Loaded TargetPlatform 'Android'
[2022.03.27-19.36.13:931][  0]LogTargetPlatformManager: Display: Loaded TargetPlatform 'Android_ASTC'
[2022.03.27-19.36.13:931][  0]LogTargetPlatformManager: Display: Loaded TargetPlatform 'Android_DXT'
[2022.03.27-19.36.13:931][  0]LogTargetPlatformManager: Display: Loaded TargetPlatform 'Android_ETC2'
[2022.03.27-19.36.13:931][  0]LogTargetPlatformManager: Display: Loaded TargetPlatform 'AndroidClient'
[2022.03.27-19.36.13:931][  0]LogTargetPlatformManager: Display: Loaded TargetPlatform 'Android_ASTCClient'
[2022.03.27-19.36.13:931][  0]LogTargetPlatformManager: Display: Loaded TargetPlatform 'Android_DXTClient'
[2022.03.27-19.36.13:932][  0]LogTargetPlatformManager: Display: Loaded TargetPlatform 'Android_ETC2Client'
[2022.03.27-19.36.13:932][  0]LogTargetPlatformManager: Display: Loaded TargetPlatform 'Android_Multi'
[2022.03.27-19.36.13:932][  0]LogTargetPlatformManager: Display: Loaded TargetPlatform 'Android_MultiClient'
[2022.03.27-19.36.13:970][  0]LogTargetPlatformManager: Display: Loaded TargetPlatform 'IOSClient'
[2022.03.27-19.36.13:970][  0]LogTargetPlatformManager: Display: Loaded TargetPlatform 'IOS'
[2022.03.27-19.36.13:986][  0]LogTargetPlatformManager: Display: Loaded TargetPlatform 'Linux'
[2022.03.27-19.36.13:997][  0]LogTargetPlatformManager: Display: Loaded TargetPlatform 'LinuxNoEditor'
[2022.03.27-19.36.14:007][  0]LogTargetPlatformManager: Display: Loaded TargetPlatform 'LinuxClient'
[2022.03.27-19.36.14:017][  0]LogTargetPlatformManager: Display: Loaded TargetPlatform 'LinuxServer'
[2022.03.27-19.36.14:033][  0]LogTargetPlatformManager: Display: Loaded TargetPlatform 'LinuxAArch64NoEditor'
[2022.03.27-19.36.14:043][  0]LogTargetPlatformManager: Display: Loaded TargetPlatform 'LinuxAArch64Client'
[2022.03.27-19.36.14:053][  0]LogTargetPlatformManager: Display: Loaded TargetPlatform 'LinuxAArch64Server'
[2022.03.27-19.36.14:087][  0]LogTargetPlatformManager: Display: Loaded TargetPlatform 'Lumin'
[2022.03.27-19.36.14:087][  0]LogTargetPlatformManager: Display: Loaded TargetPlatform 'LuminClient'
[2022.03.27-19.36.14:103][  0]LogTargetPlatformManager: Display: Loaded TargetPlatform 'MacNoEditor'
[2022.03.27-19.36.14:113][  0]LogTargetPlatformManager: Display: Loaded TargetPlatform 'Mac'
[2022.03.27-19.36.14:123][  0]LogTargetPlatformManager: Display: Loaded TargetPlatform 'MacClient'
[2022.03.27-19.36.14:131][  0]LogTargetPlatformManager: Display: Loaded TargetPlatform 'MacServer'
[2022.03.27-19.36.14:147][  0]LogTargetPlatformManager: Display: Loaded TargetPlatform 'TVOSClient'
[2022.03.27-19.36.14:147][  0]LogTargetPlatformManager: Display: Loaded TargetPlatform 'TVOS'
[2022.03.27-19.36.14:162][  0]LogTargetPlatformManager: Display: Loaded TargetPlatform 'WindowsNoEditor'
[2022.03.27-19.36.14:172][  0]LogTargetPlatformManager: Display: Loaded TargetPlatform 'Windows'
[2022.03.27-19.36.14:183][  0]LogTargetPlatformManager: Display: Loaded TargetPlatform 'WindowsClient'
[2022.03.27-19.36.14:193][  0]LogTargetPlatformManager: Display: Loaded TargetPlatform 'WindowsServer'
[2022.03.27-19.36.14:193][  0]LogTargetPlatformManager: Display: Building Assets For Windows
[2022.03.27-19.36.14:223][  0]LogAudioDebug: Display: Lib vorbis DLL was dynamically loaded.
[2022.03.27-19.36.14:334][  0]LogTextureFormatOodle: Display: Oodle Texture 2.9.0 init RDO Off
[2022.03.27-19.36.14:530][  0]LogRendererCore: Ray tracing is disabled. Reason: r.RayTracing=0.
[2022.03.27-19.36.14:532][  0]LogShaderCompilers: Guid format shader working directory is -1 characters bigger than the processId version (../../../../../Unreal/ActionRPG_ue4/RPGPrototype/Intermediate/Shaders/WorkingDirectory/14840/).
[2022.03.27-19.36.14:534][  0]LogShaderCompilers: Cleaned the shader compiler working directory 'C:/Users/Usuario/AppData/Local/Temp/UnrealShaderWorkingDir/0F1DF0FE48133825CC8C11A101AA6DBB/'.
[2022.03.27-19.36.14:535][  0]LogXGEController: Cannot use XGE Controller as Incredibuild is not installed on this machine.
[2022.03.27-19.36.14:536][  0]LogShaderCompilers: Cannot use XGE Shader Compiler as Incredibuild is not installed on this machine.
[2022.03.27-19.36.14:536][  0]LogShaderCompilers: Display: Using Local Shader Compiler.
[2022.03.27-19.36.15:390][  0]LogDerivedDataCache: Display: Max Cache Size: 512 MB
[2022.03.27-19.36.15:515][  0]LogDerivedDataCache: Loaded boot cache 0.12s 103MB C:/Users/Usuario/AppData/Local/UnrealEngine/4.27/DerivedDataCache/Boot.ddc.
[2022.03.27-19.36.15:515][  0]LogDerivedDataCache: Display: Loaded Boot cache: C:/Users/Usuario/AppData/Local/UnrealEngine/4.27/DerivedDataCache/Boot.ddc
[2022.03.27-19.36.15:516][  0]LogDerivedDataCache: FDerivedDataBackendGraph:  Pak pak cache file ../../../../../Unreal/ActionRPG_ue4/RPGPrototype/DerivedDataCache/DDC.ddp not found, will not use a pak cache.
[2022.03.27-19.36.15:516][  0]LogDerivedDataCache: Unable to find inner node Pak for hierarchical cache Hierarchy.
[2022.03.27-19.36.15:516][  0]LogDerivedDataCache: FDerivedDataBackendGraph:  CompressedPak pak cache file ../../../../../Unreal/ActionRPG_ue4/RPGPrototype/DerivedDataCache/Compressed.ddp not found, will not use a pak cache.
[2022.03.27-19.36.15:516][  0]LogDerivedDataCache: Unable to find inner node CompressedPak for hierarchical cache Hierarchy.
[2022.03.27-19.36.15:542][  0]LogDerivedDataCache: Display: Pak cache opened for reading ../../../Engine/DerivedDataCache/Compressed.ddp.
[2022.03.27-19.36.15:542][  0]LogDerivedDataCache: FDerivedDataBackendGraph:  EnterprisePak pak cache file ../../../Enterprise/DerivedDataCache/Compressed.ddp not found, will not use a pak cache.
[2022.03.27-19.36.15:542][  0]LogDerivedDataCache: Unable to find inner node EnterprisePak for hierarchical cache Hierarchy.
[2022.03.27-19.36.15:559][  0]LogDerivedDataCache: Speed tests for C:/Users/Usuario/AppData/Local/UnrealEngine/Common/DerivedDataCache took 0.02 seconds
[2022.03.27-19.36.15:559][  0]LogDerivedDataCache: Display: Performance to C:/Users/Usuario/AppData/Local/UnrealEngine/Common/DerivedDataCache: Latency=0.28ms. RandomReadSpeed=212.36MBs, RandomWriteSpeed=108.18MBs. Assigned SpeedClass 'Local'
[2022.03.27-19.36.15:561][  0]LogDerivedDataCache: Using Local data cache path C:/Users/Usuario/AppData/Local/UnrealEngine/Common/DerivedDataCache: Writable
[2022.03.27-19.36.15:562][  0]LogDerivedDataCache: Shared data cache path not found in *engine.ini, will not use an Shared cache.
[2022.03.27-19.36.15:562][  0]LogDerivedDataCache: Unable to find inner node Shared for hierarchical cache Hierarchy.
[2022.03.27-19.36.15:612][  0]LogSlate: Using FreeType 2.10.0
[2022.03.27-19.36.15:620][  0]LogSlate: SlateFontServices - WITH_FREETYPE: 1, WITH_HARFBUZZ: 1
[2022.03.27-19.36.15:691][  0]LogAssetRegistry: FAssetRegistry took 0.0125 seconds to start up
[2022.03.27-19.36.16:264][  0]LogInit: Selected Device Profile: [Windows]
[2022.03.27-19.36.16:264][  0]LogInit: Active device profile: [000002662075CD00][000002661CF5B680 49] Windows
[2022.03.27-19.36.16:264][  0]LogInit: Profiles: [000002662075CD00][000002661CF5B680 49] Windows, [000002662072A300][000002661CF63800 49] WindowsNoEditor, [000002662075DC00][000002661CF67980 49] WindowsServer, [000002662072B100][000002661CF6BB00 49] WindowsClient, [000002662075E900][000002661CF6E100 49] IOS, [0000026620729A00][0000026616BFA280 49] iPadAir, [000002662075FE00][0000026616BFE400 49] iPadAir2, [00000266206D1100][0000026616C02640 49] IPadPro, [00000266206D1200][000002661CF5E680 49] iPadAir3, [0000026620728C00][0000026616C067C0 49] iPadAir4, [00000266206D1E00][0000026616C0A900 49] iPadMini2, [000002662072B300][000002661F3E0A80 49] iPadMini3, [00000266206D3900][000002661F3E4C00 49] iPadMini4, [0000026620729000][000002661F3E8D80 49] iPadMini5, [00000266206EC900][000002661F3F1040 49] iPhone6, [00000266206ECA00][000002661F3ED080 49] iPodTouch6, [000002662075EE00][000002661F3F9340 49] iPhone7, [000002662075EF00][000002661F3F5380 49] iPodTouch7, [00000266206D3E00][000002661F3FD500 49] iPhone5S, [000002662075CF00][000002661F401680 49] iPhone6Plus, [00000266206EC100][000002661F405800 49] iPhone6S, [00000266206D0300][000002661F409980 49] iPhone6SPlus, [00000266206EE800][000002661F40DB00 49] iPhone7Plus, [00000266206D2400][000002661F410100 49] iPhoneSE, [00000266206EE600][000002661F414280 49] iPhone8, [00000266206D0400][000002661F418400 49] iPhone8Plus, [00000266206EF100][000002661F41C580 49] iPhoneX, [000002662075D400][000002661F420700 49] iPhoneXS, [00000266206EEB00][0000026616C0E840 49] iPhoneXSMax, [000002662075C700][000002661F424980 49] iPhoneXR, [00000266206EC800][000002661F428AC0 49] iPhone11, [000002662075D100][000002661F430C40 49] iPhone11Pro, [00000266206EDA00][000002661F434DC0 49] iPhone11ProMax, [000002662075F700][000002661F438F40 49] iPhoneSE2, [00000266206EF800][000002661F43D0C0 49] iPhone12Mini, [000002662075E300][000002661F441240 49] iPhone12, [00000266206EF200][000002661F4453C0 49] iPhone12Pro, [000002662075D300][000002661E147540 49] iPhone12ProMax, [00000266206ED500][000002661E14B6C0 49] iPadPro105, [000002662075CA00][000002661E14F840 49] iPadPro129, [00000266206EFD00][000002661E1539C0 49] iPadPro97, [000002662075EA00][000002661E157B40 49] iPadPro2_129, [00000266206EE900][000002661E15A140 49] iPad5, [000002662075DE00][000002661E15E2C0 49] iPad6, [00000266206ED300][000002661E162440 49] iPad7, [000002662075C200][000002661E1665C0 49] iPad8, [00000266206EC400][000002661E16A740 49] iPadPro11, [000002662075DA00][000002661E16E8C0 49] iPadPro2_11, [00000266206ED600][000002661F42CA00 49] iPadPro3_129, [000002662075E700][000002661E172B40 49] iPadPro4_129, [00000266206EC200][000002661E176C80 49] AppleTV, [000002662075C900][000002661E17ADC0 49] AppleTV4K, [00000266206EDD00][000002661E182F40 49] TVOS, [000002662075ED00][000002661E1870C0 49] Mac, [00000266206EF600][000002661E18B240 49] MacClient, [000002662075F900][000002661E18F3C0 49] MacNoEditor, [00000266206EF500][000002661E193540 49] MacServer, [000002662075D200][000002661E1976C0 49] Linux, [00000266206EDC00][000002661E19B840 49] LinuxAArch64, [000002662075FC00][000002661E19F9C0 49] LinuxNoEditor, [00000266206EE300][000002661E1A3B40 49] LinuxAArch64NoEditor, [000002662075DB00][000002661E1A6140 49] LinuxClient, [00000266206EE500][000002661E1AA2C0 49] LinuxAArch64Client, [000002662075CE00][000002661E1AE440 49] LinuxServer, [00000266206EF900][000002661E1B25C0 49] LinuxAArch64Server, [000002662075F500][000002661E1B6740 49] Android, [00000266206EDE00][000002661E1BA8C0 49] Android_Low, [000002662075DF00][000002661E1BEA40 49] Android_Mid, [00000266206EE200][000002661E17EB80 49] Android_High, [000002662075FF00][000002661E1C2CC0 49] Android_Default, [00000266206EE000][000002661E1C6E00 49] Android_Adreno4xx, [000002662075FD00][000002661E1CAF40 49] Android_Adreno5xx_Low, [00000266206EEA00][000002661E1D30C0 49] Android_Adreno5xx, [000002662075F800][000002661E1D7240 49] Android_Adreno6xx, [0000026620728500][000002661E1DB3C0 49] Android_Adreno6xx_Vulkan, [00000266206D1400][000002661E1DF540 49] Android_Mali_T6xx, [0000026620729100][000002661E1E36C0 49] Android_Mali_T7xx, [00000266206D2D00][000002661E1E7840 49] Android_Mali_T8xx, [000002662072AF00][000002661E1EB9C0 49] Android_Mali_G71, [00000266206D3400][0000026621611B40 49] Android_Mali_G72, [0000026620729700][0000026621614140 49] Android_Mali_G72_Vulkan, [00000266206D1300][00000266216182C0 49] Android_Mali_G76, [000002662072BA00][000002662161C440 49] Android_Mali_G76_Vulkan, [00000266206D2C00][00000266216205C0 49] Android_Mali_G77, [0000026620729500][0000026621624740 49] Android_Mali_G77_Vulkan, [00000266206D1800][00000266216288C0 49] Android_Mali_G78, [000002662072A200][000002662162CA40 49] Android_Mali_G78_Vulkan, [00000266206D3D00][0000026621630BC0 49] Android_Mali_G710, [0000026620728300][0000026621634D40 49] Android_Mali_G710_Vulkan, [00000266206D0200][000002661E1CEE80 49] Android_Vulkan_SM5, [0000026620728800][0000026621638FC0 49] Android_PowerVR_G6xxx, [00000266206D2500][000002662163D100 49] Android_PowerVR_GT7xxx, [0000026620728E00][0000026621645280 49] Android_PowerVR_GE8xxx, [00000266206D1500][0000026621649400 49] Android_PowerVR_GM9xxx, [0000026620728D00][000002662164D580 49] Android_PowerVR_GM9xxx_Vulkan, [00000266206D1900][0000026621651700 49] Android_TegraK1, [0000026620728600][0000026621655880 49] Android_Unknown_Vulkan, [00000266206D3800][0000026621659A00 49] Lumin, [000002662072A600][000002662165DB80 49] Lumin_Desktop, [00000266206D3B00][0000026621660180 49] HoloLens, 
[2022.03.27-19.36.16:560][  0]LogMeshReduction: Using QuadricMeshReduction for automatic static mesh reduction
[2022.03.27-19.36.16:560][  0]LogMeshReduction: Using SimplygonMeshReduction for automatic skeletal mesh reduction
[2022.03.27-19.36.16:560][  0]LogMeshReduction: Using ProxyLODMeshReduction for automatic mesh merging
[2022.03.27-19.36.16:560][  0]LogMeshReduction: No distributed automatic mesh merging module available
[2022.03.27-19.36.16:561][  0]LogMeshMerging: No distributed automatic mesh merging module available
[2022.03.27-19.36.16:635][  0]LogNetVersion: RPGPrototype 1.0.0, NetCL: 17155196, EngineNetVer: 17, GameNetVer: 0 (Checksum: 3773697764)
[2022.03.27-19.36.17:800][  0]LogTexture: Default maximum texture size for cubemaps generated from long-lat sources has been changed from 512 to unlimited. In order to preserve old behaiour for '/Engine/MapTemplates/Sky/DaylightAmbientCubemap.DaylightAmbientCubemap', its maximum texture size has been explicitly set to 512.
[2022.03.27-19.36.17:919][  0]LogHMD: PokeAHoleMaterial loaded successfully
[2022.03.27-19.36.17:930][  0]LogUObjectArray: 17178 objects as part of root set at end of initial load.
[2022.03.27-19.36.17:930][  0]LogUObjectAllocator: 4302048 out of 0 bytes used by permanent object pool.
[2022.03.27-19.36.17:930][  0]LogUObjectArray: CloseDisregardForGC: 0/0 objects in disregard for GC pool
[2022.03.27-19.36.18:667][  0]LogTcpMessaging: Initializing TcpMessaging bridge
[2022.03.27-19.36.18:681][  0]LogUdpMessaging: Initializing bridge on interface 0.0.0.0:0 to multicast group 230.0.0.1:6666.
[2022.03.27-19.36.19:141][  0]LogStats: UGameplayTagsManager::InitializeManager -  0.003 s
[2022.03.27-19.36.19:247][  0]LogPython: Using Python 3.7.7
[2022.03.27-19.36.19:940][  0]LogNiagaraDebuggerClient: Niagara Debugger Client Initialized | Session: 904420F74D607DC5AC16B5BA307F6603 | Instance: 83A4BF6943484F9BE16985AD1F7CA68B (DESKTOP-SQ2C6IA-14840).
[2022.03.27-19.36.20:994][  0]SourceControl: Source control is disabled
[2022.03.27-19.36.20:995][  0]SourceControl: Source control is disabled
[2022.03.27-19.36.21:019][  0]SourceControl: Source control is disabled
[2022.03.27-19.36.21:032][  0]SourceControl: Source control is disabled
[2022.03.27-19.36.21:059][  0]SourceControl: Source control is disabled
[2022.03.27-19.36.21:165][  0]LogUProjectInfo: Found projects:
[2022.03.27-19.36.21:456][  0]LogAndroidPermission: UAndroidPermissionCallbackProxy::GetInstance
[2022.03.27-19.36.21:513][  0]LogAudioCaptureCore: Display: No Audio Capture implementations found. Audio input will be silent.
[2022.03.27-19.36.21:513][  0]LogAudioCaptureCore: Display: No Audio Capture implementations found. Audio input will be silent.
[2022.03.27-19.36.21:741][  0]LogOpenImageDenoise: OIDN starting up
[2022.03.27-19.36.21:913][  0]LogCollectionManager: Loaded 0 collections in 0.001568 seconds
[2022.03.27-19.36.21:980][  0]LogFileCache: Scanning file cache for directory 'E:/Unreal/ActionRPG_ue4/RPGPrototype/Saved/Collections/' took 0.00s
[2022.03.27-19.36.21:981][  0]LogFileCache: Scanning file cache for directory 'E:/Unreal/ActionRPG_ue4/RPGPrototype/Content/Developers/Usuario/Collections/' took 0.00s
[2022.03.27-19.36.21:981][  0]LogFileCache: Scanning file cache for directory 'E:/Unreal/ActionRPG_ue4/RPGPrototype/Content/Collections/' took 0.00s
[2022.03.27-19.36.21:981][  0]LogOcInput: OculusInput pre-init called
[2022.03.27-19.36.22:433][  0]LogEngine: Initializing Engine...
[2022.03.27-19.36.22:450][  0]LogHMD: Failed to enumerate extensions. Please check that you have a valid OpenXR runtime installed.
[2022.03.27-19.36.22:452][  0]LogHMD: Failed to initialize OpenVR with code 110
[2022.03.27-19.36.22:452][  0]LogMagicLeap: Warning: VR disabled because ZI is not enabled.  To enable, in the editor, Edit -> Project Settings -> Plugins -> Magic Leap Plugin -> Enable Zero Iteration
[2022.03.27-19.36.22:612][  0]LogInit: Initializing FReadOnlyCVARCache
[2022.03.27-19.36.22:682][  0]LogAIModule: Creating AISystem for world Untitled
[2022.03.27-19.36.22:700][  0]LogAudio: Display: Initializing Audio Device Manager...
[2022.03.27-19.36.22:709][  0]LogAudio: Display: Loading Default Audio Settings Objects...
[2022.03.27-19.36.22:711][  0]LogAudio: Display: No default SoundConcurrencyObject specified (or failed to load).
[2022.03.27-19.36.22:714][  0]LogAudio: Display: Audio Device Manager Initialized
[2022.03.27-19.36.22:714][  0]LogAudio: Display: Creating Audio Device:                 Id: 1, Scope: Shared, Realtime: True
[2022.03.27-19.36.22:715][  0]LogAudioMixer: Display: Audio Mixer Platform Settings:
[2022.03.27-19.36.22:715][  0]LogAudioMixer: Display: 	Sample Rate:						  48000
[2022.03.27-19.36.22:715][  0]LogAudioMixer: Display: 	Callback Buffer Frame Size Requested: 1024
[2022.03.27-19.36.22:715][  0]LogAudioMixer: Display: 	Callback Buffer Frame Size To Use:	  1024
[2022.03.27-19.36.22:715][  0]LogAudioMixer: Display: 	Number of buffers to queue:			  2
[2022.03.27-19.36.22:715][  0]LogAudioMixer: Display: 	Max Channels (voices):				  32
[2022.03.27-19.36.22:715][  0]LogAudioMixer: Display: 	Number of Async Source Workers:		  0
[2022.03.27-19.36.22:716][  0]LogAudio: Display: AudioDevice MaxSources: 32
[2022.03.27-19.36.22:719][  0]LogAudio: Display: Audio Spatialization Plugin: None (built-in).
[2022.03.27-19.36.22:719][  0]LogAudio: Display: Audio Reverb Plugin: None (built-in).
[2022.03.27-19.36.22:719][  0]LogAudio: Display: Audio Occlusion Plugin: None (built-in).
[2022.03.27-19.36.22:719][  0]LogAudioMixer: Display: Initializing audio mixer.
[2022.03.27-19.36.22:763][  0]LogAudioMixer: Display: 0: FrontLeft
[2022.03.27-19.36.22:763][  0]LogAudioMixer: Display: 1: FrontRight
[2022.03.27-19.36.22:894][  0]LogAudioMixer: Display: Using Audio Device Altavoces (Realtek(R) Audio)
[2022.03.27-19.36.22:901][  0]LogAudioMixer: Display: Initializing Sound Submixes...
[2022.03.27-19.36.22:906][  0]LogAudioMixer: Display: Creating Master Submix 'MasterSubmixDefault'
[2022.03.27-19.36.22:906][  0]LogAudioMixer: Display: Creating Master Submix 'MasterReverbSubmixDefault'
[2022.03.27-19.36.22:910][  0]LogAudioMixer: Display: Creating Master Submix 'MasterEQSubmixDefault'
[2022.03.27-19.36.22:910][  0]LogAudioMixer: FMixerPlatformXAudio2::StartAudioStream() called
[2022.03.27-19.36.22:910][  0]LogAudioMixer: Display: Output buffers initialized: Frames=1024, Channels=2, Samples=2048
[2022.03.27-19.36.22:912][  0]LogAudioMixer: Display: Starting AudioMixerPlatformInterface::RunInternal()
[2022.03.27-19.36.22:912][  0]LogAudioMixer: Display: FMixerPlatformXAudio2::SubmitBuffer() called for the first time
[2022.03.27-19.36.22:912][  0]LogInit: FAudioDevice initialized.
[2022.03.27-19.36.22:915][  0]LogAudio: Display: Audio Device (ID: 1) registered with world 'Untitled'.
[2022.03.27-19.36.22:916][  0]LogNetVersion: Set ProjectVersion to 1.0.0.0. Version Checksum will be recalculated on next use.
[2022.03.27-19.36.22:977][  0]LogDerivedDataCache: Saved boot cache 0.06s 103MB C:/Users/Usuario/AppData/Local/UnrealEngine/4.27/DerivedDataCache/Boot.ddc.
[2022.03.27-19.36.22:978][  0]LogInit: Texture streaming: Enabled
[2022.03.27-19.36.23:012][  0]LogAnalytics: Display: [UEEditor.Rocket.Release] APIServer = https://datarouter.ol.epicgames.com/. AppVersion = 4.27.2-18319896+++UE4+Release-4.27
[2022.03.27-19.36.23:021][  0]LogEngineSessionManager: EngineSessionManager initialized
[2022.03.27-19.36.23:021][  0]LogEditorSessionSummary: Verbose: Initializing EditorSessionSummaryWriter for editor session tracking
[2022.03.27-19.36.23:025][  0]LogEditorSessionSummary: EditorSessionSummaryWriter initialized
[2022.03.27-19.36.23:075][  0]LogInit: Transaction tracking system initialized
[2022.03.27-19.36.23:153][  0]BlueprintLog: New page: Editor Load
[2022.03.27-19.36.23:374][  0]LocalizationService: Localization service is disabled
[2022.03.27-19.36.23:468][  0]TimingProfiler: Initialize
[2022.03.27-19.36.23:470][  0]TimingProfiler: OnSessionChanged
[2022.03.27-19.36.23:471][  0]LoadingProfiler: Initialize
[2022.03.27-19.36.23:471][  0]LoadingProfiler: OnSessionChanged
[2022.03.27-19.36.23:471][  0]NetworkingProfiler: Initialize
[2022.03.27-19.36.23:472][  0]NetworkingProfiler: OnSessionChanged
[2022.03.27-19.36.23:472][  0]MemoryProfiler: Initialize
[2022.03.27-19.36.23:472][  0]MemoryProfiler: OnSessionChanged
[2022.03.27-19.36.23:803][  0]LogFileCache: Scanning file cache for directory 'E:/Unreal/ActionRPG_ue4/RPGPrototype/Content/' took 0.01s
[2022.03.27-19.36.23:803][  0]LogCook: Display: CookSettings for Memory: MemoryMaxUsedVirtual 0MiB, MemoryMaxUsedPhysical 16384MiB, MemoryMinFreeVirtual 0MiB, MemoryMinFreePhysical 1024MiB
[2022.03.27-19.36.23:804][  0]LogCook: Display: Mobile HDR setting 1
[2022.03.27-19.36.24:012][  0]LogStats: FGameplayAbilitiesEditorModule::GameplayTagTreeChanged -  0.000 s
[2022.03.27-19.36.24:589][  0]LogInit: Display: Engine is initialized. Leaving FEngineLoop::Init()
[2022.03.27-19.36.24:604][  0]SourceControl: Source control is disabled
[2022.03.27-19.36.24:605][  0]LogUnrealEdMisc: Loading editor; pre map load, took 16.494
[2022.03.27-19.36.24:609][  0]Cmd: MAP LOAD FILE="../../../../../Unreal/ActionRPG_ue4/RPGPrototype/Content/ThirdPersonCPP/Maps/ThirdPersonExampleMap.umap" TEMPLATE=0 SHOWPROGRESS=1 FEATURELEVEL=3
[2022.03.27-19.36.24:611][  0]LightingResults: New page: Lighting Build
[2022.03.27-19.36.24:628][  0]LogWorld: UWorld::CleanupWorld for Untitled, bSessionEnded=true, bCleanupResources=true
[2022.03.27-19.36.24:632][  0]LogSlate: InvalidateAllWidgets triggered.  All widgets were invalidated
[2022.03.27-19.36.24:639][  0]MapCheck: New page: Map Check
[2022.03.27-19.36.24:639][  0]LightingResults: New page: Lighting Build
[2022.03.27-19.36.24:660][  0]LogAudio: Display: Audio Device unregistered from world 'None'.
[2022.03.27-19.36.24:688][  0]LogUObjectHash: Compacting FUObjectHashTables data took   1.13ms
[2022.03.27-19.36.24:822][  0]LogAudio: Display: Audio Device (ID: 1) registered with world 'ThirdPersonExampleMap'.
[2022.03.27-19.36.24:824][  0]LogAIModule: Creating AISystem for world ThirdPersonExampleMap
[2022.03.27-19.36.24:893][  0]LogEditorServer: Finished looking for orphan Actors (0.000 secs)
[2022.03.27-19.36.24:923][  0]LogUObjectHash: Compacting FUObjectHashTables data took   0.88ms
[2022.03.27-19.36.24:925][  0]Cmd: MAP CHECKDEP NOCLEARLOG
[2022.03.27-19.36.24:925][  0]MapCheck: Map check complete: 0 Error(s), 0 Warning(s), took 0,428ms to complete.
[2022.03.27-19.36.24:926][  0]LogFileHelpers: Loading map 'ThirdPersonExampleMap' took 0.319
[2022.03.27-19.36.24:981][  0]LogUnrealEdMisc: Total Editor Startup Time, took 16.871
[2022.03.27-19.36.25:183][  0]LogSlate: Updating window title bar state: overlay mode, drag disabled, window buttons hidden, title bar hidden
[2022.03.27-19.36.25:190][  0]LogSlate: Updating window title bar state: overlay mode, drag disabled, window buttons hidden, title bar hidden
[2022.03.27-19.36.25:195][  0]LogSlate: Updating window title bar state: overlay mode, drag disabled, window buttons hidden, title bar hidden
[2022.03.27-19.36.25:200][  0]LogSlate: Updating window title bar state: overlay mode, drag disabled, window buttons hidden, title bar hidden
[2022.03.27-19.36.25:251][  0]LogNativeClassHierarchy: Verbose: Native class hierarchy populated in 0.0103 seconds. Added 3929 classes and 946 folders.
[2022.03.27-19.36.25:272][  0]LogNativeClassHierarchy: Verbose: Native class hierarchy updated for 'WidgetCarousel' in 0.0002 seconds. Added 0 classes and 0 folders.
[2022.03.27-19.36.25:280][  0]LogPakFile: PakFile PrimaryIndexSize=187
[2022.03.27-19.36.25:281][  0]LogPakFile: PakFile PathHashIndexSize=101
[2022.03.27-19.36.25:281][  0]LogPakFile: PakFile FullDirectoryIndexSize=148
[2022.03.27-19.36.25:282][  0]LogShaderLibrary: Display: ShaderCodeLibraryPakFileMountedCallback: PakFile 'E:/UnrealEngine4/UE_4.27/FeaturePacks/FP_FirstPerson.upack' (chunk index -1, root 'root:/') mounted
[2022.03.27-19.36.25:282][  0]LogShaderLibrary: Display: ShaderCodeLibraryPakFileMountedCallback: pending pak file info (ChunkID:-1 Root:root:/ File:E:/UnrealEngine4/UE_4.27/FeaturePacks/FP_FirstPerson.upack)
[2022.03.27-19.36.25:282][  0]LogPakFile: OnPakFileMounted2Time == 0.001694
[2022.03.27-19.36.25:287][  0]LogPakFile: PakFile PrimaryIndexSize=189
[2022.03.27-19.36.25:287][  0]LogPakFile: PakFile PathHashIndexSize=101
[2022.03.27-19.36.25:287][  0]LogPakFile: PakFile FullDirectoryIndexSize=152
[2022.03.27-19.36.25:287][  0]LogShaderLibrary: Display: ShaderCodeLibraryPakFileMountedCallback: PakFile 'E:/UnrealEngine4/UE_4.27/FeaturePacks/FP_FirstPersonBP.upack' (chunk index -1, root 'root:/') mounted
[2022.03.27-19.36.25:287][  0]LogShaderLibrary: Display: ShaderCodeLibraryPakFileMountedCallback: pending pak file info (ChunkID:-1 Root:root:/ File:E:/UnrealEngine4/UE_4.27/FeaturePacks/FP_FirstPersonBP.upack)
[2022.03.27-19.36.25:287][  0]LogPakFile: OnPakFileMounted2Time == 0.000369
[2022.03.27-19.36.25:290][  0]LogPakFile: PakFile PrimaryIndexSize=191
[2022.03.27-19.36.25:290][  0]LogPakFile: PakFile PathHashIndexSize=101
[2022.03.27-19.36.25:290][  0]LogPakFile: PakFile FullDirectoryIndexSize=160
[2022.03.27-19.36.25:290][  0]LogShaderLibrary: Display: ShaderCodeLibraryPakFileMountedCallback: PakFile 'E:/UnrealEngine4/UE_4.27/FeaturePacks/MobileStarterContent.upack' (chunk index -1, root 'root:/') mounted
[2022.03.27-19.36.25:290][  0]LogShaderLibrary: Display: ShaderCodeLibraryPakFileMountedCallback: pending pak file info (ChunkID:-1 Root:root:/ File:E:/UnrealEngine4/UE_4.27/FeaturePacks/MobileStarterContent.upack)
[2022.03.27-19.36.25:290][  0]LogPakFile: OnPakFileMounted2Time == 0.000104
[2022.03.27-19.36.25:292][  0]LogPakFile: PakFile PrimaryIndexSize=185
[2022.03.27-19.36.25:292][  0]LogPakFile: PakFile PathHashIndexSize=101
[2022.03.27-19.36.25:292][  0]LogPakFile: PakFile FullDirectoryIndexSize=148
[2022.03.27-19.36.25:292][  0]LogShaderLibrary: Display: ShaderCodeLibraryPakFileMountedCallback: PakFile 'E:/UnrealEngine4/UE_4.27/FeaturePacks/StarterContent.upack' (chunk index -1, root 'root:/') mounted
[2022.03.27-19.36.25:293][  0]LogShaderLibrary: Display: ShaderCodeLibraryPakFileMountedCallback: pending pak file info (ChunkID:-1 Root:root:/ File:E:/UnrealEngine4/UE_4.27/FeaturePacks/StarterContent.upack)
[2022.03.27-19.36.25:293][  0]LogPakFile: OnPakFileMounted2Time == 0.000146
[2022.03.27-19.36.25:294][  0]LogPakFile: PakFile PrimaryIndexSize=190
[2022.03.27-19.36.25:295][  0]LogPakFile: PakFile PathHashIndexSize=101
[2022.03.27-19.36.25:295][  0]LogPakFile: PakFile FullDirectoryIndexSize=154
[2022.03.27-19.36.25:295][  0]LogShaderLibrary: Display: ShaderCodeLibraryPakFileMountedCallback: PakFile 'E:/UnrealEngine4/UE_4.27/FeaturePacks/TP_2DSideScroller.upack' (chunk index -1, root 'root:/') mounted
[2022.03.27-19.36.25:295][  0]LogShaderLibrary: Display: ShaderCodeLibraryPakFileMountedCallback: pending pak file info (ChunkID:-1 Root:root:/ File:E:/UnrealEngine4/UE_4.27/FeaturePacks/TP_2DSideScroller.upack)
[2022.03.27-19.36.25:295][  0]LogPakFile: OnPakFileMounted2Time == 0.000113
[2022.03.27-19.36.25:339][  0]LogPakFile: PakFile PrimaryIndexSize=192
[2022.03.27-19.36.25:339][  0]LogPakFile: PakFile PathHashIndexSize=101
[2022.03.27-19.36.25:339][  0]LogPakFile: PakFile FullDirectoryIndexSize=158
[2022.03.27-19.36.25:339][  0]LogShaderLibrary: Display: ShaderCodeLibraryPakFileMountedCallback: PakFile 'E:/UnrealEngine4/UE_4.27/FeaturePacks/TP_2DSideScrollerBP.upack' (chunk index -1, root 'root:/') mounted
[2022.03.27-19.36.25:339][  0]LogShaderLibrary: Display: ShaderCodeLibraryPakFileMountedCallback: pending pak file info (ChunkID:-1 Root:root:/ File:E:/UnrealEngine4/UE_4.27/FeaturePacks/TP_2DSideScrollerBP.upack)
[2022.03.27-19.36.25:339][  0]LogPakFile: OnPakFileMounted2Time == 0.000150
[2022.03.27-19.36.25:342][  0]LogPakFile: PakFile PrimaryIndexSize=182
[2022.03.27-19.36.25:342][  0]LogPakFile: PakFile PathHashIndexSize=101
[2022.03.27-19.36.25:342][  0]LogPakFile: PakFile FullDirectoryIndexSize=138
[2022.03.27-19.36.25:342][  0]LogShaderLibrary: Display: ShaderCodeLibraryPakFileMountedCallback: PakFile 'E:/UnrealEngine4/UE_4.27/FeaturePacks/TP_Flying.upack' (chunk index -1, root 'root:/') mounted
[2022.03.27-19.36.25:342][  0]LogShaderLibrary: Display: ShaderCodeLibraryPakFileMountedCallback: pending pak file info (ChunkID:-1 Root:root:/ File:E:/UnrealEngine4/UE_4.27/FeaturePacks/TP_Flying.upack)
[2022.03.27-19.36.25:342][  0]LogPakFile: OnPakFileMounted2Time == 0.000121
[2022.03.27-19.36.25:345][  0]LogPakFile: PakFile PrimaryIndexSize=184
[2022.03.27-19.36.25:345][  0]LogPakFile: PakFile PathHashIndexSize=101
[2022.03.27-19.36.25:345][  0]LogPakFile: PakFile FullDirectoryIndexSize=142
[2022.03.27-19.36.25:345][  0]LogShaderLibrary: Display: ShaderCodeLibraryPakFileMountedCallback: PakFile 'E:/UnrealEngine4/UE_4.27/FeaturePacks/TP_FlyingBP.upack' (chunk index -1, root 'root:/') mounted
[2022.03.27-19.36.25:345][  0]LogShaderLibrary: Display: ShaderCodeLibraryPakFileMountedCallback: pending pak file info (ChunkID:-1 Root:root:/ File:E:/UnrealEngine4/UE_4.27/FeaturePacks/TP_FlyingBP.upack)
[2022.03.27-19.36.25:345][  0]LogPakFile: OnPakFileMounted2Time == 0.000104
[2022.03.27-19.36.25:348][  0]LogPakFile: PakFile PrimaryIndexSize=188
[2022.03.27-19.36.25:348][  0]LogPakFile: PakFile PathHashIndexSize=101
[2022.03.27-19.36.25:348][  0]LogPakFile: PakFile FullDirectoryIndexSize=150
[2022.03.27-19.36.25:348][  0]LogShaderLibrary: Display: ShaderCodeLibraryPakFileMountedCallback: PakFile 'E:/UnrealEngine4/UE_4.27/FeaturePacks/TP_HandheldARBP.upack' (chunk index -1, root 'root:/') mounted
[2022.03.27-19.36.25:348][  0]LogShaderLibrary: Display: ShaderCodeLibraryPakFileMountedCallback: pending pak file info (ChunkID:-1 Root:root:/ File:E:/UnrealEngine4/UE_4.27/FeaturePacks/TP_HandheldARBP.upack)
[2022.03.27-19.36.25:348][  0]LogPakFile: OnPakFileMounted2Time == 0.000119
[2022.03.27-19.36.25:355][  0]LogPakFile: PakFile PrimaryIndexSize=182
[2022.03.27-19.36.25:355][  0]LogPakFile: PakFile PathHashIndexSize=101
[2022.03.27-19.36.25:355][  0]LogPakFile: PakFile FullDirectoryIndexSize=138
[2022.03.27-19.36.25:355][  0]LogShaderLibrary: Display: ShaderCodeLibraryPakFileMountedCallback: PakFile 'E:/UnrealEngine4/UE_4.27/FeaturePacks/TP_Puzzle.upack' (chunk index -1, root 'root:/') mounted
[2022.03.27-19.36.25:355][  0]LogShaderLibrary: Display: ShaderCodeLibraryPakFileMountedCallback: pending pak file info (ChunkID:-1 Root:root:/ File:E:/UnrealEngine4/UE_4.27/FeaturePacks/TP_Puzzle.upack)
[2022.03.27-19.36.25:355][  0]LogPakFile: OnPakFileMounted2Time == 0.000112
[2022.03.27-19.36.25:358][  0]LogPakFile: PakFile PrimaryIndexSize=184
[2022.03.27-19.36.25:358][  0]LogPakFile: PakFile PathHashIndexSize=101
[2022.03.27-19.36.25:358][  0]LogPakFile: PakFile FullDirectoryIndexSize=142
[2022.03.27-19.36.25:358][  0]LogShaderLibrary: Display: ShaderCodeLibraryPakFileMountedCallback: PakFile 'E:/UnrealEngine4/UE_4.27/FeaturePacks/TP_PuzzleBP.upack' (chunk index -1, root 'root:/') mounted
[2022.03.27-19.36.25:358][  0]LogShaderLibrary: Display: ShaderCodeLibraryPakFileMountedCallback: pending pak file info (ChunkID:-1 Root:root:/ File:E:/UnrealEngine4/UE_4.27/FeaturePacks/TP_PuzzleBP.upack)
[2022.03.27-19.36.25:358][  0]LogPakFile: OnPakFileMounted2Time == 0.000104
[2022.03.27-19.36.25:361][  0]LogPakFile: PakFile PrimaryIndexSize=183
[2022.03.27-19.36.25:361][  0]LogPakFile: PakFile PathHashIndexSize=101
[2022.03.27-19.36.25:361][  0]LogPakFile: PakFile FullDirectoryIndexSize=140
[2022.03.27-19.36.25:361][  0]LogShaderLibrary: Display: ShaderCodeLibraryPakFileMountedCallback: PakFile 'E:/UnrealEngine4/UE_4.27/FeaturePacks/TP_Rolling.upack' (chunk index -1, root 'root:/') mounted
[2022.03.27-19.36.25:361][  0]LogShaderLibrary: Display: ShaderCodeLibraryPakFileMountedCallback: pending pak file info (ChunkID:-1 Root:root:/ File:E:/UnrealEngine4/UE_4.27/FeaturePacks/TP_Rolling.upack)
[2022.03.27-19.36.25:361][  0]LogPakFile: OnPakFileMounted2Time == 0.000103
[2022.03.27-19.36.25:364][  0]LogPakFile: PakFile PrimaryIndexSize=185
[2022.03.27-19.36.25:364][  0]LogPakFile: PakFile PathHashIndexSize=101
[2022.03.27-19.36.25:364][  0]LogPakFile: PakFile FullDirectoryIndexSize=144
[2022.03.27-19.36.25:364][  0]LogShaderLibrary: Display: ShaderCodeLibraryPakFileMountedCallback: PakFile 'E:/UnrealEngine4/UE_4.27/FeaturePacks/TP_RollingBP.upack' (chunk index -1, root 'root:/') mounted
[2022.03.27-19.36.25:364][  0]LogShaderLibrary: Display: ShaderCodeLibraryPakFileMountedCallback: pending pak file info (ChunkID:-1 Root:root:/ File:E:/UnrealEngine4/UE_4.27/FeaturePacks/TP_RollingBP.upack)
[2022.03.27-19.36.25:364][  0]LogPakFile: OnPakFileMounted2Time == 0.000096
[2022.03.27-19.36.25:367][  0]LogPakFile: PakFile PrimaryIndexSize=188
[2022.03.27-19.36.25:367][  0]LogPakFile: PakFile PathHashIndexSize=101
[2022.03.27-19.36.25:367][  0]LogPakFile: PakFile FullDirectoryIndexSize=150
[2022.03.27-19.36.25:367][  0]LogShaderLibrary: Display: ShaderCodeLibraryPakFileMountedCallback: PakFile 'E:/UnrealEngine4/UE_4.27/FeaturePacks/TP_SideScroller.upack' (chunk index -1, root 'root:/') mounted
[2022.03.27-19.36.25:367][  0]LogShaderLibrary: Display: ShaderCodeLibraryPakFileMountedCallback: pending pak file info (ChunkID:-1 Root:root:/ File:E:/UnrealEngine4/UE_4.27/FeaturePacks/TP_SideScroller.upack)
[2022.03.27-19.36.25:367][  0]LogPakFile: OnPakFileMounted2Time == 0.000101
[2022.03.27-19.36.25:369][  0]LogPakFile: PakFile PrimaryIndexSize=190
[2022.03.27-19.36.25:369][  0]LogPakFile: PakFile PathHashIndexSize=101
[2022.03.27-19.36.25:369][  0]LogPakFile: PakFile FullDirectoryIndexSize=154
[2022.03.27-19.36.25:369][  0]LogShaderLibrary: Display: ShaderCodeLibraryPakFileMountedCallback: PakFile 'E:/UnrealEngine4/UE_4.27/FeaturePacks/TP_SideScrollerBP.upack' (chunk index -1, root 'root:/') mounted
[2022.03.27-19.36.25:370][  0]LogShaderLibrary: Display: ShaderCodeLibraryPakFileMountedCallback: pending pak file info (ChunkID:-1 Root:root:/ File:E:/UnrealEngine4/UE_4.27/FeaturePacks/TP_SideScrollerBP.upack)
[2022.03.27-19.36.25:370][  0]LogPakFile: OnPakFileMounted2Time == 0.000113
[2022.03.27-19.36.25:372][  0]LogPakFile: PakFile PrimaryIndexSize=187
[2022.03.27-19.36.25:372][  0]LogPakFile: PakFile PathHashIndexSize=101
[2022.03.27-19.36.25:372][  0]LogPakFile: PakFile FullDirectoryIndexSize=148
[2022.03.27-19.36.25:372][  0]LogShaderLibrary: Display: ShaderCodeLibraryPakFileMountedCallback: PakFile 'E:/UnrealEngine4/UE_4.27/FeaturePacks/TP_ThirdPerson.upack' (chunk index -1, root 'root:/') mounted
[2022.03.27-19.36.25:372][  0]LogShaderLibrary: Display: ShaderCodeLibraryPakFileMountedCallback: pending pak file info (ChunkID:-1 Root:root:/ File:E:/UnrealEngine4/UE_4.27/FeaturePacks/TP_ThirdPerson.upack)
[2022.03.27-19.36.25:372][  0]LogPakFile: OnPakFileMounted2Time == 0.000119
[2022.03.27-19.36.25:375][  0]LogPakFile: PakFile PrimaryIndexSize=189
[2022.03.27-19.36.25:375][  0]LogPakFile: PakFile PathHashIndexSize=101
[2022.03.27-19.36.25:375][  0]LogPakFile: PakFile FullDirectoryIndexSize=152
[2022.03.27-19.36.25:376][  0]LogShaderLibrary: Display: ShaderCodeLibraryPakFileMountedCallback: PakFile 'E:/UnrealEngine4/UE_4.27/FeaturePacks/TP_ThirdPersonBP.upack' (chunk index -1, root 'root:/') mounted
[2022.03.27-19.36.25:376][  0]LogShaderLibrary: Display: ShaderCodeLibraryPakFileMountedCallback: pending pak file info (ChunkID:-1 Root:root:/ File:E:/UnrealEngine4/UE_4.27/FeaturePacks/TP_ThirdPersonBP.upack)
[2022.03.27-19.36.25:376][  0]LogPakFile: OnPakFileMounted2Time == 0.000121
[2022.03.27-19.36.25:379][  0]LogPakFile: PakFile PrimaryIndexSize=183
[2022.03.27-19.36.25:379][  0]LogPakFile: PakFile PathHashIndexSize=101
[2022.03.27-19.36.25:379][  0]LogPakFile: PakFile FullDirectoryIndexSize=140
[2022.03.27-19.36.25:379][  0]LogShaderLibrary: Display: ShaderCodeLibraryPakFileMountedCallback: PakFile 'E:/UnrealEngine4/UE_4.27/FeaturePacks/TP_TopDown.upack' (chunk index -1, root 'root:/') mounted
[2022.03.27-19.36.25:379][  0]LogShaderLibrary: Display: ShaderCodeLibraryPakFileMountedCallback: pending pak file info (ChunkID:-1 Root:root:/ File:E:/UnrealEngine4/UE_4.27/FeaturePacks/TP_TopDown.upack)
[2022.03.27-19.36.25:379][  0]LogPakFile: OnPakFileMounted2Time == 0.000131
[2022.03.27-19.36.25:382][  0]LogPakFile: PakFile PrimaryIndexSize=185
[2022.03.27-19.36.25:383][  0]LogPakFile: PakFile PathHashIndexSize=101
[2022.03.27-19.36.25:383][  0]LogPakFile: PakFile FullDirectoryIndexSize=144
[2022.03.27-19.36.25:383][  0]LogShaderLibrary: Display: ShaderCodeLibraryPakFileMountedCallback: PakFile 'E:/UnrealEngine4/UE_4.27/FeaturePacks/TP_TopDownBP.upack' (chunk index -1, root 'root:/') mounted
[2022.03.27-19.36.25:383][  0]LogShaderLibrary: Display: ShaderCodeLibraryPakFileMountedCallback: pending pak file info (ChunkID:-1 Root:root:/ File:E:/UnrealEngine4/UE_4.27/FeaturePacks/TP_TopDownBP.upack)
[2022.03.27-19.36.25:383][  0]LogPakFile: OnPakFileMounted2Time == 0.000119
[2022.03.27-19.36.25:385][  0]LogPakFile: PakFile PrimaryIndexSize=185
[2022.03.27-19.36.25:385][  0]LogPakFile: PakFile PathHashIndexSize=101
[2022.03.27-19.36.25:385][  0]LogPakFile: PakFile FullDirectoryIndexSize=144
[2022.03.27-19.36.25:385][  0]LogShaderLibrary: Display: ShaderCodeLibraryPakFileMountedCallback: PakFile 'E:/UnrealEngine4/UE_4.27/FeaturePacks/TP_TwinStick.upack' (chunk index -1, root 'root:/') mounted
[2022.03.27-19.36.25:385][  0]LogShaderLibrary: Display: ShaderCodeLibraryPakFileMountedCallback: pending pak file info (ChunkID:-1 Root:root:/ File:E:/UnrealEngine4/UE_4.27/FeaturePacks/TP_TwinStick.upack)
[2022.03.27-19.36.25:385][  0]LogPakFile: OnPakFileMounted2Time == 0.000100
[2022.03.27-19.36.25:388][  0]LogPakFile: PakFile PrimaryIndexSize=187
[2022.03.27-19.36.25:388][  0]LogPakFile: PakFile PathHashIndexSize=101
[2022.03.27-19.36.25:388][  0]LogPakFile: PakFile FullDirectoryIndexSize=148
[2022.03.27-19.36.25:388][  0]LogShaderLibrary: Display: ShaderCodeLibraryPakFileMountedCallback: PakFile 'E:/UnrealEngine4/UE_4.27/FeaturePacks/TP_TwinStickBP.upack' (chunk index -1, root 'root:/') mounted
[2022.03.27-19.36.25:388][  0]LogShaderLibrary: Display: ShaderCodeLibraryPakFileMountedCallback: pending pak file info (ChunkID:-1 Root:root:/ File:E:/UnrealEngine4/UE_4.27/FeaturePacks/TP_TwinStickBP.upack)
[2022.03.27-19.36.25:388][  0]LogPakFile: OnPakFileMounted2Time == 0.000112
[2022.03.27-19.36.25:391][  0]LogPakFile: PakFile PrimaryIndexSize=183
[2022.03.27-19.36.25:391][  0]LogPakFile: PakFile PathHashIndexSize=101
[2022.03.27-19.36.25:391][  0]LogPakFile: PakFile FullDirectoryIndexSize=140
[2022.03.27-19.36.25:391][  0]LogShaderLibrary: Display: ShaderCodeLibraryPakFileMountedCallback: PakFile 'E:/UnrealEngine4/UE_4.27/FeaturePacks/TP_Vehicle.upack' (chunk index -1, root 'root:/') mounted
[2022.03.27-19.36.25:391][  0]LogShaderLibrary: Display: ShaderCodeLibraryPakFileMountedCallback: pending pak file info (ChunkID:-1 Root:root:/ File:E:/UnrealEngine4/UE_4.27/FeaturePacks/TP_Vehicle.upack)
[2022.03.27-19.36.25:391][  0]LogPakFile: OnPakFileMounted2Time == 0.000102
[2022.03.27-19.36.25:393][  0]LogPakFile: PakFile PrimaryIndexSize=186
[2022.03.27-19.36.25:393][  0]LogPakFile: PakFile PathHashIndexSize=101
[2022.03.27-19.36.25:393][  0]LogPakFile: PakFile FullDirectoryIndexSize=146
[2022.03.27-19.36.25:394][  0]LogShaderLibrary: Display: ShaderCodeLibraryPakFileMountedCallback: PakFile 'E:/UnrealEngine4/UE_4.27/FeaturePacks/TP_VehicleAdv.upack' (chunk index -1, root 'root:/') mounted
[2022.03.27-19.36.25:394][  0]LogShaderLibrary: Display: ShaderCodeLibraryPakFileMountedCallback: pending pak file info (ChunkID:-1 Root:root:/ File:E:/UnrealEngine4/UE_4.27/FeaturePacks/TP_VehicleAdv.upack)
[2022.03.27-19.36.25:394][  0]LogPakFile: OnPakFileMounted2Time == 0.000110
[2022.03.27-19.36.25:397][  0]LogPakFile: PakFile PrimaryIndexSize=188
[2022.03.27-19.36.25:397][  0]LogPakFile: PakFile PathHashIndexSize=101
[2022.03.27-19.36.25:397][  0]LogPakFile: PakFile FullDirectoryIndexSize=150
[2022.03.27-19.36.25:397][  0]LogShaderLibrary: Display: ShaderCodeLibraryPakFileMountedCallback: PakFile 'E:/UnrealEngine4/UE_4.27/FeaturePacks/TP_VehicleAdvBP.upack' (chunk index -1, root 'root:/') mounted
[2022.03.27-19.36.25:397][  0]LogShaderLibrary: Display: ShaderCodeLibraryPakFileMountedCallback: pending pak file info (ChunkID:-1 Root:root:/ File:E:/UnrealEngine4/UE_4.27/FeaturePacks/TP_VehicleAdvBP.upack)
[2022.03.27-19.36.25:397][  0]LogPakFile: OnPakFileMounted2Time == 0.000113
[2022.03.27-19.36.25:400][  0]LogPakFile: PakFile PrimaryIndexSize=185
[2022.03.27-19.36.25:400][  0]LogPakFile: PakFile PathHashIndexSize=101
[2022.03.27-19.36.25:400][  0]LogPakFile: PakFile FullDirectoryIndexSize=144
[2022.03.27-19.36.25:400][  0]LogShaderLibrary: Display: ShaderCodeLibraryPakFileMountedCallback: PakFile 'E:/UnrealEngine4/UE_4.27/FeaturePacks/TP_VehicleBP.upack' (chunk index -1, root 'root:/') mounted
[2022.03.27-19.36.25:400][  0]LogShaderLibrary: Display: ShaderCodeLibraryPakFileMountedCallback: pending pak file info (ChunkID:-1 Root:root:/ File:E:/UnrealEngine4/UE_4.27/FeaturePacks/TP_VehicleBP.upack)
[2022.03.27-19.36.25:400][  0]LogPakFile: OnPakFileMounted2Time == 0.000106
[2022.03.27-19.36.25:403][  0]LogPakFile: PakFile PrimaryIndexSize=192
[2022.03.27-19.36.25:403][  0]LogPakFile: PakFile PathHashIndexSize=101
[2022.03.27-19.36.25:403][  0]LogPakFile: PakFile FullDirectoryIndexSize=158
[2022.03.27-19.36.25:403][  0]LogShaderLibrary: Display: ShaderCodeLibraryPakFileMountedCallback: PakFile 'E:/UnrealEngine4/UE_4.27/FeaturePacks/TP_VirtualRealityBP.upack' (chunk index -1, root 'root:/') mounted
[2022.03.27-19.36.25:403][  0]LogShaderLibrary: Display: ShaderCodeLibraryPakFileMountedCallback: pending pak file info (ChunkID:-1 Root:root:/ File:E:/UnrealEngine4/UE_4.27/FeaturePacks/TP_VirtualRealityBP.upack)
[2022.03.27-19.36.25:403][  0]LogPakFile: OnPakFileMounted2Time == 0.000105
[2022.03.27-19.36.25:565][  0]LogNativeClassHierarchy: Verbose: Native class hierarchy updated for 'AddContentDialog' in 0.0003 seconds. Added 0 classes and 0 folders.
[2022.03.27-19.36.25:581][  0]LogNativeClassHierarchy: Verbose: Native class hierarchy updated for 'SceneOutliner' in 0.0003 seconds. Added 2 classes and 0 folders.
[2022.03.27-19.36.25:821][  0]LogSlate: Took 0.003226 seconds to synchronously load lazily loaded font '../../../Engine/Content/Slate/Fonts/Roboto-Regular.ttf' (155K)
[2022.03.27-19.36.25:825][  0]LogSlate: Took 0.001088 seconds to synchronously load lazily loaded font '../../../Engine/Content/Editor/Slate/Fonts/FontAwesome.ttf' (139K)
[2022.03.27-19.36.25:828][  0]LogSlate: Took 0.001075 seconds to synchronously load lazily loaded font '../../../Engine/Content/Slate/Fonts/Roboto-Bold.ttf' (160K)
[2022.03.27-19.36.25:948][  0]LogRenderer: Reallocating scene render targets to support 1208x576 Format 10 NumSamples 1 (Frame:1).
[2022.03.27-19.36.26:069][  0]LogSlate: Took 0.001656 seconds to synchronously load lazily loaded font '../../../Engine/Content/Slate/Fonts/Roboto-Light.ttf' (167K)
[2022.03.27-19.36.26:173][  0]LogNativeClassHierarchy: Verbose: Native class hierarchy updated for 'HierarchicalLODOutliner' in 0.0003 seconds. Added 0 classes and 0 folders.
[2022.03.27-19.36.26:174][  0]LogInput: Warning: Action Jump uses invalid key OculusGo_Left_Trigger_Click.
[2022.03.27-19.36.26:174][  0]LogInput: Warning: Action ResetVR uses invalid key OculusGo_Left_Trackpad_Click.
[2022.03.27-19.36.26:174][  0]LogInput: Warning: Use -RemoveInvalidKeys to remove instances of these keys from the action mapping.
[2022.03.27-19.36.26:174][  0]LogLoad: (Engine Initialization) Total time: 18.06 seconds
[2022.03.27-19.36.26:174][  0]LogLoad: (Engine Initialization) Total Blueprint compile time: 0.00 seconds
[2022.03.27-19.36.26:233][  0]LogAssetRegistry: Asset discovery search completed in 10.5453 seconds
[2022.03.27-19.36.26:245][  0]LogCollectionManager: Fixed up redirectors for 0 collections in 0.000234 seconds (updated 0 objects)
[2022.03.27-19.36.26:260][  0]LogContentStreaming: Texture pool size now 1000 MB
[2022.03.27-19.36.27:191][ 92]LogSlate: Took 0.000321 seconds to synchronously load lazily loaded font '../../../Engine/Content/Slate/Fonts/Roboto-Light.ttf' (167K)
[2022.03.27-19.36.35:206][910]LogEditorClassViewer: Warning: Class /Engine/Tutorial/InWorldBlueprintEditing/TutorialAssets/IWBE_Blutility.IWBE_Blutility_C has parent /Script/Blutility.PlacedEditorUtilityBase, but this parent is not found. The Class will not be shown in ClassViewer.
[2022.03.27-19.36.35:290][910]LogSlate: Took 0.000966 seconds to synchronously load lazily loaded font '../../../Engine/Content/Slate/Fonts/Roboto-BoldCondensed.ttf' (158K)
[2022.03.27-19.37.10:780][874]Running E:/UnrealEngine4/UE_4.27/Engine/Binaries/DotNET/UnrealBuildTool.exe  -projectfiles -project="E:/Unreal/ActionRPG_ue4/RPGPrototype/RPGPrototype.uproject" -game -rocket -progress
[2022.03.27-19.37.11:199][874]Discovering modules, targets and source code for project...
[2022.03.27-19.37.13:215][874]Binding IntelliSense data...
[2022.03.27-19.37.16:054][874]Binding IntelliSense data... 100%
[2022.03.27-19.37.16:054][874]Writing project files...
[2022.03.27-19.37.20:081][874]Writing project files... 100%
[2022.03.27-19.37.20:232][874]Candidate modules for hot reload:
[2022.03.27-19.37.20:233][874]  RPGPrototype
[2022.03.27-19.37.20:233][874]Launching UnrealBuildTool... [E:/UnrealEngine4/UE_4.27/Engine/Binaries/DotNET/UnrealBuildTool.exe  -ModuleWithSuffix=RPGPrototype,3298 RPGPrototypeEditor Win64 Development -Project="E:/Unreal/ActionRPG_ue4/RPGPrototype/RPGPrototype.uproject" "E:/Unreal/ActionRPG_ue4/RPGPrototype/RPGPrototype.uproject"  -IgnoreJunk]
[2022.03.27-19.37.30:382][874]CompilerResultsLog: New page: Compilation - 27 mar. 2022 21:37:30
[2022.03.27-19.37.30:383][874]CompilerResultsLog: Using 'git status' to determine working set for adaptive non-unity build (E:\Unreal\ActionRPG_ue4).
[2022.03.27-19.37.30:383][874]CompilerResultsLog: Creating makefile for RPGPrototypeEditor (no existing makefile)
[2022.03.27-19.37.30:383][874]CompilerResultsLog: Parsing headers for RPGPrototypeEditor
[2022.03.27-19.37.30:383][874]CompilerResultsLog:   Running UnrealHeaderTool "E:\Unreal\ActionRPG_ue4\RPGPrototype\RPGPrototype.uproject" "E:\Unreal\ActionRPG_ue4\RPGPrototype\Intermediate\Build\Win64\RPGPrototypeEditor\Development\RPGPrototypeEditor.uhtmanifest" -LogCmds="loginit warning, logexit warning, logdatabase error" -Unattended -WarningsAsErrors -abslog="C:\Users\Usuario\AppData\Local\UnrealBuildTool\Log_UHT.txt" -installed
[2022.03.27-19.37.30:383][874]CompilerResultsLog: LogInit: Display: Loading text-based GConfig....
[2022.03.27-19.37.30:383][874]CompilerResultsLog: Reflection code generated for RPGPrototypeEditor in 3,9825015 seconds
[2022.03.27-19.37.30:383][874]CompilerResultsLog: Building RPGPrototypeEditor...
[2022.03.27-19.37.30:383][874]CompilerResultsLog: Using Visual Studio 2019 14.29.30141 toolchain (C:\Program Files (x86)\Microsoft Visual Studio\2019\Community\VC\Tools\MSVC\14.29.30133) and Windows 10.0.19041.0 SDK (C:\Program Files (x86)\Windows Kits\10).
[2022.03.27-19.37.30:383][874]CompilerResultsLog: Building 6 actions with 12 processes...
[2022.03.27-19.37.30:384][874]CompilerResultsLog:   [1/6] PlayerGameplayAbility.cpp
[2022.03.27-19.37.30:384][874]CompilerResultsLog:   E:\Unreal\ActionRPG_ue4\RPGPrototype\Source\RPGPrototype\Ability\PlayerGameplayAbility.cpp(4): fatal error C1083: Cannot open include file: 'Ability/PlayerGameplayAbility.h': No such file or directory
[2022.03.27-19.37.30:384][874]CompilerResultsLog:   [2/6] RPGPrototype.init.gen.cpp
[2022.03.27-19.37.30:384][874]CompilerResultsLog:   [3/6] PlayerGameplayAbility.gen.cpp
[2022.03.27-19.37.30:384][874]LogMainFrame: MainFrame: Module compiling took 10.169 seconds
[2022.03.27-19.37.30:390][874]Warning: HotReload failed, recompile failed
[2022.03.27-19.37.30:391][874]Warning: RebindPackages failed because compilation failed.
[2022.03.27-19.37.31:767][874]LogSlate: Window 'Message' being destroyed
[2022.03.27-19.37.31:770][874]Message dialog closed, result: No, title: Message, text: Successfully added class 'PlayerGameplayAbility', however you must recompile the 'RPGPrototype' module before it will appear in the Content Browser. Failed to automatically hot reload the 'RPGPrototype' module.

Would you like to open the Output Log to see more details?
[2022.03.27-19.37.31:771][874]LogSlate: Window 'Add C++ Class' being destroyed
