Log file open, 01/28/23 18:25:47
LogWindows: Failed to load 'aqProf.dll' (GetLastError=126)
LogWindows: File 'aqProf.dll' does not exist
LogWindows: Failed to load 'VtuneApi.dll' (GetLastError=126)
LogWindows: File 'VtuneApi.dll' does not exist
LogWindows: Failed to load 'VtuneApi32e.dll' (GetLastError=126)
LogWindows: File 'VtuneApi32e.dll' does not exist
LogConsoleResponse: Display: Failed to find resolution value strings in scalability ini. Falling back to default.
LogConsoleResponse: Display: Failed to find resolution value strings in scalability ini. Falling back to default.
LogInit: Display: Running engine for game: RPGPrototype
LogPlatformFile: Not using cached read wrapper
LogTaskGraph: Started task graph with 5 named threads and 35 total threads with 3 sets of task threads.
LogStats: Stats thread started at 5.122714
LogICUInternationalization: ICU TimeZone Detection - Raw Offset: +0:00, Platform Override: ''
LogInit: Display: Loading text-based GConfig....
LogPluginManager: Mounting plugin MeshPainting
LogPluginManager: Mounting plugin XGEController
LogPluginManager: Mounting plugin OodleData
LogPluginManager: Mounting plugin Paper2D
LogPluginManager: Mounting plugin OodleNetwork
LogPluginManager: Mounting plugin AnimationSharing
LogPluginManager: Mounting plugin CLionSourceCodeAccess
LogPluginManager: Mounting plugin CodeLiteSourceCodeAccess
LogPluginManager: Mounting plugin GitSourceControl
LogPluginManager: Mounting plugin KDevelopSourceCodeAccess
LogPluginManager: Mounting plugin PerforceSourceControl
LogPluginManager: Mounting plugin NullSourceCodeAccess
LogPluginManager: Mounting plugin PixWinPlugin
LogPluginManager: Mounting plugin PlasticSourceControl
LogPluginManager: Mounting plugin PluginUtils
LogPluginManager: Mounting plugin PropertyAccessNode
LogPluginManager: Mounting plugin RiderSourceCodeAccess
LogPluginManager: Mounting plugin TextureFormatOodle
LogPluginManager: Mounting plugin SubversionSourceControl
LogPluginManager: Mounting plugin AssetManagerEditor
LogPluginManager: Mounting plugin UObjectPlugin
LogPluginManager: Mounting plugin CryptoKeys
LogPluginManager: Mounting plugin VisualStudioCodeSourceCodeAccess
LogPluginManager: Mounting plugin VisualStudioSourceCodeAccess
LogPluginManager: Mounting plugin XCodeSourceCodeAccess
LogPluginManager: Mounting plugin CurveEditorTools
LogPluginManager: Mounting plugin DataValidation
LogPluginManager: Mounting plugin FacialAnimation
LogPluginManager: Mounting plugin GameplayTagsEditor
LogPluginManager: Mounting plugin GeometryMode
LogPluginManager: Mounting plugin MacGraphicsSwitching
LogPluginManager: Mounting plugin MaterialAnalyzer
LogPluginManager: Mounting plugin MobileLauncherProfileWizard
LogPluginManager: Mounting plugin PluginBrowser
LogPluginManager: Mounting plugin SpeedTreeImporter
LogPluginManager: Mounting plugin DatasmithContent
LogPluginManager: Mounting plugin AlembicImporter
LogPluginManager: Mounting plugin VariantManagerContent
LogPluginManager: Mounting plugin AutomationUtils
LogPluginManager: Mounting plugin BackChannel
LogPluginManager: Mounting plugin ChaosCloth
LogPluginManager: Mounting plugin ChaosClothEditor
LogPluginManager: Mounting plugin ChaosEditor
LogPluginManager: Mounting plugin ChaosNiagara
LogPluginManager: Mounting plugin ChaosSolverPlugin
LogPluginManager: Mounting plugin CharacterAI
LogPluginManager: Mounting plugin GeometryCache
LogPluginManager: Mounting plugin GeometryCollectionPlugin
LogPluginManager: Mounting plugin GeometryProcessing
LogPluginManager: Mounting plugin OpenImageDenoise
LogPluginManager: Mounting plugin MotoSynth
LogPluginManager: Mounting plugin PlatformCrypto
LogPluginManager: Mounting plugin PlanarCut
LogPluginManager: Mounting plugin PythonScriptPlugin
LogPluginManager: Mounting plugin ProxyLODPlugin
LogPluginManager: Mounting plugin SkeletalReduction
LogPluginManager: Mounting plugin Niagara
LogPluginManager: Mounting plugin MagicLeap
LogPluginManager: Mounting plugin LuminPlatformFeatures
LogPluginManager: Mounting plugin MagicLeapLightEstimation
LogPluginManager: Mounting plugin MagicLeapMedia
LogPluginManager: Mounting plugin AndroidMedia
LogPluginManager: Mounting plugin MagicLeapPassableWorld
LogPluginManager: Mounting plugin MLSDK
LogPluginManager: Mounting plugin AvfMedia
LogPluginManager: Mounting plugin ImgMedia
LogPluginManager: Mounting plugin MediaCompositing
LogPluginManager: Mounting plugin MediaPlayerEditor
LogPluginManager: Mounting plugin WmfMedia
LogPluginManager: Mounting plugin WebMMedia
LogPluginManager: Mounting plugin TcpMessaging
LogPluginManager: Mounting plugin UdpMessaging
LogPluginManager: Mounting plugin ActorSequence
LogPluginManager: Mounting plugin LevelSequenceEditor
LogPluginManager: Mounting plugin MatineeToLevelSequence
LogPluginManager: Mounting plugin TemplateSequence
LogPluginManager: Mounting plugin OnlineSubsystem
LogPluginManager: Mounting plugin OnlineSubsystemNull
LogPluginManager: Mounting plugin OnlineSubsystemSteam
LogPluginManager: Mounting plugin LauncherChunkInstaller
LogPluginManager: Mounting plugin OnlineSubsystemUtils
LogPluginManager: Mounting plugin ActorLayerUtilities
LogPluginManager: Mounting plugin AndroidDeviceProfileSelector
LogPluginManager: Mounting plugin AndroidMoviePlayer
LogPluginManager: Mounting plugin AndroidPermission
LogPluginManager: Mounting plugin AppleImageUtils
LogPluginManager: Mounting plugin AppleMoviePlayer
LogPluginManager: Mounting plugin ArchVisCharacter
LogPluginManager: Mounting plugin AssetTags
LogPluginManager: Mounting plugin AudioCapture
LogPluginManager: Mounting plugin AudioSynesthesia
LogPluginManager: Mounting plugin CableComponent
LogPluginManager: Mounting plugin ChunkDownloader
LogPluginManager: Mounting plugin CustomMeshComponent
LogPluginManager: Mounting plugin DataRegistry
LogPluginManager: Mounting plugin EditableMesh
LogPluginManager: Mounting plugin ExampleDeviceProfileSelector
LogPluginManager: Mounting plugin GameplayAbilities
LogPluginManager: Mounting plugin GoogleCloudMessaging
LogPluginManager: Mounting plugin GooglePAD
LogPluginManager: Mounting plugin IOSDeviceProfileSelector
LogPluginManager: Mounting plugin LinuxDeviceProfileSelector
LogPluginManager: Mounting plugin LocationServicesBPLibrary
LogPluginManager: Mounting plugin MobilePatchingUtils
LogPluginManager: Mounting plugin OpenXR
LogPluginManager: Mounting plugin OpenXREyeTracker
LogPluginManager: Mounting plugin OpenXRHandTracking
LogPluginManager: Mounting plugin PhysXVehicles
LogPluginManager: Mounting plugin PostSplashScreen
LogPluginManager: Mounting plugin ProceduralMeshComponent
LogPluginManager: Mounting plugin PropertyAccessEditor
LogPluginManager: Mounting plugin RuntimePhysXCooking
LogPluginManager: Mounting plugin SignificanceManager
LogPluginManager: Mounting plugin SoundFields
LogPluginManager: Mounting plugin Synthesis
LogPluginManager: Mounting plugin WebMMoviePlayer
LogPluginManager: Mounting plugin WindowsMoviePlayer
LogPluginManager: Mounting plugin ScreenshotTools
LogPluginManager: Mounting plugin Takes
LogPluginManager: Mounting plugin LiveLink
LogPluginManager: Mounting plugin LightPropagationVolume
LogPluginManager: Mounting plugin AISupport
LogPluginManager: Mounting plugin EnvironmentQueryEditor
LogPluginManager: Mounting plugin CameraShakePreviewer
LogPluginManager: Mounting plugin GameplayCameras
LogPluginManager: Mounting plugin ContentBrowserAssetDataSource
LogPluginManager: Mounting plugin ContentBrowserClassDataSource
LogPluginManager: Mounting plugin ContentBrowserFileDataSource
LogPluginManager: Mounting plugin OnlineSubsystemGooglePlay
LogPluginManager: Mounting plugin OnlineSubsystemIOS
LogPluginManager: Mounting plugin OculusVR
LogPluginManager: Mounting plugin SteamShared
LogPluginManager: Mounting plugin SteamVR
PixWinPlugin: PIX capture plugin failed to initialize! Check that the process is launched from PIX.
LogLuminAPIImpl: Warning: MLSDK not found.  This likely means the MLSDK environment variable is not set.
LogInit: Using libcurl 7.55.1-DEV
LogInit:  - built for x86_64-pc-win32
LogInit:  - supports SSL with OpenSSL/1.1.1
LogInit:  - supports HTTP deflate (compression) using libz 1.2.8
LogInit:  - other features:
LogInit:      CURL_VERSION_SSL
LogInit:      CURL_VERSION_LIBZ
LogInit:      CURL_VERSION_IPV6
LogInit:      CURL_VERSION_ASYNCHDNS
LogInit:      CURL_VERSION_LARGEFILE
LogInit:      CURL_VERSION_IDN
LogInit:  CurlRequestOptions (configurable via config and command line):
LogInit:  - bVerifyPeer = true  - Libcurl will verify peer certificate
LogInit:  - bUseHttpProxy = false  - Libcurl will NOT use HTTP proxy
LogInit:  - bDontReuseConnections = false  - Libcurl will reuse connections
LogInit:  - MaxHostConnections = 16  - Libcurl will limit the number of connections to a host
LogInit:  - LocalHostAddr = Default
LogInit:  - BufferSize = 65536
LogSteamShared: Display: Loading Steam SDK 1.51
LogSteamShared: Steam SDK Loaded!
LogOnline: OSS: Creating online subsystem instance for: Steam
LogOnline: Display: STEAM: OnlineSubsystemSteam::Shutdown()
LogOnline: OSS: Unable to create OnlineSubsystem module Steam
LogOnline: OSS: Creating online subsystem instance for: NULL
LogInit: WinSock: version 1.1 (2.2), MaxSocks=32767, MaxUdp=65467
LogOnline: OSS: TryLoadSubsystemAndSetDefault: Loaded subsystem for module [NULL]
LogOculusPluginWrapper: OculusPlugin initialized successfully
LogHMD: Failed initializing OVRPlugin 1.59.0
LogInit: Build: ++UE4+Release-4.27-CL-18319896
LogInit: Engine Version: 4.27.2-18319896+++UE4+Release-4.27
LogInit: Compatible Engine Version: 4.27.0-17155196+++UE4+Release-4.27
LogInit: Net CL: 17155196
LogInit: OS: Windows 10 (Release 2009) (), CPU: AMD Ryzen 5 3600 6-Core Processor              , GPU: NVIDIA GeForce RTX 2060 SUPER
LogInit: Compiled (64-bit): Nov 30 2021 07:12:08
LogInit: Compiled with Visual C++: 19.24.28315.00
LogInit: Build Configuration: Development
LogInit: Branch Name: ++UE4+Release-4.27
LogInit: Command Line:  -skipcompile
LogInit: Base Directory: E:/UnrealEngine4/UE_4.27/Engine/Binaries/Win64/
LogInit: Allocator: TBB
LogInit: Installed Engine Build: 1
LogDevObjectVersion: Number of dev versions registered: 29
LogDevObjectVersion:   Dev-Blueprints (B0D832E4-1F89-4F0D-ACCF-7EB736FD4AA2): 10
LogDevObjectVersion:   Dev-Build (E1C64328-A22C-4D53-A36C-8E866417BD8C): 0
LogDevObjectVersion:   Dev-Core (375EC13C-06E4-48FB-B500-84F0262A717E): 4
LogDevObjectVersion:   Dev-Editor (E4B068ED-F494-42E9-A231-DA0B2E46BB41): 40
LogDevObjectVersion:   Dev-Framework (CFFC743F-43B0-4480-9391-14DF171D2073): 37
LogDevObjectVersion:   Dev-Mobile (B02B49B5-BB20-44E9-A304-32B752E40360): 3
LogDevObjectVersion:   Dev-Networking (A4E4105C-59A1-49B5-A7C5-40C4547EDFEE): 0
LogDevObjectVersion:   Dev-Online (39C831C9-5AE6-47DC-9A44-9C173E1C8E7C): 0
LogDevObjectVersion:   Dev-Physics (78F01B33-EBEA-4F98-B9B4-84EACCB95AA2): 14
LogDevObjectVersion:   Dev-Platform (6631380F-2D4D-43E0-8009-CF276956A95A): 0
LogDevObjectVersion:   Dev-Rendering (12F88B9F-8875-4AFC-A67C-D90C383ABD29): 45
LogDevObjectVersion:   Dev-Sequencer (7B5AE74C-D270-4C10-A958-57980B212A5A): 13
LogDevObjectVersion:   Dev-VR (D7296918-1DD6-4BDD-9DE2-64A83CC13884): 3
LogDevObjectVersion:   Dev-LoadTimes (C2A15278-BFE7-4AFE-6C17-90FF531DF755): 1
LogDevObjectVersion:   Private-Geometry (6EACA3D4-40EC-4CC1-B786-8BED09428FC5): 3
LogDevObjectVersion:   Dev-AnimPhys (29E575DD-E0A3-4627-9D10-D276232CDCEA): 17
LogDevObjectVersion:   Dev-Anim (AF43A65D-7FD3-4947-9873-3E8ED9C1BB05): 15
LogDevObjectVersion:   Dev-ReflectionCapture (6B266CEC-1EC7-4B8F-A30B-E4D90942FC07): 1
LogDevObjectVersion:   Dev-Automation (0DF73D61-A23F-47EA-B727-89E90C41499A): 1
LogDevObjectVersion:   FortniteMain (601D1886-AC64-4F84-AA16-D3DE0DEAC7D6): 47
LogDevObjectVersion:   FortniteRelease (E7086368-6B23-4C58-8439-1B7016265E91): 1
LogDevObjectVersion:   Dev-Enterprise (9DFFBCD6-494F-0158-E221-12823C92A888): 10
LogDevObjectVersion:   Dev-Niagara (F2AED0AC-9AFE-416F-8664-AA7FFA26D6FC): 1
LogDevObjectVersion:   Dev-Destruction (174F1F0B-B4C6-45A5-B13F-2EE8D0FB917D): 10
LogDevObjectVersion:   Dev-Physics-Ext (35F94A83-E258-406C-A318-09F59610247C): 41
LogDevObjectVersion:   Dev-PhysicsMaterial-Chaos (B68FC16E-8B1B-42E2-B453-215C058844FE): 1
LogDevObjectVersion:   Dev-CineCamera (B2E18506-4273-CFC2-A54E-F4BB758BBA07): 1
LogDevObjectVersion:   Dev-VirtualProduction (64F58936-FD1B-42BA-BA96-7289D5D0FA4E): 1
LogDevObjectVersion:   Dev-MediaFramework (6F0ED827-A609-4895-9C91-998D90180EA4): 2
LogInit: Presizing for max 25165824 objects, including 0 objects not considered by GC, pre-allocating 0 bytes for permanent pool.
LogConfig: Applying CVar settings from Section [/Script/Engine.StreamingSettings] File [E:/Unreal/RPGPrototype_ue4/RPGPrototype/Saved/Config/Windows/Engine.ini]
LogConfig: Setting CVar [[s.MinBulkDataSizeForAsyncLoading:131072]]
LogConfig: Setting CVar [[s.AsyncLoadingThreadEnabled:0]]
LogConfig: Setting CVar [[s.EventDrivenLoaderEnabled:1]]
LogConfig: Setting CVar [[s.WarnIfTimeLimitExceeded:0]]
LogConfig: Setting CVar [[s.TimeLimitExceededMultiplier:1.5]]
LogConfig: Setting CVar [[s.TimeLimitExceededMinTime:0.005]]
LogConfig: Setting CVar [[s.UseBackgroundLevelStreaming:1]]
LogConfig: Setting CVar [[s.PriorityAsyncLoadingExtraTime:15.0]]
LogConfig: Setting CVar [[s.LevelStreamingActorsUpdateTimeLimit:5.0]]
LogConfig: Setting CVar [[s.PriorityLevelStreamingActorsUpdateExtraTime:5.0]]
LogConfig: Setting CVar [[s.LevelStreamingComponentsRegistrationGranularity:10]]
LogConfig: Setting CVar [[s.UnregisterComponentsTimeLimit:1.0]]
LogConfig: Setting CVar [[s.LevelStreamingComponentsUnregistrationGranularity:5]]
LogConfig: Setting CVar [[s.FlushStreamingOnExit:1]]
LogInit: Object subsystem initialized
LogConfig: Setting CVar [[con.DebugEarlyDefault:1]]
LogConfig: Setting CVar [[r.setres:1280x720]]
[2023.01.28-18.25.50:607][  0]LogConfig: Setting CVar [[r.VSync:0]]
[2023.01.28-18.25.50:607][  0]LogConfig: Setting CVar [[r.RHICmdBypass:0]]
[2023.01.28-18.25.50:607][  0]LogConfig: Applying CVar settings from Section [/Script/Engine.RendererSettings] File [E:/Unreal/RPGPrototype_ue4/RPGPrototype/Saved/Config/Windows/Engine.ini]
[2023.01.28-18.25.50:607][  0]LogConfig: Setting CVar [[r.GPUCrashDebugging:0]]
[2023.01.28-18.25.50:607][  0]LogConfig: Applying CVar settings from Section [/Script/Engine.RendererOverrideSettings] File [E:/Unreal/RPGPrototype_ue4/RPGPrototype/Saved/Config/Windows/Engine.ini]
[2023.01.28-18.25.50:607][  0]LogConfig: Applying CVar settings from Section [/Script/Engine.StreamingSettings] File [E:/Unreal/RPGPrototype_ue4/RPGPrototype/Saved/Config/Windows/Engine.ini]
[2023.01.28-18.25.50:608][  0]LogConfig: Setting CVar [[s.MinBulkDataSizeForAsyncLoading:131072]]
[2023.01.28-18.25.50:608][  0]LogConfig: Setting CVar [[s.AsyncLoadingThreadEnabled:0]]
[2023.01.28-18.25.50:608][  0]LogConfig: Setting CVar [[s.EventDrivenLoaderEnabled:1]]
[2023.01.28-18.25.50:608][  0]LogConfig: Setting CVar [[s.WarnIfTimeLimitExceeded:0]]
[2023.01.28-18.25.50:608][  0]LogConfig: Setting CVar [[s.TimeLimitExceededMultiplier:1.5]]
[2023.01.28-18.25.50:608][  0]LogConfig: Setting CVar [[s.TimeLimitExceededMinTime:0.005]]
[2023.01.28-18.25.50:608][  0]LogConfig: Setting CVar [[s.UseBackgroundLevelStreaming:1]]
[2023.01.28-18.25.50:608][  0]LogConfig: Setting CVar [[s.PriorityAsyncLoadingExtraTime:15.0]]
[2023.01.28-18.25.50:608][  0]LogConfig: Setting CVar [[s.LevelStreamingActorsUpdateTimeLimit:5.0]]
[2023.01.28-18.25.50:608][  0]LogConfig: Setting CVar [[s.PriorityLevelStreamingActorsUpdateExtraTime:5.0]]
[2023.01.28-18.25.50:608][  0]LogConfig: Setting CVar [[s.LevelStreamingComponentsRegistrationGranularity:10]]
[2023.01.28-18.25.50:608][  0]LogConfig: Setting CVar [[s.UnregisterComponentsTimeLimit:1.0]]
[2023.01.28-18.25.50:608][  0]LogConfig: Setting CVar [[s.LevelStreamingComponentsUnregistrationGranularity:5]]
[2023.01.28-18.25.50:608][  0]LogConfig: Setting CVar [[s.FlushStreamingOnExit:1]]
[2023.01.28-18.25.50:608][  0]LogConfig: Applying CVar settings from Section [/Script/Engine.GarbageCollectionSettings] File [E:/Unreal/RPGPrototype_ue4/RPGPrototype/Saved/Config/Windows/Engine.ini]
[2023.01.28-18.25.50:608][  0]LogConfig: Setting CVar [[gc.MaxObjectsNotConsideredByGC:1]]
[2023.01.28-18.25.50:608][  0]LogConfig: Setting CVar [[gc.SizeOfPermanentObjectPool:0]]
[2023.01.28-18.25.50:608][  0]LogConfig: Setting CVar [[gc.FlushStreamingOnGC:0]]
[2023.01.28-18.25.50:608][  0]LogConfig: Setting CVar [[gc.NumRetriesBeforeForcingGC:10]]
[2023.01.28-18.25.50:608][  0]LogConfig: Setting CVar [[gc.AllowParallelGC:1]]
[2023.01.28-18.25.50:608][  0]LogConfig: Setting CVar [[gc.TimeBetweenPurgingPendingKillObjects:61.1]]
[2023.01.28-18.25.50:609][  0]LogConfig: Setting CVar [[gc.MaxObjectsInEditor:25165824]]
[2023.01.28-18.25.50:609][  0]LogConfig: Setting CVar [[gc.IncrementalBeginDestroyEnabled:1]]
[2023.01.28-18.25.50:609][  0]LogConfig: Setting CVar [[gc.CreateGCClusters:1]]
[2023.01.28-18.25.50:609][  0]LogConfig: Setting CVar [[gc.MinGCClusterSize:5]]
[2023.01.28-18.25.50:609][  0]LogConfig: Setting CVar [[gc.ActorClusteringEnabled:0]]
[2023.01.28-18.25.50:609][  0]LogConfig: Setting CVar [[gc.BlueprintClusteringEnabled:0]]
[2023.01.28-18.25.50:609][  0]LogConfig: Setting CVar [[gc.UseDisregardForGCOnDedicatedServers:0]]
[2023.01.28-18.25.50:609][  0]LogConfig: Setting CVar [[gc.MultithreadedDestructionEnabled:1]]
[2023.01.28-18.25.50:609][  0]LogConfig: Applying CVar settings from Section [/Script/Engine.NetworkSettings] File [E:/Unreal/RPGPrototype_ue4/RPGPrototype/Saved/Config/Windows/Engine.ini]
[2023.01.28-18.25.50:609][  0]LogConfig: Applying CVar settings from Section [/Script/UnrealEd.CookerSettings] File [E:/Unreal/RPGPrototype_ue4/RPGPrototype/Saved/Config/Windows/Engine.ini]
[2023.01.28-18.25.50:665][  0]LogConfig: Applying CVar settings from Section [ViewDistanceQuality@3] File [E:/Unreal/RPGPrototype_ue4/RPGPrototype/Saved/Config/Windows/Scalability.ini]
[2023.01.28-18.25.50:665][  0]LogConfig: Setting CVar [[r.SkeletalMeshLODBias:0]]
[2023.01.28-18.25.50:665][  0]LogConfig: Setting CVar [[r.ViewDistanceScale:1.0]]
[2023.01.28-18.25.50:665][  0]LogConfig: Applying CVar settings from Section [AntiAliasingQuality@3] File [E:/Unreal/RPGPrototype_ue4/RPGPrototype/Saved/Config/Windows/Scalability.ini]
[2023.01.28-18.25.50:665][  0]LogConfig: Setting CVar [[r.PostProcessAAQuality:4]]
[2023.01.28-18.25.50:665][  0]LogConfig: Applying CVar settings from Section [ShadowQuality@3] File [E:/Unreal/RPGPrototype_ue4/RPGPrototype/Saved/Config/Windows/Scalability.ini]
[2023.01.28-18.25.50:665][  0]LogConfig: Setting CVar [[r.LightFunctionQuality:1]]
[2023.01.28-18.25.50:665][  0]LogConfig: Setting CVar [[r.ShadowQuality:5]]
[2023.01.28-18.25.50:665][  0]LogConfig: Setting CVar [[r.Shadow.CSM.MaxCascades:10]]
[2023.01.28-18.25.50:665][  0]LogConfig: Setting CVar [[r.Shadow.MaxResolution:2048]]
[2023.01.28-18.25.50:665][  0]LogConfig: Setting CVar [[r.Shadow.MaxCSMResolution:2048]]
[2023.01.28-18.25.50:665][  0]LogConfig: Setting CVar [[r.Shadow.RadiusThreshold:0.01]]
[2023.01.28-18.25.50:665][  0]LogConfig: Setting CVar [[r.Shadow.DistanceScale:1.0]]
[2023.01.28-18.25.50:665][  0]LogConfig: Setting CVar [[r.Shadow.CSM.TransitionScale:1.0]]
[2023.01.28-18.25.50:666][  0]LogConfig: Setting CVar [[r.Shadow.PreShadowResolutionFactor:1.0]]
[2023.01.28-18.25.50:666][  0]LogConfig: Setting CVar [[r.DistanceFieldShadowing:1]]
[2023.01.28-18.25.50:666][  0]LogConfig: Setting CVar [[r.DistanceFieldAO:1]]
[2023.01.28-18.25.50:666][  0]LogConfig: Setting CVar [[r.AOQuality:2]]
[2023.01.28-18.25.50:666][  0]LogConfig: Setting CVar [[r.VolumetricFog:1]]
[2023.01.28-18.25.50:666][  0]LogConfig: Setting CVar [[r.VolumetricFog.GridPixelSize:8]]
[2023.01.28-18.25.50:666][  0]LogConfig: Setting CVar [[r.VolumetricFog.GridSizeZ:128]]
[2023.01.28-18.25.50:666][  0]LogConfig: Setting CVar [[r.VolumetricFog.HistoryMissSupersampleCount:4]]
[2023.01.28-18.25.50:666][  0]LogConfig: Setting CVar [[r.LightMaxDrawDistanceScale:1]]
[2023.01.28-18.25.50:666][  0]LogConfig: Setting CVar [[r.CapsuleShadows:1]]
[2023.01.28-18.25.50:666][  0]LogConfig: Applying CVar settings from Section [PostProcessQuality@3] File [E:/Unreal/RPGPrototype_ue4/RPGPrototype/Saved/Config/Windows/Scalability.ini]
[2023.01.28-18.25.50:666][  0]LogConfig: Setting CVar [[r.MotionBlurQuality:4]]
[2023.01.28-18.25.50:666][  0]LogConfig: Setting CVar [[r.AmbientOcclusionMipLevelFactor:0.4]]
[2023.01.28-18.25.50:666][  0]LogConfig: Setting CVar [[r.AmbientOcclusionMaxQuality:100]]
[2023.01.28-18.25.50:666][  0]LogConfig: Setting CVar [[r.AmbientOcclusionLevels:-1]]
[2023.01.28-18.25.50:666][  0]LogConfig: Setting CVar [[r.AmbientOcclusionRadiusScale:1.0]]
[2023.01.28-18.25.50:666][  0]LogConfig: Setting CVar [[r.DepthOfFieldQuality:2]]
[2023.01.28-18.25.50:666][  0]LogConfig: Setting CVar [[r.RenderTargetPoolMin:400]]
[2023.01.28-18.25.50:666][  0]LogConfig: Setting CVar [[r.LensFlareQuality:2]]
[2023.01.28-18.25.50:666][  0]LogConfig: Setting CVar [[r.SceneColorFringeQuality:1]]
[2023.01.28-18.25.50:666][  0]LogConfig: Setting CVar [[r.EyeAdaptationQuality:2]]
[2023.01.28-18.25.50:666][  0]LogConfig: Setting CVar [[r.BloomQuality:5]]
[2023.01.28-18.25.50:667][  0]LogConfig: Setting CVar [[r.FastBlurThreshold:100]]
[2023.01.28-18.25.50:667][  0]LogConfig: Setting CVar [[r.Upscale.Quality:3]]
[2023.01.28-18.25.50:667][  0]LogConfig: Setting CVar [[r.Tonemapper.GrainQuantization:1]]
[2023.01.28-18.25.50:667][  0]LogConfig: Setting CVar [[r.LightShaftQuality:1]]
[2023.01.28-18.25.50:667][  0]LogConfig: Setting CVar [[r.Filter.SizeScale:1]]
[2023.01.28-18.25.50:667][  0]LogConfig: Setting CVar [[r.Tonemapper.Quality:5]]
[2023.01.28-18.25.50:667][  0]LogConfig: Setting CVar [[r.DOF.Gather.AccumulatorQuality:1        ; higher gathering accumulator quality]]
[2023.01.28-18.25.50:667][  0]LogConfig: Setting CVar [[r.DOF.Gather.PostfilterMethod:1          ; Median3x3 postfilering method]]
[2023.01.28-18.25.50:667][  0]LogConfig: Setting CVar [[r.DOF.Gather.EnableBokehSettings:0       ; no bokeh simulation when gathering]]
[2023.01.28-18.25.50:667][  0]LogConfig: Setting CVar [[r.DOF.Gather.RingCount:4                 ; medium number of samples when gathering]]
[2023.01.28-18.25.50:667][  0]LogConfig: Setting CVar [[r.DOF.Scatter.ForegroundCompositing:1    ; additive foreground scattering]]
[2023.01.28-18.25.50:667][  0]LogConfig: Setting CVar [[r.DOF.Scatter.BackgroundCompositing:2    ; additive background scattering]]
[2023.01.28-18.25.50:667][  0]LogConfig: Setting CVar [[r.DOF.Scatter.EnableBokehSettings:1      ; bokeh simulation when scattering]]
[2023.01.28-18.25.50:667][  0]LogConfig: Setting CVar [[r.DOF.Scatter.MaxSpriteRatio:0.1         ; only a maximum of 10% of scattered bokeh]]
[2023.01.28-18.25.50:667][  0]LogConfig: Setting CVar [[r.DOF.Recombine.Quality:1                ; cheap slight out of focus]]
[2023.01.28-18.25.50:667][  0]LogConfig: Setting CVar [[r.DOF.Recombine.EnableBokehSettings:0    ; no bokeh simulation on slight out of focus]]
[2023.01.28-18.25.50:667][  0]LogConfig: Setting CVar [[r.DOF.TemporalAAQuality:1                ; more stable temporal accumulation]]
[2023.01.28-18.25.50:667][  0]LogConfig: Setting CVar [[r.DOF.Kernel.MaxForegroundRadius:0.025]]
[2023.01.28-18.25.50:667][  0]LogConfig: Setting CVar [[r.DOF.Kernel.MaxBackgroundRadius:0.025]]
[2023.01.28-18.25.50:667][  0]LogConfig: Applying CVar settings from Section [TextureQuality@3] File [E:/Unreal/RPGPrototype_ue4/RPGPrototype/Saved/Config/Windows/Scalability.ini]
[2023.01.28-18.25.50:667][  0]LogConfig: Setting CVar [[r.Streaming.MipBias:0]]
[2023.01.28-18.25.50:667][  0]LogConfig: Setting CVar [[r.Streaming.AmortizeCPUToGPUCopy:0]]
[2023.01.28-18.25.50:667][  0]LogConfig: Setting CVar [[r.Streaming.MaxNumTexturesToStreamPerFrame:0]]
[2023.01.28-18.25.50:667][  0]LogConfig: Setting CVar [[r.Streaming.Boost:1]]
[2023.01.28-18.25.50:668][  0]LogConfig: Setting CVar [[r.MaxAnisotropy:8]]
[2023.01.28-18.25.50:668][  0]LogConfig: Setting CVar [[r.VT.MaxAnisotropy:8]]
[2023.01.28-18.25.50:668][  0]LogConfig: Setting CVar [[r.Streaming.LimitPoolSizeToVRAM:0]]
[2023.01.28-18.25.50:668][  0]LogConfig: Setting CVar [[r.Streaming.PoolSize:1000]]
[2023.01.28-18.25.50:668][  0]LogConfig: Setting CVar [[r.Streaming.MaxEffectiveScreenSize:0]]
[2023.01.28-18.25.50:668][  0]LogConfig: Applying CVar settings from Section [EffectsQuality@3] File [E:/Unreal/RPGPrototype_ue4/RPGPrototype/Saved/Config/Windows/Scalability.ini]
[2023.01.28-18.25.50:668][  0]LogConfig: Setting CVar [[r.TranslucencyLightingVolumeDim:64]]
[2023.01.28-18.25.50:668][  0]LogConfig: Setting CVar [[r.RefractionQuality:2]]
[2023.01.28-18.25.50:668][  0]LogConfig: Setting CVar [[r.SSR.Quality:3]]
[2023.01.28-18.25.50:668][  0]LogConfig: Setting CVar [[r.SSR.HalfResSceneColor:0]]
[2023.01.28-18.25.50:668][  0]LogConfig: Setting CVar [[r.SceneColorFormat:4]]
[2023.01.28-18.25.50:668][  0]LogConfig: Setting CVar [[r.DetailMode:2]]
[2023.01.28-18.25.50:668][  0]LogConfig: Setting CVar [[r.TranslucencyVolumeBlur:1]]
[2023.01.28-18.25.50:668][  0]LogConfig: Setting CVar [[r.MaterialQualityLevel:1 ; High quality]]
[2023.01.28-18.25.50:668][  0]LogConfig: Setting CVar [[r.AnisotropicMaterials:1]]
[2023.01.28-18.25.50:668][  0]LogConfig: Setting CVar [[r.SSS.Scale:1]]
[2023.01.28-18.25.50:668][  0]LogConfig: Setting CVar [[r.SSS.SampleSet:2]]
[2023.01.28-18.25.50:668][  0]LogConfig: Setting CVar [[r.SSS.Quality:1]]
[2023.01.28-18.25.50:668][  0]LogConfig: Setting CVar [[r.SSS.HalfRes:0]]
[2023.01.28-18.25.50:668][  0]LogConfig: Setting CVar [[r.SSGI.Quality:3]]
[2023.01.28-18.25.50:668][  0]LogConfig: Setting CVar [[r.EmitterSpawnRateScale:1.0]]
[2023.01.28-18.25.50:668][  0]LogConfig: Setting CVar [[r.ParticleLightQuality:2]]
[2023.01.28-18.25.50:668][  0]LogConfig: Setting CVar [[r.SkyAtmosphere.AerialPerspectiveLUT.FastApplyOnOpaque:1 ; Always have FastSkyLUT 1 in this case to avoid wrong sky]]
[2023.01.28-18.25.50:668][  0]LogConfig: Setting CVar [[r.SkyAtmosphere.AerialPerspectiveLUT.SampleCountMaxPerSlice:4]]
[2023.01.28-18.25.50:668][  0]LogConfig: Setting CVar [[r.SkyAtmosphere.AerialPerspectiveLUT.DepthResolution:16.0]]
[2023.01.28-18.25.50:668][  0]LogConfig: Setting CVar [[r.SkyAtmosphere.FastSkyLUT:1]]
[2023.01.28-18.25.50:668][  0]LogConfig: Setting CVar [[r.SkyAtmosphere.FastSkyLUT.SampleCountMin:4.0]]
[2023.01.28-18.25.50:669][  0]LogConfig: Setting CVar [[r.SkyAtmosphere.FastSkyLUT.SampleCountMax:128.0]]
[2023.01.28-18.25.50:669][  0]LogConfig: Setting CVar [[r.SkyAtmosphere.SampleCountMin:4.0]]
[2023.01.28-18.25.50:669][  0]LogConfig: Setting CVar [[r.SkyAtmosphere.SampleCountMax:128.0]]
[2023.01.28-18.25.50:669][  0]LogConfig: Setting CVar [[r.SkyAtmosphere.TransmittanceLUT.UseSmallFormat:0]]
[2023.01.28-18.25.50:669][  0]LogConfig: Setting CVar [[r.SkyAtmosphere.TransmittanceLUT.SampleCount:10.0]]
[2023.01.28-18.25.50:669][  0]LogConfig: Setting CVar [[r.SkyAtmosphere.MultiScatteringLUT.SampleCount:15.0]]
[2023.01.28-18.25.50:669][  0]LogConfig: Setting CVar [[r.SkyLight.RealTimeReflectionCapture:1]]
[2023.01.28-18.25.50:669][  0]LogConfig: Applying CVar settings from Section [FoliageQuality@3] File [E:/Unreal/RPGPrototype_ue4/RPGPrototype/Saved/Config/Windows/Scalability.ini]
[2023.01.28-18.25.50:669][  0]LogConfig: Setting CVar [[foliage.DensityScale:1.0]]
[2023.01.28-18.25.50:669][  0]LogConfig: Setting CVar [[grass.DensityScale:1.0]]
[2023.01.28-18.25.50:669][  0]LogConfig: Applying CVar settings from Section [ShadingQuality@3] File [E:/Unreal/RPGPrototype_ue4/RPGPrototype/Saved/Config/Windows/Scalability.ini]
[2023.01.28-18.25.50:669][  0]LogConfig: Setting CVar [[r.HairStrands.SkyLighting.IntegrationType:2]]
[2023.01.28-18.25.50:669][  0]LogConfig: Setting CVar [[r.HairStrands.SkyAO.SampleCount:4]]
[2023.01.28-18.25.50:669][  0]LogConfig: Setting CVar [[r.HairStrands.Visibility.MSAA.SamplePerPixel:4]]
[2023.01.28-18.25.50:672][  0]LogInit: Selected Device Profile: [Windows]
[2023.01.28-18.25.50:678][  0]LogInit: Applying CVar settings loaded from the selected device profile: [Windows]
[2023.01.28-18.25.50:681][  0]LogHAL: Display: Platform has ~ 32 GB [34306723840 / 34359738368 / 32], which maps to Largest [LargestMinGB=32, LargerMinGB=12, DefaultMinGB=8, SmallerMinGB=6, SmallestMinGB=0)
[2023.01.28-18.25.50:681][  0]LogInit: Going up to parent DeviceProfile []
[2023.01.28-18.25.50:681][  0]LogConfig: Applying CVar settings from Section [ViewDistanceQuality@3] File [E:/Unreal/RPGPrototype_ue4/RPGPrototype/Saved/Config/Windows/Scalability.ini]
[2023.01.28-18.25.50:681][  0]LogConfig: Setting CVar [[r.SkeletalMeshLODBias:0]]
[2023.01.28-18.25.50:681][  0]LogConfig: Setting CVar [[r.ViewDistanceScale:1.0]]
[2023.01.28-18.25.50:681][  0]LogConfig: Applying CVar settings from Section [AntiAliasingQuality@3] File [E:/Unreal/RPGPrototype_ue4/RPGPrototype/Saved/Config/Windows/Scalability.ini]
[2023.01.28-18.25.50:681][  0]LogConfig: Setting CVar [[r.PostProcessAAQuality:4]]
[2023.01.28-18.25.50:681][  0]LogConfig: Applying CVar settings from Section [ShadowQuality@3] File [E:/Unreal/RPGPrototype_ue4/RPGPrototype/Saved/Config/Windows/Scalability.ini]
[2023.01.28-18.25.50:681][  0]LogConfig: Setting CVar [[r.LightFunctionQuality:1]]
[2023.01.28-18.25.50:681][  0]LogConfig: Setting CVar [[r.ShadowQuality:5]]
[2023.01.28-18.25.50:682][  0]LogConfig: Setting CVar [[r.Shadow.CSM.MaxCascades:10]]
[2023.01.28-18.25.50:682][  0]LogConfig: Setting CVar [[r.Shadow.MaxResolution:2048]]
[2023.01.28-18.25.50:682][  0]LogConfig: Setting CVar [[r.Shadow.MaxCSMResolution:2048]]
[2023.01.28-18.25.50:682][  0]LogConfig: Setting CVar [[r.Shadow.RadiusThreshold:0.01]]
[2023.01.28-18.25.50:682][  0]LogConfig: Setting CVar [[r.Shadow.DistanceScale:1.0]]
[2023.01.28-18.25.50:682][  0]LogConfig: Setting CVar [[r.Shadow.CSM.TransitionScale:1.0]]
[2023.01.28-18.25.50:682][  0]LogConfig: Setting CVar [[r.Shadow.PreShadowResolutionFactor:1.0]]
[2023.01.28-18.25.50:682][  0]LogConfig: Setting CVar [[r.DistanceFieldShadowing:1]]
[2023.01.28-18.25.50:682][  0]LogConfig: Setting CVar [[r.DistanceFieldAO:1]]
[2023.01.28-18.25.50:682][  0]LogConfig: Setting CVar [[r.AOQuality:2]]
[2023.01.28-18.25.50:682][  0]LogConfig: Setting CVar [[r.VolumetricFog:1]]
[2023.01.28-18.25.50:682][  0]LogConfig: Setting CVar [[r.VolumetricFog.GridPixelSize:8]]
[2023.01.28-18.25.50:682][  0]LogConfig: Setting CVar [[r.VolumetricFog.GridSizeZ:128]]
[2023.01.28-18.25.50:682][  0]LogConfig: Setting CVar [[r.VolumetricFog.HistoryMissSupersampleCount:4]]
[2023.01.28-18.25.50:682][  0]LogConfig: Setting CVar [[r.LightMaxDrawDistanceScale:1]]
[2023.01.28-18.25.50:682][  0]LogConfig: Setting CVar [[r.CapsuleShadows:1]]
[2023.01.28-18.25.50:682][  0]LogConfig: Applying CVar settings from Section [PostProcessQuality@3] File [E:/Unreal/RPGPrototype_ue4/RPGPrototype/Saved/Config/Windows/Scalability.ini]
[2023.01.28-18.25.50:682][  0]LogConfig: Setting CVar [[r.MotionBlurQuality:4]]
[2023.01.28-18.25.50:682][  0]LogConfig: Setting CVar [[r.AmbientOcclusionMipLevelFactor:0.4]]
[2023.01.28-18.25.50:682][  0]LogConfig: Setting CVar [[r.AmbientOcclusionMaxQuality:100]]
[2023.01.28-18.25.50:682][  0]LogConfig: Setting CVar [[r.AmbientOcclusionLevels:-1]]
[2023.01.28-18.25.50:682][  0]LogConfig: Setting CVar [[r.AmbientOcclusionRadiusScale:1.0]]
[2023.01.28-18.25.50:683][  0]LogConfig: Setting CVar [[r.DepthOfFieldQuality:2]]
[2023.01.28-18.25.50:683][  0]LogConfig: Setting CVar [[r.RenderTargetPoolMin:400]]
[2023.01.28-18.25.50:683][  0]LogConfig: Setting CVar [[r.LensFlareQuality:2]]
[2023.01.28-18.25.50:683][  0]LogConfig: Setting CVar [[r.SceneColorFringeQuality:1]]
[2023.01.28-18.25.50:683][  0]LogConfig: Setting CVar [[r.EyeAdaptationQuality:2]]
[2023.01.28-18.25.50:683][  0]LogConfig: Setting CVar [[r.BloomQuality:5]]
[2023.01.28-18.25.50:683][  0]LogConfig: Setting CVar [[r.FastBlurThreshold:100]]
[2023.01.28-18.25.50:683][  0]LogConfig: Setting CVar [[r.Upscale.Quality:3]]
[2023.01.28-18.25.50:683][  0]LogConfig: Setting CVar [[r.Tonemapper.GrainQuantization:1]]
[2023.01.28-18.25.50:683][  0]LogConfig: Setting CVar [[r.LightShaftQuality:1]]
[2023.01.28-18.25.50:683][  0]LogConfig: Setting CVar [[r.Filter.SizeScale:1]]
[2023.01.28-18.25.50:683][  0]LogConfig: Setting CVar [[r.Tonemapper.Quality:5]]
[2023.01.28-18.25.50:683][  0]LogConfig: Setting CVar [[r.DOF.Gather.AccumulatorQuality:1        ; higher gathering accumulator quality]]
[2023.01.28-18.25.50:683][  0]LogConfig: Setting CVar [[r.DOF.Gather.PostfilterMethod:1          ; Median3x3 postfilering method]]
[2023.01.28-18.25.50:683][  0]LogConfig: Setting CVar [[r.DOF.Gather.EnableBokehSettings:0       ; no bokeh simulation when gathering]]
[2023.01.28-18.25.50:683][  0]LogConfig: Setting CVar [[r.DOF.Gather.RingCount:4                 ; medium number of samples when gathering]]
[2023.01.28-18.25.50:683][  0]LogConfig: Setting CVar [[r.DOF.Scatter.ForegroundCompositing:1    ; additive foreground scattering]]
[2023.01.28-18.25.50:683][  0]LogConfig: Setting CVar [[r.DOF.Scatter.BackgroundCompositing:2    ; additive background scattering]]
[2023.01.28-18.25.50:683][  0]LogConfig: Setting CVar [[r.DOF.Scatter.EnableBokehSettings:1      ; bokeh simulation when scattering]]
[2023.01.28-18.25.50:683][  0]LogConfig: Setting CVar [[r.DOF.Scatter.MaxSpriteRatio:0.1         ; only a maximum of 10% of scattered bokeh]]
[2023.01.28-18.25.50:683][  0]LogConfig: Setting CVar [[r.DOF.Recombine.Quality:1                ; cheap slight out of focus]]
[2023.01.28-18.25.50:683][  0]LogConfig: Setting CVar [[r.DOF.Recombine.EnableBokehSettings:0    ; no bokeh simulation on slight out of focus]]
[2023.01.28-18.25.50:683][  0]LogConfig: Setting CVar [[r.DOF.TemporalAAQuality:1                ; more stable temporal accumulation]]
[2023.01.28-18.25.50:683][  0]LogConfig: Setting CVar [[r.DOF.Kernel.MaxForegroundRadius:0.025]]
[2023.01.28-18.25.50:683][  0]LogConfig: Setting CVar [[r.DOF.Kernel.MaxBackgroundRadius:0.025]]
[2023.01.28-18.25.50:683][  0]LogConfig: Applying CVar settings from Section [TextureQuality@3] File [E:/Unreal/RPGPrototype_ue4/RPGPrototype/Saved/Config/Windows/Scalability.ini]
[2023.01.28-18.25.50:683][  0]LogConfig: Setting CVar [[r.Streaming.MipBias:0]]
[2023.01.28-18.25.50:684][  0]LogConfig: Setting CVar [[r.Streaming.AmortizeCPUToGPUCopy:0]]
[2023.01.28-18.25.50:684][  0]LogConfig: Setting CVar [[r.Streaming.MaxNumTexturesToStreamPerFrame:0]]
[2023.01.28-18.25.50:684][  0]LogConfig: Setting CVar [[r.Streaming.Boost:1]]
[2023.01.28-18.25.50:684][  0]LogConfig: Setting CVar [[r.MaxAnisotropy:8]]
[2023.01.28-18.25.50:684][  0]LogConfig: Setting CVar [[r.VT.MaxAnisotropy:8]]
[2023.01.28-18.25.50:684][  0]LogConfig: Setting CVar [[r.Streaming.LimitPoolSizeToVRAM:0]]
[2023.01.28-18.25.50:684][  0]LogConfig: Setting CVar [[r.Streaming.PoolSize:1000]]
[2023.01.28-18.25.50:684][  0]LogConfig: Setting CVar [[r.Streaming.MaxEffectiveScreenSize:0]]
[2023.01.28-18.25.50:684][  0]LogConfig: Applying CVar settings from Section [EffectsQuality@3] File [E:/Unreal/RPGPrototype_ue4/RPGPrototype/Saved/Config/Windows/Scalability.ini]
[2023.01.28-18.25.50:684][  0]LogConfig: Setting CVar [[r.TranslucencyLightingVolumeDim:64]]
[2023.01.28-18.25.50:684][  0]LogConfig: Setting CVar [[r.RefractionQuality:2]]
[2023.01.28-18.25.50:684][  0]LogConfig: Setting CVar [[r.SSR.Quality:3]]
[2023.01.28-18.25.50:684][  0]LogConfig: Setting CVar [[r.SSR.HalfResSceneColor:0]]
[2023.01.28-18.25.50:684][  0]LogConfig: Setting CVar [[r.SceneColorFormat:4]]
[2023.01.28-18.25.50:684][  0]LogConfig: Setting CVar [[r.DetailMode:2]]
[2023.01.28-18.25.50:684][  0]LogConfig: Setting CVar [[r.TranslucencyVolumeBlur:1]]
[2023.01.28-18.25.50:684][  0]LogConfig: Setting CVar [[r.MaterialQualityLevel:1 ; High quality]]
[2023.01.28-18.25.50:684][  0]LogConfig: Setting CVar [[r.AnisotropicMaterials:1]]
[2023.01.28-18.25.50:684][  0]LogConfig: Setting CVar [[r.SSS.Scale:1]]
[2023.01.28-18.25.50:684][  0]LogConfig: Setting CVar [[r.SSS.SampleSet:2]]
[2023.01.28-18.25.50:684][  0]LogConfig: Setting CVar [[r.SSS.Quality:1]]
[2023.01.28-18.25.50:684][  0]LogConfig: Setting CVar [[r.SSS.HalfRes:0]]
[2023.01.28-18.25.50:684][  0]LogConfig: Setting CVar [[r.SSGI.Quality:3]]
[2023.01.28-18.25.50:684][  0]LogConfig: Setting CVar [[r.EmitterSpawnRateScale:1.0]]
[2023.01.28-18.25.50:684][  0]LogConfig: Setting CVar [[r.ParticleLightQuality:2]]
[2023.01.28-18.25.50:684][  0]LogConfig: Setting CVar [[r.SkyAtmosphere.AerialPerspectiveLUT.FastApplyOnOpaque:1 ; Always have FastSkyLUT 1 in this case to avoid wrong sky]]
[2023.01.28-18.25.50:685][  0]LogConfig: Setting CVar [[r.SkyAtmosphere.AerialPerspectiveLUT.SampleCountMaxPerSlice:4]]
[2023.01.28-18.25.50:685][  0]LogConfig: Setting CVar [[r.SkyAtmosphere.AerialPerspectiveLUT.DepthResolution:16.0]]
[2023.01.28-18.25.50:685][  0]LogConfig: Setting CVar [[r.SkyAtmosphere.FastSkyLUT:1]]
[2023.01.28-18.25.50:685][  0]LogConfig: Setting CVar [[r.SkyAtmosphere.FastSkyLUT.SampleCountMin:4.0]]
[2023.01.28-18.25.50:685][  0]LogConfig: Setting CVar [[r.SkyAtmosphere.FastSkyLUT.SampleCountMax:128.0]]
[2023.01.28-18.25.50:685][  0]LogConfig: Setting CVar [[r.SkyAtmosphere.SampleCountMin:4.0]]
[2023.01.28-18.25.50:685][  0]LogConfig: Setting CVar [[r.SkyAtmosphere.SampleCountMax:128.0]]
[2023.01.28-18.25.50:685][  0]LogConfig: Setting CVar [[r.SkyAtmosphere.TransmittanceLUT.UseSmallFormat:0]]
[2023.01.28-18.25.50:685][  0]LogConfig: Setting CVar [[r.SkyAtmosphere.TransmittanceLUT.SampleCount:10.0]]
[2023.01.28-18.25.50:685][  0]LogConfig: Setting CVar [[r.SkyAtmosphere.MultiScatteringLUT.SampleCount:15.0]]
[2023.01.28-18.25.50:685][  0]LogConfig: Setting CVar [[r.SkyLight.RealTimeReflectionCapture:1]]
[2023.01.28-18.25.50:685][  0]LogConfig: Applying CVar settings from Section [FoliageQuality@3] File [E:/Unreal/RPGPrototype_ue4/RPGPrototype/Saved/Config/Windows/Scalability.ini]
[2023.01.28-18.25.50:685][  0]LogConfig: Setting CVar [[foliage.DensityScale:1.0]]
[2023.01.28-18.25.50:685][  0]LogConfig: Setting CVar [[grass.DensityScale:1.0]]
[2023.01.28-18.25.50:685][  0]LogConfig: Applying CVar settings from Section [ShadingQuality@3] File [E:/Unreal/RPGPrototype_ue4/RPGPrototype/Saved/Config/Windows/Scalability.ini]
[2023.01.28-18.25.50:685][  0]LogConfig: Setting CVar [[r.HairStrands.SkyLighting.IntegrationType:2]]
[2023.01.28-18.25.50:685][  0]LogConfig: Setting CVar [[r.HairStrands.SkyAO.SampleCount:4]]
[2023.01.28-18.25.50:685][  0]LogConfig: Setting CVar [[r.HairStrands.Visibility.MSAA.SamplePerPixel:4]]
[2023.01.28-18.25.50:685][  0]LogConfig: Applying CVar settings from Section [Startup] File [../../../Engine/Config/ConsoleVariables.ini]
[2023.01.28-18.25.50:686][  0]LogConfig: Setting CVar [[net.UseAdaptiveNetUpdateFrequency:0]]
[2023.01.28-18.25.50:686][  0]LogConfig: Setting CVar [[p.chaos.AllowCreatePhysxBodies:1]]
[2023.01.28-18.25.50:686][  0]LogConfig: Setting CVar [[fx.SkipVectorVMBackendOptimizations:1]]
[2023.01.28-18.25.50:686][  0]LogConfig: Applying CVar settings from Section [ConsoleVariables] File [E:/Unreal/RPGPrototype_ue4/RPGPrototype/Saved/Config/Windows/Engine.ini]
[2023.01.28-18.25.50:686][  0]LogConfig: Applying CVar settings from Section [ConsoleVariables] File [E:/Unreal/RPGPrototype_ue4/RPGPrototype/Saved/Config/Windows/Editor.ini]
[2023.01.28-18.25.50:689][  0]LogInit: Computer: DESKTOP-SQ2C6IA
[2023.01.28-18.25.50:689][  0]LogInit: User: Usuario
[2023.01.28-18.25.50:689][  0]LogInit: CPU Page size=4096, Cores=6
[2023.01.28-18.25.50:689][  0]LogInit: High frequency timer resolution =10.000000 MHz
[2023.01.28-18.25.50:689][  0]LogMemory: Memory total: Physical=32.0GB (32GB approx)
[2023.01.28-18.25.50:689][  0]LogMemory: Platform Memory Stats for Windows
[2023.01.28-18.25.50:689][  0]LogMemory: Process Physical Memory: 147.44 MB used, 147.44 MB peak
[2023.01.28-18.25.50:689][  0]LogMemory: Process Virtual Memory: 126.03 MB used, 126.03 MB peak
[2023.01.28-18.25.50:689][  0]LogMemory: Physical Memory: 9579.53 MB used,  23137.91 MB free, 32717.44 MB total
[2023.01.28-18.25.50:689][  0]LogMemory: Virtual Memory: 134192424.00 MB used,  25306.19 MB free, 134217728.00 MB total
[2023.01.28-18.25.51:233][  0]LogWindows: WindowsPlatformFeatures enabled
[2023.01.28-18.25.52:520][  0]LogInit: Physics initialised using underlying interface: PhysX
[2023.01.28-18.25.52:538][  0]LogInit: Overriding language with editor language configuration option (en).
[2023.01.28-18.25.52:538][  0]LogInit: Using OS detected locale (es-ES).
[2023.01.28-18.25.53:493][  0]LogInit: Setting process to per monitor DPI aware
[2023.01.28-18.25.53:552][  0]LogWindowsTextInputMethodSystem: Display: IME system deactivated.
[2023.01.28-18.25.53:695][  0]LogSlate: New Slate User Created.  User Index 0, Is Virtual User: 0
[2023.01.28-18.25.53:696][  0]LogSlate: Slate User Registered.  User Index 0, Is Virtual User: 0
[2023.01.28-18.25.54:237][  0]LogD3D11RHI: Loaded GFSDK_Aftermath_Lib.x64.dll
[2023.01.28-18.25.54:275][  0]LogHMD: Failed to initialize OpenVR with code 110
[2023.01.28-18.25.54:275][  0]LogD3D11RHI: D3D11 min allowed feature level: 11_0
[2023.01.28-18.25.54:275][  0]LogD3D11RHI: D3D11 max allowed feature level: 11_0
[2023.01.28-18.25.54:275][  0]LogD3D11RHI: D3D11 adapters:
[2023.01.28-18.25.54:451][  0]LogD3D11RHI:    0. 'NVIDIA GeForce RTX 2060 SUPER' (Feature Level 11_0)
[2023.01.28-18.25.54:452][  0]LogD3D11RHI:       8019/0/16358 MB DedicatedVideo/DedicatedSystem/SharedSystem, Outputs:2, VendorId:0x10de
[2023.01.28-18.25.54:462][  0]LogD3D11RHI:    1. 'Microsoft Basic Render Driver' (Feature Level 11_0)
[2023.01.28-18.25.54:462][  0]LogD3D11RHI:       0/0/16358 MB DedicatedVideo/DedicatedSystem/SharedSystem, Outputs:0, VendorId:0x1414
[2023.01.28-18.25.54:462][  0]LogD3D11RHI: Chosen D3D11 Adapter:
[2023.01.28-18.25.54:462][  0]LogD3D11RHI:     Description : NVIDIA GeForce RTX 2060 SUPER
[2023.01.28-18.25.54:462][  0]LogD3D11RHI:     VendorId    : 10de
[2023.01.28-18.25.54:462][  0]LogD3D11RHI:     DeviceId    : 1f06
[2023.01.28-18.25.54:462][  0]LogD3D11RHI:     SubSysId    : 3fed1458
[2023.01.28-18.25.54:462][  0]LogD3D11RHI:     Revision    : 00a1
[2023.01.28-18.25.54:462][  0]LogD3D11RHI:     DedicatedVideoMemory : 8408530944 bytes
[2023.01.28-18.25.54:462][  0]LogD3D11RHI:     DedicatedSystemMemory : 0 bytes
[2023.01.28-18.25.54:462][  0]LogD3D11RHI:     SharedSystemMemory : 17153361920 bytes
[2023.01.28-18.25.54:462][  0]LogD3D11RHI:     AdapterLuid : 0 67223
[2023.01.28-18.25.54:474][  0]LogD3D11RHI: Creating new Direct3DDevice
[2023.01.28-18.25.54:474][  0]LogD3D11RHI:     GPU DeviceId: 0x1f06 (for the marketing name, search the web for "GPU Device Id")
[2023.01.28-18.25.54:474][  0]LogWindows: EnumDisplayDevices:
[2023.01.28-18.25.54:474][  0]LogWindows:    0. 'NVIDIA GeForce RTX 2060 SUPER' (P:1 D:1)
[2023.01.28-18.25.54:475][  0]LogWindows:    1. 'NVIDIA GeForce RTX 2060 SUPER' (P:0 D:1)
[2023.01.28-18.25.54:475][  0]LogWindows:    2. 'NVIDIA GeForce RTX 2060 SUPER' (P:0 D:0)
[2023.01.28-18.25.54:476][  0]LogWindows:    3. 'NVIDIA GeForce RTX 2060 SUPER' (P:0 D:0)
[2023.01.28-18.25.54:476][  0]LogWindows: DebugString: FoundDriverCount:4 
[2023.01.28-18.25.54:476][  0]LogD3D11RHI:     Adapter Name: NVIDIA GeForce RTX 2060 SUPER
[2023.01.28-18.25.54:481][  0]LogD3D11RHI:   Driver Version: 528.02 (internal:31.0.15.2802, unified:528.02)
[2023.01.28-18.25.54:481][  0]LogD3D11RHI:      Driver Date: 12-22-2022
[2023.01.28-18.25.54:481][  0]LogRHI: Texture pool is 5613 MB (70% of 8019 MB)
[2023.01.28-18.25.54:481][  0]LogD3D11RHI: Creating D3DDevice using adapter:
[2023.01.28-18.25.54:481][  0]LogD3D11RHI:     Description : NVIDIA GeForce RTX 2060 SUPER
[2023.01.28-18.25.54:481][  0]LogD3D11RHI:     VendorId    : 10de
[2023.01.28-18.25.54:481][  0]LogD3D11RHI:     DeviceId    : 1f06
[2023.01.28-18.25.54:481][  0]LogD3D11RHI:     SubSysId    : 3fed1458
[2023.01.28-18.25.54:481][  0]LogD3D11RHI:     Revision    : 00a1
[2023.01.28-18.25.54:481][  0]LogD3D11RHI:     DedicatedVideoMemory : 8408530944 bytes
[2023.01.28-18.25.54:481][  0]LogD3D11RHI:     DedicatedSystemMemory : 0 bytes
[2023.01.28-18.25.54:481][  0]LogD3D11RHI:     SharedSystemMemory : 17153361920 bytes
[2023.01.28-18.25.54:481][  0]LogD3D11RHI:     AdapterLuid : 0 67223
[2023.01.28-18.25.54:575][  0]LogD3D11RHI: RHI has support for 64 bit atomics
[2023.01.28-18.25.54:575][  0]LogD3D11RHI: Async texture creation enabled
[2023.01.28-18.25.54:576][  0]LogD3D11RHI: Array index from any shader is supported
[2023.01.28-18.25.54:689][  0]LogD3D11RHI: GPU Timing Frequency: 1000.000000 (Debug: 2 1)
[2023.01.28-18.25.54:920][  0]LogRHI: GeForceNow SDK initialized: 1
[2023.01.28-18.25.55:278][  0]LogTargetPlatformManager: Display: Loaded TargetPlatform 'AllDesktop'
[2023.01.28-18.25.55:306][  0]LogTargetPlatformManager: Display: Loaded TargetPlatform 'Android'
[2023.01.28-18.25.55:306][  0]LogTargetPlatformManager: Display: Loaded TargetPlatform 'Android_ASTC'
[2023.01.28-18.25.55:306][  0]LogTargetPlatformManager: Display: Loaded TargetPlatform 'Android_DXT'
[2023.01.28-18.25.55:306][  0]LogTargetPlatformManager: Display: Loaded TargetPlatform 'Android_ETC2'
[2023.01.28-18.25.55:306][  0]LogTargetPlatformManager: Display: Loaded TargetPlatform 'AndroidClient'
[2023.01.28-18.25.55:306][  0]LogTargetPlatformManager: Display: Loaded TargetPlatform 'Android_ASTCClient'
[2023.01.28-18.25.55:307][  0]LogTargetPlatformManager: Display: Loaded TargetPlatform 'Android_DXTClient'
[2023.01.28-18.25.55:307][  0]LogTargetPlatformManager: Display: Loaded TargetPlatform 'Android_ETC2Client'
[2023.01.28-18.25.55:307][  0]LogTargetPlatformManager: Display: Loaded TargetPlatform 'Android_Multi'
[2023.01.28-18.25.55:307][  0]LogTargetPlatformManager: Display: Loaded TargetPlatform 'Android_MultiClient'
[2023.01.28-18.25.55:357][  0]LogTargetPlatformManager: Display: Loaded TargetPlatform 'IOSClient'
[2023.01.28-18.25.55:357][  0]LogTargetPlatformManager: Display: Loaded TargetPlatform 'IOS'
[2023.01.28-18.25.55:406][  0]LogTargetPlatformManager: Display: Loaded TargetPlatform 'Linux'
[2023.01.28-18.25.55:431][  0]LogTargetPlatformManager: Display: Loaded TargetPlatform 'LinuxNoEditor'
[2023.01.28-18.25.55:442][  0]LogTargetPlatformManager: Display: Loaded TargetPlatform 'LinuxClient'
[2023.01.28-18.25.55:476][  0]LogTargetPlatformManager: Display: Loaded TargetPlatform 'LinuxServer'
[2023.01.28-18.25.55:493][  0]LogTargetPlatformManager: Display: Loaded TargetPlatform 'LinuxAArch64NoEditor'
[2023.01.28-18.25.55:503][  0]LogTargetPlatformManager: Display: Loaded TargetPlatform 'LinuxAArch64Client'
[2023.01.28-18.25.55:515][  0]LogTargetPlatformManager: Display: Loaded TargetPlatform 'LinuxAArch64Server'
[2023.01.28-18.25.55:563][  0]LogTargetPlatformManager: Display: Loaded TargetPlatform 'Lumin'
[2023.01.28-18.25.55:563][  0]LogTargetPlatformManager: Display: Loaded TargetPlatform 'LuminClient'
[2023.01.28-18.25.55:579][  0]LogTargetPlatformManager: Display: Loaded TargetPlatform 'MacNoEditor'
[2023.01.28-18.25.55:590][  0]LogTargetPlatformManager: Display: Loaded TargetPlatform 'Mac'
[2023.01.28-18.25.55:600][  0]LogTargetPlatformManager: Display: Loaded TargetPlatform 'MacClient'
[2023.01.28-18.25.55:614][  0]LogTargetPlatformManager: Display: Loaded TargetPlatform 'MacServer'
[2023.01.28-18.25.55:628][  0]LogTargetPlatformManager: Display: Loaded TargetPlatform 'TVOSClient'
[2023.01.28-18.25.55:628][  0]LogTargetPlatformManager: Display: Loaded TargetPlatform 'TVOS'
[2023.01.28-18.25.55:654][  0]LogTargetPlatformManager: Display: Loaded TargetPlatform 'WindowsNoEditor'
[2023.01.28-18.25.55:668][  0]LogTargetPlatformManager: Display: Loaded TargetPlatform 'Windows'
[2023.01.28-18.25.55:679][  0]LogTargetPlatformManager: Display: Loaded TargetPlatform 'WindowsClient'
[2023.01.28-18.25.55:693][  0]LogTargetPlatformManager: Display: Loaded TargetPlatform 'WindowsServer'
[2023.01.28-18.25.55:693][  0]LogTargetPlatformManager: Display: Building Assets For Windows
[2023.01.28-18.25.55:769][  0]LogAudioDebug: Display: Lib vorbis DLL was dynamically loaded.
[2023.01.28-18.25.55:984][  0]LogTextureFormatOodle: Display: Oodle Texture 2.9.0 init RDO Off
[2023.01.28-18.25.56:571][  0]LogRendererCore: Ray tracing is disabled. Reason: r.RayTracing=0.
[2023.01.28-18.25.56:573][  0]LogShaderCompilers: Guid format shader working directory is -3 characters bigger than the processId version (../../../../../Unreal/RPGPrototype_ue4/RPGPrototype/Intermediate/Shaders/WorkingDirectory/9208/).
[2023.01.28-18.25.56:582][  0]LogShaderCompilers: Cleaned the shader compiler working directory 'C:/Users/Usuario/AppData/Local/Temp/UnrealShaderWorkingDir/EDFAA01F42F37C37FA1B0FB70331DD20/'.
[2023.01.28-18.25.56:583][  0]LogXGEController: Cannot use XGE Controller as Incredibuild is not installed on this machine.
[2023.01.28-18.25.56:588][  0]LogShaderCompilers: Cannot use XGE Shader Compiler as Incredibuild is not installed on this machine.
[2023.01.28-18.25.56:588][  0]LogShaderCompilers: Display: Using Local Shader Compiler.
[2023.01.28-18.25.57:812][  0]LogDerivedDataCache: Display: Max Cache Size: 512 MB
[2023.01.28-18.25.57:933][  0]LogDerivedDataCache: Loaded boot cache 0.10s 96MB C:/Users/Usuario/AppData/Local/UnrealEngine/4.27/DerivedDataCache/Boot.ddc.
[2023.01.28-18.25.57:933][  0]LogDerivedDataCache: Display: Loaded Boot cache: C:/Users/Usuario/AppData/Local/UnrealEngine/4.27/DerivedDataCache/Boot.ddc
[2023.01.28-18.25.57:933][  0]LogDerivedDataCache: FDerivedDataBackendGraph:  Pak pak cache file ../../../../../Unreal/RPGPrototype_ue4/RPGPrototype/DerivedDataCache/DDC.ddp not found, will not use a pak cache.
[2023.01.28-18.25.57:933][  0]LogDerivedDataCache: Unable to find inner node Pak for hierarchical cache Hierarchy.
[2023.01.28-18.25.57:934][  0]LogDerivedDataCache: FDerivedDataBackendGraph:  CompressedPak pak cache file ../../../../../Unreal/RPGPrototype_ue4/RPGPrototype/DerivedDataCache/Compressed.ddp not found, will not use a pak cache.
[2023.01.28-18.25.57:934][  0]LogDerivedDataCache: Unable to find inner node CompressedPak for hierarchical cache Hierarchy.
[2023.01.28-18.25.58:094][  0]LogDerivedDataCache: Display: Pak cache opened for reading ../../../Engine/DerivedDataCache/Compressed.ddp.
[2023.01.28-18.25.58:094][  0]LogDerivedDataCache: FDerivedDataBackendGraph:  EnterprisePak pak cache file ../../../Enterprise/DerivedDataCache/Compressed.ddp not found, will not use a pak cache.
[2023.01.28-18.25.58:094][  0]LogDerivedDataCache: Unable to find inner node EnterprisePak for hierarchical cache Hierarchy.
[2023.01.28-18.25.58:111][  0]LogDerivedDataCache: Speed tests for C:/Users/Usuario/AppData/Local/UnrealEngine/Common/DerivedDataCache took 0.02 seconds
[2023.01.28-18.25.58:111][  0]LogDerivedDataCache: Display: Performance to C:/Users/Usuario/AppData/Local/UnrealEngine/Common/DerivedDataCache: Latency=0.28ms. RandomReadSpeed=186.55MBs, RandomWriteSpeed=109.99MBs. Assigned SpeedClass 'Local'
[2023.01.28-18.25.58:113][  0]LogDerivedDataCache: Using Local data cache path C:/Users/Usuario/AppData/Local/UnrealEngine/Common/DerivedDataCache: Writable
[2023.01.28-18.25.58:113][  0]LogDerivedDataCache: Shared data cache path not found in *engine.ini, will not use an Shared cache.
[2023.01.28-18.25.58:113][  0]LogDerivedDataCache: Unable to find inner node Shared for hierarchical cache Hierarchy.
[2023.01.28-18.25.58:179][  0]LogSlate: Using FreeType 2.10.0
[2023.01.28-18.25.58:188][  0]LogSlate: SlateFontServices - WITH_FREETYPE: 1, WITH_HARFBUZZ: 1
[2023.01.28-18.25.58:365][  0]LogAssetRegistry: FAssetRegistry took 0.0324 seconds to start up
[2023.01.28-18.26.01:097][  0]LogInit: Selected Device Profile: [Windows]
[2023.01.28-18.26.01:097][  0]LogInit: Active device profile: [00000214AC6C3300][00000214AD260380 49] Windows
[2023.01.28-18.26.01:098][  0]LogInit: Profiles: [00000214AC6C3300][00000214AD260380 49] Windows, [00000214AC674F00][00000214AD268500 49] WindowsNoEditor, [00000214AC6C0F00][00000214AD264640 49] WindowsServer, [00000214AC676A00][00000214AD26C780 49] WindowsClient, [00000214AC6C2900][00000214AD2708C0 49] IOS, [00000214AC675900][00000214AD278A40 49] iPadAir, [00000214AC6C1800][00000214AD27CBC0 49] iPadAir2, [00000214AE653800][00000214AD284E80 49] IPadPro, [00000214AE653900][00000214AD280EC0 49] iPadAir3, [00000214AC6C2200][00000214AD289040 49] iPadAir4, [00000214AE651400][00000214AD28D1C0 49] iPadMini2, [00000214AC6C3C00][00000214AD291340 49] iPadMini3, [00000214AE652400][00000214AD2954C0 49] iPadMini4, [00000214AC6C1100][00000214AD299640 49] iPadMini5, [00000214AE68F100][00000214AD2A1900 49] iPhone6, [00000214AE68F200][00000214AD29D940 49] iPodTouch6, [00000214AE650600][00000214AD2A9C00 49] iPhone7, [00000214AE650400][00000214AD2A40C0 49] iPodTouch7, [00000214AE68D300][00000214AD2AC240 49] iPhone5S, [00000214AE650D00][00000214AD2B03C0 49] iPhone6Plus, [00000214AE68E500][00000214AD2B4540 49] iPhone6S, [00000214AE653E00][00000214AD2B86C0 49] iPhone6SPlus, [00000214AE68FA00][00000214AD274800 49] iPhone7Plus, [00000214AE651900][00000214AD2BC940 49] iPhoneSE, [00000214AE68C900][00000214AD2C0A80 49] iPhone8, [00000214AE652800][00000214AD2C4BC0 49] iPhone8Plus, [00000214AE68E300][00000214AD2CCD40 49] iPhoneX, [00000214AE652700][00000214AD2D0EC0 49] iPhoneXS, [00000214AE68FB00][00000214AD2D5040 49] iPhoneXSMax, [00000214AE653500][00000214AD2D91C0 49] iPhoneXR, [00000214AE68F800][00000214AD2DD340 49] iPhone11, [00000214AE651100][00000214AD2E14C0 49] iPhone11Pro, [00000214AE68DD00][00000214AD2E5640 49] iPhone11ProMax, [00000214AE651600][00000214AD2E97C0 49] iPhoneSE2, [00000214AE68D200][00000214AD2ED940 49] iPhone12Mini, [00000214AE653300][00000214AD2F1AC0 49] iPhone12, [00000214AE68CF00][00000214AD2F40C0 49] iPhone12Pro, [00000214AE650700][00000214AD2F8240 49] iPhone12ProMax, [00000214AE68CB00][00000214AD2FC3C0 49] iPadPro105, [00000214AE651000][00000214AD300540 49] iPadPro129, [00000214AE68C200][00000214AD3046C0 49] iPadPro97, [00000214AE653400][00000214AD308840 49] iPadPro2_129, [00000214AE68E800][00000214AD2C8980 49] iPad5, [00000214AE653A00][00000214AD30CAC0 49] iPad6, [00000214AE68DE00][00000214AD310C00 49] iPad7, [00000214AE651C00][00000214AD314D40 49] iPad8, [00000214AE68DA00][00000214AD31CEC0 49] iPadPro11, [00000214AE651E00][00000214AD321040 49] iPadPro2_11, [00000214AE68CC00][00000214AD3251C0 49] iPadPro3_129, [00000214AE653700][00000214AD329340 49] iPadPro4_129, [00000214AE68D900][00000214AD32D4C0 49] AppleTV, [00000214AE650100][00000214AD331640 49] AppleTV4K, [00000214AE68EC00][00000214AD3357C0 49] TVOS, [00000214AE653C00][00000214AD339940 49] Mac, [00000214AE68CE00][00000214AD33DAC0 49] MacClient, [00000214AE653100][00000214AD3400C0 49] MacNoEditor, [00000214AE68FD00][00000214AD344240 49] MacServer, [00000214AE652A00][00000214AD3483C0 49] Linux, [00000214AE68D000][00000214AD34C540 49] LinuxAArch64, [00000214AE652600][00000214AD3506C0 49] LinuxNoEditor, [00000214AC676500][00000214AD354840 49] LinuxAArch64NoEditor, [00000214AC84A200][00000214AD3589C0 49] LinuxClient, [00000214AC675A00][00000214AD35CB40 49] LinuxAArch64Client, [00000214AC849B00][00000214AD318C80 49] LinuxServer, [00000214AC676B00][00000214AD360DC0 49] LinuxAArch64Server, [00000214AC848300][00000214AD364F00 49] Android, [00000214AC674100][00000214AD36D080 49] Android_Low, [00000214AC849C00][00000214AD371200 49] Android_Mid, [00000214AC675400][00000214AD375380 49] Android_High, [00000214AC849D00][00000214AD379500 49] Android_Default, [00000214AC677200][00000214AD37D680 49] Android_Adreno4xx, [00000214AC849800][00000214AD381800 49] Android_Adreno5xx_Low, [00000214AC676800][00000214AD385980 49] Android_Adreno5xx, [00000214AC84A800][00000214AD389B00 49] Android_Adreno6xx, [00000214AC674B00][00000214AD38C100 49] Android_Adreno6xx_Vulkan, [00000214AC84A500][00000214AD390280 49] Android_Mali_T6xx, [00000214AC676600][00000214AD394400 49] Android_Mali_T7xx, [00000214AC848100][00000214AD398580 49] Android_Mali_T8xx, [00000214AC674400][00000214AD39C700 49] Android_Mali_G71, [00000214AC849700][00000214AD3A0880 49] Android_Mali_G72, [00000214AE653F00][00000214AD3A4A00 49] Android_Mali_G72_Vulkan, [00000214AE68EE00][00000214AD3A8B80 49] Android_Mali_G76, [00000214AE653B00][00000214AD3ACD00 49] Android_Mali_G76_Vulkan, [00000214AE68CD00][00000214AD368E40 49] Android_Mali_G77, [00000214AE651700][00000214AD3B0F80 49] Android_Mali_G77_Vulkan, [00000214AE68D400][00000214AD3B50C0 49] Android_Mali_G78, [00000214AE650800][00000214AD3BD240 49] Android_Mali_G78_Vulkan, [00000214AC849A00][00000214AD3C13C0 49] Android_Mali_G710, [00000214AE650200][00000214AD3C5540 49] Android_Mali_G710_Vulkan, [00000214AC848600][00000214AD3C96C0 49] Android_Vulkan_SM5, [00000214AE652E00][00000214AD3CD840 49] Android_PowerVR_G6xxx, [00000214AC848E00][00000214AD3D19C0 49] Android_PowerVR_GT7xxx, [00000214AE650300][00000214AD3D5B40 49] Android_PowerVR_GE8xxx, [00000214AC84A300][00000214AD3D8140 49] Android_PowerVR_GM9xxx, [00000214AE651500][00000214AD3DC2C0 49] Android_PowerVR_GM9xxx_Vulkan, [00000214AC849000][00000214AD3E0440 49] Android_TegraK1, [00000214AE650F00][00000214AD3E45C0 49] Android_Unknown_Vulkan, [00000214AC849600][00000214AD3E8740 49] Lumin, [00000214AE651A00][00000214AD3EC8C0 49] Lumin_Desktop, [00000214AC848700][00000214AD3F0A40 49] HoloLens, 
[2023.01.28-18.26.03:696][  0]LogMeshReduction: Using QuadricMeshReduction for automatic static mesh reduction
[2023.01.28-18.26.03:696][  0]LogMeshReduction: Using SimplygonMeshReduction for automatic skeletal mesh reduction
[2023.01.28-18.26.03:696][  0]LogMeshReduction: Using ProxyLODMeshReduction for automatic mesh merging
[2023.01.28-18.26.03:696][  0]LogMeshReduction: No distributed automatic mesh merging module available
[2023.01.28-18.26.03:697][  0]LogMeshMerging: No distributed automatic mesh merging module available
[2023.01.28-18.26.04:044][  0]LogNetVersion: RPGPrototype 1.0.0, NetCL: 17155196, EngineNetVer: 17, GameNetVer: 0 (Checksum: 3773697764)
[2023.01.28-18.26.13:860][  0]LogTexture: Default maximum texture size for cubemaps generated from long-lat sources has been changed from 512 to unlimited. In order to preserve old behaiour for '/Engine/MapTemplates/Sky/DaylightAmbientCubemap.DaylightAmbientCubemap', its maximum texture size has been explicitly set to 512.
[2023.01.28-18.26.14:056][  0]LogHMD: PokeAHoleMaterial loaded successfully
[2023.01.28-18.26.14:071][  0]LogUObjectArray: 17186 objects as part of root set at end of initial load.
[2023.01.28-18.26.14:071][  0]LogUObjectAllocator: 4313952 out of 0 bytes used by permanent object pool.
[2023.01.28-18.26.14:071][  0]LogUObjectArray: CloseDisregardForGC: 0/0 objects in disregard for GC pool
[2023.01.28-18.26.15:687][  0]LogPython: Using Python 3.7.7
[2023.01.28-18.26.16:923][  0]LogNiagaraDebuggerClient: Niagara Debugger Client Initialized | Session: E2901DE44AD5EF6DE11B9A873A9950DA | Instance: 7583A6FA4069E44804277DA2D691BFE2 (DESKTOP-SQ2C6IA-9208).
[2023.01.28-18.26.18:705][  0]LogTcpMessaging: Initializing TcpMessaging bridge
[2023.01.28-18.26.18:801][  0]LogUdpMessaging: Initializing bridge on interface 0.0.0.0:0 to multicast group 230.0.0.1:6666.
[2023.01.28-18.26.19:174][  0]LogStats: UGameplayTagsManager::InitializeManager -  0.024 s
