Log file open, 02/19/23 17:43:06
LogWindows: Failed to load 'aqProf.dll' (GetLastError=126)
LogWindows: File 'aqProf.dll' does not exist
LogWindows: Failed to load 'VtuneApi.dll' (GetLastError=126)
LogWindows: File 'VtuneApi.dll' does not exist
LogWindows: Failed to load 'VtuneApi32e.dll' (GetLastError=126)
LogWindows: File 'VtuneApi32e.dll' does not exist
LogConsoleResponse: Display: Failed to find resolution value strings in scalability ini. Falling back to default.
LogConsoleResponse: Display: Failed to find resolution value strings in scalability ini. Falling back to default.
LogInit: Display: Running engine for game: RPGPrototype
LogPlatformFile: Not using cached read wrapper
LogTaskGraph: Started task graph with 5 named threads and 35 total threads with 3 sets of task threads.
LogStats: Stats thread started at 0.360831
LogICUInternationalization: ICU TimeZone Detection - Raw Offset: +0:00, Platform Override: ''
LogInit: Display: Loading text-based GConfig....
LogPluginManager: Mounting plugin MeshPainting
LogPluginManager: Mounting plugin XGEController
LogPluginManager: Mounting plugin Paper2D
LogPluginManager: Mounting plugin AISupport
LogPluginManager: Mounting plugin EnvironmentQueryEditor
LogPluginManager: Mounting plugin LightPropagationVolume
LogPluginManager: Mounting plugin LiveLink
LogPluginManager: Mounting plugin CameraShakePreviewer
LogPluginManager: Mounting plugin GameplayCameras
LogPluginManager: Mounting plugin OodleData
LogPluginManager: Mounting plugin OodleNetwork
LogPluginManager: Mounting plugin AssetManagerEditor
LogPluginManager: Mounting plugin CryptoKeys
LogPluginManager: Mounting plugin CurveEditorTools
LogPluginManager: Mounting plugin DataValidation
LogPluginManager: Mounting plugin GameplayTagsEditor
LogPluginManager: Mounting plugin FacialAnimation
LogPluginManager: Mounting plugin GeometryMode
LogPluginManager: Mounting plugin MacGraphicsSwitching
LogPluginManager: Mounting plugin MaterialAnalyzer
LogPluginManager: Mounting plugin MobileLauncherProfileWizard
LogPluginManager: Mounting plugin PluginBrowser
LogPluginManager: Mounting plugin AnimationSharing
LogPluginManager: Mounting plugin SpeedTreeImporter
LogPluginManager: Mounting plugin CodeLiteSourceCodeAccess
LogPluginManager: Mounting plugin CLionSourceCodeAccess
LogPluginManager: Mounting plugin GitSourceControl
LogPluginManager: Mounting plugin KDevelopSourceCodeAccess
LogPluginManager: Mounting plugin NullSourceCodeAccess
LogPluginManager: Mounting plugin PerforceSourceControl
LogPluginManager: Mounting plugin PixWinPlugin
LogPluginManager: Mounting plugin PlasticSourceControl
LogPluginManager: Mounting plugin PluginUtils
LogPluginManager: Mounting plugin PropertyAccessNode
LogPluginManager: Mounting plugin RiderSourceCodeAccess
LogPluginManager: Mounting plugin SubversionSourceControl
LogPluginManager: Mounting plugin TextureFormatOodle
LogPluginManager: Mounting plugin UObjectPlugin
LogPluginManager: Mounting plugin VisualStudioCodeSourceCodeAccess
LogPluginManager: Mounting plugin XCodeSourceCodeAccess
LogPluginManager: Mounting plugin VisualStudioSourceCodeAccess
LogPluginManager: Mounting plugin DatasmithContent
LogPluginManager: Mounting plugin Niagara
LogPluginManager: Mounting plugin VariantManagerContent
LogPluginManager: Mounting plugin AlembicImporter
LogPluginManager: Mounting plugin AutomationUtils
LogPluginManager: Mounting plugin LuminPlatformFeatures
LogPluginManager: Mounting plugin BackChannel
LogPluginManager: Mounting plugin ChaosCloth
LogPluginManager: Mounting plugin ChaosClothEditor
LogPluginManager: Mounting plugin MagicLeap
LogPluginManager: Mounting plugin ChaosEditor
LogPluginManager: Mounting plugin ChaosSolverPlugin
LogPluginManager: Mounting plugin ChaosNiagara
LogPluginManager: Mounting plugin CharacterAI
LogPluginManager: Mounting plugin MagicLeapLightEstimation
LogPluginManager: Mounting plugin MagicLeapMedia
LogPluginManager: Mounting plugin MagicLeapPassableWorld
LogPluginManager: Mounting plugin MLSDK
LogPluginManager: Mounting plugin GeometryCache
LogPluginManager: Mounting plugin GeometryProcessing
LogPluginManager: Mounting plugin GeometryCollectionPlugin
LogPluginManager: Mounting plugin AndroidMedia
LogPluginManager: Mounting plugin OpenImageDenoise
LogPluginManager: Mounting plugin MotoSynth
LogPluginManager: Mounting plugin PlanarCut
LogPluginManager: Mounting plugin ProxyLODPlugin
LogPluginManager: Mounting plugin PlatformCrypto
LogPluginManager: Mounting plugin PythonScriptPlugin
LogPluginManager: Mounting plugin AvfMedia
LogPluginManager: Mounting plugin SkeletalReduction
LogPluginManager: Mounting plugin TcpMessaging
LogPluginManager: Mounting plugin ImgMedia
LogPluginManager: Mounting plugin UdpMessaging
LogPluginManager: Mounting plugin MediaCompositing
LogPluginManager: Mounting plugin MediaPlayerEditor
LogPluginManager: Mounting plugin WmfMedia
LogPluginManager: Mounting plugin WebMMedia
LogPluginManager: Mounting plugin ActorSequence
LogPluginManager: Mounting plugin MatineeToLevelSequence
LogPluginManager: Mounting plugin LevelSequenceEditor
LogPluginManager: Mounting plugin TemplateSequence
LogPluginManager: Mounting plugin OnlineSubsystem
LogPluginManager: Mounting plugin OnlineSubsystemNull
LogPluginManager: Mounting plugin LauncherChunkInstaller
LogPluginManager: Mounting plugin OnlineSubsystemSteam
LogPluginManager: Mounting plugin ActorLayerUtilities
LogPluginManager: Mounting plugin OnlineSubsystemUtils
LogPluginManager: Mounting plugin AndroidMoviePlayer
LogPluginManager: Mounting plugin AndroidDeviceProfileSelector
LogPluginManager: Mounting plugin AndroidPermission
LogPluginManager: Mounting plugin AppleImageUtils
LogPluginManager: Mounting plugin AppleMoviePlayer
LogPluginManager: Mounting plugin AssetTags
LogPluginManager: Mounting plugin ArchVisCharacter
LogPluginManager: Mounting plugin AudioCapture
LogPluginManager: Mounting plugin AudioSynesthesia
LogPluginManager: Mounting plugin CableComponent
LogPluginManager: Mounting plugin ChunkDownloader
LogPluginManager: Mounting plugin CustomMeshComponent
LogPluginManager: Mounting plugin DataRegistry
LogPluginManager: Mounting plugin ExampleDeviceProfileSelector
LogPluginManager: Mounting plugin EditableMesh
LogPluginManager: Mounting plugin GoogleCloudMessaging
LogPluginManager: Mounting plugin GooglePAD
LogPluginManager: Mounting plugin GameplayAbilities
LogPluginManager: Mounting plugin IOSDeviceProfileSelector
LogPluginManager: Mounting plugin LinuxDeviceProfileSelector
LogPluginManager: Mounting plugin LocationServicesBPLibrary
LogPluginManager: Mounting plugin MobilePatchingUtils
LogPluginManager: Mounting plugin OpenXREyeTracker
LogPluginManager: Mounting plugin OpenXR
LogPluginManager: Mounting plugin OpenXRHandTracking
LogPluginManager: Mounting plugin PhysXVehicles
LogPluginManager: Mounting plugin PostSplashScreen
LogPluginManager: Mounting plugin ProceduralMeshComponent
LogPluginManager: Mounting plugin PropertyAccessEditor
LogPluginManager: Mounting plugin ScreenshotTools
LogPluginManager: Mounting plugin RuntimePhysXCooking
LogPluginManager: Mounting plugin SignificanceManager
LogPluginManager: Mounting plugin SoundFields
LogPluginManager: Mounting plugin Takes
LogPluginManager: Mounting plugin Synthesis
LogPluginManager: Mounting plugin WebMMoviePlayer
LogPluginManager: Mounting plugin WindowsMoviePlayer
LogPluginManager: Mounting plugin ContentBrowserAssetDataSource
LogPluginManager: Mounting plugin ContentBrowserClassDataSource
LogPluginManager: Mounting plugin ContentBrowserFileDataSource
LogPluginManager: Mounting plugin OnlineSubsystemGooglePlay
LogPluginManager: Mounting plugin OnlineSubsystemIOS
LogPluginManager: Mounting plugin OculusVR
LogPluginManager: Mounting plugin SteamShared
LogPluginManager: Mounting plugin SteamVR
PixWinPlugin: PIX capture plugin failed to initialize! Check that the process is launched from PIX.
LogInit: Using libcurl 7.55.1-DEV
LogInit:  - built for x86_64-pc-win32
LogInit:  - supports SSL with OpenSSL/1.1.1
LogInit:  - supports HTTP deflate (compression) using libz 1.2.8
LogInit:  - other features:
LogInit:      CURL_VERSION_SSL
LogInit:      CURL_VERSION_LIBZ
LogInit:      CURL_VERSION_IPV6
LogInit:      CURL_VERSION_ASYNCHDNS
LogInit:      CURL_VERSION_LARGEFILE
LogInit:      CURL_VERSION_IDN
LogInit:  CurlRequestOptions (configurable via config and command line):
LogInit:  - bVerifyPeer = true  - Libcurl will verify peer certificate
LogInit:  - bUseHttpProxy = false  - Libcurl will NOT use HTTP proxy
LogInit:  - bDontReuseConnections = false  - Libcurl will reuse connections
LogInit:  - MaxHostConnections = 16  - Libcurl will limit the number of connections to a host
LogInit:  - LocalHostAddr = Default
LogInit:  - BufferSize = 65536
LogSteamShared: Display: Loading Steam SDK 1.51
LogSteamShared: Steam SDK Loaded!
LogOnline: OSS: Creating online subsystem instance for: Steam
LogOnline: Display: STEAM: OnlineSubsystemSteam::Shutdown()
LogOnline: OSS: Unable to create OnlineSubsystem module Steam
LogOnline: OSS: Creating online subsystem instance for: NULL
LogInit: WinSock: version 1.1 (2.2), MaxSocks=32767, MaxUdp=65467
LogOnline: OSS: TryLoadSubsystemAndSetDefault: Loaded subsystem for module [NULL]
LogOculusPluginWrapper: OculusPlugin initialized successfully
LogHMD: Failed initializing OVRPlugin 1.59.0
LogInit: Build: ++UE4+Release-4.27-CL-18319896
LogInit: Engine Version: 4.27.2-18319896+++UE4+Release-4.27
LogInit: Compatible Engine Version: 4.27.0-17155196+++UE4+Release-4.27
LogInit: Net CL: 17155196
LogInit: OS: Windows 10 (Release 2009) (), CPU: AMD Ryzen 5 3600 6-Core Processor              , GPU: NVIDIA GeForce RTX 2060 SUPER
LogInit: Compiled (64-bit): Nov 30 2021 07:12:08
LogInit: Compiled with Visual C++: 19.24.28315.00
LogInit: Build Configuration: Development
LogInit: Branch Name: ++UE4+Release-4.27
LogInit: Command Line:  -skipcompile
LogInit: Base Directory: E:/UnrealEngine4/UE_4.27/Engine/Binaries/Win64/
LogInit: Allocator: TBB
LogInit: Installed Engine Build: 1
LogDevObjectVersion: Number of dev versions registered: 29
LogDevObjectVersion:   Dev-Blueprints (B0D832E4-1F89-4F0D-ACCF-7EB736FD4AA2): 10
LogDevObjectVersion:   Dev-Build (E1C64328-A22C-4D53-A36C-8E866417BD8C): 0
LogDevObjectVersion:   Dev-Core (375EC13C-06E4-48FB-B500-84F0262A717E): 4
LogDevObjectVersion:   Dev-Editor (E4B068ED-F494-42E9-A231-DA0B2E46BB41): 40
LogDevObjectVersion:   Dev-Framework (CFFC743F-43B0-4480-9391-14DF171D2073): 37
LogDevObjectVersion:   Dev-Mobile (B02B49B5-BB20-44E9-A304-32B752E40360): 3
LogDevObjectVersion:   Dev-Networking (A4E4105C-59A1-49B5-A7C5-40C4547EDFEE): 0
LogDevObjectVersion:   Dev-Online (39C831C9-5AE6-47DC-9A44-9C173E1C8E7C): 0
LogDevObjectVersion:   Dev-Physics (78F01B33-EBEA-4F98-B9B4-84EACCB95AA2): 14
LogDevObjectVersion:   Dev-Platform (6631380F-2D4D-43E0-8009-CF276956A95A): 0
LogDevObjectVersion:   Dev-Rendering (12F88B9F-8875-4AFC-A67C-D90C383ABD29): 45
LogDevObjectVersion:   Dev-Sequencer (7B5AE74C-D270-4C10-A958-57980B212A5A): 13
LogDevObjectVersion:   Dev-VR (D7296918-1DD6-4BDD-9DE2-64A83CC13884): 3
LogDevObjectVersion:   Dev-LoadTimes (C2A15278-BFE7-4AFE-6C17-90FF531DF755): 1
LogDevObjectVersion:   Private-Geometry (6EACA3D4-40EC-4CC1-B786-8BED09428FC5): 3
LogDevObjectVersion:   Dev-AnimPhys (29E575DD-E0A3-4627-9D10-D276232CDCEA): 17
LogDevObjectVersion:   Dev-Anim (AF43A65D-7FD3-4947-9873-3E8ED9C1BB05): 15
LogDevObjectVersion:   Dev-ReflectionCapture (6B266CEC-1EC7-4B8F-A30B-E4D90942FC07): 1
LogDevObjectVersion:   Dev-Automation (0DF73D61-A23F-47EA-B727-89E90C41499A): 1
LogDevObjectVersion:   FortniteMain (601D1886-AC64-4F84-AA16-D3DE0DEAC7D6): 47
LogDevObjectVersion:   FortniteRelease (E7086368-6B23-4C58-8439-1B7016265E91): 1
LogDevObjectVersion:   Dev-Enterprise (9DFFBCD6-494F-0158-E221-12823C92A888): 10
LogDevObjectVersion:   Dev-Niagara (F2AED0AC-9AFE-416F-8664-AA7FFA26D6FC): 1
LogDevObjectVersion:   Dev-Destruction (174F1F0B-B4C6-45A5-B13F-2EE8D0FB917D): 10
LogDevObjectVersion:   Dev-Physics-Ext (35F94A83-E258-406C-A318-09F59610247C): 41
LogDevObjectVersion:   Dev-PhysicsMaterial-Chaos (B68FC16E-8B1B-42E2-B453-215C058844FE): 1
LogDevObjectVersion:   Dev-CineCamera (B2E18506-4273-CFC2-A54E-F4BB758BBA07): 1
LogDevObjectVersion:   Dev-VirtualProduction (64F58936-FD1B-42BA-BA96-7289D5D0FA4E): 1
LogDevObjectVersion:   Dev-MediaFramework (6F0ED827-A609-4895-9C91-998D90180EA4): 2
LogInit: Presizing for max 25165824 objects, including 0 objects not considered by GC, pre-allocating 0 bytes for permanent pool.
LogConfig: Applying CVar settings from Section [/Script/Engine.StreamingSettings] File [E:/Unreal/RPGPrototype_ue4/RPGPrototype/Saved/Config/Windows/Engine.ini]
LogConfig: Setting CVar [[s.MinBulkDataSizeForAsyncLoading:131072]]
LogConfig: Setting CVar [[s.AsyncLoadingThreadEnabled:0]]
LogConfig: Setting CVar [[s.EventDrivenLoaderEnabled:1]]
LogConfig: Setting CVar [[s.WarnIfTimeLimitExceeded:0]]
LogConfig: Setting CVar [[s.TimeLimitExceededMultiplier:1.5]]
LogConfig: Setting CVar [[s.TimeLimitExceededMinTime:0.005]]
LogConfig: Setting CVar [[s.UseBackgroundLevelStreaming:1]]
LogConfig: Setting CVar [[s.PriorityAsyncLoadingExtraTime:15.0]]
LogConfig: Setting CVar [[s.LevelStreamingActorsUpdateTimeLimit:5.0]]
LogConfig: Setting CVar [[s.PriorityLevelStreamingActorsUpdateExtraTime:5.0]]
LogConfig: Setting CVar [[s.LevelStreamingComponentsRegistrationGranularity:10]]
LogConfig: Setting CVar [[s.UnregisterComponentsTimeLimit:1.0]]
LogConfig: Setting CVar [[s.LevelStreamingComponentsUnregistrationGranularity:5]]
LogConfig: Setting CVar [[s.FlushStreamingOnExit:1]]
LogInit: Object subsystem initialized
LogConfig: Setting CVar [[con.DebugEarlyDefault:1]]
LogConfig: Setting CVar [[r.setres:1280x720]]
[2023.02.19-17.43.07:687][  0]LogConfig: Setting CVar [[r.VSync:0]]
[2023.02.19-17.43.07:687][  0]LogConfig: Setting CVar [[r.RHICmdBypass:0]]
[2023.02.19-17.43.07:687][  0]LogConfig: Applying CVar settings from Section [/Script/Engine.RendererSettings] File [E:/Unreal/RPGPrototype_ue4/RPGPrototype/Saved/Config/Windows/Engine.ini]
[2023.02.19-17.43.07:687][  0]LogConfig: Setting CVar [[r.GPUCrashDebugging:0]]
[2023.02.19-17.43.07:687][  0]LogConfig: Applying CVar settings from Section [/Script/Engine.RendererOverrideSettings] File [E:/Unreal/RPGPrototype_ue4/RPGPrototype/Saved/Config/Windows/Engine.ini]
[2023.02.19-17.43.07:688][  0]LogConfig: Applying CVar settings from Section [/Script/Engine.StreamingSettings] File [E:/Unreal/RPGPrototype_ue4/RPGPrototype/Saved/Config/Windows/Engine.ini]
[2023.02.19-17.43.07:688][  0]LogConfig: Setting CVar [[s.MinBulkDataSizeForAsyncLoading:131072]]
[2023.02.19-17.43.07:688][  0]LogConfig: Setting CVar [[s.AsyncLoadingThreadEnabled:0]]
[2023.02.19-17.43.07:688][  0]LogConfig: Setting CVar [[s.EventDrivenLoaderEnabled:1]]
[2023.02.19-17.43.07:688][  0]LogConfig: Setting CVar [[s.WarnIfTimeLimitExceeded:0]]
[2023.02.19-17.43.07:688][  0]LogConfig: Setting CVar [[s.TimeLimitExceededMultiplier:1.5]]
[2023.02.19-17.43.07:688][  0]LogConfig: Setting CVar [[s.TimeLimitExceededMinTime:0.005]]
[2023.02.19-17.43.07:688][  0]LogConfig: Setting CVar [[s.UseBackgroundLevelStreaming:1]]
[2023.02.19-17.43.07:688][  0]LogConfig: Setting CVar [[s.PriorityAsyncLoadingExtraTime:15.0]]
[2023.02.19-17.43.07:688][  0]LogConfig: Setting CVar [[s.LevelStreamingActorsUpdateTimeLimit:5.0]]
[2023.02.19-17.43.07:688][  0]LogConfig: Setting CVar [[s.PriorityLevelStreamingActorsUpdateExtraTime:5.0]]
[2023.02.19-17.43.07:688][  0]LogConfig: Setting CVar [[s.LevelStreamingComponentsRegistrationGranularity:10]]
[2023.02.19-17.43.07:688][  0]LogConfig: Setting CVar [[s.UnregisterComponentsTimeLimit:1.0]]
[2023.02.19-17.43.07:688][  0]LogConfig: Setting CVar [[s.LevelStreamingComponentsUnregistrationGranularity:5]]
[2023.02.19-17.43.07:688][  0]LogConfig: Setting CVar [[s.FlushStreamingOnExit:1]]
[2023.02.19-17.43.07:688][  0]LogConfig: Applying CVar settings from Section [/Script/Engine.GarbageCollectionSettings] File [E:/Unreal/RPGPrototype_ue4/RPGPrototype/Saved/Config/Windows/Engine.ini]
[2023.02.19-17.43.07:688][  0]LogConfig: Setting CVar [[gc.MaxObjectsNotConsideredByGC:1]]
[2023.02.19-17.43.07:688][  0]LogConfig: Setting CVar [[gc.SizeOfPermanentObjectPool:0]]
[2023.02.19-17.43.07:688][  0]LogConfig: Setting CVar [[gc.FlushStreamingOnGC:0]]
[2023.02.19-17.43.07:688][  0]LogConfig: Setting CVar [[gc.NumRetriesBeforeForcingGC:10]]
[2023.02.19-17.43.07:688][  0]LogConfig: Setting CVar [[gc.AllowParallelGC:1]]
[2023.02.19-17.43.07:688][  0]LogConfig: Setting CVar [[gc.TimeBetweenPurgingPendingKillObjects:61.1]]
[2023.02.19-17.43.07:689][  0]LogConfig: Setting CVar [[gc.MaxObjectsInEditor:25165824]]
[2023.02.19-17.43.07:689][  0]LogConfig: Setting CVar [[gc.IncrementalBeginDestroyEnabled:1]]
[2023.02.19-17.43.07:689][  0]LogConfig: Setting CVar [[gc.CreateGCClusters:1]]
[2023.02.19-17.43.07:689][  0]LogConfig: Setting CVar [[gc.MinGCClusterSize:5]]
[2023.02.19-17.43.07:689][  0]LogConfig: Setting CVar [[gc.ActorClusteringEnabled:0]]
[2023.02.19-17.43.07:689][  0]LogConfig: Setting CVar [[gc.BlueprintClusteringEnabled:0]]
[2023.02.19-17.43.07:689][  0]LogConfig: Setting CVar [[gc.UseDisregardForGCOnDedicatedServers:0]]
[2023.02.19-17.43.07:689][  0]LogConfig: Setting CVar [[gc.MultithreadedDestructionEnabled:1]]
[2023.02.19-17.43.07:689][  0]LogConfig: Applying CVar settings from Section [/Script/Engine.NetworkSettings] File [E:/Unreal/RPGPrototype_ue4/RPGPrototype/Saved/Config/Windows/Engine.ini]
[2023.02.19-17.43.07:689][  0]LogConfig: Applying CVar settings from Section [/Script/UnrealEd.CookerSettings] File [E:/Unreal/RPGPrototype_ue4/RPGPrototype/Saved/Config/Windows/Engine.ini]
[2023.02.19-17.43.07:708][  0]LogConfig: Applying CVar settings from Section [ViewDistanceQuality@3] File [E:/Unreal/RPGPrototype_ue4/RPGPrototype/Saved/Config/Windows/Scalability.ini]
[2023.02.19-17.43.07:708][  0]LogConfig: Setting CVar [[r.SkeletalMeshLODBias:0]]
[2023.02.19-17.43.07:708][  0]LogConfig: Setting CVar [[r.ViewDistanceScale:1.0]]
[2023.02.19-17.43.07:708][  0]LogConfig: Applying CVar settings from Section [AntiAliasingQuality@3] File [E:/Unreal/RPGPrototype_ue4/RPGPrototype/Saved/Config/Windows/Scalability.ini]
[2023.02.19-17.43.07:708][  0]LogConfig: Setting CVar [[r.PostProcessAAQuality:4]]
[2023.02.19-17.43.07:708][  0]LogConfig: Applying CVar settings from Section [ShadowQuality@3] File [E:/Unreal/RPGPrototype_ue4/RPGPrototype/Saved/Config/Windows/Scalability.ini]
[2023.02.19-17.43.07:708][  0]LogConfig: Setting CVar [[r.LightFunctionQuality:1]]
[2023.02.19-17.43.07:708][  0]LogConfig: Setting CVar [[r.ShadowQuality:5]]
[2023.02.19-17.43.07:709][  0]LogConfig: Setting CVar [[r.Shadow.CSM.MaxCascades:10]]
[2023.02.19-17.43.07:709][  0]LogConfig: Setting CVar [[r.Shadow.MaxResolution:2048]]
[2023.02.19-17.43.07:709][  0]LogConfig: Setting CVar [[r.Shadow.MaxCSMResolution:2048]]
[2023.02.19-17.43.07:709][  0]LogConfig: Setting CVar [[r.Shadow.RadiusThreshold:0.01]]
[2023.02.19-17.43.07:709][  0]LogConfig: Setting CVar [[r.Shadow.DistanceScale:1.0]]
[2023.02.19-17.43.07:709][  0]LogConfig: Setting CVar [[r.Shadow.CSM.TransitionScale:1.0]]
[2023.02.19-17.43.07:709][  0]LogConfig: Setting CVar [[r.Shadow.PreShadowResolutionFactor:1.0]]
[2023.02.19-17.43.07:709][  0]LogConfig: Setting CVar [[r.DistanceFieldShadowing:1]]
[2023.02.19-17.43.07:709][  0]LogConfig: Setting CVar [[r.DistanceFieldAO:1]]
[2023.02.19-17.43.07:709][  0]LogConfig: Setting CVar [[r.AOQuality:2]]
[2023.02.19-17.43.07:709][  0]LogConfig: Setting CVar [[r.VolumetricFog:1]]
[2023.02.19-17.43.07:709][  0]LogConfig: Setting CVar [[r.VolumetricFog.GridPixelSize:8]]
[2023.02.19-17.43.07:709][  0]LogConfig: Setting CVar [[r.VolumetricFog.GridSizeZ:128]]
[2023.02.19-17.43.07:709][  0]LogConfig: Setting CVar [[r.VolumetricFog.HistoryMissSupersampleCount:4]]
[2023.02.19-17.43.07:709][  0]LogConfig: Setting CVar [[r.LightMaxDrawDistanceScale:1]]
[2023.02.19-17.43.07:709][  0]LogConfig: Setting CVar [[r.CapsuleShadows:1]]
[2023.02.19-17.43.07:709][  0]LogConfig: Applying CVar settings from Section [PostProcessQuality@3] File [E:/Unreal/RPGPrototype_ue4/RPGPrototype/Saved/Config/Windows/Scalability.ini]
[2023.02.19-17.43.07:709][  0]LogConfig: Setting CVar [[r.MotionBlurQuality:4]]
[2023.02.19-17.43.07:709][  0]LogConfig: Setting CVar [[r.AmbientOcclusionMipLevelFactor:0.4]]
[2023.02.19-17.43.07:709][  0]LogConfig: Setting CVar [[r.AmbientOcclusionMaxQuality:100]]
[2023.02.19-17.43.07:709][  0]LogConfig: Setting CVar [[r.AmbientOcclusionLevels:-1]]
[2023.02.19-17.43.07:709][  0]LogConfig: Setting CVar [[r.AmbientOcclusionRadiusScale:1.0]]
[2023.02.19-17.43.07:709][  0]LogConfig: Setting CVar [[r.DepthOfFieldQuality:2]]
[2023.02.19-17.43.07:710][  0]LogConfig: Setting CVar [[r.RenderTargetPoolMin:400]]
[2023.02.19-17.43.07:710][  0]LogConfig: Setting CVar [[r.LensFlareQuality:2]]
[2023.02.19-17.43.07:710][  0]LogConfig: Setting CVar [[r.SceneColorFringeQuality:1]]
[2023.02.19-17.43.07:710][  0]LogConfig: Setting CVar [[r.EyeAdaptationQuality:2]]
[2023.02.19-17.43.07:710][  0]LogConfig: Setting CVar [[r.BloomQuality:5]]
[2023.02.19-17.43.07:710][  0]LogConfig: Setting CVar [[r.FastBlurThreshold:100]]
[2023.02.19-17.43.07:710][  0]LogConfig: Setting CVar [[r.Upscale.Quality:3]]
[2023.02.19-17.43.07:710][  0]LogConfig: Setting CVar [[r.Tonemapper.GrainQuantization:1]]
[2023.02.19-17.43.07:710][  0]LogConfig: Setting CVar [[r.LightShaftQuality:1]]
[2023.02.19-17.43.07:710][  0]LogConfig: Setting CVar [[r.Filter.SizeScale:1]]
[2023.02.19-17.43.07:710][  0]LogConfig: Setting CVar [[r.Tonemapper.Quality:5]]
[2023.02.19-17.43.07:710][  0]LogConfig: Setting CVar [[r.DOF.Gather.AccumulatorQuality:1        ; higher gathering accumulator quality]]
[2023.02.19-17.43.07:710][  0]LogConfig: Setting CVar [[r.DOF.Gather.PostfilterMethod:1          ; Median3x3 postfilering method]]
[2023.02.19-17.43.07:710][  0]LogConfig: Setting CVar [[r.DOF.Gather.EnableBokehSettings:0       ; no bokeh simulation when gathering]]
[2023.02.19-17.43.07:710][  0]LogConfig: Setting CVar [[r.DOF.Gather.RingCount:4                 ; medium number of samples when gathering]]
[2023.02.19-17.43.07:710][  0]LogConfig: Setting CVar [[r.DOF.Scatter.ForegroundCompositing:1    ; additive foreground scattering]]
[2023.02.19-17.43.07:710][  0]LogConfig: Setting CVar [[r.DOF.Scatter.BackgroundCompositing:2    ; additive background scattering]]
[2023.02.19-17.43.07:710][  0]LogConfig: Setting CVar [[r.DOF.Scatter.EnableBokehSettings:1      ; bokeh simulation when scattering]]
[2023.02.19-17.43.07:710][  0]LogConfig: Setting CVar [[r.DOF.Scatter.MaxSpriteRatio:0.1         ; only a maximum of 10% of scattered bokeh]]
[2023.02.19-17.43.07:710][  0]LogConfig: Setting CVar [[r.DOF.Recombine.Quality:1                ; cheap slight out of focus]]
[2023.02.19-17.43.07:710][  0]LogConfig: Setting CVar [[r.DOF.Recombine.EnableBokehSettings:0    ; no bokeh simulation on slight out of focus]]
[2023.02.19-17.43.07:710][  0]LogConfig: Setting CVar [[r.DOF.TemporalAAQuality:1                ; more stable temporal accumulation]]
[2023.02.19-17.43.07:710][  0]LogConfig: Setting CVar [[r.DOF.Kernel.MaxForegroundRadius:0.025]]
[2023.02.19-17.43.07:711][  0]LogConfig: Setting CVar [[r.DOF.Kernel.MaxBackgroundRadius:0.025]]
[2023.02.19-17.43.07:711][  0]LogConfig: Applying CVar settings from Section [TextureQuality@3] File [E:/Unreal/RPGPrototype_ue4/RPGPrototype/Saved/Config/Windows/Scalability.ini]
[2023.02.19-17.43.07:711][  0]LogConfig: Setting CVar [[r.Streaming.MipBias:0]]
[2023.02.19-17.43.07:711][  0]LogConfig: Setting CVar [[r.Streaming.AmortizeCPUToGPUCopy:0]]
[2023.02.19-17.43.07:711][  0]LogConfig: Setting CVar [[r.Streaming.MaxNumTexturesToStreamPerFrame:0]]
[2023.02.19-17.43.07:711][  0]LogConfig: Setting CVar [[r.Streaming.Boost:1]]
[2023.02.19-17.43.07:711][  0]LogConfig: Setting CVar [[r.MaxAnisotropy:8]]
[2023.02.19-17.43.07:711][  0]LogConfig: Setting CVar [[r.VT.MaxAnisotropy:8]]
[2023.02.19-17.43.07:711][  0]LogConfig: Setting CVar [[r.Streaming.LimitPoolSizeToVRAM:0]]
[2023.02.19-17.43.07:711][  0]LogConfig: Setting CVar [[r.Streaming.PoolSize:1000]]
[2023.02.19-17.43.07:711][  0]LogConfig: Setting CVar [[r.Streaming.MaxEffectiveScreenSize:0]]
[2023.02.19-17.43.07:711][  0]LogConfig: Applying CVar settings from Section [EffectsQuality@3] File [E:/Unreal/RPGPrototype_ue4/RPGPrototype/Saved/Config/Windows/Scalability.ini]
[2023.02.19-17.43.07:711][  0]LogConfig: Setting CVar [[r.TranslucencyLightingVolumeDim:64]]
[2023.02.19-17.43.07:711][  0]LogConfig: Setting CVar [[r.RefractionQuality:2]]
[2023.02.19-17.43.07:711][  0]LogConfig: Setting CVar [[r.SSR.Quality:3]]
[2023.02.19-17.43.07:711][  0]LogConfig: Setting CVar [[r.SSR.HalfResSceneColor:0]]
[2023.02.19-17.43.07:711][  0]LogConfig: Setting CVar [[r.SceneColorFormat:4]]
[2023.02.19-17.43.07:711][  0]LogConfig: Setting CVar [[r.DetailMode:2]]
[2023.02.19-17.43.07:711][  0]LogConfig: Setting CVar [[r.TranslucencyVolumeBlur:1]]
[2023.02.19-17.43.07:711][  0]LogConfig: Setting CVar [[r.MaterialQualityLevel:1 ; High quality]]
[2023.02.19-17.43.07:711][  0]LogConfig: Setting CVar [[r.AnisotropicMaterials:1]]
[2023.02.19-17.43.07:711][  0]LogConfig: Setting CVar [[r.SSS.Scale:1]]
[2023.02.19-17.43.07:711][  0]LogConfig: Setting CVar [[r.SSS.SampleSet:2]]
[2023.02.19-17.43.07:711][  0]LogConfig: Setting CVar [[r.SSS.Quality:1]]
[2023.02.19-17.43.07:712][  0]LogConfig: Setting CVar [[r.SSS.HalfRes:0]]
[2023.02.19-17.43.07:712][  0]LogConfig: Setting CVar [[r.SSGI.Quality:3]]
[2023.02.19-17.43.07:712][  0]LogConfig: Setting CVar [[r.EmitterSpawnRateScale:1.0]]
[2023.02.19-17.43.07:712][  0]LogConfig: Setting CVar [[r.ParticleLightQuality:2]]
[2023.02.19-17.43.07:712][  0]LogConfig: Setting CVar [[r.SkyAtmosphere.AerialPerspectiveLUT.FastApplyOnOpaque:1 ; Always have FastSkyLUT 1 in this case to avoid wrong sky]]
[2023.02.19-17.43.07:712][  0]LogConfig: Setting CVar [[r.SkyAtmosphere.AerialPerspectiveLUT.SampleCountMaxPerSlice:4]]
[2023.02.19-17.43.07:712][  0]LogConfig: Setting CVar [[r.SkyAtmosphere.AerialPerspectiveLUT.DepthResolution:16.0]]
[2023.02.19-17.43.07:712][  0]LogConfig: Setting CVar [[r.SkyAtmosphere.FastSkyLUT:1]]
[2023.02.19-17.43.07:712][  0]LogConfig: Setting CVar [[r.SkyAtmosphere.FastSkyLUT.SampleCountMin:4.0]]
[2023.02.19-17.43.07:712][  0]LogConfig: Setting CVar [[r.SkyAtmosphere.FastSkyLUT.SampleCountMax:128.0]]
[2023.02.19-17.43.07:712][  0]LogConfig: Setting CVar [[r.SkyAtmosphere.SampleCountMin:4.0]]
[2023.02.19-17.43.07:712][  0]LogConfig: Setting CVar [[r.SkyAtmosphere.SampleCountMax:128.0]]
[2023.02.19-17.43.07:712][  0]LogConfig: Setting CVar [[r.SkyAtmosphere.TransmittanceLUT.UseSmallFormat:0]]
[2023.02.19-17.43.07:712][  0]LogConfig: Setting CVar [[r.SkyAtmosphere.TransmittanceLUT.SampleCount:10.0]]
[2023.02.19-17.43.07:712][  0]LogConfig: Setting CVar [[r.SkyAtmosphere.MultiScatteringLUT.SampleCount:15.0]]
[2023.02.19-17.43.07:712][  0]LogConfig: Setting CVar [[r.SkyLight.RealTimeReflectionCapture:1]]
[2023.02.19-17.43.07:712][  0]LogConfig: Applying CVar settings from Section [FoliageQuality@3] File [E:/Unreal/RPGPrototype_ue4/RPGPrototype/Saved/Config/Windows/Scalability.ini]
[2023.02.19-17.43.07:712][  0]LogConfig: Setting CVar [[foliage.DensityScale:1.0]]
[2023.02.19-17.43.07:712][  0]LogConfig: Setting CVar [[grass.DensityScale:1.0]]
[2023.02.19-17.43.07:712][  0]LogConfig: Applying CVar settings from Section [ShadingQuality@3] File [E:/Unreal/RPGPrototype_ue4/RPGPrototype/Saved/Config/Windows/Scalability.ini]
[2023.02.19-17.43.07:712][  0]LogConfig: Setting CVar [[r.HairStrands.SkyLighting.IntegrationType:2]]
[2023.02.19-17.43.07:712][  0]LogConfig: Setting CVar [[r.HairStrands.SkyAO.SampleCount:4]]
[2023.02.19-17.43.07:712][  0]LogConfig: Setting CVar [[r.HairStrands.Visibility.MSAA.SamplePerPixel:4]]
[2023.02.19-17.43.07:713][  0]LogInit: Selected Device Profile: [Windows]
[2023.02.19-17.43.07:713][  0]LogInit: Applying CVar settings loaded from the selected device profile: [Windows]
[2023.02.19-17.43.07:713][  0]LogHAL: Display: Platform has ~ 32 GB [34306723840 / 34359738368 / 32], which maps to Largest [LargestMinGB=32, LargerMinGB=12, DefaultMinGB=8, SmallerMinGB=6, SmallestMinGB=0)
[2023.02.19-17.43.07:713][  0]LogInit: Going up to parent DeviceProfile []
[2023.02.19-17.43.07:713][  0]LogConfig: Applying CVar settings from Section [ViewDistanceQuality@3] File [E:/Unreal/RPGPrototype_ue4/RPGPrototype/Saved/Config/Windows/Scalability.ini]
[2023.02.19-17.43.07:713][  0]LogConfig: Setting CVar [[r.SkeletalMeshLODBias:0]]
[2023.02.19-17.43.07:713][  0]LogConfig: Setting CVar [[r.ViewDistanceScale:1.0]]
[2023.02.19-17.43.07:713][  0]LogConfig: Applying CVar settings from Section [AntiAliasingQuality@3] File [E:/Unreal/RPGPrototype_ue4/RPGPrototype/Saved/Config/Windows/Scalability.ini]
[2023.02.19-17.43.07:713][  0]LogConfig: Setting CVar [[r.PostProcessAAQuality:4]]
[2023.02.19-17.43.07:713][  0]LogConfig: Applying CVar settings from Section [ShadowQuality@3] File [E:/Unreal/RPGPrototype_ue4/RPGPrototype/Saved/Config/Windows/Scalability.ini]
[2023.02.19-17.43.07:713][  0]LogConfig: Setting CVar [[r.LightFunctionQuality:1]]
[2023.02.19-17.43.07:713][  0]LogConfig: Setting CVar [[r.ShadowQuality:5]]
[2023.02.19-17.43.07:713][  0]LogConfig: Setting CVar [[r.Shadow.CSM.MaxCascades:10]]
[2023.02.19-17.43.07:713][  0]LogConfig: Setting CVar [[r.Shadow.MaxResolution:2048]]
[2023.02.19-17.43.07:713][  0]LogConfig: Setting CVar [[r.Shadow.MaxCSMResolution:2048]]
[2023.02.19-17.43.07:713][  0]LogConfig: Setting CVar [[r.Shadow.RadiusThreshold:0.01]]
[2023.02.19-17.43.07:713][  0]LogConfig: Setting CVar [[r.Shadow.DistanceScale:1.0]]
[2023.02.19-17.43.07:714][  0]LogConfig: Setting CVar [[r.Shadow.CSM.TransitionScale:1.0]]
[2023.02.19-17.43.07:714][  0]LogConfig: Setting CVar [[r.Shadow.PreShadowResolutionFactor:1.0]]
[2023.02.19-17.43.07:714][  0]LogConfig: Setting CVar [[r.DistanceFieldShadowing:1]]
[2023.02.19-17.43.07:714][  0]LogConfig: Setting CVar [[r.DistanceFieldAO:1]]
[2023.02.19-17.43.07:714][  0]LogConfig: Setting CVar [[r.AOQuality:2]]
[2023.02.19-17.43.07:714][  0]LogConfig: Setting CVar [[r.VolumetricFog:1]]
[2023.02.19-17.43.07:714][  0]LogConfig: Setting CVar [[r.VolumetricFog.GridPixelSize:8]]
[2023.02.19-17.43.07:714][  0]LogConfig: Setting CVar [[r.VolumetricFog.GridSizeZ:128]]
[2023.02.19-17.43.07:714][  0]LogConfig: Setting CVar [[r.VolumetricFog.HistoryMissSupersampleCount:4]]
[2023.02.19-17.43.07:714][  0]LogConfig: Setting CVar [[r.LightMaxDrawDistanceScale:1]]
[2023.02.19-17.43.07:714][  0]LogConfig: Setting CVar [[r.CapsuleShadows:1]]
[2023.02.19-17.43.07:714][  0]LogConfig: Applying CVar settings from Section [PostProcessQuality@3] File [E:/Unreal/RPGPrototype_ue4/RPGPrototype/Saved/Config/Windows/Scalability.ini]
[2023.02.19-17.43.07:714][  0]LogConfig: Setting CVar [[r.MotionBlurQuality:4]]
[2023.02.19-17.43.07:714][  0]LogConfig: Setting CVar [[r.AmbientOcclusionMipLevelFactor:0.4]]
[2023.02.19-17.43.07:714][  0]LogConfig: Setting CVar [[r.AmbientOcclusionMaxQuality:100]]
[2023.02.19-17.43.07:714][  0]LogConfig: Setting CVar [[r.AmbientOcclusionLevels:-1]]
[2023.02.19-17.43.07:714][  0]LogConfig: Setting CVar [[r.AmbientOcclusionRadiusScale:1.0]]
[2023.02.19-17.43.07:714][  0]LogConfig: Setting CVar [[r.DepthOfFieldQuality:2]]
[2023.02.19-17.43.07:714][  0]LogConfig: Setting CVar [[r.RenderTargetPoolMin:400]]
[2023.02.19-17.43.07:714][  0]LogConfig: Setting CVar [[r.LensFlareQuality:2]]
[2023.02.19-17.43.07:714][  0]LogConfig: Setting CVar [[r.SceneColorFringeQuality:1]]
[2023.02.19-17.43.07:715][  0]LogConfig: Setting CVar [[r.EyeAdaptationQuality:2]]
[2023.02.19-17.43.07:715][  0]LogConfig: Setting CVar [[r.BloomQuality:5]]
[2023.02.19-17.43.07:715][  0]LogConfig: Setting CVar [[r.FastBlurThreshold:100]]
[2023.02.19-17.43.07:715][  0]LogConfig: Setting CVar [[r.Upscale.Quality:3]]
[2023.02.19-17.43.07:715][  0]LogConfig: Setting CVar [[r.Tonemapper.GrainQuantization:1]]
[2023.02.19-17.43.07:715][  0]LogConfig: Setting CVar [[r.LightShaftQuality:1]]
[2023.02.19-17.43.07:715][  0]LogConfig: Setting CVar [[r.Filter.SizeScale:1]]
[2023.02.19-17.43.07:715][  0]LogConfig: Setting CVar [[r.Tonemapper.Quality:5]]
[2023.02.19-17.43.07:715][  0]LogConfig: Setting CVar [[r.DOF.Gather.AccumulatorQuality:1        ; higher gathering accumulator quality]]
[2023.02.19-17.43.07:715][  0]LogConfig: Setting CVar [[r.DOF.Gather.PostfilterMethod:1          ; Median3x3 postfilering method]]
[2023.02.19-17.43.07:715][  0]LogConfig: Setting CVar [[r.DOF.Gather.EnableBokehSettings:0       ; no bokeh simulation when gathering]]
[2023.02.19-17.43.07:715][  0]LogConfig: Setting CVar [[r.DOF.Gather.RingCount:4                 ; medium number of samples when gathering]]
[2023.02.19-17.43.07:715][  0]LogConfig: Setting CVar [[r.DOF.Scatter.ForegroundCompositing:1    ; additive foreground scattering]]
[2023.02.19-17.43.07:715][  0]LogConfig: Setting CVar [[r.DOF.Scatter.BackgroundCompositing:2    ; additive background scattering]]
[2023.02.19-17.43.07:715][  0]LogConfig: Setting CVar [[r.DOF.Scatter.EnableBokehSettings:1      ; bokeh simulation when scattering]]
[2023.02.19-17.43.07:715][  0]LogConfig: Setting CVar [[r.DOF.Scatter.MaxSpriteRatio:0.1         ; only a maximum of 10% of scattered bokeh]]
[2023.02.19-17.43.07:715][  0]LogConfig: Setting CVar [[r.DOF.Recombine.Quality:1                ; cheap slight out of focus]]
[2023.02.19-17.43.07:715][  0]LogConfig: Setting CVar [[r.DOF.Recombine.EnableBokehSettings:0    ; no bokeh simulation on slight out of focus]]
[2023.02.19-17.43.07:715][  0]LogConfig: Setting CVar [[r.DOF.TemporalAAQuality:1                ; more stable temporal accumulation]]
[2023.02.19-17.43.07:715][  0]LogConfig: Setting CVar [[r.DOF.Kernel.MaxForegroundRadius:0.025]]
[2023.02.19-17.43.07:716][  0]LogConfig: Setting CVar [[r.DOF.Kernel.MaxBackgroundRadius:0.025]]
[2023.02.19-17.43.07:716][  0]LogConfig: Applying CVar settings from Section [TextureQuality@3] File [E:/Unreal/RPGPrototype_ue4/RPGPrototype/Saved/Config/Windows/Scalability.ini]
[2023.02.19-17.43.07:716][  0]LogConfig: Setting CVar [[r.Streaming.MipBias:0]]
[2023.02.19-17.43.07:716][  0]LogConfig: Setting CVar [[r.Streaming.AmortizeCPUToGPUCopy:0]]
[2023.02.19-17.43.07:716][  0]LogConfig: Setting CVar [[r.Streaming.MaxNumTexturesToStreamPerFrame:0]]
[2023.02.19-17.43.07:716][  0]LogConfig: Setting CVar [[r.Streaming.Boost:1]]
[2023.02.19-17.43.07:716][  0]LogConfig: Setting CVar [[r.MaxAnisotropy:8]]
[2023.02.19-17.43.07:716][  0]LogConfig: Setting CVar [[r.VT.MaxAnisotropy:8]]
[2023.02.19-17.43.07:716][  0]LogConfig: Setting CVar [[r.Streaming.LimitPoolSizeToVRAM:0]]
[2023.02.19-17.43.07:716][  0]LogConfig: Setting CVar [[r.Streaming.PoolSize:1000]]
[2023.02.19-17.43.07:716][  0]LogConfig: Setting CVar [[r.Streaming.MaxEffectiveScreenSize:0]]
[2023.02.19-17.43.07:716][  0]LogConfig: Applying CVar settings from Section [EffectsQuality@3] File [E:/Unreal/RPGPrototype_ue4/RPGPrototype/Saved/Config/Windows/Scalability.ini]
[2023.02.19-17.43.07:716][  0]LogConfig: Setting CVar [[r.TranslucencyLightingVolumeDim:64]]
[2023.02.19-17.43.07:716][  0]LogConfig: Setting CVar [[r.RefractionQuality:2]]
[2023.02.19-17.43.07:716][  0]LogConfig: Setting CVar [[r.SSR.Quality:3]]
[2023.02.19-17.43.07:716][  0]LogConfig: Setting CVar [[r.SSR.HalfResSceneColor:0]]
[2023.02.19-17.43.07:716][  0]LogConfig: Setting CVar [[r.SceneColorFormat:4]]
[2023.02.19-17.43.07:716][  0]LogConfig: Setting CVar [[r.DetailMode:2]]
[2023.02.19-17.43.07:716][  0]LogConfig: Setting CVar [[r.TranslucencyVolumeBlur:1]]
[2023.02.19-17.43.07:716][  0]LogConfig: Setting CVar [[r.MaterialQualityLevel:1 ; High quality]]
[2023.02.19-17.43.07:716][  0]LogConfig: Setting CVar [[r.AnisotropicMaterials:1]]
[2023.02.19-17.43.07:716][  0]LogConfig: Setting CVar [[r.SSS.Scale:1]]
[2023.02.19-17.43.07:716][  0]LogConfig: Setting CVar [[r.SSS.SampleSet:2]]
[2023.02.19-17.43.07:717][  0]LogConfig: Setting CVar [[r.SSS.Quality:1]]
[2023.02.19-17.43.07:717][  0]LogConfig: Setting CVar [[r.SSS.HalfRes:0]]
[2023.02.19-17.43.07:717][  0]LogConfig: Setting CVar [[r.SSGI.Quality:3]]
[2023.02.19-17.43.07:717][  0]LogConfig: Setting CVar [[r.EmitterSpawnRateScale:1.0]]
[2023.02.19-17.43.07:717][  0]LogConfig: Setting CVar [[r.ParticleLightQuality:2]]
[2023.02.19-17.43.07:717][  0]LogConfig: Setting CVar [[r.SkyAtmosphere.AerialPerspectiveLUT.FastApplyOnOpaque:1 ; Always have FastSkyLUT 1 in this case to avoid wrong sky]]
[2023.02.19-17.43.07:717][  0]LogConfig: Setting CVar [[r.SkyAtmosphere.AerialPerspectiveLUT.SampleCountMaxPerSlice:4]]
[2023.02.19-17.43.07:717][  0]LogConfig: Setting CVar [[r.SkyAtmosphere.AerialPerspectiveLUT.DepthResolution:16.0]]
[2023.02.19-17.43.07:717][  0]LogConfig: Setting CVar [[r.SkyAtmosphere.FastSkyLUT:1]]
[2023.02.19-17.43.07:717][  0]LogConfig: Setting CVar [[r.SkyAtmosphere.FastSkyLUT.SampleCountMin:4.0]]
[2023.02.19-17.43.07:717][  0]LogConfig: Setting CVar [[r.SkyAtmosphere.FastSkyLUT.SampleCountMax:128.0]]
[2023.02.19-17.43.07:717][  0]LogConfig: Setting CVar [[r.SkyAtmosphere.SampleCountMin:4.0]]
[2023.02.19-17.43.07:717][  0]LogConfig: Setting CVar [[r.SkyAtmosphere.SampleCountMax:128.0]]
[2023.02.19-17.43.07:717][  0]LogConfig: Setting CVar [[r.SkyAtmosphere.TransmittanceLUT.UseSmallFormat:0]]
[2023.02.19-17.43.07:717][  0]LogConfig: Setting CVar [[r.SkyAtmosphere.TransmittanceLUT.SampleCount:10.0]]
[2023.02.19-17.43.07:717][  0]LogConfig: Setting CVar [[r.SkyAtmosphere.MultiScatteringLUT.SampleCount:15.0]]
[2023.02.19-17.43.07:717][  0]LogConfig: Setting CVar [[r.SkyLight.RealTimeReflectionCapture:1]]
[2023.02.19-17.43.07:717][  0]LogConfig: Applying CVar settings from Section [FoliageQuality@3] File [E:/Unreal/RPGPrototype_ue4/RPGPrototype/Saved/Config/Windows/Scalability.ini]
[2023.02.19-17.43.07:717][  0]LogConfig: Setting CVar [[foliage.DensityScale:1.0]]
[2023.02.19-17.43.07:717][  0]LogConfig: Setting CVar [[grass.DensityScale:1.0]]
[2023.02.19-17.43.07:717][  0]LogConfig: Applying CVar settings from Section [ShadingQuality@3] File [E:/Unreal/RPGPrototype_ue4/RPGPrototype/Saved/Config/Windows/Scalability.ini]
[2023.02.19-17.43.07:718][  0]LogConfig: Setting CVar [[r.HairStrands.SkyLighting.IntegrationType:2]]
[2023.02.19-17.43.07:718][  0]LogConfig: Setting CVar [[r.HairStrands.SkyAO.SampleCount:4]]
[2023.02.19-17.43.07:718][  0]LogConfig: Setting CVar [[r.HairStrands.Visibility.MSAA.SamplePerPixel:4]]
[2023.02.19-17.43.07:718][  0]LogConfig: Applying CVar settings from Section [Startup] File [../../../Engine/Config/ConsoleVariables.ini]
[2023.02.19-17.43.07:718][  0]LogConfig: Setting CVar [[net.UseAdaptiveNetUpdateFrequency:0]]
[2023.02.19-17.43.07:718][  0]LogConfig: Setting CVar [[p.chaos.AllowCreatePhysxBodies:1]]
[2023.02.19-17.43.07:718][  0]LogConfig: Setting CVar [[fx.SkipVectorVMBackendOptimizations:1]]
[2023.02.19-17.43.07:718][  0]LogConfig: Applying CVar settings from Section [ConsoleVariables] File [E:/Unreal/RPGPrototype_ue4/RPGPrototype/Saved/Config/Windows/Engine.ini]
[2023.02.19-17.43.07:718][  0]LogConfig: Applying CVar settings from Section [ConsoleVariables] File [E:/Unreal/RPGPrototype_ue4/RPGPrototype/Saved/Config/Windows/Editor.ini]
[2023.02.19-17.43.07:718][  0]LogInit: Computer: DESKTOP-SQ2C6IA
[2023.02.19-17.43.07:718][  0]LogInit: User: Usuario
[2023.02.19-17.43.07:718][  0]LogInit: CPU Page size=4096, Cores=6
[2023.02.19-17.43.07:719][  0]LogInit: High frequency timer resolution =10.000000 MHz
[2023.02.19-17.43.07:719][  0]LogMemory: Memory total: Physical=32.0GB (32GB approx)
[2023.02.19-17.43.07:719][  0]LogMemory: Platform Memory Stats for Windows
[2023.02.19-17.43.07:719][  0]LogMemory: Process Physical Memory: 148.11 MB used, 148.11 MB peak
[2023.02.19-17.43.07:719][  0]LogMemory: Process Virtual Memory: 126.00 MB used, 126.00 MB peak
[2023.02.19-17.43.07:719][  0]LogMemory: Physical Memory: 9125.78 MB used,  23591.66 MB free, 32717.44 MB total
[2023.02.19-17.43.07:719][  0]LogMemory: Virtual Memory: 134190768.00 MB used,  26955.93 MB free, 134217728.00 MB total
[2023.02.19-17.43.07:734][  0]LogWindows: WindowsPlatformFeatures enabled
[2023.02.19-17.43.07:914][  0]LogInit: Physics initialised using underlying interface: PhysX
[2023.02.19-17.43.07:917][  0]LogInit: Overriding language with editor language configuration option (en).
[2023.02.19-17.43.07:917][  0]LogInit: Using OS detected locale (es-ES).
[2023.02.19-17.43.08:088][  0]LogInit: Setting process to per monitor DPI aware
[2023.02.19-17.43.08:122][  0]LogWindowsTextInputMethodSystem: Display: IME system deactivated.
[2023.02.19-17.43.08:151][  0]LogSlate: New Slate User Created.  User Index 0, Is Virtual User: 0
[2023.02.19-17.43.08:151][  0]LogSlate: Slate User Registered.  User Index 0, Is Virtual User: 0
[2023.02.19-17.43.08:420][  0]LogD3D11RHI: Loaded GFSDK_Aftermath_Lib.x64.dll
[2023.02.19-17.43.08:427][  0]LogHMD: Failed to initialize OpenVR with code 110
[2023.02.19-17.43.08:427][  0]LogD3D11RHI: D3D11 min allowed feature level: 11_0
[2023.02.19-17.43.08:427][  0]LogD3D11RHI: D3D11 max allowed feature level: 11_0
[2023.02.19-17.43.08:427][  0]LogD3D11RHI: D3D11 adapters:
[2023.02.19-17.43.08:604][  0]LogD3D11RHI:    0. 'NVIDIA GeForce RTX 2060 SUPER' (Feature Level 11_0)
[2023.02.19-17.43.08:604][  0]LogD3D11RHI:       8019/0/16358 MB DedicatedVideo/DedicatedSystem/SharedSystem, Outputs:2, VendorId:0x10de
[2023.02.19-17.43.08:611][  0]LogD3D11RHI:    1. 'Microsoft Basic Render Driver' (Feature Level 11_0)
[2023.02.19-17.43.08:611][  0]LogD3D11RHI:       0/0/16358 MB DedicatedVideo/DedicatedSystem/SharedSystem, Outputs:0, VendorId:0x1414
[2023.02.19-17.43.08:611][  0]LogD3D11RHI: Chosen D3D11 Adapter:
[2023.02.19-17.43.08:611][  0]LogD3D11RHI:     Description : NVIDIA GeForce RTX 2060 SUPER
[2023.02.19-17.43.08:611][  0]LogD3D11RHI:     VendorId    : 10de
[2023.02.19-17.43.08:611][  0]LogD3D11RHI:     DeviceId    : 1f06
[2023.02.19-17.43.08:611][  0]LogD3D11RHI:     SubSysId    : 3fed1458
[2023.02.19-17.43.08:611][  0]LogD3D11RHI:     Revision    : 00a1
[2023.02.19-17.43.08:611][  0]LogD3D11RHI:     DedicatedVideoMemory : 8408530944 bytes
[2023.02.19-17.43.08:611][  0]LogD3D11RHI:     DedicatedSystemMemory : 0 bytes
[2023.02.19-17.43.08:611][  0]LogD3D11RHI:     SharedSystemMemory : 17153361920 bytes
[2023.02.19-17.43.08:612][  0]LogD3D11RHI:     AdapterLuid : 0 73338
[2023.02.19-17.43.08:617][  0]LogD3D11RHI: Creating new Direct3DDevice
[2023.02.19-17.43.08:617][  0]LogD3D11RHI:     GPU DeviceId: 0x1f06 (for the marketing name, search the web for "GPU Device Id")
[2023.02.19-17.43.08:617][  0]LogWindows: EnumDisplayDevices:
[2023.02.19-17.43.08:617][  0]LogWindows:    0. 'NVIDIA GeForce RTX 2060 SUPER' (P:1 D:1)
[2023.02.19-17.43.08:618][  0]LogWindows:    1. 'NVIDIA GeForce RTX 2060 SUPER' (P:0 D:1)
[2023.02.19-17.43.08:618][  0]LogWindows:    2. 'NVIDIA GeForce RTX 2060 SUPER' (P:0 D:0)
[2023.02.19-17.43.08:619][  0]LogWindows:    3. 'NVIDIA GeForce RTX 2060 SUPER' (P:0 D:0)
[2023.02.19-17.43.08:619][  0]LogWindows: DebugString: FoundDriverCount:4 
[2023.02.19-17.43.08:619][  0]LogD3D11RHI:     Adapter Name: NVIDIA GeForce RTX 2060 SUPER
[2023.02.19-17.43.08:619][  0]LogD3D11RHI:   Driver Version: 528.02 (internal:31.0.15.2802, unified:528.02)
[2023.02.19-17.43.08:619][  0]LogD3D11RHI:      Driver Date: 12-22-2022
[2023.02.19-17.43.08:619][  0]LogRHI: Texture pool is 5613 MB (70% of 8019 MB)
[2023.02.19-17.43.08:619][  0]LogD3D11RHI: Creating D3DDevice using adapter:
[2023.02.19-17.43.08:619][  0]LogD3D11RHI:     Description : NVIDIA GeForce RTX 2060 SUPER
[2023.02.19-17.43.08:619][  0]LogD3D11RHI:     VendorId    : 10de
[2023.02.19-17.43.08:619][  0]LogD3D11RHI:     DeviceId    : 1f06
[2023.02.19-17.43.08:619][  0]LogD3D11RHI:     SubSysId    : 3fed1458
[2023.02.19-17.43.08:619][  0]LogD3D11RHI:     Revision    : 00a1
[2023.02.19-17.43.08:619][  0]LogD3D11RHI:     DedicatedVideoMemory : 8408530944 bytes
[2023.02.19-17.43.08:619][  0]LogD3D11RHI:     DedicatedSystemMemory : 0 bytes
[2023.02.19-17.43.08:619][  0]LogD3D11RHI:     SharedSystemMemory : 17153361920 bytes
[2023.02.19-17.43.08:619][  0]LogD3D11RHI:     AdapterLuid : 0 73338
[2023.02.19-17.43.08:704][  0]LogD3D11RHI: RHI has support for 64 bit atomics
[2023.02.19-17.43.08:704][  0]LogD3D11RHI: Async texture creation enabled
[2023.02.19-17.43.08:704][  0]LogD3D11RHI: Array index from any shader is supported
[2023.02.19-17.43.08:720][  0]LogD3D11RHI: GPU Timing Frequency: 1000.000000 (Debug: 2 1)
[2023.02.19-17.43.08:782][  0]LogRHI: GeForceNow SDK initialized: 1
[2023.02.19-17.43.09:104][  0]LogTargetPlatformManager: Display: Loaded TargetPlatform 'AllDesktop'
[2023.02.19-17.43.09:128][  0]LogTargetPlatformManager: Display: Loaded TargetPlatform 'Android'
[2023.02.19-17.43.09:128][  0]LogTargetPlatformManager: Display: Loaded TargetPlatform 'Android_ASTC'
[2023.02.19-17.43.09:128][  0]LogTargetPlatformManager: Display: Loaded TargetPlatform 'Android_DXT'
[2023.02.19-17.43.09:128][  0]LogTargetPlatformManager: Display: Loaded TargetPlatform 'Android_ETC2'
[2023.02.19-17.43.09:128][  0]LogTargetPlatformManager: Display: Loaded TargetPlatform 'AndroidClient'
[2023.02.19-17.43.09:128][  0]LogTargetPlatformManager: Display: Loaded TargetPlatform 'Android_ASTCClient'
[2023.02.19-17.43.09:128][  0]LogTargetPlatformManager: Display: Loaded TargetPlatform 'Android_DXTClient'
[2023.02.19-17.43.09:128][  0]LogTargetPlatformManager: Display: Loaded TargetPlatform 'Android_ETC2Client'
[2023.02.19-17.43.09:128][  0]LogTargetPlatformManager: Display: Loaded TargetPlatform 'Android_Multi'
[2023.02.19-17.43.09:129][  0]LogTargetPlatformManager: Display: Loaded TargetPlatform 'Android_MultiClient'
[2023.02.19-17.43.09:160][  0]LogTargetPlatformManager: Display: Loaded TargetPlatform 'IOSClient'
[2023.02.19-17.43.09:160][  0]LogTargetPlatformManager: Display: Loaded TargetPlatform 'IOS'
[2023.02.19-17.43.09:173][  0]LogTargetPlatformManager: Display: Loaded TargetPlatform 'Linux'
[2023.02.19-17.43.09:181][  0]LogTargetPlatformManager: Display: Loaded TargetPlatform 'LinuxNoEditor'
[2023.02.19-17.43.09:189][  0]LogTargetPlatformManager: Display: Loaded TargetPlatform 'LinuxClient'
[2023.02.19-17.43.09:198][  0]LogTargetPlatformManager: Display: Loaded TargetPlatform 'LinuxServer'
[2023.02.19-17.43.09:211][  0]LogTargetPlatformManager: Display: Loaded TargetPlatform 'LinuxAArch64NoEditor'
[2023.02.19-17.43.09:219][  0]LogTargetPlatformManager: Display: Loaded TargetPlatform 'LinuxAArch64Client'
[2023.02.19-17.43.09:227][  0]LogTargetPlatformManager: Display: Loaded TargetPlatform 'LinuxAArch64Server'
[2023.02.19-17.43.09:254][  0]LogTargetPlatformManager: Display: Loaded TargetPlatform 'Lumin'
[2023.02.19-17.43.09:255][  0]LogTargetPlatformManager: Display: Loaded TargetPlatform 'LuminClient'
[2023.02.19-17.43.09:266][  0]LogTargetPlatformManager: Display: Loaded TargetPlatform 'MacNoEditor'
[2023.02.19-17.43.09:275][  0]LogTargetPlatformManager: Display: Loaded TargetPlatform 'Mac'
[2023.02.19-17.43.09:282][  0]LogTargetPlatformManager: Display: Loaded TargetPlatform 'MacClient'
[2023.02.19-17.43.09:290][  0]LogTargetPlatformManager: Display: Loaded TargetPlatform 'MacServer'
[2023.02.19-17.43.09:304][  0]LogTargetPlatformManager: Display: Loaded TargetPlatform 'TVOSClient'
[2023.02.19-17.43.09:304][  0]LogTargetPlatformManager: Display: Loaded TargetPlatform 'TVOS'
[2023.02.19-17.43.09:316][  0]LogTargetPlatformManager: Display: Loaded TargetPlatform 'WindowsNoEditor'
[2023.02.19-17.43.09:325][  0]LogTargetPlatformManager: Display: Loaded TargetPlatform 'Windows'
[2023.02.19-17.43.09:334][  0]LogTargetPlatformManager: Display: Loaded TargetPlatform 'WindowsClient'
[2023.02.19-17.43.09:343][  0]LogTargetPlatformManager: Display: Loaded TargetPlatform 'WindowsServer'
[2023.02.19-17.43.09:343][  0]LogTargetPlatformManager: Display: Building Assets For Windows
[2023.02.19-17.43.09:363][  0]LogAudioDebug: Display: Lib vorbis DLL was dynamically loaded.
[2023.02.19-17.43.09:434][  0]LogTextureFormatOodle: Display: Oodle Texture 2.9.0 init RDO Off
[2023.02.19-17.43.09:514][  0]LogRendererCore: Ray tracing is disabled. Reason: r.RayTracing=0.
[2023.02.19-17.43.09:514][  0]LogShaderCompilers: Guid format shader working directory is -4 characters bigger than the processId version (../../../../../Unreal/RPGPrototype_ue4/RPGPrototype/Intermediate/Shaders/WorkingDirectory/11388/).
[2023.02.19-17.43.09:515][  0]LogShaderCompilers: Cleaned the shader compiler working directory 'C:/Users/Usuario/AppData/Local/Temp/UnrealShaderWorkingDir/C7887E02408DE51C593620B6E9B0F700/'.
[2023.02.19-17.43.09:515][  0]LogXGEController: Cannot use XGE Controller as Incredibuild is not installed on this machine.
[2023.02.19-17.43.09:516][  0]LogShaderCompilers: Cannot use XGE Shader Compiler as Incredibuild is not installed on this machine.
[2023.02.19-17.43.09:516][  0]LogShaderCompilers: Display: Using Local Shader Compiler.
[2023.02.19-17.43.10:171][  0]LogDerivedDataCache: Display: Max Cache Size: 512 MB
[2023.02.19-17.43.10:252][  0]LogDerivedDataCache: Loaded boot cache 0.08s 303MB C:/Users/Usuario/AppData/Local/UnrealEngine/4.27/DerivedDataCache/Boot.ddc.
[2023.02.19-17.43.10:252][  0]LogDerivedDataCache: Display: Loaded Boot cache: C:/Users/Usuario/AppData/Local/UnrealEngine/4.27/DerivedDataCache/Boot.ddc
[2023.02.19-17.43.10:252][  0]LogDerivedDataCache: FDerivedDataBackendGraph:  Pak pak cache file ../../../../../Unreal/RPGPrototype_ue4/RPGPrototype/DerivedDataCache/DDC.ddp not found, will not use a pak cache.
[2023.02.19-17.43.10:252][  0]LogDerivedDataCache: Unable to find inner node Pak for hierarchical cache Hierarchy.
[2023.02.19-17.43.10:252][  0]LogDerivedDataCache: FDerivedDataBackendGraph:  CompressedPak pak cache file ../../../../../Unreal/RPGPrototype_ue4/RPGPrototype/DerivedDataCache/Compressed.ddp not found, will not use a pak cache.
[2023.02.19-17.43.10:252][  0]LogDerivedDataCache: Unable to find inner node CompressedPak for hierarchical cache Hierarchy.
[2023.02.19-17.43.10:270][  0]LogDerivedDataCache: Display: Pak cache opened for reading ../../../Engine/DerivedDataCache/Compressed.ddp.
[2023.02.19-17.43.10:270][  0]LogDerivedDataCache: FDerivedDataBackendGraph:  EnterprisePak pak cache file ../../../Enterprise/DerivedDataCache/Compressed.ddp not found, will not use a pak cache.
[2023.02.19-17.43.10:270][  0]LogDerivedDataCache: Unable to find inner node EnterprisePak for hierarchical cache Hierarchy.
[2023.02.19-17.43.10:282][  0]LogDerivedDataCache: Speed tests for C:/Users/Usuario/AppData/Local/UnrealEngine/Common/DerivedDataCache took 0.01 seconds
[2023.02.19-17.43.10:283][  0]LogDerivedDataCache: Display: Performance to C:/Users/Usuario/AppData/Local/UnrealEngine/Common/DerivedDataCache: Latency=0.16ms. RandomReadSpeed=636.03MBs, RandomWriteSpeed=103.65MBs. Assigned SpeedClass 'Local'
[2023.02.19-17.43.10:284][  0]LogDerivedDataCache: Using Local data cache path C:/Users/Usuario/AppData/Local/UnrealEngine/Common/DerivedDataCache: Writable
[2023.02.19-17.43.10:284][  0]LogDerivedDataCache: Shared data cache path not found in *engine.ini, will not use an Shared cache.
[2023.02.19-17.43.10:285][  0]LogDerivedDataCache: Unable to find inner node Shared for hierarchical cache Hierarchy.
[2023.02.19-17.43.10:326][  0]LogSlate: Using FreeType 2.10.0
[2023.02.19-17.43.10:327][  0]LogSlate: SlateFontServices - WITH_FREETYPE: 1, WITH_HARFBUZZ: 1
[2023.02.19-17.43.10:359][  0]LogAssetRegistry: FAssetRegistry took 0.0044 seconds to start up
[2023.02.19-17.43.10:591][  0]LogInit: Selected Device Profile: [Windows]
[2023.02.19-17.43.10:592][  0]LogInit: Active device profile: [00000202E954F700][00000202E8136D80 49] Windows
[2023.02.19-17.43.10:592][  0]LogInit: Profiles: [00000202E954F700][00000202E8136D80 49] Windows, [00000202E9518B00][00000202E8152F00 49] WindowsNoEditor, [00000202E954CB00][00000202E815F080 49] WindowsServer, [00000202E951AE00][00000202E7FAD200 49] WindowsClient, [00000202E954ED00][00000202E7FB1380 49] IOS, [00000202E9519500][00000202E7FB5500 49] iPadAir, [00000202E954D400][00000202EA361680 49] iPadAir2, [00000202E949BC00][00000202E59B7940 49] IPadPro, [00000202E949BD00][00000202EA395980 49] iPadAir3, [00000202E954E600][00000202E59BBB00 49] iPadAir4, [00000202E9499000][00000202E59CA100 49] iPadMini2, [00000202E954D900][00000202E59CE280 49] iPadMini3, [00000202E949A800][00000202E59D2400 49] iPadMini4, [00000202E954C200][00000202E81EA580 49] iPadMini5, [00000202E9503500][00000202E813A800 49] iPhone6, [00000202E9503600][00000202E81EE840 49] iPodTouch6, [00000202E9498100][00000202E59E0A80 49] iPhone7, [00000202E9499100][00000202E5A9EAC0 49] iPodTouch7, [00000202E9500F00][00000202E7F40C40 49] iPhone5S, [00000202E949AA00][00000202EA390DC0 49] iPhone6Plus, [00000202E9502900][00000202E99ECF40 49] iPhone6S, [00000202E949B900][00000202E81F30C0 49] iPhone6SPlus, [00000202E9501800][00000202E81F7240 49] iPhone7Plus, [00000202E9498900][00000202E81FB3C0 49] iPhoneSE, [00000202E9500C00][00000202E81FF540 49] iPhone8, [00000202E949B000][00000202E82036C0 49] iPhone8Plus, [00000202E9503100][00000202E8207840 49] iPhoneX, [00000202E949A100][00000202E820B9C0 49] iPhoneXS, [00000202E9500100][00000202E5A6BB40 49] iPhoneXSMax, [00000202E949B400][00000202E5A6E140 49] iPhoneXR, [00000202E9501500][00000202E5A722C0 49] iPhone11, [00000202E949AD00][00000202E5A76440 49] iPhone11Pro, [00000202E9500E00][00000202E5A7A5C0 49] iPhone11ProMax, [00000202E949AC00][00000202E5A7E740 49] iPhoneSE2, [00000202E9502E00][00000202E5A828C0 49] iPhone12Mini, [00000202E9498D00][00000202E7F3CA00 49] iPhone12, [00000202E9503B00][00000202E5A86B40 49] iPhone12Pro, [00000202E9499F00][00000202E5A8AC80 49] iPhone12ProMax, [00000202E9501400][00000202E5A8EDC0 49] iPadPro105, [00000202E9499200][00000202E99F0F40 49] iPadPro129, [00000202E9502D00][00000202E99F50C0 49] iPadPro97, [00000202E949A600][00000202E99F9240 49] iPadPro2_129, [00000202E9501100][00000202E99FD3C0 49] iPad5, [00000202E949AB00][00000202E9A01540 49] iPad6, [00000202E9501600][00000202E9A056C0 49] iPad7, [00000202E949A900][00000202E9A09840 49] iPad8, [00000202E9502300][00000202E9A0D9C0 49] iPadPro11, [00000202E9498600][00000202E9A11B40 49] iPadPro2_11, [00000202E9500B00][00000202E9A14140 49] iPadPro3_129, [00000202E949A400][00000202E9A182C0 49] iPadPro4_129, [00000202E9502200][00000202E9A1C440 49] AppleTV, [00000202E9498400][00000202E9A205C0 49] AppleTV4K, [00000202E9503900][00000202E9A24740 49] TVOS, [00000202E9499700][00000202E9A288C0 49] Mac, [00000202E9502500][00000202E9A2CA40 49] MacClient, [00000202E949B100][00000202E5A92B80 49] MacNoEditor, [00000202E9500800][00000202E82B2CC0 49] MacServer, [00000202E949B600][00000202E82B6E00 49] Linux, [00000202E9501300][00000202E82BAF40 49] LinuxAArch64, [00000202E949B800][00000202E82C30C0 49] LinuxNoEditor, [00000202E951A800][00000202E82C7240 49] LinuxAArch64NoEditor, [00000202E95B8F00][00000202E82CB3C0 49] LinuxClient, [00000202E951B500][00000202E82CF540 49] LinuxAArch64Client, [00000202E95B9F00][00000202E82D36C0 49] LinuxServer, [00000202E9519A00][00000202E82D7840 49] LinuxAArch64Server, [00000202E95B8800][00000202E82DB9C0 49] Android, [00000202E9518A00][00000202E82DFB40 49] Android_Low, [00000202E95B9600][00000202E82E2140 49] Android_Mid, [00000202E951BA00][00000202E82E62C0 49] Android_High, [00000202E95B9200][00000202E82EA440 49] Android_Default, [00000202E9519800][00000202E82EE5C0 49] Android_Adreno4xx, [00000202E95B9C00][00000202E82F2740 49] Android_Adreno5xx_Low, [00000202E9519300][00000202E82F68C0 49] Android_Adreno5xx, [00000202E95B8200][00000202E82FAA40 49] Android_Adreno6xx, [00000202E951A200][00000202E82FEBC0 49] Android_Adreno6xx_Vulkan, [00000202E95B8700][00000202E8302D40 49] Android_Mali_T6xx, [00000202E9519B00][00000202E82BEE80 49] Android_Mali_T7xx, [00000202E95B9900][00000202E8306FC0 49] Android_Mali_T8xx, [00000202E951B600][00000202E830B100 49] Android_Mali_G71, [00000202E95BA300][00000202E8313280 49] Android_Mali_G72, [00000202E951A100][00000202E8317400 49] Android_Mali_G72_Vulkan, [00000202E95BA200][00000202E831B580 49] Android_Mali_G76, [00000202E9518E00][00000202E831F700 49] Android_Mali_G76_Vulkan, [00000202E95B8400][00000202E8323880 49] Android_Mali_G77, [00000202E9499600][00000202E8327A00 49] Android_Mali_G77_Vulkan, [00000202E9500A00][00000202E832BB80 49] Android_Mali_G78, [00000202E9499E00][00000202E832E180 49] Android_Mali_G78_Vulkan, [00000202E9503F00][00000202E8332300 49] Android_Mali_G710, [00000202E9498A00][00000202E8336480 49] Android_Mali_G710_Vulkan, [00000202E95B9500][00000202E833A600 49] Android_Vulkan_SM5, [00000202E949BE00][00000202E833E780 49] Android_PowerVR_G6xxx, [00000202E95B8500][00000202E8342900 49] Android_PowerVR_GT7xxx, [00000202E949A700][00000202E8346A80 49] Android_PowerVR_GE8xxx, [00000202E95B9300][00000202E834AC00 49] Android_PowerVR_GM9xxx, [00000202E9499900][00000202E834ED80 49] Android_PowerVR_GM9xxx_Vulkan, [00000202E95BA100][00000202E8352F00 49] Android_TegraK1, [00000202E949A500][00000202E830F040 49] Android_Unknown_Vulkan, [00000202E95B9D00][00000202E8357180 49] Lumin, [00000202E9498500][00000202E835B2C0 49] Lumin_Desktop, [00000202E95B8B00][00000202E8363440 49] HoloLens, 
[2023.02.19-17.43.10:750][  0]LogMeshReduction: Using QuadricMeshReduction for automatic static mesh reduction
[2023.02.19-17.43.10:751][  0]LogMeshReduction: Using SimplygonMeshReduction for automatic skeletal mesh reduction
[2023.02.19-17.43.10:751][  0]LogMeshReduction: Using ProxyLODMeshReduction for automatic mesh merging
[2023.02.19-17.43.10:751][  0]LogMeshReduction: No distributed automatic mesh merging module available
[2023.02.19-17.43.10:751][  0]LogMeshMerging: No distributed automatic mesh merging module available
[2023.02.19-17.43.10:773][  0]LogNetVersion: RPGPrototype 1.0.0, NetCL: 17155196, EngineNetVer: 17, GameNetVer: 0 (Checksum: 3773697764)
[2023.02.19-17.43.11:207][  0]LogTexture: Default maximum texture size for cubemaps generated from long-lat sources has been changed from 512 to unlimited. In order to preserve old behaiour for '/Engine/MapTemplates/Sky/DaylightAmbientCubemap.DaylightAmbientCubemap', its maximum texture size has been explicitly set to 512.
[2023.02.19-17.43.11:260][  0]LogHMD: PokeAHoleMaterial loaded successfully
[2023.02.19-17.43.11:267][  0]LogUObjectArray: 17186 objects as part of root set at end of initial load.
[2023.02.19-17.43.11:267][  0]LogUObjectAllocator: 4313952 out of 0 bytes used by permanent object pool.
[2023.02.19-17.43.11:267][  0]LogUObjectArray: CloseDisregardForGC: 0/0 objects in disregard for GC pool
[2023.02.19-17.43.11:740][  0]LogNiagaraDebuggerClient: Niagara Debugger Client Initialized | Session: 4F95D3B24269B097F5C29F999931C1CD | Instance: 65220E134B86650763E28FA1387E85C4 (DESKTOP-SQ2C6IA-11388).
[2023.02.19-17.43.11:926][  0]LogPython: Using Python 3.7.7
[2023.02.19-17.43.12:445][  0]LogTcpMessaging: Initializing TcpMessaging bridge
[2023.02.19-17.43.12:463][  0]LogUdpMessaging: Initializing bridge on interface 0.0.0.0:0 to multicast group 230.0.0.1:6666.
[2023.02.19-17.43.12:533][  0]LogStats: UGameplayTagsManager::InitializeManager -  0.000 s
[2023.02.19-17.43.12:676][  0]LogClass: Warning: Property PlayerRPGCharacter::CharacterLevel (SourceClass: PlayerRPGCharacter) was not registered in GetLifetimeReplicatedProps. This property will not be replicated. Use DISABLE_REPLICATED_PROPERTY if not replicating was intentional.
[2023.02.19-17.43.13:033][  0]SourceControl: Source control is disabled
[2023.02.19-17.43.13:033][  0]SourceControl: Source control is disabled
[2023.02.19-17.43.13:040][  0]SourceControl: Source control is disabled
[2023.02.19-17.43.13:046][  0]SourceControl: Source control is disabled
[2023.02.19-17.43.13:062][  0]SourceControl: Source control is disabled
[2023.02.19-17.43.13:077][  0]LogUProjectInfo: Found projects:
[2023.02.19-17.43.13:380][  0]LogOpenImageDenoise: OIDN starting up
[2023.02.19-17.43.13:456][  0]LogAndroidPermission: UAndroidPermissionCallbackProxy::GetInstance
[2023.02.19-17.43.13:504][  0]LogAudioCaptureCore: Display: No Audio Capture implementations found. Audio input will be silent.
[2023.02.19-17.43.13:504][  0]LogAudioCaptureCore: Display: No Audio Capture implementations found. Audio input will be silent.
[2023.02.19-17.43.13:682][  0]LogCollectionManager: Loaded 0 collections in 0.000776 seconds
[2023.02.19-17.43.13:723][  0]LogFileCache: Scanning file cache for directory 'E:/Unreal/RPGPrototype_ue4/RPGPrototype/Saved/Collections/' took 0.00s
[2023.02.19-17.43.13:723][  0]LogFileCache: Scanning file cache for directory 'E:/Unreal/RPGPrototype_ue4/RPGPrototype/Content/Developers/Usuario/Collections/' took 0.00s
[2023.02.19-17.43.13:723][  0]LogFileCache: Scanning file cache for directory 'E:/Unreal/RPGPrototype_ue4/RPGPrototype/Content/Collections/' took 0.00s
[2023.02.19-17.43.13:723][  0]LogOcInput: OculusInput pre-init called
[2023.02.19-17.43.14:034][  0]LogClass: Display: ByteProperty FHeroGameplayAbilityBindInfo::Command is not initialized properly. Module:RPGPrototype File:Data/HeroAbilitytDataAsset.h
[2023.02.19-17.43.14:035][  0]LogClass: Display: 1 Uninitialized script struct members found including 0 object properties
[2023.02.19-17.43.14:036][  0]LogEngine: Initializing Engine...
[2023.02.19-17.43.14:040][  0]LogHMD: Failed to enumerate extensions. Please check that you have a valid OpenXR runtime installed.
[2023.02.19-17.43.14:041][  0]LogHMD: Failed to initialize OpenVR with code 110
[2023.02.19-17.43.14:042][  0]LogMagicLeap: Warning: VR disabled because ZI is not enabled.  To enable, in the editor, Edit -> Project Settings -> Plugins -> Magic Leap Plugin -> Enable Zero Iteration
[2023.02.19-17.43.14:161][  0]LogInit: Initializing FReadOnlyCVARCache
[2023.02.19-17.43.14:172][  0]LogAIModule: Creating AISystem for world Untitled
[2023.02.19-17.43.14:173][  0]LogAudio: Display: Initializing Audio Device Manager...
[2023.02.19-17.43.14:180][  0]LogAudio: Display: Loading Default Audio Settings Objects...
[2023.02.19-17.43.14:181][  0]LogAudio: Display: No default SoundConcurrencyObject specified (or failed to load).
[2023.02.19-17.43.14:181][  0]LogAudio: Display: Audio Device Manager Initialized
[2023.02.19-17.43.14:181][  0]LogAudio: Display: Creating Audio Device:                 Id: 1, Scope: Shared, Realtime: True
[2023.02.19-17.43.14:182][  0]LogAudioMixer: Display: Audio Mixer Platform Settings:
[2023.02.19-17.43.14:182][  0]LogAudioMixer: Display: 	Sample Rate:						  48000
[2023.02.19-17.43.14:182][  0]LogAudioMixer: Display: 	Callback Buffer Frame Size Requested: 1024
[2023.02.19-17.43.14:182][  0]LogAudioMixer: Display: 	Callback Buffer Frame Size To Use:	  1024
[2023.02.19-17.43.14:182][  0]LogAudioMixer: Display: 	Number of buffers to queue:			  2
[2023.02.19-17.43.14:182][  0]LogAudioMixer: Display: 	Max Channels (voices):				  32
[2023.02.19-17.43.14:182][  0]LogAudioMixer: Display: 	Number of Async Source Workers:		  0
[2023.02.19-17.43.14:182][  0]LogAudio: Display: AudioDevice MaxSources: 32
[2023.02.19-17.43.14:182][  0]LogAudio: Display: Audio Spatialization Plugin: None (built-in).
[2023.02.19-17.43.14:182][  0]LogAudio: Display: Audio Reverb Plugin: None (built-in).
[2023.02.19-17.43.14:182][  0]LogAudio: Display: Audio Occlusion Plugin: None (built-in).
[2023.02.19-17.43.14:182][  0]LogAudioMixer: Display: Initializing audio mixer.
[2023.02.19-17.43.14:214][  0]LogAudioMixer: Display: 0: FrontLeft
[2023.02.19-17.43.14:214][  0]LogAudioMixer: Display: 1: FrontRight
[2023.02.19-17.43.14:258][  0]LogAudioMixer: Display: Using Audio Device Altavoces (Realtek(R) Audio)
[2023.02.19-17.43.14:259][  0]LogAudioMixer: Display: Initializing Sound Submixes...
[2023.02.19-17.43.14:263][  0]LogAudioMixer: Display: Creating Master Submix 'MasterSubmixDefault'
[2023.02.19-17.43.14:263][  0]LogAudioMixer: Display: Creating Master Submix 'MasterReverbSubmixDefault'
[2023.02.19-17.43.14:264][  0]LogAudioMixer: Display: Creating Master Submix 'MasterEQSubmixDefault'
[2023.02.19-17.43.14:264][  0]LogAudioMixer: FMixerPlatformXAudio2::StartAudioStream() called
[2023.02.19-17.43.14:264][  0]LogAudioMixer: Display: Output buffers initialized: Frames=1024, Channels=2, Samples=2048
[2023.02.19-17.43.14:266][  0]LogAudioMixer: Display: Starting AudioMixerPlatformInterface::RunInternal()
[2023.02.19-17.43.14:266][  0]LogAudioMixer: Display: FMixerPlatformXAudio2::SubmitBuffer() called for the first time
[2023.02.19-17.43.14:266][  0]LogInit: FAudioDevice initialized.
[2023.02.19-17.43.14:267][  0]LogAudio: Display: Audio Device (ID: 1) registered with world 'Untitled'.
[2023.02.19-17.43.14:267][  0]LogNetVersion: Set ProjectVersion to 1.0.0.0. Version Checksum will be recalculated on next use.
[2023.02.19-17.43.14:334][  0]LogDerivedDataCache: Saved boot cache 0.07s 96MB C:/Users/Usuario/AppData/Local/UnrealEngine/4.27/DerivedDataCache/Boot.ddc.
[2023.02.19-17.43.14:335][  0]LogInit: Texture streaming: Enabled
[2023.02.19-17.43.14:359][  0]LogAnalytics: Display: [UEEditor.Rocket.Release] APIServer = https://datarouter.ol.epicgames.com/. AppVersion = 4.27.2-18319896+++UE4+Release-4.27
[2023.02.19-17.43.14:366][  0]LogEngineSessionManager: EngineSessionManager initialized
[2023.02.19-17.43.14:367][  0]LogEditorSessionSummary: Verbose: Initializing EditorSessionSummaryWriter for editor session tracking
[2023.02.19-17.43.14:369][  0]LogEditorSessionSummary: EditorSessionSummaryWriter initialized
[2023.02.19-17.43.14:402][  0]LogInit: Transaction tracking system initialized
[2023.02.19-17.43.14:445][  0]BlueprintLog: New page: Editor Load
[2023.02.19-17.43.14:562][  0]LocalizationService: Localization service is disabled
[2023.02.19-17.43.14:609][  0]TimingProfiler: Initialize
[2023.02.19-17.43.14:609][  0]TimingProfiler: OnSessionChanged
[2023.02.19-17.43.14:609][  0]LoadingProfiler: Initialize
[2023.02.19-17.43.14:609][  0]LoadingProfiler: OnSessionChanged
[2023.02.19-17.43.14:609][  0]NetworkingProfiler: Initialize
[2023.02.19-17.43.14:609][  0]NetworkingProfiler: OnSessionChanged
[2023.02.19-17.43.14:609][  0]MemoryProfiler: Initialize
[2023.02.19-17.43.14:609][  0]MemoryProfiler: OnSessionChanged
[2023.02.19-17.43.14:814][  0]LogCook: Display: CookSettings for Memory: MemoryMaxUsedVirtual 0MiB, MemoryMaxUsedPhysical 16384MiB, MemoryMinFreeVirtual 0MiB, MemoryMinFreePhysical 1024MiB
[2023.02.19-17.43.14:815][  0]LogCook: Display: Mobile HDR setting 1
[2023.02.19-17.43.14:879][  0]LogFileCache: Scanning file cache for directory 'E:/Unreal/RPGPrototype_ue4/RPGPrototype/Content/' took 0.01s
[2023.02.19-17.43.14:879][  0]LogStats: FGameplayAbilitiesEditorModule::GameplayTagTreeChanged -  0.000 s
[2023.02.19-17.43.15:392][  0]LogInit: Display: Engine is initialized. Leaving FEngineLoop::Init()
[2023.02.19-17.43.15:396][  0]SourceControl: Source control is disabled
[2023.02.19-17.43.15:396][  0]LogUnrealEdMisc: Loading editor; pre map load, took 9.512
[2023.02.19-17.43.15:396][  0]Cmd: MAP LOAD FILE="../../../../../Unreal/RPGPrototype_ue4/RPGPrototype/Content/ThirdPersonCPP/Maps/ThirdPersonExampleMap.umap" TEMPLATE=0 SHOWPROGRESS=1 FEATURELEVEL=3
[2023.02.19-17.43.15:397][  0]LightingResults: New page: Lighting Build
[2023.02.19-17.43.15:398][  0]LogWorld: UWorld::CleanupWorld for Untitled, bSessionEnded=true, bCleanupResources=true
[2023.02.19-17.43.15:398][  0]LogSlate: InvalidateAllWidgets triggered.  All widgets were invalidated
[2023.02.19-17.43.15:399][  0]MapCheck: New page: Map Check
[2023.02.19-17.43.15:399][  0]LightingResults: New page: Lighting Build
[2023.02.19-17.43.15:403][  0]LogAudio: Display: Audio Device unregistered from world 'None'.
[2023.02.19-17.43.15:407][  0]LogUObjectHash: Compacting FUObjectHashTables data took   1.08ms
[2023.02.19-17.43.15:469][  0]LogAudio: Display: Audio Device (ID: 1) registered with world 'ThirdPersonExampleMap'.
[2023.02.19-17.43.15:470][  0]LogAIModule: Creating AISystem for world ThirdPersonExampleMap
[2023.02.19-17.43.15:476][  0]LogEditorServer: Finished looking for orphan Actors (0.000 secs)
[2023.02.19-17.43.15:484][  0]LogUObjectHash: Compacting FUObjectHashTables data took   0.88ms
[2023.02.19-17.43.15:484][  0]Cmd: MAP CHECKDEP NOCLEARLOG
[2023.02.19-17.43.15:485][  0]MapCheck: Map check complete: 0 Error(s), 0 Warning(s), took 0,145ms to complete.
[2023.02.19-17.43.15:485][  0]LogFileHelpers: Loading map 'ThirdPersonExampleMap' took 0.089
[2023.02.19-17.43.15:488][  0]LogUnrealEdMisc: Total Editor Startup Time, took 9.604
[2023.02.19-17.43.15:627][  0]LogSlate: Updating window title bar state: overlay mode, drag disabled, window buttons hidden, title bar hidden
[2023.02.19-17.43.15:633][  0]LogSlate: Updating window title bar state: overlay mode, drag disabled, window buttons hidden, title bar hidden
[2023.02.19-17.43.15:638][  0]LogSlate: Updating window title bar state: overlay mode, drag disabled, window buttons hidden, title bar hidden
[2023.02.19-17.43.15:644][  0]LogSlate: Updating window title bar state: overlay mode, drag disabled, window buttons hidden, title bar hidden
[2023.02.19-17.43.15:659][  0]LogNativeClassHierarchy: Verbose: Native class hierarchy populated in 0.0102 seconds. Added 3935 classes and 952 folders.
[2023.02.19-17.43.15:661][  0]LogNativeClassHierarchy: Verbose: Native class hierarchy updated for 'WidgetCarousel' in 0.0002 seconds. Added 0 classes and 0 folders.
[2023.02.19-17.43.15:664][  0]LogPakFile: PakFile PrimaryIndexSize=187
[2023.02.19-17.43.15:664][  0]LogPakFile: PakFile PathHashIndexSize=101
[2023.02.19-17.43.15:664][  0]LogPakFile: PakFile FullDirectoryIndexSize=148
[2023.02.19-17.43.15:664][  0]LogShaderLibrary: Display: ShaderCodeLibraryPakFileMountedCallback: PakFile 'E:/UnrealEngine4/UE_4.27/FeaturePacks/FP_FirstPerson.upack' (chunk index -1, root 'root:/') mounted
[2023.02.19-17.43.15:664][  0]LogShaderLibrary: Display: ShaderCodeLibraryPakFileMountedCallback: pending pak file info (ChunkID:-1 Root:root:/ File:E:/UnrealEngine4/UE_4.27/FeaturePacks/FP_FirstPerson.upack)
[2023.02.19-17.43.15:664][  0]LogPakFile: OnPakFileMounted2Time == 0.000159
[2023.02.19-17.43.15:665][  0]LogPakFile: PakFile PrimaryIndexSize=189
[2023.02.19-17.43.15:665][  0]LogPakFile: PakFile PathHashIndexSize=101
[2023.02.19-17.43.15:665][  0]LogPakFile: PakFile FullDirectoryIndexSize=152
[2023.02.19-17.43.15:665][  0]LogShaderLibrary: Display: ShaderCodeLibraryPakFileMountedCallback: PakFile 'E:/UnrealEngine4/UE_4.27/FeaturePacks/FP_FirstPersonBP.upack' (chunk index -1, root 'root:/') mounted
[2023.02.19-17.43.15:665][  0]LogShaderLibrary: Display: ShaderCodeLibraryPakFileMountedCallback: pending pak file info (ChunkID:-1 Root:root:/ File:E:/UnrealEngine4/UE_4.27/FeaturePacks/FP_FirstPersonBP.upack)
[2023.02.19-17.43.15:665][  0]LogPakFile: OnPakFileMounted2Time == 0.000109
[2023.02.19-17.43.15:666][  0]LogPakFile: PakFile PrimaryIndexSize=191
[2023.02.19-17.43.15:666][  0]LogPakFile: PakFile PathHashIndexSize=101
[2023.02.19-17.43.15:666][  0]LogPakFile: PakFile FullDirectoryIndexSize=160
[2023.02.19-17.43.15:666][  0]LogShaderLibrary: Display: ShaderCodeLibraryPakFileMountedCallback: PakFile 'E:/UnrealEngine4/UE_4.27/FeaturePacks/MobileStarterContent.upack' (chunk index -1, root 'root:/') mounted
[2023.02.19-17.43.15:666][  0]LogShaderLibrary: Display: ShaderCodeLibraryPakFileMountedCallback: pending pak file info (ChunkID:-1 Root:root:/ File:E:/UnrealEngine4/UE_4.27/FeaturePacks/MobileStarterContent.upack)
[2023.02.19-17.43.15:667][  0]LogPakFile: OnPakFileMounted2Time == 0.000105
[2023.02.19-17.43.15:667][  0]LogPakFile: PakFile PrimaryIndexSize=185
[2023.02.19-17.43.15:667][  0]LogPakFile: PakFile PathHashIndexSize=101
[2023.02.19-17.43.15:668][  0]LogPakFile: PakFile FullDirectoryIndexSize=148
[2023.02.19-17.43.15:668][  0]LogShaderLibrary: Display: ShaderCodeLibraryPakFileMountedCallback: PakFile 'E:/UnrealEngine4/UE_4.27/FeaturePacks/StarterContent.upack' (chunk index -1, root 'root:/') mounted
[2023.02.19-17.43.15:668][  0]LogShaderLibrary: Display: ShaderCodeLibraryPakFileMountedCallback: pending pak file info (ChunkID:-1 Root:root:/ File:E:/UnrealEngine4/UE_4.27/FeaturePacks/StarterContent.upack)
[2023.02.19-17.43.15:668][  0]LogPakFile: OnPakFileMounted2Time == 0.000110
[2023.02.19-17.43.15:669][  0]LogPakFile: PakFile PrimaryIndexSize=190
[2023.02.19-17.43.15:669][  0]LogPakFile: PakFile PathHashIndexSize=101
[2023.02.19-17.43.15:669][  0]LogPakFile: PakFile FullDirectoryIndexSize=154
[2023.02.19-17.43.15:669][  0]LogShaderLibrary: Display: ShaderCodeLibraryPakFileMountedCallback: PakFile 'E:/UnrealEngine4/UE_4.27/FeaturePacks/TP_2DSideScroller.upack' (chunk index -1, root 'root:/') mounted
[2023.02.19-17.43.15:669][  0]LogShaderLibrary: Display: ShaderCodeLibraryPakFileMountedCallback: pending pak file info (ChunkID:-1 Root:root:/ File:E:/UnrealEngine4/UE_4.27/FeaturePacks/TP_2DSideScroller.upack)
[2023.02.19-17.43.15:669][  0]LogPakFile: OnPakFileMounted2Time == 0.000104
[2023.02.19-17.43.15:670][  0]LogPakFile: PakFile PrimaryIndexSize=192
[2023.02.19-17.43.15:670][  0]LogPakFile: PakFile PathHashIndexSize=101
[2023.02.19-17.43.15:670][  0]LogPakFile: PakFile FullDirectoryIndexSize=158
[2023.02.19-17.43.15:670][  0]LogShaderLibrary: Display: ShaderCodeLibraryPakFileMountedCallback: PakFile 'E:/UnrealEngine4/UE_4.27/FeaturePacks/TP_2DSideScrollerBP.upack' (chunk index -1, root 'root:/') mounted
[2023.02.19-17.43.15:670][  0]LogShaderLibrary: Display: ShaderCodeLibraryPakFileMountedCallback: pending pak file info (ChunkID:-1 Root:root:/ File:E:/UnrealEngine4/UE_4.27/FeaturePacks/TP_2DSideScrollerBP.upack)
[2023.02.19-17.43.15:670][  0]LogPakFile: OnPakFileMounted2Time == 0.000106
[2023.02.19-17.43.15:671][  0]LogPakFile: PakFile PrimaryIndexSize=182
[2023.02.19-17.43.15:671][  0]LogPakFile: PakFile PathHashIndexSize=101
[2023.02.19-17.43.15:671][  0]LogPakFile: PakFile FullDirectoryIndexSize=138
[2023.02.19-17.43.15:671][  0]LogShaderLibrary: Display: ShaderCodeLibraryPakFileMountedCallback: PakFile 'E:/UnrealEngine4/UE_4.27/FeaturePacks/TP_Flying.upack' (chunk index -1, root 'root:/') mounted
[2023.02.19-17.43.15:671][  0]LogShaderLibrary: Display: ShaderCodeLibraryPakFileMountedCallback: pending pak file info (ChunkID:-1 Root:root:/ File:E:/UnrealEngine4/UE_4.27/FeaturePacks/TP_Flying.upack)
[2023.02.19-17.43.15:671][  0]LogPakFile: OnPakFileMounted2Time == 0.000100
[2023.02.19-17.43.15:672][  0]LogPakFile: PakFile PrimaryIndexSize=184
[2023.02.19-17.43.15:672][  0]LogPakFile: PakFile PathHashIndexSize=101
[2023.02.19-17.43.15:672][  0]LogPakFile: PakFile FullDirectoryIndexSize=142
[2023.02.19-17.43.15:672][  0]LogShaderLibrary: Display: ShaderCodeLibraryPakFileMountedCallback: PakFile 'E:/UnrealEngine4/UE_4.27/FeaturePacks/TP_FlyingBP.upack' (chunk index -1, root 'root:/') mounted
[2023.02.19-17.43.15:672][  0]LogShaderLibrary: Display: ShaderCodeLibraryPakFileMountedCallback: pending pak file info (ChunkID:-1 Root:root:/ File:E:/UnrealEngine4/UE_4.27/FeaturePacks/TP_FlyingBP.upack)
[2023.02.19-17.43.15:672][  0]LogPakFile: OnPakFileMounted2Time == 0.000101
[2023.02.19-17.43.15:673][  0]LogPakFile: PakFile PrimaryIndexSize=188
[2023.02.19-17.43.15:673][  0]LogPakFile: PakFile PathHashIndexSize=101
[2023.02.19-17.43.15:673][  0]LogPakFile: PakFile FullDirectoryIndexSize=150
[2023.02.19-17.43.15:673][  0]LogShaderLibrary: Display: ShaderCodeLibraryPakFileMountedCallback: PakFile 'E:/UnrealEngine4/UE_4.27/FeaturePacks/TP_HandheldARBP.upack' (chunk index -1, root 'root:/') mounted
[2023.02.19-17.43.15:673][  0]LogShaderLibrary: Display: ShaderCodeLibraryPakFileMountedCallback: pending pak file info (ChunkID:-1 Root:root:/ File:E:/UnrealEngine4/UE_4.27/FeaturePacks/TP_HandheldARBP.upack)
[2023.02.19-17.43.15:673][  0]LogPakFile: OnPakFileMounted2Time == 0.000109
[2023.02.19-17.43.15:674][  0]LogPakFile: PakFile PrimaryIndexSize=182
[2023.02.19-17.43.15:674][  0]LogPakFile: PakFile PathHashIndexSize=101
[2023.02.19-17.43.15:674][  0]LogPakFile: PakFile FullDirectoryIndexSize=138
[2023.02.19-17.43.15:675][  0]LogShaderLibrary: Display: ShaderCodeLibraryPakFileMountedCallback: PakFile 'E:/UnrealEngine4/UE_4.27/FeaturePacks/TP_Puzzle.upack' (chunk index -1, root 'root:/') mounted
[2023.02.19-17.43.15:675][  0]LogShaderLibrary: Display: ShaderCodeLibraryPakFileMountedCallback: pending pak file info (ChunkID:-1 Root:root:/ File:E:/UnrealEngine4/UE_4.27/FeaturePacks/TP_Puzzle.upack)
[2023.02.19-17.43.15:675][  0]LogPakFile: OnPakFileMounted2Time == 0.000104
[2023.02.19-17.43.15:675][  0]LogPakFile: PakFile PrimaryIndexSize=184
[2023.02.19-17.43.15:676][  0]LogPakFile: PakFile PathHashIndexSize=101
[2023.02.19-17.43.15:676][  0]LogPakFile: PakFile FullDirectoryIndexSize=142
[2023.02.19-17.43.15:676][  0]LogShaderLibrary: Display: ShaderCodeLibraryPakFileMountedCallback: PakFile 'E:/UnrealEngine4/UE_4.27/FeaturePacks/TP_PuzzleBP.upack' (chunk index -1, root 'root:/') mounted
[2023.02.19-17.43.15:676][  0]LogShaderLibrary: Display: ShaderCodeLibraryPakFileMountedCallback: pending pak file info (ChunkID:-1 Root:root:/ File:E:/UnrealEngine4/UE_4.27/FeaturePacks/TP_PuzzleBP.upack)
[2023.02.19-17.43.15:676][  0]LogPakFile: OnPakFileMounted2Time == 0.000101
[2023.02.19-17.43.15:677][  0]LogPakFile: PakFile PrimaryIndexSize=183
[2023.02.19-17.43.15:677][  0]LogPakFile: PakFile PathHashIndexSize=101
[2023.02.19-17.43.15:677][  0]LogPakFile: PakFile FullDirectoryIndexSize=140
[2023.02.19-17.43.15:677][  0]LogShaderLibrary: Display: ShaderCodeLibraryPakFileMountedCallback: PakFile 'E:/UnrealEngine4/UE_4.27/FeaturePacks/TP_Rolling.upack' (chunk index -1, root 'root:/') mounted
[2023.02.19-17.43.15:677][  0]LogShaderLibrary: Display: ShaderCodeLibraryPakFileMountedCallback: pending pak file info (ChunkID:-1 Root:root:/ File:E:/UnrealEngine4/UE_4.27/FeaturePacks/TP_Rolling.upack)
[2023.02.19-17.43.15:677][  0]LogPakFile: OnPakFileMounted2Time == 0.000107
[2023.02.19-17.43.15:678][  0]LogPakFile: PakFile PrimaryIndexSize=185
[2023.02.19-17.43.15:678][  0]LogPakFile: PakFile PathHashIndexSize=101
[2023.02.19-17.43.15:678][  0]LogPakFile: PakFile FullDirectoryIndexSize=144
[2023.02.19-17.43.15:678][  0]LogShaderLibrary: Display: ShaderCodeLibraryPakFileMountedCallback: PakFile 'E:/UnrealEngine4/UE_4.27/FeaturePacks/TP_RollingBP.upack' (chunk index -1, root 'root:/') mounted
[2023.02.19-17.43.15:678][  0]LogShaderLibrary: Display: ShaderCodeLibraryPakFileMountedCallback: pending pak file info (ChunkID:-1 Root:root:/ File:E:/UnrealEngine4/UE_4.27/FeaturePacks/TP_RollingBP.upack)
[2023.02.19-17.43.15:678][  0]LogPakFile: OnPakFileMounted2Time == 0.000103
[2023.02.19-17.43.15:679][  0]LogPakFile: PakFile PrimaryIndexSize=188
[2023.02.19-17.43.15:679][  0]LogPakFile: PakFile PathHashIndexSize=101
[2023.02.19-17.43.15:679][  0]LogPakFile: PakFile FullDirectoryIndexSize=150
[2023.02.19-17.43.15:679][  0]LogShaderLibrary: Display: ShaderCodeLibraryPakFileMountedCallback: PakFile 'E:/UnrealEngine4/UE_4.27/FeaturePacks/TP_SideScroller.upack' (chunk index -1, root 'root:/') mounted
[2023.02.19-17.43.15:679][  0]LogShaderLibrary: Display: ShaderCodeLibraryPakFileMountedCallback: pending pak file info (ChunkID:-1 Root:root:/ File:E:/UnrealEngine4/UE_4.27/FeaturePacks/TP_SideScroller.upack)
[2023.02.19-17.43.15:679][  0]LogPakFile: OnPakFileMounted2Time == 0.000103
[2023.02.19-17.43.15:680][  0]LogPakFile: PakFile PrimaryIndexSize=190
[2023.02.19-17.43.15:680][  0]LogPakFile: PakFile PathHashIndexSize=101
[2023.02.19-17.43.15:680][  0]LogPakFile: PakFile FullDirectoryIndexSize=154
[2023.02.19-17.43.15:680][  0]LogShaderLibrary: Display: ShaderCodeLibraryPakFileMountedCallback: PakFile 'E:/UnrealEngine4/UE_4.27/FeaturePacks/TP_SideScrollerBP.upack' (chunk index -1, root 'root:/') mounted
[2023.02.19-17.43.15:680][  0]LogShaderLibrary: Display: ShaderCodeLibraryPakFileMountedCallback: pending pak file info (ChunkID:-1 Root:root:/ File:E:/UnrealEngine4/UE_4.27/FeaturePacks/TP_SideScrollerBP.upack)
[2023.02.19-17.43.15:680][  0]LogPakFile: OnPakFileMounted2Time == 0.000111
[2023.02.19-17.43.15:681][  0]LogPakFile: PakFile PrimaryIndexSize=187
[2023.02.19-17.43.15:681][  0]LogPakFile: PakFile PathHashIndexSize=101
[2023.02.19-17.43.15:681][  0]LogPakFile: PakFile FullDirectoryIndexSize=148
[2023.02.19-17.43.15:681][  0]LogShaderLibrary: Display: ShaderCodeLibraryPakFileMountedCallback: PakFile 'E:/UnrealEngine4/UE_4.27/FeaturePacks/TP_ThirdPerson.upack' (chunk index -1, root 'root:/') mounted
[2023.02.19-17.43.15:681][  0]LogShaderLibrary: Display: ShaderCodeLibraryPakFileMountedCallback: pending pak file info (ChunkID:-1 Root:root:/ File:E:/UnrealEngine4/UE_4.27/FeaturePacks/TP_ThirdPerson.upack)
[2023.02.19-17.43.15:681][  0]LogPakFile: OnPakFileMounted2Time == 0.000117
[2023.02.19-17.43.15:682][  0]LogPakFile: PakFile PrimaryIndexSize=189
[2023.02.19-17.43.15:682][  0]LogPakFile: PakFile PathHashIndexSize=101
[2023.02.19-17.43.15:683][  0]LogPakFile: PakFile FullDirectoryIndexSize=152
[2023.02.19-17.43.15:683][  0]LogShaderLibrary: Display: ShaderCodeLibraryPakFileMountedCallback: PakFile 'E:/UnrealEngine4/UE_4.27/FeaturePacks/TP_ThirdPersonBP.upack' (chunk index -1, root 'root:/') mounted
[2023.02.19-17.43.15:683][  0]LogShaderLibrary: Display: ShaderCodeLibraryPakFileMountedCallback: pending pak file info (ChunkID:-1 Root:root:/ File:E:/UnrealEngine4/UE_4.27/FeaturePacks/TP_ThirdPersonBP.upack)
[2023.02.19-17.43.15:683][  0]LogPakFile: OnPakFileMounted2Time == 0.000100
[2023.02.19-17.43.15:684][  0]LogPakFile: PakFile PrimaryIndexSize=183
[2023.02.19-17.43.15:684][  0]LogPakFile: PakFile PathHashIndexSize=101
[2023.02.19-17.43.15:684][  0]LogPakFile: PakFile FullDirectoryIndexSize=140
[2023.02.19-17.43.15:684][  0]LogShaderLibrary: Display: ShaderCodeLibraryPakFileMountedCallback: PakFile 'E:/UnrealEngine4/UE_4.27/FeaturePacks/TP_TopDown.upack' (chunk index -1, root 'root:/') mounted
[2023.02.19-17.43.15:684][  0]LogShaderLibrary: Display: ShaderCodeLibraryPakFileMountedCallback: pending pak file info (ChunkID:-1 Root:root:/ File:E:/UnrealEngine4/UE_4.27/FeaturePacks/TP_TopDown.upack)
[2023.02.19-17.43.15:684][  0]LogPakFile: OnPakFileMounted2Time == 0.000119
[2023.02.19-17.43.15:685][  0]LogPakFile: PakFile PrimaryIndexSize=185
[2023.02.19-17.43.15:685][  0]LogPakFile: PakFile PathHashIndexSize=101
[2023.02.19-17.43.15:685][  0]LogPakFile: PakFile FullDirectoryIndexSize=144
[2023.02.19-17.43.15:685][  0]LogShaderLibrary: Display: ShaderCodeLibraryPakFileMountedCallback: PakFile 'E:/UnrealEngine4/UE_4.27/FeaturePacks/TP_TopDownBP.upack' (chunk index -1, root 'root:/') mounted
[2023.02.19-17.43.15:685][  0]LogShaderLibrary: Display: ShaderCodeLibraryPakFileMountedCallback: pending pak file info (ChunkID:-1 Root:root:/ File:E:/UnrealEngine4/UE_4.27/FeaturePacks/TP_TopDownBP.upack)
[2023.02.19-17.43.15:685][  0]LogPakFile: OnPakFileMounted2Time == 0.000099
[2023.02.19-17.43.15:686][  0]LogPakFile: PakFile PrimaryIndexSize=185
[2023.02.19-17.43.15:686][  0]LogPakFile: PakFile PathHashIndexSize=101
[2023.02.19-17.43.15:686][  0]LogPakFile: PakFile FullDirectoryIndexSize=144
[2023.02.19-17.43.15:686][  0]LogShaderLibrary: Display: ShaderCodeLibraryPakFileMountedCallback: PakFile 'E:/UnrealEngine4/UE_4.27/FeaturePacks/TP_TwinStick.upack' (chunk index -1, root 'root:/') mounted
[2023.02.19-17.43.15:686][  0]LogShaderLibrary: Display: ShaderCodeLibraryPakFileMountedCallback: pending pak file info (ChunkID:-1 Root:root:/ File:E:/UnrealEngine4/UE_4.27/FeaturePacks/TP_TwinStick.upack)
[2023.02.19-17.43.15:686][  0]LogPakFile: OnPakFileMounted2Time == 0.000110
[2023.02.19-17.43.15:687][  0]LogPakFile: PakFile PrimaryIndexSize=187
[2023.02.19-17.43.15:687][  0]LogPakFile: PakFile PathHashIndexSize=101
[2023.02.19-17.43.15:687][  0]LogPakFile: PakFile FullDirectoryIndexSize=148
[2023.02.19-17.43.15:687][  0]LogShaderLibrary: Display: ShaderCodeLibraryPakFileMountedCallback: PakFile 'E:/UnrealEngine4/UE_4.27/FeaturePacks/TP_TwinStickBP.upack' (chunk index -1, root 'root:/') mounted
[2023.02.19-17.43.15:687][  0]LogShaderLibrary: Display: ShaderCodeLibraryPakFileMountedCallback: pending pak file info (ChunkID:-1 Root:root:/ File:E:/UnrealEngine4/UE_4.27/FeaturePacks/TP_TwinStickBP.upack)
[2023.02.19-17.43.15:687][  0]LogPakFile: OnPakFileMounted2Time == 0.000109
[2023.02.19-17.43.15:688][  0]LogPakFile: PakFile PrimaryIndexSize=183
[2023.02.19-17.43.15:688][  0]LogPakFile: PakFile PathHashIndexSize=101
[2023.02.19-17.43.15:688][  0]LogPakFile: PakFile FullDirectoryIndexSize=140
[2023.02.19-17.43.15:688][  0]LogShaderLibrary: Display: ShaderCodeLibraryPakFileMountedCallback: PakFile 'E:/UnrealEngine4/UE_4.27/FeaturePacks/TP_Vehicle.upack' (chunk index -1, root 'root:/') mounted
[2023.02.19-17.43.15:688][  0]LogShaderLibrary: Display: ShaderCodeLibraryPakFileMountedCallback: pending pak file info (ChunkID:-1 Root:root:/ File:E:/UnrealEngine4/UE_4.27/FeaturePacks/TP_Vehicle.upack)
[2023.02.19-17.43.15:688][  0]LogPakFile: OnPakFileMounted2Time == 0.000104
[2023.02.19-17.43.15:689][  0]LogPakFile: PakFile PrimaryIndexSize=186
[2023.02.19-17.43.15:689][  0]LogPakFile: PakFile PathHashIndexSize=101
[2023.02.19-17.43.15:689][  0]LogPakFile: PakFile FullDirectoryIndexSize=146
[2023.02.19-17.43.15:689][  0]LogShaderLibrary: Display: ShaderCodeLibraryPakFileMountedCallback: PakFile 'E:/UnrealEngine4/UE_4.27/FeaturePacks/TP_VehicleAdv.upack' (chunk index -1, root 'root:/') mounted
[2023.02.19-17.43.15:690][  0]LogShaderLibrary: Display: ShaderCodeLibraryPakFileMountedCallback: pending pak file info (ChunkID:-1 Root:root:/ File:E:/UnrealEngine4/UE_4.27/FeaturePacks/TP_VehicleAdv.upack)
[2023.02.19-17.43.15:690][  0]LogPakFile: OnPakFileMounted2Time == 0.000115
[2023.02.19-17.43.15:691][  0]LogPakFile: PakFile PrimaryIndexSize=188
[2023.02.19-17.43.15:691][  0]LogPakFile: PakFile PathHashIndexSize=101
[2023.02.19-17.43.15:691][  0]LogPakFile: PakFile FullDirectoryIndexSize=150
[2023.02.19-17.43.15:691][  0]LogShaderLibrary: Display: ShaderCodeLibraryPakFileMountedCallback: PakFile 'E:/UnrealEngine4/UE_4.27/FeaturePacks/TP_VehicleAdvBP.upack' (chunk index -1, root 'root:/') mounted
[2023.02.19-17.43.15:691][  0]LogShaderLibrary: Display: ShaderCodeLibraryPakFileMountedCallback: pending pak file info (ChunkID:-1 Root:root:/ File:E:/UnrealEngine4/UE_4.27/FeaturePacks/TP_VehicleAdvBP.upack)
[2023.02.19-17.43.15:691][  0]LogPakFile: OnPakFileMounted2Time == 0.000108
[2023.02.19-17.43.15:692][  0]LogPakFile: PakFile PrimaryIndexSize=185
[2023.02.19-17.43.15:692][  0]LogPakFile: PakFile PathHashIndexSize=101
[2023.02.19-17.43.15:692][  0]LogPakFile: PakFile FullDirectoryIndexSize=144
[2023.02.19-17.43.15:692][  0]LogShaderLibrary: Display: ShaderCodeLibraryPakFileMountedCallback: PakFile 'E:/UnrealEngine4/UE_4.27/FeaturePacks/TP_VehicleBP.upack' (chunk index -1, root 'root:/') mounted
[2023.02.19-17.43.15:692][  0]LogShaderLibrary: Display: ShaderCodeLibraryPakFileMountedCallback: pending pak file info (ChunkID:-1 Root:root:/ File:E:/UnrealEngine4/UE_4.27/FeaturePacks/TP_VehicleBP.upack)
[2023.02.19-17.43.15:692][  0]LogPakFile: OnPakFileMounted2Time == 0.000113
[2023.02.19-17.43.15:693][  0]LogPakFile: PakFile PrimaryIndexSize=192
[2023.02.19-17.43.15:693][  0]LogPakFile: PakFile PathHashIndexSize=101
[2023.02.19-17.43.15:693][  0]LogPakFile: PakFile FullDirectoryIndexSize=158
[2023.02.19-17.43.15:693][  0]LogShaderLibrary: Display: ShaderCodeLibraryPakFileMountedCallback: PakFile 'E:/UnrealEngine4/UE_4.27/FeaturePacks/TP_VirtualRealityBP.upack' (chunk index -1, root 'root:/') mounted
[2023.02.19-17.43.15:693][  0]LogShaderLibrary: Display: ShaderCodeLibraryPakFileMountedCallback: pending pak file info (ChunkID:-1 Root:root:/ File:E:/UnrealEngine4/UE_4.27/FeaturePacks/TP_VirtualRealityBP.upack)
[2023.02.19-17.43.15:693][  0]LogPakFile: OnPakFileMounted2Time == 0.000105
[2023.02.19-17.43.15:763][  0]LogNativeClassHierarchy: Verbose: Native class hierarchy updated for 'AddContentDialog' in 0.0003 seconds. Added 0 classes and 0 folders.
[2023.02.19-17.43.15:768][  0]LogNativeClassHierarchy: Verbose: Native class hierarchy updated for 'SceneOutliner' in 0.0003 seconds. Added 2 classes and 0 folders.
[2023.02.19-17.43.15:831][  0]LogSlate: Took 0.000464 seconds to synchronously load lazily loaded font '../../../Engine/Content/Slate/Fonts/Roboto-Regular.ttf' (155K)
[2023.02.19-17.43.15:833][  0]LogSlate: Took 0.000210 seconds to synchronously load lazily loaded font '../../../Engine/Content/Editor/Slate/Fonts/FontAwesome.ttf' (139K)
[2023.02.19-17.43.15:834][  0]LogSlate: Took 0.000204 seconds to synchronously load lazily loaded font '../../../Engine/Content/Slate/Fonts/Roboto-Bold.ttf' (160K)
[2023.02.19-17.43.15:912][  0]LogRenderer: Reallocating scene render targets to support 1208x576 Format 10 NumSamples 1 (Frame:1).
[2023.02.19-17.43.15:953][  0]LogSlate: Took 0.000371 seconds to synchronously load lazily loaded font '../../../Engine/Content/Slate/Fonts/Roboto-Light.ttf' (167K)
[2023.02.19-17.43.16:044][  0]LogNativeClassHierarchy: Verbose: Native class hierarchy updated for 'HierarchicalLODOutliner' in 0.0003 seconds. Added 0 classes and 0 folders.
[2023.02.19-17.43.16:044][  0]LogLoad: (Engine Initialization) Total time: 10.16 seconds
[2023.02.19-17.43.16:044][  0]LogLoad: (Engine Initialization) Total Blueprint compile time: 0.00 seconds
[2023.02.19-17.43.16:082][  0]LogAssetRegistry: Asset discovery search completed in 5.7262 seconds
[2023.02.19-17.43.16:089][  0]LogCollectionManager: Fixed up redirectors for 0 collections in 0.000003 seconds (updated 0 objects)
[2023.02.19-17.43.16:091][  0]LogContentStreaming: Texture pool size now 1000 MB
[2023.02.19-17.43.58:282][820]LogSlate: Took 0.000679 seconds to synchronously load lazily loaded font '../../../Engine/Content/Slate/Fonts/Roboto-Light.ttf' (167K)
[2023.02.19-17.43.58:322][820]Running E:/UnrealEngine4/UE_4.27/Engine/Binaries/DotNET/UnrealBuildTool.exe RPGPrototypeEditor Development Win64 -Plugin="E:\Unreal\RPGPrototype_ue4\RPGPrototype\Plugins\MultiplayerSession\MultiplayerSession.uplugin" -Project="E:/Unreal/RPGPrototype_ue4/RPGPrototype/RPGPrototype.uproject" -Progress -NoHotReloadFromIDE
[2023.02.19-17.43.58:851][820]Using 'git status' to determine working set for adaptive non-unity build (E:\Unreal\RPGPrototype_ue4).
[2023.02.19-17.43.58:952][820]Invalidating makefile for RPGPrototypeEditor (MultiplayerSession.uplugin has been added)
[2023.02.19-17.44.00:662][820]@progress push 5%
[2023.02.19-17.44.00:662][820]@progress pop
[2023.02.19-17.44.01:064][820]Building RPGPrototypeEditor...
[2023.02.19-17.44.01:064][820]Using Visual Studio 2019 14.29.30141 toolchain (C:\Program Files (x86)\Microsoft Visual Studio\2019\Community\VC\Tools\MSVC\14.29.30133) and Windows 10.0.19041.0 SDK (C:\Program Files (x86)\Windows Kits\10).
[2023.02.19-17.44.01:064][820]Building 5 actions with 12 processes...
[2023.02.19-17.44.01:064][820]  @progress 'Compiling C++ source code...' 0%
[2023.02.19-17.44.01:466][820]  @progress 'Compiling C++ source code...' 20%
[2023.02.19-17.44.01:466][820]  [1/5] Default.rc2
[2023.02.19-17.44.09:827][820]  @progress 'Compiling C++ source code...' 40%
[2023.02.19-17.44.09:827][820]  [2/5] MultiplayerSession.cpp
[2023.02.19-17.44.10:231][820]  @progress 'Compiling C++ source code...' 60%
[2023.02.19-17.44.10:231][820]  [3/5] UE4Editor-MultiplayerSession.lib
[2023.02.19-17.44.10:231][820]     Creating library E:\Unreal\RPGPrototype_ue4\RPGPrototype\Plugins\MultiplayerSession\Intermediate\Build\Win64\UE4Editor\Development\MultiplayerSession\UE4Editor-MultiplayerSession.lib and object E:\Unreal\RPGPrototype_ue4\RPGPrototype\Plugins\MultiplayerSession\Intermediate\Build\Win64\UE4Editor\Development\MultiplayerSession\UE4Editor-MultiplayerSession.exp
[2023.02.19-17.44.12:040][820]  @progress 'Compiling C++ source code...' 80%
[2023.02.19-17.44.12:040][820]  [4/5] UE4Editor-MultiplayerSession.dll
[2023.02.19-17.44.12:040][820]     Creating library E:\Unreal\RPGPrototype_ue4\RPGPrototype\Plugins\MultiplayerSession\Intermediate\Build\Win64\UE4Editor\Development\MultiplayerSession\UE4Editor-MultiplayerSession.suppressed.lib and object E:\Unreal\RPGPrototype_ue4\RPGPrototype\Plugins\MultiplayerSession\Intermediate\Build\Win64\UE4Editor\Development\MultiplayerSession\UE4Editor-MultiplayerSession.suppressed.exp
[2023.02.19-17.44.12:242][820]  @progress 'Compiling C++ source code...' 100%
[2023.02.19-17.44.12:242][820]  [5/5] RPGPrototypeEditor.target
[2023.02.19-17.44.12:242][820]Total time in Parallel executor: 11,14 seconds
[2023.02.19-17.44.12:242][820]Total execution time: 13,76 seconds
[2023.02.19-17.44.12:365][820]Running E:/UnrealEngine4/UE_4.27/Engine/Binaries/DotNET/UnrealBuildTool.exe  -projectfiles -project="E:/Unreal/RPGPrototype_ue4/RPGPrototype/RPGPrototype.uproject" -game -rocket -progress
[2023.02.19-17.44.12:673][820]Discovering modules, targets and source code for project...
[2023.02.19-17.44.14:691][820]Binding IntelliSense data...
[2023.02.19-17.44.17:318][820]Binding IntelliSense data... 100%
[2023.02.19-17.44.17:318][820]Writing project files...
[2023.02.19-17.44.21:744][820]Writing project files... 100%
[2023.02.19-17.44.22:314][820]LogDirectoryWatcher: A directory notification for 'E:/Unreal/RPGPrototype_ue4/RPGPrototype/Content/' was aborted.
[2023.02.19-17.44.22:384][820]LogFileCache: Scanning file cache for directory 'E:/Unreal/RPGPrototype_ue4/RPGPrototype/Content/' took 0.01s
[2023.02.19-17.44.22:406][820]LogSlate: Window 'New Plugin' being destroyed
